Log file open, 08/30/18 00:23:54
LogWindows: Failed to load 'aqProf.dll' (GetLastError=126)
LogWindows: File 'aqProf.dll' does not exist
LogWindows: Failed to load 'VtuneApi.dll' (GetLastError=126)
LogWindows: File 'VtuneApi.dll' does not exist
LogWindows: Failed to load 'VtuneApi32e.dll' (GetLastError=126)
LogWindows: File 'VtuneApi32e.dll' does not exist
LogInit: Display: Running engine for game: farmerVSzombies
LogPlatformFile: Not using cached read wrapper
LogInit: Display: RandInit(1449010842) SRandInit(1449010842).
LogInit: Read version file with build ID '3944462'
LogInit: Overriding engine version to CL 4033788, compatible CL 3944462
LogInit: Registered custom module enumerator with build ID '3944462'
LogTaskGraph: Started task graph with 5 named threads and 35 total threads with 3 sets of task threads.
LogStats: Stats thread started at 0.393399
LogD3D11RHI: Aftermath initialized
LogICUInternationalization: Display: ICU TimeZone Detection - Raw Offset: -5:00, Platform Override: ''
LogModuleManager: Display: Found up-to-date module file ../../../Engine/Plugins/2D/Paper2D/Binaries/Win64/UE4Editor-Paper2D.dll (API version 3944462).
LogModuleManager: Display: Found up-to-date module file ../../../Engine/Plugins/2D/Paper2D/Binaries/Win64/UE4Editor-Paper2DEditor.dll (API version 3944462).
LogModuleManager: Display: Found up-to-date module file ../../../Engine/Plugins/2D/Paper2D/Binaries/Win64/UE4Editor-PaperSpriteSheetImporter.dll (API version 3944462).
LogModuleManager: Display: Found up-to-date module file ../../../Engine/Plugins/2D/Paper2D/Binaries/Win64/UE4Editor-PaperTiledImporter.dll (API version 3944462).
LogModuleManager: Display: Found up-to-date module file ../../../Engine/Plugins/2D/Paper2D/Binaries/Win64/UE4Editor-SmartSnapping.dll (API version 3944462).
LogModuleManager: Display: Found up-to-date module file ../../../Engine/Plugins/Blendables/LightPropagationVolume/Binaries/Win64/UE4Editor-LightPropagationVolumeRuntime.dll (API version 3944462).
LogModuleManager: Display: Found up-to-date module file ../../../Engine/Plugins/Blendables/LightPropagationVolume/Binaries/Win64/UE4Editor-LightPropagationVolumeEditor.dll (API version 3944462).
LogModuleManager: Display: Found up-to-date module file ../../../Engine/Plugins/Developer/CLionSourceCodeAccess/Binaries/Win64/UE4Editor-CLionSourceCodeAccess.dll (API version 3944462).
LogModuleManager: Display: Found up-to-date module file ../../../Engine/Plugins/Developer/GitSourceControl/Binaries/Win64/UE4Editor-GitSourceControl.dll (API version 3944462).
LogModuleManager: Display: Found up-to-date module file ../../../Engine/Plugins/Developer/PerforceSourceControl/Binaries/Win64/UE4Editor-PerforceSourceControl.dll (API version 3944462).
LogModuleManager: Display: Found up-to-date module file ../../../Engine/Plugins/Developer/SubversionSourceControl/Binaries/Win64/UE4Editor-SubversionSourceControl.dll (API version 3944462).
LogModuleManager: Display: Found up-to-date module file ../../../Engine/Plugins/Developer/UObjectPlugin/Binaries/Win64/UE4Editor-UObjectPlugin.dll (API version 3944462).
LogModuleManager: Display: Found up-to-date module file ../../../Engine/Plugins/Developer/VisualStudioCodeSourceCodeAccess/Binaries/Win64/UE4Editor-VisualStudioCodeSourceCodeAccess.dll (API version 3944462).
LogModuleManager: Display: Found up-to-date module file ../../../Engine/Plugins/Developer/VisualStudioSourceCodeAccess/Binaries/Win64/UE4Editor-VisualStudioSourceCodeAccess.dll (API version 3944462).
LogModuleManager: Display: Found up-to-date module file ../../../Engine/Plugins/Editor/AssetManagerEditor/Binaries/Win64/UE4Editor-AssetManagerEditor.dll (API version 3944462).
LogModuleManager: Display: Found up-to-date module file ../../../Engine/Plugins/Editor/CryptoKeys/Binaries/Win64/UE4Editor-CryptoKeys.dll (API version 3944462).
LogModuleManager: Display: Found up-to-date module file ../../../Engine/Plugins/Editor/CryptoKeys/Binaries/Win64/UE4Editor-CryptoKeysOpenSSL.dll (API version 3944462).
LogModuleManager: Display: Found up-to-date module file ../../../Engine/Plugins/Editor/DataValidation/Binaries/Win64/UE4Editor-DataValidation.dll (API version 3944462).
LogModuleManager: Display: Found up-to-date module file ../../../Engine/Plugins/Editor/FacialAnimation/Binaries/Win64/UE4Editor-FacialAnimation.dll (API version 3944462).
LogModuleManager: Display: Found up-to-date module file ../../../Engine/Plugins/Editor/FacialAnimation/Binaries/Win64/UE4Editor-FacialAnimationEditor.dll (API version 3944462).
LogModuleManager: Display: Found up-to-date module file ../../../Engine/Plugins/Editor/GameplayTagsEditor/Binaries/Win64/UE4Editor-GameplayTagsEditor.dll (API version 3944462).
LogModuleManager: Display: Found up-to-date module file ../../../Engine/Plugins/Editor/MobileLauncherProfileWizard/Binaries/Win64/UE4Editor-MobileLauncherProfileWizard.dll (API version 3944462).
LogModuleManager: Display: Found up-to-date module file ../../../Engine/Plugins/Editor/PluginBrowser/Binaries/Win64/UE4Editor-PluginBrowser.dll (API version 3944462).
LogModuleManager: Display: Found up-to-date module file ../../../Engine/Plugins/Editor/SpeedTreeImporter/Binaries/Win64/UE4Editor-SpeedTreeImporter.dll (API version 3944462).
LogModuleManager: Display: Found up-to-date module file ../../../Engine/Plugins/Enterprise/DatasmithContent/Binaries/Win64/UE4Editor-DatasmithContent.dll (API version 3944462).
LogModuleManager: Display: Found up-to-date module file ../../../Engine/Plugins/Experimental/AlembicImporter/Binaries/Win64/UE4Editor-AlembicImporter.dll (API version 3944462).
LogModuleManager: Display: Found up-to-date module file ../../../Engine/Plugins/Experimental/AlembicImporter/Binaries/Win64/UE4Editor-AlembicLibrary.dll (API version 3944462).
LogModuleManager: Display: Found up-to-date module file ../../../Engine/Plugins/Experimental/CharacterAI/Binaries/Win64/UE4Editor-CharacterAI.dll (API version 3944462).
LogModuleManager: Display: Found up-to-date module file ../../../Engine/Plugins/Experimental/HTML5Networking/Binaries/Win64/UE4Editor-HTML5Networking.dll (API version 3944462).
LogModuleManager: Display: Found up-to-date module file ../../../Engine/Plugins/Media/AndroidMedia/Binaries/Win64/UE4Editor-AndroidMediaEditor.dll (API version 3944462).
LogModuleManager: Display: Found up-to-date module file ../../../Engine/Plugins/Media/AndroidMedia/Binaries/Win64/UE4Editor-AndroidMediaFactory.dll (API version 3944462).
LogModuleManager: Display: Found up-to-date module file ../../../Engine/Plugins/Media/AvfMedia/Binaries/Win64/UE4Editor-AvfMediaEditor.dll (API version 3944462).
LogModuleManager: Display: Found up-to-date module file ../../../Engine/Plugins/Media/AvfMedia/Binaries/Win64/UE4Editor-AvfMediaFactory.dll (API version 3944462).
LogModuleManager: Display: Found up-to-date module file ../../../Engine/Plugins/Media/AvfMedia/Binaries/Win64/UE4Editor-AvfMediaFactory.dll (API version 3944462).
LogModuleManager: Display: Found up-to-date module file ../../../Engine/Plugins/Media/ImgMedia/Binaries/Win64/UE4Editor-ImgMedia.dll (API version 3944462).
LogModuleManager: Display: Found up-to-date module file ../../../Engine/Plugins/Media/ImgMedia/Binaries/Win64/UE4Editor-ImgMediaEditor.dll (API version 3944462).
LogModuleManager: Display: Found up-to-date module file ../../../Engine/Plugins/Media/ImgMedia/Binaries/Win64/UE4Editor-ImgMediaFactory.dll (API version 3944462).
LogModuleManager: Display: Found up-to-date module file ../../../Engine/Plugins/Media/ImgMedia/Binaries/Win64/UE4Editor-ImgMediaFactory.dll (API version 3944462).
LogModuleManager: Display: Found up-to-date module file ../../../Engine/Plugins/Media/ImgMedia/Binaries/Win64/UE4Editor-OpenExrWrapper.dll (API version 3944462).
LogModuleManager: Display: Found up-to-date module file ../../../Engine/Plugins/Media/LinearTimecode/Binaries/Win64/UE4Editor-LinearTimecode.dll (API version 3944462).
LogModuleManager: Display: Found up-to-date module file ../../../Engine/Plugins/Media/MediaCompositing/Binaries/Win64/UE4Editor-MediaCompositing.dll (API version 3944462).
LogModuleManager: Display: Found up-to-date module file ../../../Engine/Plugins/Media/MediaCompositing/Binaries/Win64/UE4Editor-MediaCompositingEditor.dll (API version 3944462).
LogModuleManager: Display: Found up-to-date module file ../../../Engine/Plugins/Media/MediaPlayerEditor/Binaries/Win64/UE4Editor-MediaPlayerEditor.dll (API version 3944462).
LogModuleManager: Display: Found up-to-date module file ../../../Engine/Plugins/Media/WmfMedia/Binaries/Win64/UE4Editor-WmfMedia.dll (API version 3944462).
LogModuleManager: Display: Found up-to-date module file ../../../Engine/Plugins/Media/WmfMedia/Binaries/Win64/UE4Editor-WmfMediaEditor.dll (API version 3944462).
LogModuleManager: Display: Found up-to-date module file ../../../Engine/Plugins/Media/WmfMedia/Binaries/Win64/UE4Editor-WmfMediaFactory.dll (API version 3944462).
LogModuleManager: Display: Found up-to-date module file ../../../Engine/Plugins/Media/WmfMedia/Binaries/Win64/UE4Editor-WmfMediaFactory.dll (API version 3944462).
LogModuleManager: Display: Found up-to-date module file ../../../Engine/Plugins/Messaging/TcpMessaging/Binaries/Win64/UE4Editor-TcpMessaging.dll (API version 3944462).
LogModuleManager: Display: Found up-to-date module file ../../../Engine/Plugins/Messaging/UdpMessaging/Binaries/Win64/UE4Editor-UdpMessaging.dll (API version 3944462).
LogModuleManager: Display: Found up-to-date module file ../../../Engine/Plugins/MovieScene/ActorSequence/Binaries/Win64/UE4Editor-ActorSequence.dll (API version 3944462).
LogModuleManager: Display: Found up-to-date module file ../../../Engine/Plugins/MovieScene/LevelSequenceEditor/Binaries/Win64/UE4Editor-LevelSequenceEditor.dll (API version 3944462).
LogModuleManager: Display: Found up-to-date module file ../../../Engine/Plugins/MovieScene/MatineeToLevelSequence/Binaries/Win64/UE4Editor-MatineeToLevelSequence.dll (API version 3944462).
LogModuleManager: Display: Found up-to-date module file ../../../Engine/Plugins/NetcodeUnitTest/NetcodeUnitTest/Binaries/Win64/UE4Editor-NetcodeUnitTest.dll (API version 3944462).
LogModuleManager: Display: Found up-to-date module file ../../../Engine/Plugins/NetcodeUnitTest/NUTUnrealEngine4/Binaries/Win64/UE4Editor-NUTUnrealEngine4.dll (API version 3944462).
LogModuleManager: Display: Found up-to-date module file ../../../Engine/Plugins/Online/OnlineSubsystem/Binaries/Win64/UE4Editor-OnlineSubsystem.dll (API version 3944462).
LogModuleManager: Display: Found up-to-date module file ../../../Engine/Plugins/Runtime/AndroidPermission/Binaries/Win64/UE4Editor-AndroidPermission.dll (API version 3944462).
LogModuleManager: Display: Found up-to-date module file ../../../Engine/Plugins/Online/OnlineSubsystemNull/Binaries/Win64/UE4Editor-OnlineSubsystemNull.dll (API version 3944462).
LogModuleManager: Display: Found up-to-date module file ../../../Engine/Plugins/Online/OnlineSubsystemUtils/Binaries/Win64/UE4Editor-OnlineSubsystemUtils.dll (API version 3944462).
LogModuleManager: Display: Found up-to-date module file ../../../Engine/Plugins/Online/OnlineSubsystemUtils/Binaries/Win64/UE4Editor-OnlineBlueprintSupport.dll (API version 3944462).
LogModuleManager: Display: Found up-to-date module file ../../../Engine/Plugins/Runtime/AndroidDeviceProfileSelector/Binaries/Win64/UE4Editor-AndroidDeviceProfileSelector.dll (API version 3944462).
LogModuleManager: Display: Found up-to-date module file ../../../Engine/Plugins/Runtime/AppleARKit/Binaries/Win64/UE4Editor-AppleARKit.dll (API version 3944462).
LogModuleManager: Display: Found up-to-date module file ../../../Engine/Plugins/Runtime/ProceduralMeshComponent/Binaries/Win64/UE4Editor-ProceduralMeshComponent.dll (API version 3944462).
LogModuleManager: Display: Found up-to-date module file ../../../Engine/Plugins/Runtime/ProceduralMeshComponent/Binaries/Win64/UE4Editor-ProceduralMeshComponentEditor.dll (API version 3944462).
LogModuleManager: Display: Found up-to-date module file ../../../Engine/Plugins/Animation/LiveLink/Binaries/Win64/UE4Editor-LiveLink.dll (API version 3944462).
LogModuleManager: Display: Found up-to-date module file ../../../Engine/Plugins/Animation/LiveLink/Binaries/Win64/UE4Editor-LiveLinkEditor.dll (API version 3944462).
LogModuleManager: Display: Found up-to-date module file ../../../Engine/Plugins/Runtime/ArchVisCharacter/Binaries/Win64/UE4Editor-ArchVisCharacter.dll (API version 3944462).
LogModuleManager: Display: Found up-to-date module file ../../../Engine/Plugins/Runtime/AudioCapture/Binaries/Win64/UE4Editor-AudioCapture.dll (API version 3944462).
LogModuleManager: Display: Found up-to-date module file ../../../Engine/Plugins/Runtime/AudioCapture/Binaries/Win64/UE4Editor-AudioCaptureEditor.dll (API version 3944462).
LogModuleManager: Display: Found up-to-date module file ../../../Engine/Plugins/Runtime/CableComponent/Binaries/Win64/UE4Editor-CableComponent.dll (API version 3944462).
LogModuleManager: Display: Found up-to-date module file ../../../Engine/Plugins/Runtime/CustomMeshComponent/Binaries/Win64/UE4Editor-CustomMeshComponent.dll (API version 3944462).
LogModuleManager: Display: Found up-to-date module file ../../../Engine/Plugins/Runtime/ExampleDeviceProfileSelector/Binaries/Win64/UE4Editor-ExampleDeviceProfileSelector.dll (API version 3944462).
LogModuleManager: Display: Found up-to-date module file ../../../Engine/Plugins/Runtime/ImmediatePhysics/Binaries/Win64/UE4Editor-ImmediatePhysics.dll (API version 3944462).
LogModuleManager: Display: Found up-to-date module file ../../../Engine/Plugins/Runtime/ImmediatePhysics/Binaries/Win64/UE4Editor-ImmediatePhysicsEditor.dll (API version 3944462).
LogModuleManager: Display: Found up-to-date module file ../../../Engine/Plugins/Runtime/LocationServicesBPLibrary/Binaries/Win64/UE4Editor-LocationServicesBPLibrary.dll (API version 3944462).
LogModuleManager: Display: Found up-to-date module file ../../../Engine/Plugins/Runtime/MobilePatchingUtils/Binaries/Win64/UE4Editor-MobilePatchingUtils.dll (API version 3944462).
LogModuleManager: Display: Found up-to-date module file ../../../Engine/Plugins/Runtime/Oculus/OculusVR/Binaries/Win64/UE4Editor-OculusHMD.dll (API version 3944462).
LogModuleManager: Display: Found up-to-date module file ../../../Engine/Plugins/Runtime/Oculus/OculusVR/Binaries/Win64/UE4Editor-OculusInput.dll (API version 3944462).
LogModuleManager: Display: Found up-to-date module file ../../../Engine/Plugins/Runtime/Oculus/OculusVR/Binaries/Win64/UE4Editor-OculusEditor.dll (API version 3944462).
LogModuleManager: Display: Found up-to-date module file ../../../Engine/Plugins/Runtime/PhysXVehicles/Binaries/Win64/UE4Editor-PhysXVehicles.dll (API version 3944462).
LogModuleManager: Display: Found up-to-date module file ../../../Engine/Plugins/Runtime/PhysXVehicles/Binaries/Win64/UE4Editor-PhysXVehiclesEditor.dll (API version 3944462).
LogModuleManager: Display: Found up-to-date module file ../../../Engine/Plugins/Runtime/RuntimePhysXCooking/Binaries/Win64/UE4Editor-RuntimePhysXCooking.dll (API version 3944462).
LogModuleManager: Display: Found up-to-date module file ../../../Engine/Plugins/Runtime/Steam/SteamVR/Binaries/Win64/UE4Editor-SteamVR.dll (API version 3944462).
LogModuleManager: Display: Found up-to-date module file ../../../Engine/Plugins/Runtime/Steam/SteamVR/Binaries/Win64/UE4Editor-SteamVRController.dll (API version 3944462).
LogModuleManager: Display: Found up-to-date module file ../../../Engine/Plugins/Runtime/WindowsMoviePlayer/Binaries/Win64/UE4Editor-WindowsMoviePlayer.dll (API version 3944462).
LogPluginManager: Mounting plugin Paper2D
LogPluginManager: Mounting plugin LiveLink
LogPluginManager: Mounting plugin LightPropagationVolume
LogPluginManager: Mounting plugin CLionSourceCodeAccess
LogPluginManager: Mounting plugin CodeLiteSourceCodeAccess
LogPluginManager: Mounting plugin GitSourceControl
LogPluginManager: Mounting plugin KDevelopSourceCodeAccess
LogPluginManager: Mounting plugin NullSourceCodeAccess
LogPluginManager: Mounting plugin PerforceSourceControl
LogPluginManager: Mounting plugin SubversionSourceControl
LogPluginManager: Mounting plugin UObjectPlugin
LogPluginManager: Mounting plugin VisualStudioCodeSourceCodeAccess
LogPluginManager: Mounting plugin VisualStudioSourceCodeAccess
LogPluginManager: Mounting plugin XCodeSourceCodeAccess
LogPluginManager: Mounting plugin AssetManagerEditor
LogPluginManager: Mounting plugin CryptoKeys
LogPluginManager: Mounting plugin DataValidation
LogPluginManager: Mounting plugin FacialAnimation
LogPluginManager: Mounting plugin GameplayTagsEditor
LogPluginManager: Mounting plugin MobileLauncherProfileWizard
LogPluginManager: Mounting plugin PluginBrowser
LogPluginManager: Mounting plugin SpeedTreeImporter
LogPluginManager: Mounting plugin DatasmithContent
LogPluginManager: Mounting plugin AlembicImporter
LogPluginManager: Mounting plugin CharacterAI
LogPluginManager: Mounting plugin HTML5Networking
LogPluginManager: Mounting plugin AndroidMedia
LogPluginManager: Mounting plugin AvfMedia
LogPluginManager: Mounting plugin ImgMedia
LogPluginManager: Mounting plugin LinearTimecode
LogPluginManager: Mounting plugin MediaCompositing
LogPluginManager: Mounting plugin MediaPlayerEditor
LogPluginManager: Mounting plugin WmfMedia
LogPluginManager: Mounting plugin TcpMessaging
LogPluginManager: Mounting plugin UdpMessaging
LogPluginManager: Mounting plugin ActorSequence
LogPluginManager: Mounting plugin LevelSequenceEditor
LogPluginManager: Mounting plugin MatineeToLevelSequence
LogPluginManager: Mounting plugin NetcodeUnitTest
LogPluginManager: Mounting plugin NUTUnrealEngine4
LogPluginManager: Mounting plugin OnlineSubsystemGooglePlay
LogPluginManager: Mounting plugin OnlineSubsystemIOS
LogPluginManager: Mounting plugin OnlineSubsystem
LogPluginManager: Mounting plugin OnlineSubsystemNull
LogPluginManager: Mounting plugin OnlineSubsystemUtils
LogPluginManager: Mounting plugin AndroidDeviceProfileSelector
LogPluginManager: Mounting plugin AndroidMoviePlayer
LogPluginManager: Mounting plugin AndroidPermission
LogPluginManager: Mounting plugin AppleARKit
LogPluginManager: Mounting plugin AppleMoviePlayer
LogPluginManager: Mounting plugin ArchVisCharacter
LogPluginManager: Mounting plugin AudioCapture
LogPluginManager: Mounting plugin CableComponent
LogPluginManager: Mounting plugin CustomMeshComponent
LogPluginManager: Mounting plugin ExampleDeviceProfileSelector
LogPluginManager: Mounting plugin GoogleCloudMessaging
LogPluginManager: Mounting plugin ImmediatePhysics
LogPluginManager: Mounting plugin IOSDeviceProfileSelector
LogPluginManager: Mounting plugin LinuxDeviceProfileSelector
LogPluginManager: Mounting plugin LocationServicesBPLibrary
LogPluginManager: Mounting plugin MobilePatchingUtils
LogPluginManager: Mounting plugin OculusVR
LogPluginManager: Plugin shader directory ../../../Engine/Plugins/Runtime/Oculus/OculusVR/Shaders found
LogPluginManager: Mapping shader source directory ../../../Engine/Plugins/Runtime/Oculus/OculusVR/Shaders to virtual directory /Plugin/OculusVR
LogPluginManager: Mounting plugin PhysXVehicles
LogPluginManager: Mounting plugin ProceduralMeshComponent
LogPluginManager: Mounting plugin RuntimePhysXCooking
LogPluginManager: Mounting plugin SteamVR
LogPluginManager: Mounting plugin WindowsMoviePlayer
LogStreaming: Display: Took  1.115s to configure plugins.
LogInit: Using libcurl 7.47.1
LogInit:  - built for x86_64-pc-win32
LogInit:  - supports SSL with OpenSSL/1.0.2g
LogInit:  - supports HTTP deflate (compression) using libz 1.2.8
LogInit:  - other features:
LogInit:      CURL_VERSION_SSL
LogInit:      CURL_VERSION_LIBZ
LogInit:      CURL_VERSION_IPV6
LogInit:      CURL_VERSION_ASYNCHDNS
LogInit:      CURL_VERSION_LARGEFILE
LogInit:      CURL_VERSION_IDN
LogInit:  CurlRequestOptions (configurable via config and command line):
LogInit:  - bVerifyPeer = false  - Libcurl will NOT verify peer certificate
LogInit:  - bUseHttpProxy = false  - Libcurl will NOT use HTTP proxy
LogInit:  - bDontReuseConnections = false  - Libcurl will reuse connections
LogInit:  - CertBundlePath = nullptr  - Libcurl will use whatever was configured at build time.
LogInit:  - MaxHostConnections = 16  - Libcurl will limit the number of connections to a host
LogInit:  - LocalHostAddr = Default
LogInit: WinSock: version 1.1 (2.2), MaxSocks=32767, MaxUdp=65467
LogInit: WinSock: I am DESKTOP-J54LIC6 (192.168.1.39:0)
LogInit: Build: ++UE4+Release-4.19-CL-4033788
LogInit: Engine Version: 4.19.2-4033788+++UE4+Release-4.19
LogInit: Compatible Engine Version: 4.19.0-3944462+++UE4+Release-4.19
LogInit: Net CL: 3944462
LogDevObjectVersion: Number of dev versions registered: 18
LogDevObjectVersion:   Dev-Blueprints (B0D832E4-1F89-4F0D-ACCF-7EB736FD4AA2): 10
LogDevObjectVersion:   Dev-Build (E1C64328-A22C-4D53-A36C-8E866417BD8C): 0
LogDevObjectVersion:   Dev-Core (375EC13C-06E4-48FB-B500-84F0262A717E): 2
LogDevObjectVersion:   Dev-Editor (E4B068ED-F494-42E9-A231-DA0B2E46BB41): 23
LogDevObjectVersion:   Dev-Framework (CFFC743F-43B0-4480-9391-14DF171D2073): 33
LogDevObjectVersion:   Dev-Mobile (B02B49B5-BB20-44E9-A304-32B752E40360): 2
LogDevObjectVersion:   Dev-Networking (A4E4105C-59A1-49B5-A7C5-40C4547EDFEE): 0
LogDevObjectVersion:   Dev-Online (39C831C9-5AE6-47DC-9A44-9C173E1C8E7C): 0
LogDevObjectVersion:   Dev-Physics (78F01B33-EBEA-4F98-B9B4-84EACCB95AA2): 0
LogDevObjectVersion:   Dev-Platform (6631380F-2D4D-43E0-8009-CF276956A95A): 0
LogDevObjectVersion:   Dev-Rendering (12F88B9F-8875-4AFC-A67C-D90C383ABD29): 25
LogDevObjectVersion:   Dev-Sequencer (7B5AE74C-D270-4C10-A958-57980B212A5A): 6
LogDevObjectVersion:   Dev-VR (D7296918-1DD6-4BDD-9DE2-64A83CC13884): 1
LogDevObjectVersion:   Dev-LoadTimes (C2A15278-BFE7-4AFE-6C17-90FF531DF755): 1
LogDevObjectVersion:   Private-Geometry (6EACA3D4-40EC-4CC1-B786-8BED09428FC5): 2
LogDevObjectVersion:   Dev-AnimPhys (29E575DD-E0A3-4627-9D10-D276232CDCEA): 16
LogDevObjectVersion:   Dev-ReflectionCapture (6B266CEC-1EC7-4B8F-A30B-E4D90942FC07): 1
LogDevObjectVersion:   Dev-Automation (0DF73D61-A23F-47EA-B727-89E90C41499A): 1
LogInit: Compiled (64-bit): Apr 27 2018 02:06:57
LogInit: Compiled with Visual C++: 19.00.24215.01
LogInit: Build Configuration: Development
LogInit: Branch Name: ++UE4+Release-4.19
LogInit: Command Line: 
LogInit: Base Directory: D:/GameDev/UE4/Epic Games/UE_4.19/Engine/Binaries/Win64/
LogInit: Installed Engine Build: 1
LogStreaming: Display: Took  0.042s to delete old logs.
LogInit: Presizing for max 8388607 objects, including 0 objects not considered by GC, pre-allocating 0 bytes for permanent pool.
LogInit: Object subsystem initialized
[2018.08.30-04.23.56:323][  0]LogInit: Selected Device Profile: [Windows]
[2018.08.30-04.23.56:323][  0]LogInit: Applying CVar settings loaded from the selected device profile: [Windows]
[2018.08.30-04.23.56:342][  0]LogInit: Computer: DESKTOP-J54LIC6
[2018.08.30-04.23.56:342][  0]LogInit: User: Canados
[2018.08.30-04.23.56:342][  0]LogInit: CPU Page size=4096, Cores=6
[2018.08.30-04.23.56:342][  0]LogInit: High frequency timer resolution =2.156250 MHz
[2018.08.30-04.23.56:343][  0]LogMemory: Memory total: Physical=15.9GB (16GB approx)
[2018.08.30-04.23.56:343][  0]LogMemory: Platform Memory Stats for Windows
[2018.08.30-04.23.56:343][  0]LogMemory: Process Physical Memory: 275.87 MB used, 275.87 MB peak
[2018.08.30-04.23.56:343][  0]LogMemory: Process Virtual Memory: 273.44 MB used, 273.44 MB peak
[2018.08.30-04.23.56:343][  0]LogMemory: Physical Memory: 7089.61 MB used,  9153.26 MB free, 16242.87 MB total
[2018.08.30-04.23.56:343][  0]LogMemory: Virtual Memory: 4818.05 MB used,  9153.26 MB free, 134217728.00 MB total
[2018.08.30-04.23.56:787][  0]LogInit: Using OS detected language (en-US).
[2018.08.30-04.23.56:787][  0]LogInit: Using OS detected locale (en-CA).
[2018.08.30-04.23.56:795][  0]LogTextLocalizationManager: No specific localization for 'en-US' exists, so the 'en' localization will be used.
[2018.08.30-04.23.57:158][  0]LogStreaming: Display: Took  0.372s to EndInitTextLocalization.
[2018.08.30-04.23.57:159][  0]LogInit: Setting process to per monitor DPI aware
[2018.08.30-04.23.57:202][  0]LogSlate: New Slate User Created.  User Index 0, Is Virtual User: 0
[2018.08.30-04.23.57:202][  0]LogSlate: Slate User Registered.  User Index 0, Is Virtual User: 0
[2018.08.30-04.23.57:618][  0]LogD3D11RHI: D3D11 adapters:
[2018.08.30-04.23.57:666][  0]LogD3D11RHI:    0. 'NVIDIA GeForce GTX 1060' (Feature Level 11_0)
[2018.08.30-04.23.57:666][  0]LogD3D11RHI:       6061/0/8121 MB DedicatedVideo/DedicatedSystem/SharedSystem, Outputs:2, VendorId:0x10de
[2018.08.30-04.23.57:693][  0]LogD3D11RHI:    1. 'Intel(R) UHD Graphics 630' (Feature Level 11_0)
[2018.08.30-04.23.57:693][  0]LogD3D11RHI:       128/0/8121 MB DedicatedVideo/DedicatedSystem/SharedSystem, Outputs:0, VendorId:0x8086
[2018.08.30-04.23.57:695][  0]LogD3D11RHI:    2. 'Microsoft Basic Render Driver' (Feature Level 11_0)
[2018.08.30-04.23.57:695][  0]LogD3D11RHI:       0/0/8121 MB DedicatedVideo/DedicatedSystem/SharedSystem, Outputs:0, VendorId:0x1414
[2018.08.30-04.23.57:695][  0]LogD3D11RHI: Chosen D3D11 Adapter: 0
[2018.08.30-04.23.57:701][  0]LogD3D11RHI: Creating new Direct3DDevice
[2018.08.30-04.23.57:701][  0]LogD3D11RHI:     GPU DeviceId: 0x1c60 (for the marketing name, search the web for "GPU Device Id")
[2018.08.30-04.23.57:701][  0]LogWindows: EnumDisplayDevices:
[2018.08.30-04.23.57:701][  0]LogWindows:    0. 'NVIDIA GeForce GTX 1060' (P:1 D:1)
[2018.08.30-04.23.57:701][  0]LogWindows:    1. 'NVIDIA GeForce GTX 1060' (P:0 D:1)
[2018.08.30-04.23.57:701][  0]LogWindows:    2. 'NVIDIA GeForce GTX 1060' (P:0 D:0)
[2018.08.30-04.23.57:702][  0]LogWindows:    3. 'NVIDIA GeForce GTX 1060' (P:0 D:0)
[2018.08.30-04.23.57:702][  0]LogWindows:    4. 'Intel(R) UHD Graphics 630' (P:0 D:0)
[2018.08.30-04.23.57:702][  0]LogWindows:    5. 'Intel(R) UHD Graphics 630' (P:0 D:0)
[2018.08.30-04.23.57:702][  0]LogWindows:    6. 'Intel(R) UHD Graphics 630' (P:0 D:0)
[2018.08.30-04.23.57:702][  0]LogWindows: DebugString: GetVideoDriverDetailsInvalid PrimaryIsNotTheChoosenAdapter GetVideoDriverDetailsInvalid PrimaryIsNotTheChoosenAdapter GetVideoDriverDetailsInvalid PrimaryIsNotTheChoosenAdapter GetVideoDriverDetailsInvalid PrimaryIsNotTheChoosenAdapter GetVideoDriverDetailsInvalid PrimaryIsNotTheChoosenAdapter GetVideoDriverDetailsInvalid PrimaryIsNotTheChoosenAdapter GetVideoDriverDetailsInvalid PrimaryIsNotTheChoosenAdapter FoundDriverCount:0 
[2018.08.30-04.23.57:702][  0]LogD3D11RHI:     Adapter Name: NVIDIA GeForce GTX 1060
[2018.08.30-04.23.57:702][  0]LogD3D11RHI:   Driver Version: Unknown (internal:Unknown, unified:Unknown)
[2018.08.30-04.23.57:702][  0]LogD3D11RHI:      Driver Date: Unknown
[2018.08.30-04.23.57:702][  0]LogRHI: Texture pool is 4242 MB (70% of 6061 MB)
[2018.08.30-04.23.57:729][  0]LogD3D11RHI: [Aftermath] Aftermath enabled and primed
[2018.08.30-04.23.57:729][  0]LogD3D11RHI: [Aftermath] Aftermath enabled and primed
[2018.08.30-04.23.57:729][  0]LogD3D11RHI: Async texture creation enabled
[2018.08.30-04.23.57:740][  0]LogD3D11RHI: GPU Timing Frequency: 1000.000000 (Debug: 2 1)
[2018.08.30-04.23.57:834][  0]LogShaderCompilers: Guid format shader working directory is 1 characters bigger than the processId version (../../../../../Unreal_Projects/farmerVSzombies/Intermediate/Shaders/WorkingDirectory/13636/).
[2018.08.30-04.23.57:834][  0]LogShaderCompilers: Cleaned the shader compiler working directory 'C:/Users/Canados/AppData/Local/Temp/UnrealShaderWorkingDir/E88CF18B4E88DAB50E819AACF9E40CD5/'.
[2018.08.30-04.23.58:039][  0]LogTemp: Display: Loaded TP AllDesktopTargetPlatform
[2018.08.30-04.23.58:051][  0]LogTemp: Display: Loaded TP MacClientTargetPlatform
[2018.08.30-04.23.58:063][  0]LogTemp: Display: Loaded TP MacNoEditorTargetPlatform
[2018.08.30-04.23.58:074][  0]LogTemp: Display: Loaded TP MacServerTargetPlatform
[2018.08.30-04.23.58:086][  0]LogTemp: Display: Loaded TP MacTargetPlatform
[2018.08.30-04.23.58:097][  0]LogTemp: Display: Loaded TP WindowsClientTargetPlatform
[2018.08.30-04.23.58:108][  0]LogTemp: Display: Loaded TP WindowsNoEditorTargetPlatform
[2018.08.30-04.23.58:120][  0]LogTemp: Display: Loaded TP WindowsServerTargetPlatform
[2018.08.30-04.23.58:125][  0]LogTemp: Display: Loaded TP WindowsTargetPlatform
[2018.08.30-04.23.58:136][  0]LogTemp: Display: Loaded TP Android_ASTCTargetPlatform
[2018.08.30-04.23.58:146][  0]LogTemp: Display: Loaded TP Android_ATCTargetPlatform
[2018.08.30-04.23.58:157][  0]LogTemp: Display: Loaded TP Android_DXTTargetPlatform
[2018.08.30-04.23.58:167][  0]LogTemp: Display: Loaded TP Android_ETC1aTargetPlatform
[2018.08.30-04.23.58:178][  0]LogTemp: Display: Loaded TP Android_ETC1TargetPlatform
[2018.08.30-04.23.58:189][  0]LogTemp: Display: Loaded TP Android_ETC2TargetPlatform
[2018.08.30-04.23.58:210][  0]LogTemp: Display: Loaded TP Android_MultiTargetPlatform
[2018.08.30-04.23.58:210][  0]LogTemp: Display: Loaded TP Android_PVRTCTargetPlatform
[2018.08.30-04.23.58:221][  0]LogTemp: Display: Loaded TP AndroidTargetPlatform
[2018.08.30-04.23.58:223][  0]LogTemp: Display: Loaded TP HTML5TargetPlatform
[2018.08.30-04.23.58:259][  0]LogTemp: Display: Loaded TP IOSTargetPlatform
[2018.08.30-04.23.58:270][  0]LogTemp: Display: Loaded TP TVOSTargetPlatform
[2018.08.30-04.23.58:280][  0]LogTemp: Display: Loaded TP LinuxClientTargetPlatform
[2018.08.30-04.23.58:291][  0]LogTemp: Display: Loaded TP LinuxNoEditorTargetPlatform
[2018.08.30-04.23.58:302][  0]LogTemp: Display: Loaded TP LinuxServerTargetPlatform
[2018.08.30-04.23.58:317][  0]LogTemp: Display: Loaded TP LinuxTargetPlatform
[2018.08.30-04.23.58:317][  0]LogTargetPlatformManager: Display: Building Assets For Windows
[2018.08.30-04.23.58:422][  0]LogXGEController: Cannot use XGE Controller as Incredibuild is not installed on this machine.
[2018.08.30-04.23.58:422][  0]LogShaderCompilers: Cannot use XGE Shader Compiler as Incredibuild is not installed on this machine.
[2018.08.30-04.23.58:423][  0]LogShaderCompilers: Display: Using Local Shader Compiler.
[2018.08.30-04.23.59:069][  0]LogDerivedDataCache: Display: Max Cache Size: 512 MB
[2018.08.30-04.23.59:132][  0]LogDerivedDataCache: Loaded boot cache 0.06s 74MB C:/Users/Canados/AppData/Local/UnrealEngine/4.19/DerivedDataCache/Boot.ddc.
[2018.08.30-04.23.59:132][  0]LogDerivedDataCache: Display: Loaded Boot cache: C:/Users/Canados/AppData/Local/UnrealEngine/4.19/DerivedDataCache/Boot.ddc
[2018.08.30-04.23.59:132][  0]LogDerivedDataCache: FDerivedDataBackendGraph:  Pak pak cache file ../../../../../Unreal_Projects/farmerVSzombies/DerivedDataCache/DDC.ddp not found, will not use a pak cache.
[2018.08.30-04.23.59:132][  0]LogDerivedDataCache: Unable to find inner node Pak for hierarchical cache Hierarchy.
[2018.08.30-04.23.59:132][  0]LogDerivedDataCache: FDerivedDataBackendGraph:  CompressedPak pak cache file ../../../../../Unreal_Projects/farmerVSzombies/DerivedDataCache/Compressed.ddp not found, will not use a pak cache.
[2018.08.30-04.23.59:132][  0]LogDerivedDataCache: Unable to find inner node CompressedPak for hierarchical cache Hierarchy.
[2018.08.30-04.23.59:146][  0]LogDerivedDataCache: Display: Pak cache opened for reading ../../../Engine/DerivedDataCache/Compressed.ddp.
[2018.08.30-04.23.59:159][  0]LogDerivedDataCache: Using Local data cache path C:/Users/Canados/AppData/Local/UnrealEngine/Common/DerivedDataCache: Writable
[2018.08.30-04.23.59:159][  0]LogDerivedDataCache: Shared data cache path not found in *engine.ini, will not use an Shared cache.
[2018.08.30-04.23.59:159][  0]LogDerivedDataCache: Unable to find inner node Shared for hierarchical cache Hierarchy.
[2018.08.30-04.23.59:169][  0]LogMaterial: Verifying Global Shaders for PCD3D_SM5
[2018.08.30-04.23.59:169][  0]LogSlate: Using Freetype 2.6.0
[2018.08.30-04.23.59:171][  0]LogSlate: SlateFontCache - WITH_FREETYPE: 1, WITH_HARFBUZZ: 1
[2018.08.30-04.23.59:171][  0]LogSlate: SlateFontCache - WITH_FREETYPE: 1, WITH_HARFBUZZ: 1
[2018.08.30-04.23.59:381][  0]LogAssetRegistry: FAssetRegistry took 0.0263 seconds to start up
[2018.08.30-04.23.59:646][  0]LogInit: Selected Device Profile: [Windows]
[2018.08.30-04.23.59:802][  0]LogSimplygon: Simplygon DLL not present - disabling.
[2018.08.30-04.23.59:804][  0]LogMeshReduction: Using SimplygonSwarm for distributed automatic mesh merging
[2018.08.30-04.23.59:804][  0]LogMeshReduction: Using QuadricMeshReduction for automatic static mesh reduction
[2018.08.30-04.23.59:804][  0]LogMeshReduction: No automatic skeletal mesh reduction module available
[2018.08.30-04.23.59:804][  0]LogMeshReduction: No automatic mesh merging module available
[2018.08.30-04.23.59:804][  0]LogMeshMerging: No automatic mesh merging module available
[2018.08.30-04.23.59:840][  0]LogNetVersion: farmerVSzombies , NetCL: 3944462, EngineNetVer: 2, GameNetVer: 0 (Checksum: 3168997086)
[2018.08.30-04.24.00:564][  0]LogPackageLocalizationCache: Processed 9 localized package path(s) for 2 prioritized culture(s) in 0.354427 seconds
[2018.08.30-04.24.00:569][  0]LogUObjectArray: 36728 objects as part of root set at end of initial load.
[2018.08.30-04.24.00:569][  0]LogUObjectAllocator: 7314304 out of 0 bytes used by permanent object pool.
[2018.08.30-04.24.00:569][  0]LogUObjectArray: CloseDisregardForGC: 0/0 objects in disregard for GC pool
[2018.08.30-04.24.02:746][  0]LogTcpMessaging: Initializing TcpMessaging bridge
[2018.08.30-04.24.02:780][  0]LogUdpMessaging: Initializing bridge on interface 0.0.0.0:0 to multicast group 230.0.0.1:6666.
[2018.08.30-04.24.03:104][  0]SourceControl: Source control is disabled
[2018.08.30-04.24.03:104][  0]SourceControl: Source control is disabled
[2018.08.30-04.24.03:120][  0]SourceControl: Source control is disabled
[2018.08.30-04.24.03:135][  0]SourceControl: Source control is disabled
[2018.08.30-04.24.03:586][  0]LogAndroidPermission: UAndroidPermissionCallbackProxy::GetInstance
[2018.08.30-04.24.03:748][  0]LogOcInput: OculusInput pre-init called
[2018.08.30-04.24.03:845][  0]LogEngine: Initializing Engine...
[2018.08.30-04.24.03:848][  0]LogHMD: Failed to initialize OpenVR with code 110
[2018.08.30-04.24.03:850][  0]LogStats: UGameplayTagsManager::ConstructGameplayTagTree: Construct from data asset -  0.000 s
[2018.08.30-04.24.03:850][  0]LogStats: UGameplayTagsManager::ConstructGameplayTagTree: GameplayTagTreeChangedEvent.Broadcast -  0.000 s
[2018.08.30-04.24.04:044][  0]LogAIModule: Creating AISystem for world Untitled
[2018.08.30-04.24.04:058][  0]LogInit: XAudio2 using 'Speakers/Headphones (Realtek(R) Audio)' : 6 channels at 48 kHz using 32 bits per sample (channel mask 0x3f)
[2018.08.30-04.24.04:121][  0]LogInit: FAudioDevice initialized.
[2018.08.30-04.24.04:201][  0]LogDerivedDataCache: Saved boot cache 0.08s 74MB C:/Users/Canados/AppData/Local/UnrealEngine/4.19/DerivedDataCache/Boot.ddc.
[2018.08.30-04.24.04:211][  0]LogInit: Texture streaming: Enabled
[2018.08.30-04.24.04:224][  0]LogEngineSessionManager: EngineSessionManager initialized
[2018.08.30-04.24.04:235][  0]LogInit: Transaction tracking system initialized
[2018.08.30-04.24.04:252][  0]BlueprintLog: New page: Editor Load
[2018.08.30-04.24.04:315][  0]LocalizationService: Localization service is disabled
[2018.08.30-04.24.04:412][  0]LogConsoleResponse: Display: 
[2018.08.30-04.24.04:617][  0]LogCook: Display: Max memory allowance for cook 16384mb min free memory 0mb
[2018.08.30-04.24.04:617][  0]LogCook: Display: Mobile HDR setting 1
[2018.08.30-04.24.04:617][  0]LogGameplayTags: Display: UGameplayTagsManager::DoneAddingNativeTags. DelegateIsBound: 0
[2018.08.30-04.24.04:617][  0]LogStats: UGameplayTagsManager::ConstructGameplayTagTree: Construct from data asset -  0.000 s
[2018.08.30-04.24.04:617][  0]LogStats: UGameplayTagsManager::ConstructGameplayTagTree: GameplayTagTreeChangedEvent.Broadcast -  0.000 s
[2018.08.30-04.24.04:867][  0]LogFileCache: Scanning file cache for directory 'D:/GameDev/UE4/Unreal_Projects/farmerVSzombies/Content/' took 0.02s
[2018.08.30-04.24.04:930][  0]SourceControl: Source control is disabled
[2018.08.30-04.24.04:930][  0]Cmd: MAP LOAD FILE="../../../../../Unreal_Projects/farmerVSzombies/Content/ThirdPersonBP/Maps/ThirdPersonExampleMap.umap" TEMPLATE=0 SHOWPROGRESS=1 FEATURELEVEL=3
[2018.08.30-04.24.04:930][  0]LightingResults: New page: Lighting Build
[2018.08.30-04.24.04:932][  0]MapCheck: New page: Map Check
[2018.08.30-04.24.04:932][  0]LightingResults: New page: Lighting Build
[2018.08.30-04.24.05:317][  0]LogUObjectGlobals: Created PersistentFrame Addr=0x0000023e71d1dd00, Size=840, Default__ThirdPersonCharacter_C Function /Game/ThirdPersonBP/Blueprints/ThirdPersonCharacter.ThirdPersonCharacter_C:ExecuteUbergraph_ThirdPersonCharacter
[2018.08.30-04.24.05:552][  0]LogUObjectGlobals: Created PersistentFrame Addr=0x0000023e71d428c0, Size=172, Default__COIN_BP_C Function /Game/ThirdPersonBP/Env/Coin/COIN_BP.COIN_BP_C:ExecuteUbergraph_COIN_BP
[2018.08.30-04.24.05:594][  0]LogUObjectGlobals: Created PersistentFrame Addr=0x0000023e53ba9d40, Size=64, Default__ANIM_PEASANT_BP_C Function /Game/ThirdPersonBP/Character/Animation/ANIM_PEASANT_BP.ANIM_PEASANT_BP_C:ExecuteUbergraph_ANIM_PEASANT_BP
[2018.08.30-04.24.05:859][  0]LogUObjectGlobals: Destroyed PersistentFrame Addr=0x0000023e53ba9d40, Size=64
[2018.08.30-04.24.05:859][  0]LogUObjectGlobals: Created PersistentFrame Addr=0x0000023e55d02800, Size=64, Default__ANIM_PEASANT_BP_C Function /Engine/Transient.REINST_ANIM_PEASANT_BP_C_0:ExecuteUbergraph_ANIM_PEASANT_BP
[2018.08.30-04.24.05:859][  0]LogUObjectGlobals: Destroyed PersistentFrame Addr=0x0000023e71d428c0, Size=172
[2018.08.30-04.24.05:859][  0]LogUObjectGlobals: Created PersistentFrame Addr=0x0000023e561f0280, Size=172, Default__COIN_BP_C Function /Engine/Transient.REINST_COIN_BP_C_2:ExecuteUbergraph_COIN_BP
[2018.08.30-04.24.05:860][  0]LogUObjectGlobals: Destroyed PersistentFrame Addr=0x0000023e71d1dd00, Size=840
[2018.08.30-04.24.05:861][  0]LogUObjectGlobals: Created PersistentFrame Addr=0x0000023e5619ae80, Size=840, Default__ThirdPersonCharacter_C Function /Engine/Transient.REINST_ThirdPersonCharacter_C_3:ExecuteUbergraph_ThirdPersonCharacter
[2018.08.30-04.24.05:917][  0]LogUObjectGlobals: Created PersistentFrame Addr=0x0000023e55cccd00, Size=64, Default__ANIM_PEASANT_BP_C Function /Game/ThirdPersonBP/Character/Animation/ANIM_PEASANT_BP.ANIM_PEASANT_BP_C:ExecuteUbergraph_ANIM_PEASANT_BP
[2018.08.30-04.24.05:918][  0]LogUObjectGlobals: Created PersistentFrame Addr=0x0000023e55ca0400, Size=172, Default__COIN_BP_C Function /Game/ThirdPersonBP/Env/Coin/COIN_BP.COIN_BP_C:ExecuteUbergraph_COIN_BP
[2018.08.30-04.24.05:923][  0]LogUObjectGlobals: Created PersistentFrame Addr=0x0000023e56011980, Size=840, Default__ThirdPersonCharacter_C Function /Game/ThirdPersonBP/Blueprints/ThirdPersonCharacter.ThirdPersonCharacter_C:ExecuteUbergraph_ThirdPersonCharacter
[2018.08.30-04.24.06:117][  0]LogUObjectGlobals: Created PersistentFrame Addr=0x0000023e55cae1c0, Size=16, Default__BULLET_BP_C Function /Game/ThirdPersonBP/Character/Weapon/BULLET_BP.BULLET_BP_C:ExecuteUbergraph_BULLET_BP
[2018.08.30-04.24.06:119][  0]LogUObjectGlobals: Destroyed PersistentFrame Addr=0x0000023e55cae1c0, Size=16
[2018.08.30-04.24.06:119][  0]LogUObjectGlobals: Created PersistentFrame Addr=0x0000023e55cae1c0, Size=16, Default__BULLET_BP_C Function /Engine/Transient.REINST_BULLET_BP_C_9:ExecuteUbergraph_BULLET_BP
[2018.08.30-04.24.06:119][  0]LogUObjectGlobals: Created PersistentFrame Addr=0x0000023e55cae1f0, Size=16, Default__BULLET_BP_C Function /Game/ThirdPersonBP/Character/Weapon/BULLET_BP.BULLET_BP_C:ExecuteUbergraph_BULLET_BP
[2018.08.30-04.24.06:778][  0]LogUObjectGlobals: Created PersistentFrame Addr=0x0000023e55fab940, Size=176, Default__MUSCETS_BP_C Function /Game/ThirdPersonBP/Character/Weapon/MUSCETS_BP.MUSCETS_BP_C:ExecuteUbergraph_MUSCETS_BP
[2018.08.30-04.24.06:798][  0]LogUObjectGlobals: Destroyed PersistentFrame Addr=0x0000023e55fab940, Size=176
[2018.08.30-04.24.06:798][  0]LogUObjectGlobals: Created PersistentFrame Addr=0x0000023e55fab940, Size=176, Default__MUSCETS_BP_C Function /Engine/Transient.REINST_MUSCETS_BP_C_13:ExecuteUbergraph_MUSCETS_BP
[2018.08.30-04.24.06:809][  0]LogUObjectGlobals: Created PersistentFrame Addr=0x0000023e55ca1240, Size=176, Default__MUSCETS_BP_C Function /Game/ThirdPersonBP/Character/Weapon/MUSCETS_BP.MUSCETS_BP_C:ExecuteUbergraph_MUSCETS_BP
[2018.08.30-04.24.07:282][  0]LogUObjectGlobals: Created PersistentFrame Addr=0x0000023e565ba200, Size=288, Default__ENEMY_BP_C Function /Game/Enemies/ENEMY_BP.ENEMY_BP_C:ExecuteUbergraph_ENEMY_BP
[2018.08.30-04.24.07:285][  0]LogUObjectGlobals: Created PersistentFrame Addr=0x0000023e55fb95a8, Size=40, Default__BP_FENCE_C Function /Game/ThirdPersonBP/Env/Fence/BP_FENCE.BP_FENCE_C:ExecuteUbergraph_BP_FENCE
[2018.08.30-04.24.07:465][  0]LogUObjectGlobals: Created PersistentFrame Addr=0x0000023e59cc7800, Size=912, Default__ZOMBIE_BP_C Function /Game/Enemies/Zombie/ZOMBIE_BP.ZOMBIE_BP_C:ExecuteUbergraph_ZOMBIE_BP
[2018.08.30-04.24.07:465][  0]LogUObjectGlobals: Created PersistentFrame Addr=0x0000023e59cee980, Size=288, Default__ZOMBIE_BP_C Function /Game/Enemies/ENEMY_BP.ENEMY_BP_C:ExecuteUbergraph_ENEMY_BP
[2018.08.30-04.24.07:726][  0]LogUObjectGlobals: Created PersistentFrame Addr=0x0000023e56005b08, Size=4, Default__TOMATO_BP_C Function /Game/ThirdPersonBP/Env/Tomato/TOMATO_BP.TOMATO_BP_C:ExecuteUbergraph_TOMATO_BP
[2018.08.30-04.24.07:762][  0]LogUObjectGlobals: Created PersistentFrame Addr=0x0000023e59cc6400, Size=912, Default__ZOMBIE_BP_C Function /Game/Enemies/Zombie/ZOMBIE_BP.ZOMBIE_BP_C:ExecuteUbergraph_ZOMBIE_BP
[2018.08.30-04.24.07:762][  0]LogUObjectGlobals: Created PersistentFrame Addr=0x0000023e59c9d6c0, Size=288, Default__ZOMBIE_BP_C Function /Game/Enemies/ENEMY_BP.ENEMY_BP_C:ExecuteUbergraph_ENEMY_BP
[2018.08.30-04.24.07:765][  0]LogUObjectGlobals: Created PersistentFrame Addr=0x0000023e598e2cf0, Size=80, Default__ANIM_ZOMBIE_BP_C Function /Game/Enemies/Zombie/Animation/ANIM_ZOMBIE_BP.ANIM_ZOMBIE_BP_C:ExecuteUbergraph_ANIM_ZOMBIE_BP
[2018.08.30-04.24.08:067][  0]LogUObjectGlobals: Destroyed PersistentFrame Addr=0x0000023e598e2cf0, Size=80
[2018.08.30-04.24.08:067][  0]LogUObjectGlobals: Created PersistentFrame Addr=0x0000023e59761210, Size=80, Default__ANIM_ZOMBIE_BP_C Function /Engine/Transient.REINST_ANIM_ZOMBIE_BP_C_1:ExecuteUbergraph_ANIM_ZOMBIE_BP
[2018.08.30-04.24.08:068][  0]LogUObjectGlobals: Destroyed PersistentFrame Addr=0x0000023e55fb95a8, Size=40
[2018.08.30-04.24.08:068][  0]LogUObjectGlobals: Created PersistentFrame Addr=0x0000023e598bee08, Size=40, Default__BP_FENCE_C Function /Engine/Transient.REINST_BP_FENCE_C_17:ExecuteUbergraph_BP_FENCE
[2018.08.30-04.24.08:068][  0]LogUObjectGlobals: Destroyed PersistentFrame Addr=0x0000023e565ba200, Size=288
[2018.08.30-04.24.08:068][  0]LogUObjectGlobals: Created PersistentFrame Addr=0x0000023e598911c0, Size=288, Default__ENEMY_BP_C Function /Engine/Transient.REINST_ENEMY_BP_C_19:ExecuteUbergraph_ENEMY_BP
[2018.08.30-04.24.08:069][  0]LogUObjectGlobals: Destroyed PersistentFrame Addr=0x0000023e56005b08, Size=4
[2018.08.30-04.24.08:069][  0]LogUObjectGlobals: Created PersistentFrame Addr=0x0000023e56005b08, Size=4, Default__TOMATO_BP_C Function /Engine/Transient.REINST_TOMATO_BP_C_20:ExecuteUbergraph_TOMATO_BP
[2018.08.30-04.24.08:070][  0]LogUObjectGlobals: Destroyed PersistentFrame Addr=0x0000023e59cc6400, Size=912
[2018.08.30-04.24.08:070][  0]LogUObjectGlobals: Destroyed PersistentFrame Addr=0x0000023e59c9d6c0, Size=288
[2018.08.30-04.24.08:070][  0]LogUObjectGlobals: Created PersistentFrame Addr=0x0000023e597e5c00, Size=912, Default__ZOMBIE_BP_C Function /Engine/Transient.REINST_ZOMBIE_BP_C_21:ExecuteUbergraph_ZOMBIE_BP
[2018.08.30-04.24.08:070][  0]LogUObjectGlobals: Created PersistentFrame Addr=0x0000023e59891440, Size=288, Default__ZOMBIE_BP_C Function /Engine/Transient.REINST_ENEMY_BP_C_19:ExecuteUbergraph_ENEMY_BP
[2018.08.30-04.24.08:107][  0]LogUObjectGlobals: Created PersistentFrame Addr=0x0000023e592148b0, Size=80, Default__ANIM_ZOMBIE_BP_C Function /Game/Enemies/Zombie/Animation/ANIM_ZOMBIE_BP.ANIM_ZOMBIE_BP_C:ExecuteUbergraph_ANIM_ZOMBIE_BP
[2018.08.30-04.24.08:108][  0]LogUObjectGlobals: Created PersistentFrame Addr=0x0000023e598bde18, Size=40, Default__BP_FENCE_C Function /Game/ThirdPersonBP/Env/Fence/BP_FENCE.BP_FENCE_C:ExecuteUbergraph_BP_FENCE
[2018.08.30-04.24.08:109][  0]LogUObjectGlobals: Created PersistentFrame Addr=0x0000023e5922fb00, Size=288, Default__ENEMY_BP_C Function /Game/Enemies/ENEMY_BP.ENEMY_BP_C:ExecuteUbergraph_ENEMY_BP
[2018.08.30-04.24.08:110][  0]LogUObjectGlobals: Created PersistentFrame Addr=0x0000023e535e7e98, Size=4, Default__TOMATO_BP_C Function /Game/ThirdPersonBP/Env/Tomato/TOMATO_BP.TOMATO_BP_C:ExecuteUbergraph_TOMATO_BP
[2018.08.30-04.24.08:117][  0]LogUObjectGlobals: Created PersistentFrame Addr=0x0000023e5930b400, Size=912, Default__ZOMBIE_BP_C Function /Game/Enemies/Zombie/ZOMBIE_BP.ZOMBIE_BP_C:ExecuteUbergraph_ZOMBIE_BP
[2018.08.30-04.24.08:117][  0]LogUObjectGlobals: Created PersistentFrame Addr=0x0000023e5922eac0, Size=288, Default__ZOMBIE_BP_C Function /Game/Enemies/ENEMY_BP.ENEMY_BP_C:ExecuteUbergraph_ENEMY_BP
[2018.08.30-04.24.08:144][  0]LogUObjectGlobals: Created PersistentFrame Addr=0x0000023e5a065c58, Size=56, Default__spawn_point_C Function /Game/Enemies/spawn_point.spawn_point_C:ExecuteUbergraph_spawn_point
[2018.08.30-04.24.08:146][  0]LogUObjectGlobals: Destroyed PersistentFrame Addr=0x0000023e5a065c58, Size=56
[2018.08.30-04.24.08:146][  0]LogUObjectGlobals: Created PersistentFrame Addr=0x0000023e5a065c58, Size=56, Default__spawn_point_C Function /Engine/Transient.REINST_spawn_point_C_29:ExecuteUbergraph_spawn_point
[2018.08.30-04.24.08:147][  0]LogUObjectGlobals: Created PersistentFrame Addr=0x0000023e5a0661d0, Size=56, Default__spawn_point_C Function /Game/Enemies/spawn_point.spawn_point_C:ExecuteUbergraph_spawn_point
[2018.08.30-04.24.15:913][  0]LogUObjectGlobals: Created PersistentFrame Addr=0x0000023e75e9a1a0, Size=24, Default__Spawn_FENCE_01_C Function /Game/ThirdPersonBP/Env/Fence/Spawn_FENCE_01.Spawn_FENCE_01_C:ExecuteUbergraph_Spawn_FENCE_01
[2018.08.30-04.24.15:914][  0]LogUObjectGlobals: Destroyed PersistentFrame Addr=0x0000023e75e9a1a0, Size=24
[2018.08.30-04.24.15:914][  0]LogUObjectGlobals: Created PersistentFrame Addr=0x0000023e75e9a1a0, Size=24, Default__Spawn_FENCE_01_C Function /Engine/Transient.REINST_Spawn_FENCE_01_C_47:ExecuteUbergraph_Spawn_FENCE_01
[2018.08.30-04.24.15:915][  0]LogUObjectGlobals: Created PersistentFrame Addr=0x0000023e75e99558, Size=24, Default__Spawn_FENCE_01_C Function /Game/ThirdPersonBP/Env/Fence/Spawn_FENCE_01.Spawn_FENCE_01_C:ExecuteUbergraph_Spawn_FENCE_01
[2018.08.30-04.24.15:942][  0]LogUObjectGlobals: Created PersistentFrame Addr=0x0000023e75e99768, Size=24, Default__Spawn_FENCE_02_C Function /Game/ThirdPersonBP/Env/Fence/Spawn_FENCE_02.Spawn_FENCE_02_C:ExecuteUbergraph_Spawn_FENCE_02
[2018.08.30-04.24.15:944][  0]LogUObjectGlobals: Destroyed PersistentFrame Addr=0x0000023e75e99768, Size=24
[2018.08.30-04.24.15:944][  0]LogUObjectGlobals: Created PersistentFrame Addr=0x0000023e75e99768, Size=24, Default__Spawn_FENCE_02_C Function /Engine/Transient.REINST_Spawn_FENCE_02_C_49:ExecuteUbergraph_Spawn_FENCE_02
[2018.08.30-04.24.15:945][  0]LogUObjectGlobals: Created PersistentFrame Addr=0x0000023e75e991c8, Size=24, Default__Spawn_FENCE_02_C Function /Game/ThirdPersonBP/Env/Fence/Spawn_FENCE_02.Spawn_FENCE_02_C:ExecuteUbergraph_Spawn_FENCE_02
[2018.08.30-04.24.17:079][  0]LogUObjectGlobals: Created PersistentFrame Addr=0x0000023e5a0315a0, Size=48, Default__spawn_tomatoes_C Function /Game/ThirdPersonBP/Env/Tomato/spawn_tomatoes.spawn_tomatoes_C:ExecuteUbergraph_spawn_tomatoes
[2018.08.30-04.24.17:081][  0]LogUObjectGlobals: Destroyed PersistentFrame Addr=0x0000023e5a0315a0, Size=48
[2018.08.30-04.24.17:081][  0]LogUObjectGlobals: Created PersistentFrame Addr=0x0000023e5a0315a0, Size=48, Default__spawn_tomatoes_C Function /Engine/Transient.REINST_spawn_tomatoes_C_65:ExecuteUbergraph_spawn_tomatoes
[2018.08.30-04.24.17:084][  0]LogUObjectGlobals: Created PersistentFrame Addr=0x0000023e5a030c70, Size=48, Default__spawn_tomatoes_C Function /Game/ThirdPersonBP/Env/Tomato/spawn_tomatoes.spawn_tomatoes_C:ExecuteUbergraph_spawn_tomatoes
[2018.08.30-04.24.17:361][  0]LogUObjectGlobals: Created PersistentFrame Addr=0x0000023e642dea58, Size=4, Default__ThirdPersonExampleMap_C Function /Game/ThirdPersonBP/Maps/ThirdPersonExampleMap.ThirdPersonExampleMap_C:ExecuteUbergraph_ThirdPersonExampleMap
[2018.08.30-04.24.17:362][  0]LogUObjectGlobals: Destroyed PersistentFrame Addr=0x0000023e642dea58, Size=4
[2018.08.30-04.24.17:362][  0]LogUObjectGlobals: Created PersistentFrame Addr=0x0000023e642dea58, Size=4, Default__ThirdPersonExampleMap_C Function /Engine/Transient.REINST_ThirdPersonExampleMap_C_67:ExecuteUbergraph_ThirdPersonExampleMap
[2018.08.30-04.24.17:362][  0]LogUObjectGlobals: Created PersistentFrame Addr=0x0000023e642de9f8, Size=4, Default__ThirdPersonExampleMap_C Function /Game/ThirdPersonBP/Maps/ThirdPersonExampleMap.ThirdPersonExampleMap_C:ExecuteUbergraph_ThirdPersonExampleMap
[2018.08.30-04.24.21:417][  0]LogSkeletalMesh: Skeletal Mesh found in DDC [4.841275ms] /Game/ThirdPersonBP/Character/peasant.peasant
[2018.08.30-04.24.21:545][  0]LogSkeletalMesh: Skeletal Mesh found in DDC [4.503652ms] /Game/Enemies/Zombie/Zombie.Zombie
[2018.08.30-04.24.22:680][  0]LogSkeletalMesh: Skeletal Mesh found in DDC [6.919420ms] /Game/ThirdPersonBP/Env/ScareCrow/scarecrow.scarecrow
[2018.08.30-04.24.23:462][  0]LogAIModule: Creating AISystem for world ThirdPersonExampleMap
[2018.08.30-04.24.23:771][  0]LogEditorServer: Finished looking for orphan Actors (0.000 secs)
[2018.08.30-04.24.23:790][  0]LogUObjectGlobals: Destroyed PersistentFrame Addr=0x0000023e5619ae80, Size=840
[2018.08.30-04.24.23:790][  0]LogUObjectGlobals: Destroyed PersistentFrame Addr=0x0000023e561f0280, Size=172
[2018.08.30-04.24.23:790][  0]LogUObjectGlobals: Destroyed PersistentFrame Addr=0x0000023e55d02800, Size=64
[2018.08.30-04.24.23:790][  0]LogUObjectGlobals: Destroyed PersistentFrame Addr=0x0000023e55cae1c0, Size=16
[2018.08.30-04.24.23:790][  0]LogUObjectGlobals: Destroyed PersistentFrame Addr=0x0000023e55fab940, Size=176
[2018.08.30-04.24.23:790][  0]LogUObjectGlobals: Destroyed PersistentFrame Addr=0x0000023e598911c0, Size=288
[2018.08.30-04.24.23:790][  0]LogUObjectGlobals: Destroyed PersistentFrame Addr=0x0000023e598bee08, Size=40
[2018.08.30-04.24.23:790][  0]LogUObjectGlobals: Destroyed PersistentFrame Addr=0x0000023e597e5c00, Size=912
[2018.08.30-04.24.23:790][  0]LogUObjectGlobals: Destroyed PersistentFrame Addr=0x0000023e59891440, Size=288
[2018.08.30-04.24.23:790][  0]LogUObjectGlobals: Destroyed PersistentFrame Addr=0x0000023e56005b08, Size=4
[2018.08.30-04.24.23:790][  0]LogUObjectGlobals: Destroyed PersistentFrame Addr=0x0000023e59761210, Size=80
[2018.08.30-04.24.23:791][  0]LogUObjectGlobals: Destroyed PersistentFrame Addr=0x0000023e5a065c58, Size=56
[2018.08.30-04.24.23:791][  0]LogUObjectGlobals: Destroyed PersistentFrame Addr=0x0000023e75e9a1a0, Size=24
[2018.08.30-04.24.23:791][  0]LogUObjectGlobals: Destroyed PersistentFrame Addr=0x0000023e75e99768, Size=24
[2018.08.30-04.24.23:791][  0]LogUObjectGlobals: Destroyed PersistentFrame Addr=0x0000023e5a0315a0, Size=48
[2018.08.30-04.24.23:791][  0]LogUObjectGlobals: Destroyed PersistentFrame Addr=0x0000023e642dea58, Size=4
[2018.08.30-04.24.23:794][  0]Cmd: MAP CHECKDEP NOCLEARLOG
[2018.08.30-04.24.24:116][  0]MapCheck: Map check complete: 0 Error(s), 0 Warning(s), took 322.172ms to complete.
[2018.08.30-04.24.24:116][  0]LogFileHelpers: Loading map 'ThirdPersonExampleMap' took 19.185
[2018.08.30-04.24.24:591][  0]LogCollectionManager: Loaded 0 collections in 0.000847 seconds
[2018.08.30-04.24.24:670][  0]LogFileCache: Scanning file cache for directory 'D:/GameDev/UE4/Unreal_Projects/farmerVSzombies/Saved/Collections/' took 0.01s
[2018.08.30-04.24.24:670][  0]LogFileCache: Scanning file cache for directory 'D:/GameDev/UE4/Unreal_Projects/farmerVSzombies/Content/Developers/Canados/Collections/' took 0.01s
[2018.08.30-04.24.24:670][  0]LogFileCache: Scanning file cache for directory 'D:/GameDev/UE4/Unreal_Projects/farmerVSzombies/Content/Collections/' took 0.01s
[2018.08.30-04.24.24:671][  0]LogCollectionManager: Rebuilt the GUID cache for 0 collections in 0.000000 seconds
[2018.08.30-04.24.24:679][  0]LogContentBrowser: Native class hierarchy populated in 0.0078 seconds. Added 2452 classes and 558 folders.
[2018.08.30-04.24.24:730][  0]LogContentBrowser: Native class hierarchy updated for 'WidgetCarousel' in 0.0002 seconds. Added 0 classes and 0 folders.
[2018.08.30-04.24.25:346][  0]LogContentBrowser: Native class hierarchy updated for 'AddContentDialog' in 0.0002 seconds. Added 0 classes and 0 folders.
[2018.08.30-04.24.25:385][  0]LogContentBrowser: Native class hierarchy updated for 'SceneOutliner' in 0.0002 seconds. Added 1 classes and 2 folders.
[2018.08.30-04.24.26:142][  0]LogSlate: Took 0.000630 seconds to synchronously load lazily loaded font '../../../Engine/Content/Slate/Fonts/Roboto-Regular.ttf' (155K)
[2018.08.30-04.24.26:147][  0]LogSlate: Took 0.000622 seconds to synchronously load lazily loaded font '../../../Engine/Content/Slate/Fonts/Roboto-Bold.ttf' (160K)
[2018.08.30-04.24.26:170][  0]LogSlate: Took 0.009501 seconds to synchronously load lazily loaded font '../../../Engine/Content/Editor/Slate/Fonts/FontAwesome.ttf' (139K)
[2018.08.30-04.24.26:332][  0]LogRenderer: Reallocating scene render targets to support 1396x512 Format 10 NumSamples 1 (Frame:1).
[2018.08.30-04.24.27:459][  0]LogContentBrowser: Native class hierarchy updated for 'HierarchicalLODOutliner' in 0.0002 seconds. Added 0 classes and 0 folders.
[2018.08.30-04.24.27:459][  0]LogLoad: (Engine Initialization) Total time: 34.45 seconds
[2018.08.30-04.24.27:460][  0]LogLoad: (Engine Initialization) Total Blueprint compile time: 0.00 seconds
[2018.08.30-04.24.27:478][  0]LogWindowsTextInputMethodSystem: Display: IME system now deactivated.
[2018.08.30-04.24.27:530][  0]LogContentStreaming: Texture pool size now 1000 MB
[2018.08.30-04.24.27:675][  1]LogRenderer: Reallocating scene render targets to support 1396x528 Format 10 NumSamples 1 (Frame:3).
[2018.08.30-04.24.27:711][  1]LogAssetRegistry: Asset discovery search completed in 28.3527 seconds
[2018.08.30-04.24.27:713][  1]LogCollectionManager: Rebuilt the object cache for 0 collections in 0.000000 seconds (found 0 objects)
[2018.08.30-04.24.27:713][  1]LogCollectionManager: Fixed up redirectors for 0 collections in 0.000042 seconds (updated 0 objects)
[2018.08.30-04.24.28:736][  5]LogSlate: Took 0.020202 seconds to synchronously load lazily loaded font '../../../Engine/Content/Slate/Fonts/Roboto-Light.ttf' (167K)
[2018.08.30-04.24.32:192][187]LogSlate: FSceneViewport::OnFocusLost() reason 0
[2018.08.30-04.24.38:249][440]LogSlate: FSceneViewport::OnFocusLost() reason 2
[2018.08.30-04.24.39:933][538]MapCheck: New page: Map Check
[2018.08.30-04.24.39:960][538]LogSlate: FSceneViewport::OnFocusLost() reason 2
[2018.08.30-04.24.39:993][538]LightingResults: New page: Lighting Build - Aug 29, 2018, 8:24:39 PM
[2018.08.30-04.24.40:032][538]LightingResults: Warning: InstancedFoliageActor_0 The total lightmap size for this InstancedStaticMeshComponent is large, consider reducing the component's lightmap resolution or number of mesh instances in this component
[2018.08.30-04.24.40:102][538]LogSwarmInterface: [OpenConnection] Registering TCP channel ...
[2018.08.30-04.24.40:208][538]LogSwarmInterface: [OpenConnection] Connecting to agent ...
[2018.08.30-04.24.40:221][538]LogSwarmInterface: [TryOpenConnection] Testing the Agent
[2018.08.30-04.24.40:731][538]LogSwarmInterface: [TryOpenConnection] Opening Connection to Agent
[2018.08.30-04.24.40:731][538]LogSwarmInterface: [TryOpenConnection] Local Process ID is 13636
[2018.08.30-04.24.43:267][538]LogStaticLightingSystem: Running Lightmass w/ ImmediateImport mode ENABLED
[2018.08.30-04.24.43:267][538]LogStaticLightingSystem: Running Lightmass w/ ImmediateProcess mode ENABLED
[2018.08.30-04.24.43:267][538]LogStaticLightingSystem: Running Lightmass w/ Sorting mode ENABLED
[2018.08.30-04.24.43:267][538]LogStaticLightingSystem: Running Lightmass w/ Mapping paddings ENABLED
[2018.08.30-04.24.43:267][538]LogStaticLightingSystem: Running Lightmass w/ Mapping debug paddings DISABLED
[2018.08.30-04.24.43:430][538]LogEditorBuildUtils: Build time 0:03
