Log file open, 09/03/18 05:27:19
LogWindows: Failed to load 'aqProf.dll' (GetLastError=126)
LogWindows: File 'aqProf.dll' does not exist
LogWindows: Failed to load 'VtuneApi.dll' (GetLastError=126)
LogWindows: File 'VtuneApi.dll' does not exist
LogWindows: Failed to load 'VtuneApi32e.dll' (GetLastError=126)
LogWindows: File 'VtuneApi32e.dll' does not exist
LogInit: Display: Running engine for game: farmerVSzombies
LogPlatformFile: Not using cached read wrapper
LogInit: Display: RandInit(1166003481) SRandInit(1166003481).
LogInit: Read version file with build ID '3944462'
LogInit: Overriding engine version to CL 4033788, compatible CL 3944462
LogInit: Registered custom module enumerator with build ID '3944462'
LogTaskGraph: Started task graph with 5 named threads and 35 total threads with 3 sets of task threads.
LogStats: Stats thread started at 0.423435
LogD3D11RHI: Aftermath initialized
LogICUInternationalization: Display: ICU TimeZone Detection - Raw Offset: -5:00, Platform Override: ''
LogModuleManager: Display: Found up-to-date module file ../../../Engine/Plugins/2D/Paper2D/Binaries/Win64/UE4Editor-Paper2D.dll (API version 3944462).
LogModuleManager: Display: Found up-to-date module file ../../../Engine/Plugins/2D/Paper2D/Binaries/Win64/UE4Editor-Paper2DEditor.dll (API version 3944462).
LogModuleManager: Display: Found up-to-date module file ../../../Engine/Plugins/2D/Paper2D/Binaries/Win64/UE4Editor-PaperSpriteSheetImporter.dll (API version 3944462).
LogModuleManager: Display: Found up-to-date module file ../../../Engine/Plugins/2D/Paper2D/Binaries/Win64/UE4Editor-PaperTiledImporter.dll (API version 3944462).
LogModuleManager: Display: Found up-to-date module file ../../../Engine/Plugins/2D/Paper2D/Binaries/Win64/UE4Editor-SmartSnapping.dll (API version 3944462).
LogModuleManager: Display: Found up-to-date module file ../../../Engine/Plugins/Blendables/LightPropagationVolume/Binaries/Win64/UE4Editor-LightPropagationVolumeRuntime.dll (API version 3944462).
LogModuleManager: Display: Found up-to-date module file ../../../Engine/Plugins/Blendables/LightPropagationVolume/Binaries/Win64/UE4Editor-LightPropagationVolumeEditor.dll (API version 3944462).
LogModuleManager: Display: Found up-to-date module file ../../../Engine/Plugins/Developer/CLionSourceCodeAccess/Binaries/Win64/UE4Editor-CLionSourceCodeAccess.dll (API version 3944462).
LogModuleManager: Display: Found up-to-date module file ../../../Engine/Plugins/Developer/GitSourceControl/Binaries/Win64/UE4Editor-GitSourceControl.dll (API version 3944462).
LogModuleManager: Display: Found up-to-date module file ../../../Engine/Plugins/Developer/PerforceSourceControl/Binaries/Win64/UE4Editor-PerforceSourceControl.dll (API version 3944462).
LogModuleManager: Display: Found up-to-date module file ../../../Engine/Plugins/Developer/SubversionSourceControl/Binaries/Win64/UE4Editor-SubversionSourceControl.dll (API version 3944462).
LogModuleManager: Display: Found up-to-date module file ../../../Engine/Plugins/Developer/UObjectPlugin/Binaries/Win64/UE4Editor-UObjectPlugin.dll (API version 3944462).
LogModuleManager: Display: Found up-to-date module file ../../../Engine/Plugins/Developer/VisualStudioCodeSourceCodeAccess/Binaries/Win64/UE4Editor-VisualStudioCodeSourceCodeAccess.dll (API version 3944462).
LogModuleManager: Display: Found up-to-date module file ../../../Engine/Plugins/Developer/VisualStudioSourceCodeAccess/Binaries/Win64/UE4Editor-VisualStudioSourceCodeAccess.dll (API version 3944462).
LogModuleManager: Display: Found up-to-date module file ../../../Engine/Plugins/Editor/AssetManagerEditor/Binaries/Win64/UE4Editor-AssetManagerEditor.dll (API version 3944462).
LogModuleManager: Display: Found up-to-date module file ../../../Engine/Plugins/Editor/CryptoKeys/Binaries/Win64/UE4Editor-CryptoKeys.dll (API version 3944462).
LogModuleManager: Display: Found up-to-date module file ../../../Engine/Plugins/Editor/CryptoKeys/Binaries/Win64/UE4Editor-CryptoKeysOpenSSL.dll (API version 3944462).
LogModuleManager: Display: Found up-to-date module file ../../../Engine/Plugins/Editor/DataValidation/Binaries/Win64/UE4Editor-DataValidation.dll (API version 3944462).
LogModuleManager: Display: Found up-to-date module file ../../../Engine/Plugins/Editor/FacialAnimation/Binaries/Win64/UE4Editor-FacialAnimation.dll (API version 3944462).
LogModuleManager: Display: Found up-to-date module file ../../../Engine/Plugins/Editor/FacialAnimation/Binaries/Win64/UE4Editor-FacialAnimationEditor.dll (API version 3944462).
LogModuleManager: Display: Found up-to-date module file ../../../Engine/Plugins/Editor/GameplayTagsEditor/Binaries/Win64/UE4Editor-GameplayTagsEditor.dll (API version 3944462).
LogModuleManager: Display: Found up-to-date module file ../../../Engine/Plugins/Editor/MobileLauncherProfileWizard/Binaries/Win64/UE4Editor-MobileLauncherProfileWizard.dll (API version 3944462).
LogModuleManager: Display: Found up-to-date module file ../../../Engine/Plugins/Editor/PluginBrowser/Binaries/Win64/UE4Editor-PluginBrowser.dll (API version 3944462).
LogModuleManager: Display: Found up-to-date module file ../../../Engine/Plugins/Editor/SpeedTreeImporter/Binaries/Win64/UE4Editor-SpeedTreeImporter.dll (API version 3944462).
LogModuleManager: Display: Found up-to-date module file ../../../Engine/Plugins/Enterprise/DatasmithContent/Binaries/Win64/UE4Editor-DatasmithContent.dll (API version 3944462).
LogModuleManager: Display: Found up-to-date module file ../../../Engine/Plugins/Experimental/AlembicImporter/Binaries/Win64/UE4Editor-AlembicImporter.dll (API version 3944462).
LogModuleManager: Display: Found up-to-date module file ../../../Engine/Plugins/Experimental/AlembicImporter/Binaries/Win64/UE4Editor-AlembicLibrary.dll (API version 3944462).
LogModuleManager: Display: Found up-to-date module file ../../../Engine/Plugins/Experimental/CharacterAI/Binaries/Win64/UE4Editor-CharacterAI.dll (API version 3944462).
LogModuleManager: Display: Found up-to-date module file ../../../Engine/Plugins/Experimental/HTML5Networking/Binaries/Win64/UE4Editor-HTML5Networking.dll (API version 3944462).
LogModuleManager: Display: Found up-to-date module file ../../../Engine/Plugins/Media/AndroidMedia/Binaries/Win64/UE4Editor-AndroidMediaEditor.dll (API version 3944462).
LogModuleManager: Display: Found up-to-date module file ../../../Engine/Plugins/Media/AndroidMedia/Binaries/Win64/UE4Editor-AndroidMediaFactory.dll (API version 3944462).
LogModuleManager: Display: Found up-to-date module file ../../../Engine/Plugins/Media/AvfMedia/Binaries/Win64/UE4Editor-AvfMediaEditor.dll (API version 3944462).
LogModuleManager: Display: Found up-to-date module file ../../../Engine/Plugins/Media/AvfMedia/Binaries/Win64/UE4Editor-AvfMediaFactory.dll (API version 3944462).
LogModuleManager: Display: Found up-to-date module file ../../../Engine/Plugins/Media/AvfMedia/Binaries/Win64/UE4Editor-AvfMediaFactory.dll (API version 3944462).
LogModuleManager: Display: Found up-to-date module file ../../../Engine/Plugins/Media/ImgMedia/Binaries/Win64/UE4Editor-ImgMedia.dll (API version 3944462).
LogModuleManager: Display: Found up-to-date module file ../../../Engine/Plugins/Media/ImgMedia/Binaries/Win64/UE4Editor-ImgMediaEditor.dll (API version 3944462).
LogModuleManager: Display: Found up-to-date module file ../../../Engine/Plugins/Media/ImgMedia/Binaries/Win64/UE4Editor-ImgMediaFactory.dll (API version 3944462).
LogModuleManager: Display: Found up-to-date module file ../../../Engine/Plugins/Media/ImgMedia/Binaries/Win64/UE4Editor-ImgMediaFactory.dll (API version 3944462).
LogModuleManager: Display: Found up-to-date module file ../../../Engine/Plugins/Media/ImgMedia/Binaries/Win64/UE4Editor-OpenExrWrapper.dll (API version 3944462).
LogModuleManager: Display: Found up-to-date module file ../../../Engine/Plugins/Media/LinearTimecode/Binaries/Win64/UE4Editor-LinearTimecode.dll (API version 3944462).
LogModuleManager: Display: Found up-to-date module file ../../../Engine/Plugins/Media/MediaCompositing/Binaries/Win64/UE4Editor-MediaCompositing.dll (API version 3944462).
LogModuleManager: Display: Found up-to-date module file ../../../Engine/Plugins/Media/MediaCompositing/Binaries/Win64/UE4Editor-MediaCompositingEditor.dll (API version 3944462).
LogModuleManager: Display: Found up-to-date module file ../../../Engine/Plugins/Media/MediaPlayerEditor/Binaries/Win64/UE4Editor-MediaPlayerEditor.dll (API version 3944462).
LogModuleManager: Display: Found up-to-date module file ../../../Engine/Plugins/Media/WmfMedia/Binaries/Win64/UE4Editor-WmfMedia.dll (API version 3944462).
LogModuleManager: Display: Found up-to-date module file ../../../Engine/Plugins/Media/WmfMedia/Binaries/Win64/UE4Editor-WmfMediaEditor.dll (API version 3944462).
LogModuleManager: Display: Found up-to-date module file ../../../Engine/Plugins/Media/WmfMedia/Binaries/Win64/UE4Editor-WmfMediaFactory.dll (API version 3944462).
LogModuleManager: Display: Found up-to-date module file ../../../Engine/Plugins/Media/WmfMedia/Binaries/Win64/UE4Editor-WmfMediaFactory.dll (API version 3944462).
LogModuleManager: Display: Found up-to-date module file ../../../Engine/Plugins/Messaging/TcpMessaging/Binaries/Win64/UE4Editor-TcpMessaging.dll (API version 3944462).
LogModuleManager: Display: Found up-to-date module file ../../../Engine/Plugins/Messaging/UdpMessaging/Binaries/Win64/UE4Editor-UdpMessaging.dll (API version 3944462).
LogModuleManager: Display: Found up-to-date module file ../../../Engine/Plugins/MovieScene/ActorSequence/Binaries/Win64/UE4Editor-ActorSequence.dll (API version 3944462).
LogModuleManager: Display: Found up-to-date module file ../../../Engine/Plugins/MovieScene/LevelSequenceEditor/Binaries/Win64/UE4Editor-LevelSequenceEditor.dll (API version 3944462).
LogModuleManager: Display: Found up-to-date module file ../../../Engine/Plugins/MovieScene/MatineeToLevelSequence/Binaries/Win64/UE4Editor-MatineeToLevelSequence.dll (API version 3944462).
LogModuleManager: Display: Found up-to-date module file ../../../Engine/Plugins/NetcodeUnitTest/NetcodeUnitTest/Binaries/Win64/UE4Editor-NetcodeUnitTest.dll (API version 3944462).
LogModuleManager: Display: Found up-to-date module file ../../../Engine/Plugins/NetcodeUnitTest/NUTUnrealEngine4/Binaries/Win64/UE4Editor-NUTUnrealEngine4.dll (API version 3944462).
LogModuleManager: Display: Found up-to-date module file ../../../Engine/Plugins/Online/OnlineSubsystem/Binaries/Win64/UE4Editor-OnlineSubsystem.dll (API version 3944462).
LogModuleManager: Display: Found up-to-date module file ../../../Engine/Plugins/Runtime/AndroidPermission/Binaries/Win64/UE4Editor-AndroidPermission.dll (API version 3944462).
LogModuleManager: Display: Found up-to-date module file ../../../Engine/Plugins/Online/OnlineSubsystemNull/Binaries/Win64/UE4Editor-OnlineSubsystemNull.dll (API version 3944462).
LogModuleManager: Display: Found up-to-date module file ../../../Engine/Plugins/Online/OnlineSubsystemUtils/Binaries/Win64/UE4Editor-OnlineSubsystemUtils.dll (API version 3944462).
LogModuleManager: Display: Found up-to-date module file ../../../Engine/Plugins/Online/OnlineSubsystemUtils/Binaries/Win64/UE4Editor-OnlineBlueprintSupport.dll (API version 3944462).
LogModuleManager: Display: Found up-to-date module file ../../../Engine/Plugins/Runtime/AndroidDeviceProfileSelector/Binaries/Win64/UE4Editor-AndroidDeviceProfileSelector.dll (API version 3944462).
LogModuleManager: Display: Found up-to-date module file ../../../Engine/Plugins/Runtime/AppleARKit/Binaries/Win64/UE4Editor-AppleARKit.dll (API version 3944462).
LogModuleManager: Display: Found up-to-date module file ../../../Engine/Plugins/Runtime/ProceduralMeshComponent/Binaries/Win64/UE4Editor-ProceduralMeshComponent.dll (API version 3944462).
LogModuleManager: Display: Found up-to-date module file ../../../Engine/Plugins/Runtime/ProceduralMeshComponent/Binaries/Win64/UE4Editor-ProceduralMeshComponentEditor.dll (API version 3944462).
LogModuleManager: Display: Found up-to-date module file ../../../Engine/Plugins/Animation/LiveLink/Binaries/Win64/UE4Editor-LiveLink.dll (API version 3944462).
LogModuleManager: Display: Found up-to-date module file ../../../Engine/Plugins/Animation/LiveLink/Binaries/Win64/UE4Editor-LiveLinkEditor.dll (API version 3944462).
LogModuleManager: Display: Found up-to-date module file ../../../Engine/Plugins/Runtime/ArchVisCharacter/Binaries/Win64/UE4Editor-ArchVisCharacter.dll (API version 3944462).
LogModuleManager: Display: Found up-to-date module file ../../../Engine/Plugins/Runtime/AudioCapture/Binaries/Win64/UE4Editor-AudioCapture.dll (API version 3944462).
LogModuleManager: Display: Found up-to-date module file ../../../Engine/Plugins/Runtime/AudioCapture/Binaries/Win64/UE4Editor-AudioCaptureEditor.dll (API version 3944462).
LogModuleManager: Display: Found up-to-date module file ../../../Engine/Plugins/Runtime/CableComponent/Binaries/Win64/UE4Editor-CableComponent.dll (API version 3944462).
LogModuleManager: Display: Found up-to-date module file ../../../Engine/Plugins/Runtime/CustomMeshComponent/Binaries/Win64/UE4Editor-CustomMeshComponent.dll (API version 3944462).
LogModuleManager: Display: Found up-to-date module file ../../../Engine/Plugins/Runtime/ExampleDeviceProfileSelector/Binaries/Win64/UE4Editor-ExampleDeviceProfileSelector.dll (API version 3944462).
LogModuleManager: Display: Found up-to-date module file ../../../Engine/Plugins/Runtime/ImmediatePhysics/Binaries/Win64/UE4Editor-ImmediatePhysics.dll (API version 3944462).
LogModuleManager: Display: Found up-to-date module file ../../../Engine/Plugins/Runtime/ImmediatePhysics/Binaries/Win64/UE4Editor-ImmediatePhysicsEditor.dll (API version 3944462).
LogModuleManager: Display: Found up-to-date module file ../../../Engine/Plugins/Runtime/LocationServicesBPLibrary/Binaries/Win64/UE4Editor-LocationServicesBPLibrary.dll (API version 3944462).
LogModuleManager: Display: Found up-to-date module file ../../../Engine/Plugins/Runtime/MobilePatchingUtils/Binaries/Win64/UE4Editor-MobilePatchingUtils.dll (API version 3944462).
LogModuleManager: Display: Found up-to-date module file ../../../Engine/Plugins/Runtime/Oculus/OculusVR/Binaries/Win64/UE4Editor-OculusHMD.dll (API version 3944462).
LogModuleManager: Display: Found up-to-date module file ../../../Engine/Plugins/Runtime/Oculus/OculusVR/Binaries/Win64/UE4Editor-OculusInput.dll (API version 3944462).
LogModuleManager: Display: Found up-to-date module file ../../../Engine/Plugins/Runtime/Oculus/OculusVR/Binaries/Win64/UE4Editor-OculusEditor.dll (API version 3944462).
LogModuleManager: Display: Found up-to-date module file ../../../Engine/Plugins/Runtime/PhysXVehicles/Binaries/Win64/UE4Editor-PhysXVehicles.dll (API version 3944462).
LogModuleManager: Display: Found up-to-date module file ../../../Engine/Plugins/Runtime/PhysXVehicles/Binaries/Win64/UE4Editor-PhysXVehiclesEditor.dll (API version 3944462).
LogModuleManager: Display: Found up-to-date module file ../../../Engine/Plugins/Runtime/RuntimePhysXCooking/Binaries/Win64/UE4Editor-RuntimePhysXCooking.dll (API version 3944462).
LogModuleManager: Display: Found up-to-date module file ../../../Engine/Plugins/Runtime/Steam/SteamVR/Binaries/Win64/UE4Editor-SteamVR.dll (API version 3944462).
LogModuleManager: Display: Found up-to-date module file ../../../Engine/Plugins/Runtime/Steam/SteamVR/Binaries/Win64/UE4Editor-SteamVRController.dll (API version 3944462).
LogModuleManager: Display: Found up-to-date module file ../../../Engine/Plugins/Runtime/WindowsMoviePlayer/Binaries/Win64/UE4Editor-WindowsMoviePlayer.dll (API version 3944462).
LogPluginManager: Mounting plugin Paper2D
LogPluginManager: Mounting plugin LiveLink
LogPluginManager: Mounting plugin LightPropagationVolume
LogPluginManager: Mounting plugin CLionSourceCodeAccess
LogPluginManager: Mounting plugin CodeLiteSourceCodeAccess
LogPluginManager: Mounting plugin GitSourceControl
LogPluginManager: Mounting plugin KDevelopSourceCodeAccess
LogPluginManager: Mounting plugin NullSourceCodeAccess
LogPluginManager: Mounting plugin PerforceSourceControl
LogPluginManager: Mounting plugin SubversionSourceControl
LogPluginManager: Mounting plugin UObjectPlugin
LogPluginManager: Mounting plugin VisualStudioCodeSourceCodeAccess
LogPluginManager: Mounting plugin VisualStudioSourceCodeAccess
LogPluginManager: Mounting plugin XCodeSourceCodeAccess
LogPluginManager: Mounting plugin AssetManagerEditor
LogPluginManager: Mounting plugin CryptoKeys
LogPluginManager: Mounting plugin DataValidation
LogPluginManager: Mounting plugin FacialAnimation
LogPluginManager: Mounting plugin GameplayTagsEditor
LogPluginManager: Mounting plugin MobileLauncherProfileWizard
LogPluginManager: Mounting plugin PluginBrowser
LogPluginManager: Mounting plugin SpeedTreeImporter
LogPluginManager: Mounting plugin DatasmithContent
LogPluginManager: Mounting plugin AlembicImporter
LogPluginManager: Mounting plugin CharacterAI
LogPluginManager: Mounting plugin HTML5Networking
LogPluginManager: Mounting plugin AndroidMedia
LogPluginManager: Mounting plugin AvfMedia
LogPluginManager: Mounting plugin ImgMedia
LogPluginManager: Mounting plugin LinearTimecode
LogPluginManager: Mounting plugin MediaCompositing
LogPluginManager: Mounting plugin MediaPlayerEditor
LogPluginManager: Mounting plugin WmfMedia
LogPluginManager: Mounting plugin TcpMessaging
LogPluginManager: Mounting plugin UdpMessaging
LogPluginManager: Mounting plugin ActorSequence
LogPluginManager: Mounting plugin LevelSequenceEditor
LogPluginManager: Mounting plugin MatineeToLevelSequence
LogPluginManager: Mounting plugin NetcodeUnitTest
LogPluginManager: Mounting plugin NUTUnrealEngine4
LogPluginManager: Mounting plugin OnlineSubsystemGooglePlay
LogPluginManager: Mounting plugin OnlineSubsystemIOS
LogPluginManager: Mounting plugin OnlineSubsystem
LogPluginManager: Mounting plugin OnlineSubsystemNull
LogPluginManager: Mounting plugin OnlineSubsystemUtils
LogPluginManager: Mounting plugin AndroidDeviceProfileSelector
LogPluginManager: Mounting plugin AndroidMoviePlayer
LogPluginManager: Mounting plugin AndroidPermission
LogPluginManager: Mounting plugin AppleARKit
LogPluginManager: Mounting plugin AppleMoviePlayer
LogPluginManager: Mounting plugin ArchVisCharacter
LogPluginManager: Mounting plugin AudioCapture
LogPluginManager: Mounting plugin CableComponent
LogPluginManager: Mounting plugin CustomMeshComponent
LogPluginManager: Mounting plugin ExampleDeviceProfileSelector
LogPluginManager: Mounting plugin GoogleCloudMessaging
LogPluginManager: Mounting plugin ImmediatePhysics
LogPluginManager: Mounting plugin IOSDeviceProfileSelector
LogPluginManager: Mounting plugin LinuxDeviceProfileSelector
LogPluginManager: Mounting plugin LocationServicesBPLibrary
LogPluginManager: Mounting plugin MobilePatchingUtils
LogPluginManager: Mounting plugin OculusVR
LogPluginManager: Plugin shader directory ../../../Engine/Plugins/Runtime/Oculus/OculusVR/Shaders found
LogPluginManager: Mapping shader source directory ../../../Engine/Plugins/Runtime/Oculus/OculusVR/Shaders to virtual directory /Plugin/OculusVR
LogPluginManager: Mounting plugin PhysXVehicles
LogPluginManager: Mounting plugin ProceduralMeshComponent
LogPluginManager: Mounting plugin RuntimePhysXCooking
LogPluginManager: Mounting plugin SteamVR
LogPluginManager: Mounting plugin WindowsMoviePlayer
LogStreaming: Display: Took  2.579s to configure plugins.
LogInit: Using libcurl 7.47.1
LogInit:  - built for x86_64-pc-win32
LogInit:  - supports SSL with OpenSSL/1.0.2g
LogInit:  - supports HTTP deflate (compression) using libz 1.2.8
LogInit:  - other features:
LogInit:      CURL_VERSION_SSL
LogInit:      CURL_VERSION_LIBZ
LogInit:      CURL_VERSION_IPV6
LogInit:      CURL_VERSION_ASYNCHDNS
LogInit:      CURL_VERSION_LARGEFILE
LogInit:      CURL_VERSION_IDN
LogInit:  CurlRequestOptions (configurable via config and command line):
LogInit:  - bVerifyPeer = false  - Libcurl will NOT verify peer certificate
LogInit:  - bUseHttpProxy = false  - Libcurl will NOT use HTTP proxy
LogInit:  - bDontReuseConnections = false  - Libcurl will reuse connections
LogInit:  - CertBundlePath = nullptr  - Libcurl will use whatever was configured at build time.
LogInit:  - MaxHostConnections = 16  - Libcurl will limit the number of connections to a host
LogInit:  - LocalHostAddr = Default
LogInit: WinSock: version 1.1 (2.2), MaxSocks=32767, MaxUdp=65467
LogInit: WinSock: I am DESKTOP-J54LIC6 (192.168.1.39:0)
LogInit: Build: ++UE4+Release-4.19-CL-4033788
LogInit: Engine Version: 4.19.2-4033788+++UE4+Release-4.19
LogInit: Compatible Engine Version: 4.19.0-3944462+++UE4+Release-4.19
LogInit: Net CL: 3944462
LogDevObjectVersion: Number of dev versions registered: 18
LogDevObjectVersion:   Dev-Blueprints (B0D832E4-1F89-4F0D-ACCF-7EB736FD4AA2): 10
LogDevObjectVersion:   Dev-Build (E1C64328-A22C-4D53-A36C-8E866417BD8C): 0
LogDevObjectVersion:   Dev-Core (375EC13C-06E4-48FB-B500-84F0262A717E): 2
LogDevObjectVersion:   Dev-Editor (E4B068ED-F494-42E9-A231-DA0B2E46BB41): 23
LogDevObjectVersion:   Dev-Framework (CFFC743F-43B0-4480-9391-14DF171D2073): 33
LogDevObjectVersion:   Dev-Mobile (B02B49B5-BB20-44E9-A304-32B752E40360): 2
LogDevObjectVersion:   Dev-Networking (A4E4105C-59A1-49B5-A7C5-40C4547EDFEE): 0
LogDevObjectVersion:   Dev-Online (39C831C9-5AE6-47DC-9A44-9C173E1C8E7C): 0
LogDevObjectVersion:   Dev-Physics (78F01B33-EBEA-4F98-B9B4-84EACCB95AA2): 0
LogDevObjectVersion:   Dev-Platform (6631380F-2D4D-43E0-8009-CF276956A95A): 0
LogDevObjectVersion:   Dev-Rendering (12F88B9F-8875-4AFC-A67C-D90C383ABD29): 25
LogDevObjectVersion:   Dev-Sequencer (7B5AE74C-D270-4C10-A958-57980B212A5A): 6
LogDevObjectVersion:   Dev-VR (D7296918-1DD6-4BDD-9DE2-64A83CC13884): 1
LogDevObjectVersion:   Dev-LoadTimes (C2A15278-BFE7-4AFE-6C17-90FF531DF755): 1
LogDevObjectVersion:   Private-Geometry (6EACA3D4-40EC-4CC1-B786-8BED09428FC5): 2
LogDevObjectVersion:   Dev-AnimPhys (29E575DD-E0A3-4627-9D10-D276232CDCEA): 16
LogDevObjectVersion:   Dev-ReflectionCapture (6B266CEC-1EC7-4B8F-A30B-E4D90942FC07): 1
LogDevObjectVersion:   Dev-Automation (0DF73D61-A23F-47EA-B727-89E90C41499A): 1
LogInit: Compiled (64-bit): Apr 27 2018 02:06:57
LogInit: Compiled with Visual C++: 19.00.24215.01
LogInit: Build Configuration: Development
LogInit: Branch Name: ++UE4+Release-4.19
LogInit: Command Line:  /Game/ThirdPersonBP/Maps/ThirdPersonExampleMap -game -PIEVIACONSOLE -ResX=1280 -ResY=720  -Multiprocess -messaging -SessionName="Play in Standalone Game" -windowed 
LogInit: Base Directory: D:/GameDev/UE4/Epic Games/UE_4.19/Engine/Binaries/Win64/
LogInit: Installed Engine Build: 1
LogStreaming: Display: Took  0.021s to delete old logs.
LogInit: Presizing for max 8388607 objects, including 0 objects not considered by GC, pre-allocating 0 bytes for permanent pool.
LogInit: Object subsystem initialized
[2018.09.03-09.27.22:714][  0]LogInit: Selected Device Profile: [Windows]
[2018.09.03-09.27.22:720][  0]LogInit: Applying CVar settings loaded from the selected device profile: [Windows]
[2018.09.03-09.27.22:759][  0]LogInit: Computer: DESKTOP-J54LIC6
[2018.09.03-09.27.22:759][  0]LogInit: User: Canados
[2018.09.03-09.27.22:759][  0]LogInit: CPU Page size=4096, Cores=6
[2018.09.03-09.27.22:759][  0]LogInit: High frequency timer resolution =2.156249 MHz
[2018.09.03-09.27.22:759][  0]LogMemory: Memory total: Physical=15.9GB (16GB approx)
[2018.09.03-09.27.22:759][  0]LogMemory: Platform Memory Stats for Windows
[2018.09.03-09.27.22:759][  0]LogMemory: Process Physical Memory: 274.63 MB used, 274.63 MB peak
[2018.09.03-09.27.22:759][  0]LogMemory: Process Virtual Memory: 275.46 MB used, 275.46 MB peak
[2018.09.03-09.27.22:759][  0]LogMemory: Physical Memory: 12513.62 MB used,  3729.25 MB free, 16242.87 MB total
[2018.09.03-09.27.22:759][  0]LogMemory: Virtual Memory: 4819.98 MB used,  3729.25 MB free, 134217728.00 MB total
[2018.09.03-09.27.23:604][  0]LogInit: Using OS detected language (en-US).
[2018.09.03-09.27.23:604][  0]LogInit: Using OS detected locale (en-CA).
[2018.09.03-09.27.23:604][  0]LogTextLocalizationManager: No localization for 'en-US' exists, so 'en' will be used for the language.
[2018.09.03-09.27.23:604][  0]LogTextLocalizationManager: No localization for 'en-CA' exists, so 'en' will be used for the locale.
[2018.09.03-09.27.24:188][  0]LogStreaming: Display: Took  0.593s to EndInitTextLocalization.
[2018.09.03-09.27.24:541][  0]LogSlate: New Slate User Created.  User Index 0, Is Virtual User: 0
[2018.09.03-09.27.24:541][  0]LogSlate: Slate User Registered.  User Index 0, Is Virtual User: 0
[2018.09.03-09.27.24:577][  0]LogD3D11RHI: D3D11 adapters:
[2018.09.03-09.27.24:624][  0]LogD3D11RHI:    0. 'NVIDIA GeForce GTX 1060' (Feature Level 11_0)
[2018.09.03-09.27.24:624][  0]LogD3D11RHI:       6061/0/8121 MB DedicatedVideo/DedicatedSystem/SharedSystem, Outputs:2, VendorId:0x10de
[2018.09.03-09.27.24:670][  0]LogD3D11RHI:    1. 'Intel(R) UHD Graphics 630' (Feature Level 11_0)
[2018.09.03-09.27.24:670][  0]LogD3D11RHI:       128/0/8121 MB DedicatedVideo/DedicatedSystem/SharedSystem, Outputs:0, VendorId:0x8086
[2018.09.03-09.27.24:672][  0]LogD3D11RHI:    2. 'Microsoft Basic Render Driver' (Feature Level 11_0)
[2018.09.03-09.27.24:672][  0]LogD3D11RHI:       0/0/8121 MB DedicatedVideo/DedicatedSystem/SharedSystem, Outputs:0, VendorId:0x1414
[2018.09.03-09.27.24:672][  0]LogD3D11RHI: Chosen D3D11 Adapter: 0
[2018.09.03-09.27.24:695][  0]LogD3D11RHI: Creating new Direct3DDevice
[2018.09.03-09.27.24:696][  0]LogD3D11RHI:     GPU DeviceId: 0x1c60 (for the marketing name, search the web for "GPU Device Id")
[2018.09.03-09.27.24:696][  0]LogWindows: EnumDisplayDevices:
[2018.09.03-09.27.24:696][  0]LogWindows:    0. 'NVIDIA GeForce GTX 1060' (P:1 D:1)
[2018.09.03-09.27.24:696][  0]LogWindows:    1. 'NVIDIA GeForce GTX 1060' (P:0 D:1)
[2018.09.03-09.27.24:696][  0]LogWindows:    2. 'NVIDIA GeForce GTX 1060' (P:0 D:0)
[2018.09.03-09.27.24:697][  0]LogWindows:    3. 'NVIDIA GeForce GTX 1060' (P:0 D:0)
[2018.09.03-09.27.24:697][  0]LogWindows:    4. 'Intel(R) UHD Graphics 630' (P:0 D:0)
[2018.09.03-09.27.24:697][  0]LogWindows:    5. 'Intel(R) UHD Graphics 630' (P:0 D:0)
[2018.09.03-09.27.24:698][  0]LogWindows:    6. 'Intel(R) UHD Graphics 630' (P:0 D:0)
[2018.09.03-09.27.24:698][  0]LogWindows: DebugString: GetVideoDriverDetailsInvalid PrimaryIsNotTheChoosenAdapter GetVideoDriverDetailsInvalid PrimaryIsNotTheChoosenAdapter GetVideoDriverDetailsInvalid PrimaryIsNotTheChoosenAdapter GetVideoDriverDetailsInvalid PrimaryIsNotTheChoosenAdapter GetVideoDriverDetailsInvalid PrimaryIsNotTheChoosenAdapter GetVideoDriverDetailsInvalid PrimaryIsNotTheChoosenAdapter GetVideoDriverDetailsInvalid PrimaryIsNotTheChoosenAdapter FoundDriverCount:0 
[2018.09.03-09.27.24:698][  0]LogD3D11RHI:     Adapter Name: NVIDIA GeForce GTX 1060
[2018.09.03-09.27.24:708][  0]LogD3D11RHI:   Driver Version: Unknown (internal:Unknown, unified:Unknown)
[2018.09.03-09.27.24:708][  0]LogD3D11RHI:      Driver Date: Unknown
[2018.09.03-09.27.24:709][  0]LogRHI: Texture pool is 4242 MB (70% of 6061 MB)
[2018.09.03-09.27.24:745][  0]LogD3D11RHI: [Aftermath] Aftermath enabled and primed
[2018.09.03-09.27.24:745][  0]LogD3D11RHI: [Aftermath] Aftermath enabled and primed
[2018.09.03-09.27.24:745][  0]LogD3D11RHI: Async texture creation enabled
[2018.09.03-09.27.24:876][  0]LogD3D11RHI: GPU Timing Frequency: 1000.000000 (Debug: 2 1)
[2018.09.03-09.27.25:014][  0]LogShaderCompilers: Guid format shader working directory is 1 characters bigger than the processId version (../../../../../Unreal_Projects/farmerVSzombies/Intermediate/Shaders/WorkingDirectory/11548/).
[2018.09.03-09.27.25:024][  0]LogShaderCompilers: Cleaned the shader compiler working directory 'C:/Users/Canados/AppData/Local/Temp/UnrealShaderWorkingDir/890266834E646566E1FC018180B151AD/'.
[2018.09.03-09.27.25:371][  0]LogTemp: Display: Loaded TP WindowsClientTargetPlatform
[2018.09.03-09.27.25:383][  0]LogTemp: Display: Loaded TP WindowsNoEditorTargetPlatform
[2018.09.03-09.27.25:395][  0]LogTemp: Display: Loaded TP WindowsServerTargetPlatform
[2018.09.03-09.27.25:409][  0]LogTemp: Display: Loaded TP WindowsTargetPlatform
[2018.09.03-09.27.25:409][  0]LogTargetPlatformManager: Display: Building Assets For Windows
[2018.09.03-09.27.25:823][  0]LogXGEController: Cannot use XGE Controller as Incredibuild is not installed on this machine.
[2018.09.03-09.27.25:823][  0]LogShaderCompilers: Cannot use XGE Shader Compiler as Incredibuild is not installed on this machine.
[2018.09.03-09.27.25:823][  0]LogShaderCompilers: Display: Using Local Shader Compiler.
[2018.09.03-09.27.26:859][  0]LogDerivedDataCache: Display: Max Cache Size: 512 MB
[2018.09.03-09.27.27:182][  0]LogDerivedDataCache: Loaded boot cache 0.32s 74MB C:/Users/Canados/AppData/Local/UnrealEngine/4.19/DerivedDataCache/Boot.ddc.
[2018.09.03-09.27.27:182][  0]LogDerivedDataCache: Display: Loaded Boot cache: C:/Users/Canados/AppData/Local/UnrealEngine/4.19/DerivedDataCache/Boot.ddc
[2018.09.03-09.27.27:182][  0]LogDerivedDataCache: FDerivedDataBackendGraph:  Pak pak cache file ../../../../../Unreal_Projects/farmerVSzombies/DerivedDataCache/DDC.ddp not found, will not use a pak cache.
[2018.09.03-09.27.27:182][  0]LogDerivedDataCache: Unable to find inner node Pak for hierarchical cache Hierarchy.
[2018.09.03-09.27.27:182][  0]LogDerivedDataCache: FDerivedDataBackendGraph:  CompressedPak pak cache file ../../../../../Unreal_Projects/farmerVSzombies/DerivedDataCache/Compressed.ddp not found, will not use a pak cache.
[2018.09.03-09.27.27:182][  0]LogDerivedDataCache: Unable to find inner node CompressedPak for hierarchical cache Hierarchy.
[2018.09.03-09.27.27:243][  0]LogDerivedDataCache: Display: Pak cache opened for reading ../../../Engine/DerivedDataCache/Compressed.ddp.
[2018.09.03-09.27.27:256][  0]LogDerivedDataCache: Using Local data cache path C:/Users/Canados/AppData/Local/UnrealEngine/Common/DerivedDataCache: Writable
[2018.09.03-09.27.27:256][  0]LogDerivedDataCache: Shared data cache path not found in *engine.ini, will not use an Shared cache.
[2018.09.03-09.27.27:256][  0]LogDerivedDataCache: Unable to find inner node Shared for hierarchical cache Hierarchy.
[2018.09.03-09.27.27:272][  0]LogMaterial: Verifying Global Shaders for PCD3D_SM5
[2018.09.03-09.27.27:300][  0]LogSlate: Using Freetype 2.6.0
[2018.09.03-09.27.27:349][  0]LogSlate: SlateFontCache - WITH_FREETYPE: 1, WITH_HARFBUZZ: 1
[2018.09.03-09.27.27:349][  0]LogSlate: SlateFontCache - WITH_FREETYPE: 1, WITH_HARFBUZZ: 1
[2018.09.03-09.27.29:896][  0]LogAssetRegistry: FAssetRegistry took 0.0065 seconds to start up
[2018.09.03-09.27.31:704][  0]LogPackageLocalizationCache: Processed 9 localized package path(s) for 1 prioritized culture(s) in 0.023732 seconds
[2018.09.03-09.27.31:892][  0]LogInit: Selected Device Profile: [Windows]
[2018.09.03-09.27.32:408][  0]LogSimplygon: Simplygon DLL not present - disabling.
[2018.09.03-09.27.32:426][  0]LogMeshReduction: Using SimplygonSwarm for distributed automatic mesh merging
[2018.09.03-09.27.32:427][  0]LogMeshReduction: Using QuadricMeshReduction for automatic static mesh reduction
[2018.09.03-09.27.32:427][  0]LogMeshReduction: No automatic skeletal mesh reduction module available
[2018.09.03-09.27.32:427][  0]LogMeshReduction: No automatic mesh merging module available
[2018.09.03-09.27.32:427][  0]LogMeshMerging: No automatic mesh merging module available
[2018.09.03-09.27.32:539][  0]LogNetVersion: farmerVSzombies , NetCL: 3944462, EngineNetVer: 2, GameNetVer: 0 (Checksum: 3168997086)
[2018.09.03-09.27.36:361][  0]LogMoviePlayer: Initializing movie player
[2018.09.03-09.27.36:978][  0]LogTcpMessaging: Initializing TcpMessaging bridge
[2018.09.03-09.27.37:022][  0]LogUdpMessaging: Initializing bridge on interface 0.0.0.0:0 to multicast group 230.0.0.1:6666.
[2018.09.03-09.27.37:507][  0]SourceControl: Source control is disabled
[2018.09.03-09.27.37:508][  0]SourceControl: Source control is disabled
[2018.09.03-09.27.37:544][  0]SourceControl: Source control is disabled
[2018.09.03-09.27.38:122][  0]LogAndroidPermission: UAndroidPermissionCallbackProxy::GetInstance
[2018.09.03-09.27.38:392][  0]LogOcInput: OculusInput pre-init called
[2018.09.03-09.27.38:453][  0]LogUObjectArray: 40124 objects as part of root set at end of initial load.
[2018.09.03-09.27.38:453][  0]LogUObjectAllocator: 8364200 out of 0 bytes used by permanent object pool.
[2018.09.03-09.27.38:453][  0]LogUObjectArray: CloseDisregardForGC: 0/0 objects in disregard for GC pool
[2018.09.03-09.27.38:837][  0]LogEngine: Initializing Engine...
[2018.09.03-09.27.38:881][  0]LogHMD: Failed to initialize OpenVR with code 110
[2018.09.03-09.27.38:903][  0]LogStats: UGameplayTagsManager::ConstructGameplayTagTree: Construct from data asset -  0.000 s
[2018.09.03-09.27.38:904][  0]LogStats: UGameplayTagsManager::ConstructGameplayTagTree: GameplayTagTreeChangedEvent.Broadcast -  0.000 s
[2018.09.03-09.27.39:404][  0]LogInit: XAudio2 using 'Speakers/Headphones (Realtek(R) Audio)' : 6 channels at 48 kHz using 32 bits per sample (channel mask 0x3f)
[2018.09.03-09.27.39:486][  0]LogInit: FAudioDevice initialized.
[2018.09.03-09.27.39:511][  0]LogInit: Texture streaming: Enabled
[2018.09.03-09.27.40:068][  0]LogInit: Display: Game Engine Initialized.
[2018.09.03-09.27.40:068][  0]LogGameplayTags: Display: UGameplayTagsManager::DoneAddingNativeTags. DelegateIsBound: 0
[2018.09.03-09.27.40:068][  0]LogStats: UGameplayTagsManager::ConstructGameplayTagTree: Construct from data asset -  0.000 s
[2018.09.03-09.27.40:068][  0]LogStats: UGameplayTagsManager::ConstructGameplayTagTree: GameplayTagTreeChangedEvent.Broadcast -  0.000 s
[2018.09.03-09.27.40:227][  0]LogInit: Display: Starting Game.
[2018.09.03-09.27.40:227][  0]LogNet: Browse: /Game/ThirdPersonBP/Maps/ThirdPersonExampleMap?Name=Player
[2018.09.03-09.27.40:227][  0]LogLoad: LoadMap: /Game/ThirdPersonBP/Maps/ThirdPersonExampleMap?Name=Player
[2018.09.03-09.27.40:280][  0]LogUObjectGlobals: Created PersistentFrame Addr=0x0000018bb3830da8, Size=8, Default__ThirdPersonExampleMap_C Function /Game/ThirdPersonBP/Maps/ThirdPersonExampleMap.ThirdPersonExampleMap_C:ExecuteUbergraph_ThirdPersonExampleMap
[2018.09.03-09.27.40:348][  0]LogUObjectGlobals: Created PersistentFrame Addr=0x0000018bc582a200, Size=176, Default__MUSCETS_BP_C Function /Game/ThirdPersonBP/Character/Weapon/MUSCETS_BP.MUSCETS_BP_C:ExecuteUbergraph_MUSCETS_BP
[2018.09.03-09.27.40:389][  0]LogUObjectGlobals: Created PersistentFrame Addr=0x0000018bb3ca8920, Size=32, Default__BULLET_BP_C Function /Game/ThirdPersonBP/Character/Weapon/BULLET_BP.BULLET_BP_C:ExecuteUbergraph_BULLET_BP
[2018.09.03-09.27.40:442][  0]LogUObjectGlobals: Created PersistentFrame Addr=0x0000018bd02d9600, Size=1176, Default__ThirdPersonCharacter_C Function /Game/ThirdPersonBP/Character_BP/ThirdPersonCharacter.ThirdPersonCharacter_C:ExecuteUbergraph_ThirdPersonCharacter
[2018.09.03-09.27.40:462][  0]LogUObjectGlobals: Created PersistentFrame Addr=0x0000018bcf2adc00, Size=172, Default__COIN_BP_C Function /Game/ThirdPersonBP/Env/Coin/COIN_BP.COIN_BP_C:ExecuteUbergraph_COIN_BP
[2018.09.03-09.27.40:555][  0]LogUObjectGlobals: Created PersistentFrame Addr=0x0000018bc58059c0, Size=172, Default__STAR_BP_C Function /Game/ThirdPersonBP/Env/Star/STAR_BP.STAR_BP_C:ExecuteUbergraph_STAR_BP
[2018.09.03-09.27.40:724][  0]LogUObjectGlobals: Created PersistentFrame Addr=0x0000018bce6b20c0, Size=64, Default__ANIM_PEASANT_BP_C Function /Game/ThirdPersonBP/Character/Animation/ANIM_PEASANT_BP.ANIM_PEASANT_BP_C:ExecuteUbergraph_ANIM_PEASANT_BP
[2018.09.03-09.27.41:284][  0]LogUObjectGlobals: Created PersistentFrame Addr=0x0000018bd2f4bd00, Size=88, Default__spawn_point_C Function /Game/Enemies/Zombie/spawn_point.spawn_point_C:ExecuteUbergraph_spawn_point
[2018.09.03-09.27.41:310][  0]LogUObjectGlobals: Created PersistentFrame Addr=0x0000018bd2f5f4c0, Size=288, Default__ENEMY_BP_C Function /Game/Enemies/ENEMY_BP.ENEMY_BP_C:ExecuteUbergraph_ENEMY_BP
[2018.09.03-09.27.41:312][  0]LogUObjectGlobals: Created PersistentFrame Addr=0x0000018bd2f53580, Size=448, Default__BP_FENCE_C Function /Game/ThirdPersonBP/Env/Fence/BP_FENCE.BP_FENCE_C:ExecuteUbergraph_BP_FENCE
[2018.09.03-09.27.41:345][  0]LogUObjectGlobals: Created PersistentFrame Addr=0x0000018bd2ef7400, Size=164, Default__BROKEN_FENCE_BP_C Function /Game/ThirdPersonBP/Env/Fence/BROKEN_FENCE_BP.BROKEN_FENCE_BP_C:ExecuteUbergraph_BROKEN_FENCE_BP
[2018.09.03-09.27.41:426][  0]LogUObjectGlobals: Created PersistentFrame Addr=0x0000018bd29b0100, Size=3344, Default__ZOMBIE_BP_C Function /Game/Enemies/Zombie/ZOMBIE_BP.ZOMBIE_BP_C:ExecuteUbergraph_ZOMBIE_BP
[2018.09.03-09.27.41:426][  0]LogUObjectGlobals: Created PersistentFrame Addr=0x0000018bd3b7f600, Size=288, Default__ZOMBIE_BP_C Function /Game/Enemies/ENEMY_BP.ENEMY_BP_C:ExecuteUbergraph_ENEMY_BP
[2018.09.03-09.27.41:428][  0]LogUObjectGlobals: Created PersistentFrame Addr=0x0000018bd3ba6700, Size=248, Default__GRASS_BP_C Function /Game/ThirdPersonBP/Env/Grass/GRASS_BP.GRASS_BP_C:ExecuteUbergraph_GRASS_BP
[2018.09.03-09.27.41:523][  0]LogUObjectGlobals: Created PersistentFrame Addr=0x0000018bd2f49600, Size=88, Default__ANIM_ZOMBIE_BP_C Function /Game/Enemies/Zombie/Animation/ANIM_ZOMBIE_BP.ANIM_ZOMBIE_BP_C:ExecuteUbergraph_ANIM_ZOMBIE_BP
[2018.09.03-09.27.41:899][  0]LogUObjectGlobals: Created PersistentFrame Addr=0x0000018bd339bf00, Size=248, Default__PEPPER_BP_C Function /Game/ThirdPersonBP/Env/Pepper/PEPPER_BP.PEPPER_BP_C:ExecuteUbergraph_PEPPER_BP
[2018.09.03-09.27.41:933][  0]LogUObjectGlobals: Created PersistentFrame Addr=0x0000018bd339bc00, Size=256, Default__PUMPKIN_BP_C Function /Game/ThirdPersonBP/Env/Pumpkin/PUMPKIN_BP.PUMPKIN_BP_C:ExecuteUbergraph_PUMPKIN_BP
[2018.09.03-09.27.41:993][  0]LogUObjectGlobals: Created PersistentFrame Addr=0x0000018bd339b800, Size=256, Default__TOMATO_BP_C Function /Game/ThirdPersonBP/Env/Tomato/TOMATO_BP.TOMATO_BP_C:ExecuteUbergraph_TOMATO_BP
[2018.09.03-09.27.42:980][  0]LogUObjectGlobals: Created PersistentFrame Addr=0x0000018bd6a9fac0, Size=88, Default__spawn_Legioners_C Function /Game/Enemies/Zombie_Warrior/spawn_Legioners.spawn_Legioners_C:ExecuteUbergraph_spawn_Legioners
[2018.09.03-09.27.42:985][  0]LogUObjectGlobals: Created PersistentFrame Addr=0x0000018bd3ec4100, Size=2768, Default__LEGIONER_BP_C Function /Game/Enemies/Zombie_Warrior/LEGIONER_BP.LEGIONER_BP_C:ExecuteUbergraph_LEGIONER_BP
[2018.09.03-09.27.42:985][  0]LogUObjectGlobals: Created PersistentFrame Addr=0x0000018bd6b67d80, Size=288, Default__LEGIONER_BP_C Function /Game/Enemies/ENEMY_BP.ENEMY_BP_C:ExecuteUbergraph_ENEMY_BP
[2018.09.03-09.27.42:989][  0]LogUObjectGlobals: Created PersistentFrame Addr=0x0000018bd6a9f6a0, Size=96, Default__ANIM_LEGIONER_BP_C Function /Game/Enemies/Zombie_Warrior/Animation/ANIM_LEGIONER_BP.ANIM_LEGIONER_BP_C:ExecuteUbergraph_ANIM_LEGIONER_BP
[2018.09.03-09.27.43:176][  0]LogUObjectGlobals: Created PersistentFrame Addr=0x0000018bd6a491c0, Size=64, Default__BARB_SHIELD_BP_C Function /Game/Enemies/Zombie_Warrior/Gear/Shields/Barbarian/BARB_SHIELD_BP.BARB_SHIELD_BP_C:ExecuteUbergraph_BARB_SHIELD_BP
[2018.09.03-09.27.43:344][  0]LogUObjectGlobals: Created PersistentFrame Addr=0x0000018bd6b353c0, Size=32, Default__HELMET_BP_C Function /Game/Enemies/Zombie_Warrior/Gear/Helmet/HELMET_BP.HELMET_BP_C:ExecuteUbergraph_HELMET_BP
[2018.09.03-09.27.43:370][  0]LogUObjectGlobals: Created PersistentFrame Addr=0x0000018bd2ab51c8, Size=4, Default__HELMET2_BP_C Function /Game/Enemies/Zombie_Warrior/Gear/Helmet/HELMET2_BP.HELMET2_BP_C:ExecuteUbergraph_HELMET2_BP
[2018.09.03-09.27.43:395][  0]LogUObjectGlobals: Created PersistentFrame Addr=0x0000018bd6bdf8c0, Size=64, Default__SHIELD3_BP_C Function /Game/Enemies/Zombie_Warrior/Gear/Shields/Macedonian/SHIELD3_BP.SHIELD3_BP_C:ExecuteUbergraph_SHIELD3_BP
[2018.09.03-09.27.43:574][  0]LogUObjectGlobals: Created PersistentFrame Addr=0x0000018bcfe247c8, Size=56, Default__SHIELD2_BP_C Function /Game/Enemies/Zombie_Warrior/Gear/Shields/SHIELD2_BP.SHIELD2_BP_C:ExecuteUbergraph_SHIELD2_BP
[2018.09.03-09.27.43:635][  0]LogUObjectGlobals: Created PersistentFrame Addr=0x0000018bcfe24560, Size=56, Default__SHIELD_BP_C Function /Game/Enemies/Zombie_Warrior/Gear/Shields/SHIELD_BP.SHIELD_BP_C:ExecuteUbergraph_SHIELD_BP
[2018.09.03-09.27.43:808][  0]LogUObjectGlobals: Created PersistentFrame Addr=0x0000018bd6f39e30, Size=16, Default__GLADIUS_BP_C Function /Game/Enemies/Zombie_Warrior/Gear/Sword/GLADIUS_BP.GLADIUS_BP_C:ExecuteUbergraph_GLADIUS_BP
[2018.09.03-09.27.45:299][  0]LogUObjectGlobals: Created PersistentFrame Addr=0x0000018bd732b670, Size=8, Default__CRYPT_BP_C Function /Game/ThirdPersonBP/Env/Cemetery/Crypt/CRYPT_BP.CRYPT_BP_C:ExecuteUbergraph_CRYPT_BP
[2018.09.03-09.27.46:059][  0]LogUObjectGlobals: Created PersistentFrame Addr=0x0000018bd7c18e80, Size=64, Default__spawn_corn_C Function /Game/ThirdPersonBP/Env/Corn/spawn_corn.spawn_corn_C:ExecuteUbergraph_spawn_corn
[2018.09.03-09.27.46:061][  0]LogUObjectGlobals: Created PersistentFrame Addr=0x0000018bd78496c0, Size=180, Default__CORN_BP_C Function /Game/ThirdPersonBP/Env/Corn/CORN_BP.CORN_BP_C:ExecuteUbergraph_CORN_BP
[2018.09.03-09.27.53:528][  0]LogUObjectGlobals: Created PersistentFrame Addr=0x0000018be011de18, Size=40, Default__Spawn_FENCE_01_C Function /Game/ThirdPersonBP/Env/Fence/Spawn_FENCE_01.Spawn_FENCE_01_C:ExecuteUbergraph_Spawn_FENCE_01
[2018.09.03-09.27.53:531][  0]LogUObjectGlobals: Created PersistentFrame Addr=0x0000018bd72ca890, Size=24, Default__Spawn_FENCE_02_C Function /Game/ThirdPersonBP/Env/Fence/Spawn_FENCE_02.Spawn_FENCE_02_C:ExecuteUbergraph_Spawn_FENCE_02
[2018.09.03-09.27.53:534][  0]LogUObjectGlobals: Created PersistentFrame Addr=0x0000018bd72ca818, Size=24, Default__Spawn_FENCE_03_C Function /Game/ThirdPersonBP/Env/Fence/Spawn_FENCE_03.Spawn_FENCE_03_C:ExecuteUbergraph_Spawn_FENCE_03
[2018.09.03-09.27.53:536][  0]LogUObjectGlobals: Created PersistentFrame Addr=0x0000018bd72ca7b8, Size=24, Default__Spawn_FENCE_04_C Function /Game/ThirdPersonBP/Env/Fence/Spawn_FENCE_04.Spawn_FENCE_04_C:ExecuteUbergraph_Spawn_FENCE_04
[2018.09.03-09.27.53:600][  0]LogUObjectGlobals: Created PersistentFrame Addr=0x0000018be011cf68, Size=40, Default__spawn_point_GRASS_C Function /Game/ThirdPersonBP/Env/Grass/spawn_point_GRASS.spawn_point_GRASS_C:ExecuteUbergraph_spawn_point_GRASS
[2018.09.03-09.27.53:680][  0]LogUObjectGlobals: Created PersistentFrame Addr=0x0000018bd7329780, Size=4, Default__TREE_BP_C Function /Game/ThirdPersonBP/Env/House/TREE_BP.TREE_BP_C:ExecuteUbergraph_TREE_BP
[2018.09.03-09.27.53:918][  0]LogUObjectGlobals: Created PersistentFrame Addr=0x0000018bdf90fac0, Size=164, Default__LEAF_BP_C Function /Game/ThirdPersonBP/Env/Leaf/LEAF_BP.LEAF_BP_C:ExecuteUbergraph_LEAF_BP
[2018.09.03-09.27.53:949][  0]LogUObjectGlobals: Created PersistentFrame Addr=0x0000018bd6de9420, Size=48, Default__spawn_pepper_C Function /Game/ThirdPersonBP/Env/Pepper/spawn_pepper.spawn_pepper_C:ExecuteUbergraph_spawn_pepper
[2018.09.03-09.27.53:952][  0]LogUObjectGlobals: Created PersistentFrame Addr=0x0000018bd743a7b8, Size=56, Default__spawn_pumpkin_C Function /Game/ThirdPersonBP/Env/Pumpkin/spawn_pumpkin.spawn_pumpkin_C:ExecuteUbergraph_spawn_pumpkin
[2018.09.03-09.27.53:981][  0]LogUObjectGlobals: Created PersistentFrame Addr=0x0000018bd72ca248, Size=24, Default__SCARECROW_BP_C Function /Game/ThirdPersonBP/Env/ScareCrow/SCARECROW_BP.SCARECROW_BP_C:ExecuteUbergraph_SCARECROW_BP
[2018.09.03-09.27.54:007][  0]LogUObjectGlobals: Created PersistentFrame Addr=0x0000018bdf974a40, Size=64, Default__spawn_sunflower_C Function /Game/ThirdPersonBP/Env/Sunflower/spawn_sunflower.spawn_sunflower_C:ExecuteUbergraph_spawn_sunflower
[2018.09.03-09.27.54:009][  0]LogUObjectGlobals: Created PersistentFrame Addr=0x0000018bdf9033d0, Size=12, Default__SUNFLOWER_BP_C Function /Game/ThirdPersonBP/Env/Sunflower/SUNFLOWER_BP.SUNFLOWER_BP_C:ExecuteUbergraph_SUNFLOWER_BP
[2018.09.03-09.27.54:070][  0]LogUObjectGlobals: Created PersistentFrame Addr=0x0000018bd6de8d60, Size=48, Default__spawn_tomatoes_C Function /Game/ThirdPersonBP/Env/Tomato/spawn_tomatoes.spawn_tomatoes_C:ExecuteUbergraph_spawn_tomatoes
[2018.09.03-09.27.54:197][  0]LogUObjectGlobals: Destroyed PersistentFrame Addr=0x0000018bd6a9f6a0, Size=96
[2018.09.03-09.27.54:197][  0]LogUObjectGlobals: Created PersistentFrame Addr=0x0000018be034d420, Size=96, Default__ANIM_LEGIONER_BP_C Function /Engine/Transient.REINST_ANIM_LEGIONER_BP_C_0:ExecuteUbergraph_ANIM_LEGIONER_BP
[2018.09.03-09.27.54:197][  0]LogUObjectGlobals: Destroyed PersistentFrame Addr=0x0000018bce6b20c0, Size=64
[2018.09.03-09.27.54:197][  0]LogUObjectGlobals: Created PersistentFrame Addr=0x0000018be10e0540, Size=64, Default__ANIM_PEASANT_BP_C Function /Engine/Transient.REINST_ANIM_PEASANT_BP_C_1:ExecuteUbergraph_ANIM_PEASANT_BP
[2018.09.03-09.27.54:198][  0]LogUObjectGlobals: Destroyed PersistentFrame Addr=0x0000018bd2f49600, Size=88
[2018.09.03-09.27.54:198][  0]LogUObjectGlobals: Created PersistentFrame Addr=0x0000018be034d3c0, Size=88, Default__ANIM_ZOMBIE_BP_C Function /Engine/Transient.REINST_ANIM_ZOMBIE_BP_C_2:ExecuteUbergraph_ANIM_ZOMBIE_BP
[2018.09.03-09.27.54:198][  0]LogUObjectGlobals: Destroyed PersistentFrame Addr=0x0000018bd6a491c0, Size=64
[2018.09.03-09.27.54:198][  0]LogUObjectGlobals: Created PersistentFrame Addr=0x0000018be0dfbc80, Size=64, Default__BARB_SHIELD_BP_C Function /Engine/Transient.REINST_BARB_SHIELD_BP_C_4:ExecuteUbergraph_BARB_SHIELD_BP
[2018.09.03-09.27.54:199][  0]LogUObjectGlobals: Destroyed PersistentFrame Addr=0x0000018bd2ef7400, Size=164
[2018.09.03-09.27.54:199][  0]LogUObjectGlobals: Created PersistentFrame Addr=0x0000018be02c0dc0, Size=164, Default__BROKEN_FENCE_BP_C Function /Engine/Transient.REINST_BROKEN_FENCE_BP_C_8:ExecuteUbergraph_BROKEN_FENCE_BP
[2018.09.03-09.27.54:199][  0]LogUObjectGlobals: Destroyed PersistentFrame Addr=0x0000018bb3ca8920, Size=32
[2018.09.03-09.27.54:199][  0]LogUObjectGlobals: Created PersistentFrame Addr=0x0000018be0e706c0, Size=32, Default__BULLET_BP_C Function /Engine/Transient.REINST_BULLET_BP_C_10:ExecuteUbergraph_BULLET_BP
[2018.09.03-09.27.54:201][  0]LogUObjectGlobals: Destroyed PersistentFrame Addr=0x0000018bcf2adc00, Size=172
[2018.09.03-09.27.54:201][  0]LogUObjectGlobals: Created PersistentFrame Addr=0x0000018be02c0a00, Size=172, Default__COIN_BP_C Function /Engine/Transient.REINST_COIN_BP_C_13:ExecuteUbergraph_COIN_BP
[2018.09.03-09.27.54:207][  0]LogUObjectGlobals: Destroyed PersistentFrame Addr=0x0000018bd732b670, Size=8
[2018.09.03-09.27.54:207][  0]LogUObjectGlobals: Created PersistentFrame Addr=0x0000018be0e33d20, Size=8, Default__CRYPT_BP_C Function /Engine/Transient.REINST_CRYPT_BP_C_20:ExecuteUbergraph_CRYPT_BP
[2018.09.03-09.27.54:208][  0]LogUObjectGlobals: Destroyed PersistentFrame Addr=0x0000018bd6f39e30, Size=16
[2018.09.03-09.27.54:208][  0]LogUObjectGlobals: Created PersistentFrame Addr=0x0000018be0d4ffe0, Size=16, Default__GLADIUS_BP_C Function /Engine/Transient.REINST_GLADIUS_BP_C_24:ExecuteUbergraph_GLADIUS_BP
[2018.09.03-09.27.54:208][  0]LogUObjectGlobals: Destroyed PersistentFrame Addr=0x0000018bd2ab51c8, Size=4
[2018.09.03-09.27.54:208][  0]LogUObjectGlobals: Created PersistentFrame Addr=0x0000018be0e33cc8, Size=4, Default__HELMET2_BP_C Function /Engine/Transient.REINST_HELMET2_BP_C_26:ExecuteUbergraph_HELMET2_BP
[2018.09.03-09.27.54:208][  0]LogUObjectGlobals: Destroyed PersistentFrame Addr=0x0000018bd6b353c0, Size=32
[2018.09.03-09.27.54:208][  0]LogUObjectGlobals: Created PersistentFrame Addr=0x0000018be0e704e0, Size=32, Default__HELMET_BP_C Function /Engine/Transient.REINST_HELMET_BP_C_27:ExecuteUbergraph_HELMET_BP
[2018.09.03-09.27.54:208][  0]LogUObjectGlobals: Destroyed PersistentFrame Addr=0x0000018bdf90fac0, Size=164
[2018.09.03-09.27.54:208][  0]LogUObjectGlobals: Created PersistentFrame Addr=0x0000018be0d33e80, Size=164, Default__LEAF_BP_C Function /Engine/Transient.REINST_LEAF_BP_C_29:ExecuteUbergraph_LEAF_BP
[2018.09.03-09.27.54:209][  0]LogUObjectGlobals: Destroyed PersistentFrame Addr=0x0000018bd72ca248, Size=24
[2018.09.03-09.27.54:209][  0]LogUObjectGlobals: Created PersistentFrame Addr=0x0000018be0f81060, Size=24, Default__SCARECROW_BP_C Function /Engine/Transient.REINST_SCARECROW_BP_C_32:ExecuteUbergraph_SCARECROW_BP
[2018.09.03-09.27.54:209][  0]LogUObjectGlobals: Destroyed PersistentFrame Addr=0x0000018bcfe247c8, Size=56
[2018.09.03-09.27.54:209][  0]LogUObjectGlobals: Created PersistentFrame Addr=0x0000018be02c6940, Size=56, Default__SHIELD2_BP_C Function /Engine/Transient.REINST_SHIELD2_BP_C_33:ExecuteUbergraph_SHIELD2_BP
[2018.09.03-09.27.54:209][  0]LogUObjectGlobals: Destroyed PersistentFrame Addr=0x0000018bd6bdf8c0, Size=64
[2018.09.03-09.27.54:209][  0]LogUObjectGlobals: Created PersistentFrame Addr=0x0000018be0d68980, Size=64, Default__SHIELD3_BP_C Function /Engine/Transient.REINST_SHIELD3_BP_C_34:ExecuteUbergraph_SHIELD3_BP
[2018.09.03-09.27.54:210][  0]LogUObjectGlobals: Destroyed PersistentFrame Addr=0x0000018bcfe24560, Size=56
[2018.09.03-09.27.54:210][  0]LogUObjectGlobals: Created PersistentFrame Addr=0x0000018be02c68d0, Size=56, Default__SHIELD_BP_C Function /Engine/Transient.REINST_SHIELD_BP_C_35:ExecuteUbergraph_SHIELD_BP
[2018.09.03-09.27.54:210][  0]LogUObjectGlobals: Destroyed PersistentFrame Addr=0x0000018bd7c18e80, Size=64
[2018.09.03-09.27.54:210][  0]LogUObjectGlobals: Created PersistentFrame Addr=0x0000018be0d68480, Size=64, Default__spawn_corn_C Function /Engine/Transient.REINST_spawn_corn_C_36:ExecuteUbergraph_spawn_corn
[2018.09.03-09.27.54:210][  0]LogUObjectGlobals: Destroyed PersistentFrame Addr=0x0000018be011de18, Size=40
[2018.09.03-09.27.54:210][  0]LogUObjectGlobals: Created PersistentFrame Addr=0x0000018be0f5ba10, Size=40, Default__Spawn_FENCE_01_C Function /Engine/Transient.REINST_Spawn_FENCE_01_C_37:ExecuteUbergraph_Spawn_FENCE_01
[2018.09.03-09.27.54:210][  0]LogUObjectGlobals: Destroyed PersistentFrame Addr=0x0000018bd72ca890, Size=24
[2018.09.03-09.27.54:210][  0]LogUObjectGlobals: Created PersistentFrame Addr=0x0000018be0f80f88, Size=24, Default__Spawn_FENCE_02_C Function /Engine/Transient.REINST_Spawn_FENCE_02_C_38:ExecuteUbergraph_Spawn_FENCE_02
[2018.09.03-09.27.54:210][  0]LogUObjectGlobals: Destroyed PersistentFrame Addr=0x0000018bd72ca818, Size=24
[2018.09.03-09.27.54:210][  0]LogUObjectGlobals: Created PersistentFrame Addr=0x0000018be0f80f58, Size=24, Default__Spawn_FENCE_03_C Function /Engine/Transient.REINST_Spawn_FENCE_03_C_39:ExecuteUbergraph_Spawn_FENCE_03
[2018.09.03-09.27.54:210][  0]LogUObjectGlobals: Destroyed PersistentFrame Addr=0x0000018bd72ca7b8, Size=24
[2018.09.03-09.27.54:210][  0]LogUObjectGlobals: Created PersistentFrame Addr=0x0000018be0f80f28, Size=24, Default__Spawn_FENCE_04_C Function /Engine/Transient.REINST_Spawn_FENCE_04_C_40:ExecuteUbergraph_Spawn_FENCE_04
[2018.09.03-09.27.54:211][  0]LogUObjectGlobals: Destroyed PersistentFrame Addr=0x0000018bd6a9fac0, Size=88
[2018.09.03-09.27.54:211][  0]LogUObjectGlobals: Created PersistentFrame Addr=0x0000018be034cdc0, Size=88, Default__spawn_Legioners_C Function /Engine/Transient.REINST_spawn_Legioners_C_41:ExecuteUbergraph_spawn_Legioners
[2018.09.03-09.27.54:211][  0]LogUObjectGlobals: Destroyed PersistentFrame Addr=0x0000018bd6de9420, Size=48
[2018.09.03-09.27.54:211][  0]LogUObjectGlobals: Created PersistentFrame Addr=0x0000018be111bbe0, Size=48, Default__spawn_pepper_C Function /Engine/Transient.REINST_spawn_pepper_C_42:ExecuteUbergraph_spawn_pepper
[2018.09.03-09.27.54:211][  0]LogUObjectGlobals: Destroyed PersistentFrame Addr=0x0000018bd2f4bd00, Size=88
[2018.09.03-09.27.54:211][  0]LogUObjectGlobals: Created PersistentFrame Addr=0x0000018be034cc40, Size=88, Default__spawn_point_C Function /Engine/Transient.REINST_spawn_point_C_43:ExecuteUbergraph_spawn_point
[2018.09.03-09.27.54:211][  0]LogUObjectGlobals: Destroyed PersistentFrame Addr=0x0000018be011cf68, Size=40
[2018.09.03-09.27.54:211][  0]LogUObjectGlobals: Created PersistentFrame Addr=0x0000018be0f5b9c0, Size=40, Default__spawn_point_GRASS_C Function /Engine/Transient.REINST_spawn_point_GRASS_C_44:ExecuteUbergraph_spawn_point_GRASS
[2018.09.03-09.27.54:211][  0]LogUObjectGlobals: Destroyed PersistentFrame Addr=0x0000018bd743a7b8, Size=56
[2018.09.03-09.27.54:211][  0]LogUObjectGlobals: Created PersistentFrame Addr=0x0000018be02c6860, Size=56, Default__spawn_pumpkin_C Function /Engine/Transient.REINST_spawn_pumpkin_C_45:ExecuteUbergraph_spawn_pumpkin
[2018.09.03-09.27.54:212][  0]LogUObjectGlobals: Destroyed PersistentFrame Addr=0x0000018bdf974a40, Size=64
[2018.09.03-09.27.54:212][  0]LogUObjectGlobals: Created PersistentFrame Addr=0x0000018bdfd7f440, Size=64, Default__spawn_sunflower_C Function /Engine/Transient.REINST_spawn_sunflower_C_46:ExecuteUbergraph_spawn_sunflower
[2018.09.03-09.27.54:212][  0]LogUObjectGlobals: Destroyed PersistentFrame Addr=0x0000018bd6de8d60, Size=48
[2018.09.03-09.27.54:212][  0]LogUObjectGlobals: Created PersistentFrame Addr=0x0000018be111bd30, Size=48, Default__spawn_tomatoes_C Function /Engine/Transient.REINST_spawn_tomatoes_C_47:ExecuteUbergraph_spawn_tomatoes
[2018.09.03-09.27.54:212][  0]LogUObjectGlobals: Destroyed PersistentFrame Addr=0x0000018bc58059c0, Size=172
[2018.09.03-09.27.54:212][  0]LogUObjectGlobals: Created PersistentFrame Addr=0x0000018be0d32ec0, Size=172, Default__STAR_BP_C Function /Engine/Transient.REINST_STAR_BP_C_49:ExecuteUbergraph_STAR_BP
[2018.09.03-09.27.54:213][  0]LogUObjectGlobals: Destroyed PersistentFrame Addr=0x0000018bd7329780, Size=4
[2018.09.03-09.27.54:213][  0]LogUObjectGlobals: Created PersistentFrame Addr=0x0000018be0e33b18, Size=4, Default__TREE_BP_C Function /Engine/Transient.REINST_TREE_BP_C_54:ExecuteUbergraph_TREE_BP
[2018.09.03-09.27.54:214][  0]LogUObjectGlobals: Destroyed PersistentFrame Addr=0x0000018bd2f53580, Size=448
[2018.09.03-09.27.54:214][  0]LogUObjectGlobals: Created PersistentFrame Addr=0x0000018be0ceab00, Size=448, Default__BP_FENCE_C Function /Engine/Transient.REINST_BP_FENCE_C_57:ExecuteUbergraph_BP_FENCE
[2018.09.03-09.27.54:214][  0]LogUObjectGlobals: Destroyed PersistentFrame Addr=0x0000018bc582a200, Size=176
[2018.09.03-09.27.54:214][  0]LogUObjectGlobals: Created PersistentFrame Addr=0x0000018be0d32a40, Size=176, Default__MUSCETS_BP_C Function /Engine/Transient.REINST_MUSCETS_BP_C_58:ExecuteUbergraph_MUSCETS_BP
[2018.09.03-09.27.54:214][  0]LogUObjectGlobals: Destroyed PersistentFrame Addr=0x0000018bd78496c0, Size=180
[2018.09.03-09.27.54:214][  0]LogUObjectGlobals: Created PersistentFrame Addr=0x0000018be0d328c0, Size=180, Default__CORN_BP_C Function /Engine/Transient.REINST_CORN_BP_C_60:ExecuteUbergraph_CORN_BP
[2018.09.03-09.27.54:215][  0]LogUObjectGlobals: Destroyed PersistentFrame Addr=0x0000018bd2f5f4c0, Size=288
[2018.09.03-09.27.54:215][  0]LogUObjectGlobals: Created PersistentFrame Addr=0x0000018be054e5c0, Size=288, Default__ENEMY_BP_C Function /Engine/Transient.REINST_ENEMY_BP_C_61:ExecuteUbergraph_ENEMY_BP
[2018.09.03-09.27.54:215][  0]LogUObjectGlobals: Destroyed PersistentFrame Addr=0x0000018bd3ba6700, Size=248
[2018.09.03-09.27.54:215][  0]LogUObjectGlobals: Created PersistentFrame Addr=0x0000018be0398e00, Size=248, Default__GRASS_BP_C Function /Engine/Transient.REINST_GRASS_BP_C_62:ExecuteUbergraph_GRASS_BP
[2018.09.03-09.27.54:215][  0]LogUObjectGlobals: Destroyed PersistentFrame Addr=0x0000018bd339bf00, Size=248
[2018.09.03-09.27.54:215][  0]LogUObjectGlobals: Created PersistentFrame Addr=0x0000018be0398d00, Size=248, Default__PEPPER_BP_C Function /Engine/Transient.REINST_PEPPER_BP_C_63:ExecuteUbergraph_PEPPER_BP
[2018.09.03-09.27.54:216][  0]LogUObjectGlobals: Destroyed PersistentFrame Addr=0x0000018bd339bc00, Size=256
[2018.09.03-09.27.54:216][  0]LogUObjectGlobals: Created PersistentFrame Addr=0x0000018be0398c00, Size=256, Default__PUMPKIN_BP_C Function /Engine/Transient.REINST_PUMPKIN_BP_C_64:ExecuteUbergraph_PUMPKIN_BP
[2018.09.03-09.27.54:216][  0]LogUObjectGlobals: Destroyed PersistentFrame Addr=0x0000018bdf9033d0, Size=12
[2018.09.03-09.27.54:216][  0]LogUObjectGlobals: Created PersistentFrame Addr=0x0000018be0d4fa50, Size=12, Default__SUNFLOWER_BP_C Function /Engine/Transient.REINST_SUNFLOWER_BP_C_65:ExecuteUbergraph_SUNFLOWER_BP
[2018.09.03-09.27.54:217][  0]LogUObjectGlobals: Destroyed PersistentFrame Addr=0x0000018bd02d9600, Size=1176
[2018.09.03-09.27.54:217][  0]LogUObjectGlobals: Created PersistentFrame Addr=0x0000018be0cbb200, Size=1176, Default__ThirdPersonCharacter_C Function /Engine/Transient.REINST_ThirdPersonCharacter_C_66:ExecuteUbergraph_ThirdPersonCharacter
[2018.09.03-09.27.54:217][  0]LogUObjectGlobals: Destroyed PersistentFrame Addr=0x0000018bd339b800, Size=256
[2018.09.03-09.27.54:217][  0]LogUObjectGlobals: Created PersistentFrame Addr=0x0000018be0398a00, Size=256, Default__TOMATO_BP_C Function /Engine/Transient.REINST_TOMATO_BP_C_67:ExecuteUbergraph_TOMATO_BP
[2018.09.03-09.27.54:218][  0]LogUObjectGlobals: Destroyed PersistentFrame Addr=0x0000018bd3ec4100, Size=2768
[2018.09.03-09.27.54:218][  0]LogUObjectGlobals: Destroyed PersistentFrame Addr=0x0000018bd6b67d80, Size=288
[2018.09.03-09.27.54:218][  0]LogUObjectGlobals: Created PersistentFrame Addr=0x0000018be0cab040, Size=2768, Default__LEGIONER_BP_C Function /Engine/Transient.REINST_LEGIONER_BP_C_68:ExecuteUbergraph_LEGIONER_BP
[2018.09.03-09.27.54:218][  0]LogUObjectGlobals: Created PersistentFrame Addr=0x0000018be054dbc0, Size=288, Default__LEGIONER_BP_C Function /Engine/Transient.REINST_ENEMY_BP_C_61:ExecuteUbergraph_ENEMY_BP
[2018.09.03-09.27.54:220][  0]LogUObjectGlobals: Destroyed PersistentFrame Addr=0x0000018bd29b0100, Size=3344
[2018.09.03-09.27.54:220][  0]LogUObjectGlobals: Destroyed PersistentFrame Addr=0x0000018bd3b7f600, Size=288
[2018.09.03-09.27.54:220][  0]LogUObjectGlobals: Created PersistentFrame Addr=0x0000018be0caa080, Size=3344, Default__ZOMBIE_BP_C Function /Engine/Transient.REINST_ZOMBIE_BP_C_69:ExecuteUbergraph_ZOMBIE_BP
[2018.09.03-09.27.54:220][  0]LogUObjectGlobals: Created PersistentFrame Addr=0x0000018be054da80, Size=288, Default__ZOMBIE_BP_C Function /Engine/Transient.REINST_ENEMY_BP_C_61:ExecuteUbergraph_ENEMY_BP
[2018.09.03-09.27.54:414][  0]LogUObjectGlobals: Created PersistentFrame Addr=0x0000018be1cabfa0, Size=96, Default__ANIM_LEGIONER_BP_C Function /Game/Enemies/Zombie_Warrior/Animation/ANIM_LEGIONER_BP.ANIM_LEGIONER_BP_C:ExecuteUbergraph_ANIM_LEGIONER_BP
[2018.09.03-09.27.54:415][  0]LogUObjectGlobals: Created PersistentFrame Addr=0x0000018bd6bdd180, Size=64, Default__ANIM_PEASANT_BP_C Function /Game/ThirdPersonBP/Character/Animation/ANIM_PEASANT_BP.ANIM_PEASANT_BP_C:ExecuteUbergraph_ANIM_PEASANT_BP
[2018.09.03-09.27.54:416][  0]LogUObjectGlobals: Created PersistentFrame Addr=0x0000018be1ca9d20, Size=88, Default__ANIM_ZOMBIE_BP_C Function /Game/Enemies/Zombie/Animation/ANIM_ZOMBIE_BP.ANIM_ZOMBIE_BP_C:ExecuteUbergraph_ANIM_ZOMBIE_BP
[2018.09.03-09.27.54:417][  0]LogUObjectGlobals: Created PersistentFrame Addr=0x0000018be1c6b340, Size=64, Default__BARB_SHIELD_BP_C Function /Game/Enemies/Zombie_Warrior/Gear/Shields/Barbarian/BARB_SHIELD_BP.BARB_SHIELD_BP_C:ExecuteUbergraph_BARB_SHIELD_BP
[2018.09.03-09.27.54:419][  0]LogUObjectGlobals: Created PersistentFrame Addr=0x0000018be1c61600, Size=164, Default__BROKEN_FENCE_BP_C Function /Game/ThirdPersonBP/Env/Fence/BROKEN_FENCE_BP.BROKEN_FENCE_BP_C:ExecuteUbergraph_BROKEN_FENCE_BP
[2018.09.03-09.27.54:420][  0]LogUObjectGlobals: Created PersistentFrame Addr=0x0000018be1c71de0, Size=32, Default__BULLET_BP_C Function /Game/ThirdPersonBP/Character/Weapon/BULLET_BP.BULLET_BP_C:ExecuteUbergraph_BULLET_BP
[2018.09.03-09.27.54:421][  0]LogUObjectGlobals: Created PersistentFrame Addr=0x0000018be1be7f40, Size=172, Default__COIN_BP_C Function /Game/ThirdPersonBP/Env/Coin/COIN_BP.COIN_BP_C:ExecuteUbergraph_COIN_BP
[2018.09.03-09.27.54:423][  0]LogUObjectGlobals: Created PersistentFrame Addr=0x0000018be1c57a70, Size=8, Default__CRYPT_BP_C Function /Game/ThirdPersonBP/Env/Cemetery/Crypt/CRYPT_BP.CRYPT_BP_C:ExecuteUbergraph_CRYPT_BP
[2018.09.03-09.27.54:423][  0]LogUObjectGlobals: Created PersistentFrame Addr=0x0000018be1d48970, Size=16, Default__GLADIUS_BP_C Function /Game/Enemies/Zombie_Warrior/Gear/Sword/GLADIUS_BP.GLADIUS_BP_C:ExecuteUbergraph_GLADIUS_BP
[2018.09.03-09.27.54:423][  0]LogUObjectGlobals: Created PersistentFrame Addr=0x0000018be1c579c8, Size=4, Default__HELMET2_BP_C Function /Game/Enemies/Zombie_Warrior/Gear/Helmet/HELMET2_BP.HELMET2_BP_C:ExecuteUbergraph_HELMET2_BP
[2018.09.03-09.27.54:424][  0]LogUObjectGlobals: Created PersistentFrame Addr=0x0000018be1c70700, Size=32, Default__HELMET_BP_C Function /Game/Enemies/Zombie_Warrior/Gear/Helmet/HELMET_BP.HELMET_BP_C:ExecuteUbergraph_HELMET_BP
[2018.09.03-09.27.54:424][  0]LogUObjectGlobals: Created PersistentFrame Addr=0x0000018be1be68c0, Size=164, Default__LEAF_BP_C Function /Game/ThirdPersonBP/Env/Leaf/LEAF_BP.LEAF_BP_C:ExecuteUbergraph_LEAF_BP
[2018.09.03-09.27.54:424][  0]LogUObjectGlobals: Created PersistentFrame Addr=0x0000018be1c2b118, Size=24, Default__SCARECROW_BP_C Function /Game/ThirdPersonBP/Env/ScareCrow/SCARECROW_BP.SCARECROW_BP_C:ExecuteUbergraph_SCARECROW_BP
[2018.09.03-09.27.54:425][  0]LogUObjectGlobals: Created PersistentFrame Addr=0x0000018be1c21ad0, Size=56, Default__SHIELD2_BP_C Function /Game/Enemies/Zombie_Warrior/Gear/Shields/SHIELD2_BP.SHIELD2_BP_C:ExecuteUbergraph_SHIELD2_BP
[2018.09.03-09.27.54:426][  0]LogUObjectGlobals: Created PersistentFrame Addr=0x0000018be1bb3840, Size=64, Default__SHIELD3_BP_C Function /Game/Enemies/Zombie_Warrior/Gear/Shields/Macedonian/SHIELD3_BP.SHIELD3_BP_C:ExecuteUbergraph_SHIELD3_BP
[2018.09.03-09.27.54:426][  0]LogUObjectGlobals: Created PersistentFrame Addr=0x0000018be1c21398, Size=56, Default__SHIELD_BP_C Function /Game/Enemies/Zombie_Warrior/Gear/Shields/SHIELD_BP.SHIELD_BP_C:ExecuteUbergraph_SHIELD_BP
[2018.09.03-09.27.54:427][  0]LogUObjectGlobals: Created PersistentFrame Addr=0x0000018be1bb31c0, Size=64, Default__spawn_corn_C Function /Game/ThirdPersonBP/Env/Corn/spawn_corn.spawn_corn_C:ExecuteUbergraph_spawn_corn
[2018.09.03-09.27.54:427][  0]LogUObjectGlobals: Created PersistentFrame Addr=0x0000018be1426548, Size=40, Default__Spawn_FENCE_01_C Function /Game/ThirdPersonBP/Env/Fence/Spawn_FENCE_01.Spawn_FENCE_01_C:ExecuteUbergraph_Spawn_FENCE_01
[2018.09.03-09.27.54:428][  0]LogUObjectGlobals: Created PersistentFrame Addr=0x0000018be1c2a698, Size=24, Default__Spawn_FENCE_02_C Function /Game/ThirdPersonBP/Env/Fence/Spawn_FENCE_02.Spawn_FENCE_02_C:ExecuteUbergraph_Spawn_FENCE_02
[2018.09.03-09.27.54:428][  0]LogUObjectGlobals: Created PersistentFrame Addr=0x0000018be1c2a5c0, Size=24, Default__Spawn_FENCE_03_C Function /Game/ThirdPersonBP/Env/Fence/Spawn_FENCE_03.Spawn_FENCE_03_C:ExecuteUbergraph_Spawn_FENCE_03
[2018.09.03-09.27.54:428][  0]LogUObjectGlobals: Created PersistentFrame Addr=0x0000018be1c2a4e8, Size=24, Default__Spawn_FENCE_04_C Function /Game/ThirdPersonBP/Env/Fence/Spawn_FENCE_04.Spawn_FENCE_04_C:ExecuteUbergraph_Spawn_FENCE_04
[2018.09.03-09.27.54:429][  0]LogUObjectGlobals: Created PersistentFrame Addr=0x0000018be1bf1840, Size=88, Default__spawn_Legioners_C Function /Game/Enemies/Zombie_Warrior/spawn_Legioners.spawn_Legioners_C:ExecuteUbergraph_spawn_Legioners
[2018.09.03-09.27.54:429][  0]LogUObjectGlobals: Created PersistentFrame Addr=0x0000018be1b7b1f0, Size=48, Default__spawn_pepper_C Function /Game/ThirdPersonBP/Env/Pepper/spawn_pepper.spawn_pepper_C:ExecuteUbergraph_spawn_pepper
[2018.09.03-09.27.54:430][  0]LogUObjectGlobals: Created PersistentFrame Addr=0x0000018be1bf1060, Size=88, Default__spawn_point_C Function /Game/Enemies/Zombie/spawn_point.spawn_point_C:ExecuteUbergraph_spawn_point
[2018.09.03-09.27.54:430][  0]LogUObjectGlobals: Created PersistentFrame Addr=0x0000018be14263e0, Size=40, Default__spawn_point_GRASS_C Function /Game/ThirdPersonBP/Env/Grass/spawn_point_GRASS.spawn_point_GRASS_C:ExecuteUbergraph_spawn_point_GRASS
[2018.09.03-09.27.54:431][  0]LogUObjectGlobals: Created PersistentFrame Addr=0x0000018be1b3ff20, Size=56, Default__spawn_pumpkin_C Function /Game/ThirdPersonBP/Env/Pumpkin/spawn_pumpkin.spawn_pumpkin_C:ExecuteUbergraph_spawn_pumpkin
[2018.09.03-09.27.54:431][  0]LogUObjectGlobals: Created PersistentFrame Addr=0x0000018be1bb0ec0, Size=64, Default__spawn_sunflower_C Function /Game/ThirdPersonBP/Env/Sunflower/spawn_sunflower.spawn_sunflower_C:ExecuteUbergraph_spawn_sunflower
[2018.09.03-09.27.54:431][  0]LogUObjectGlobals: Created PersistentFrame Addr=0x0000018be1426340, Size=40, Default__spawn_tomatoes_C Function /Game/ThirdPersonBP/Env/Tomato/spawn_tomatoes.spawn_tomatoes_C:ExecuteUbergraph_spawn_tomatoes
[2018.09.03-09.27.54:432][  0]LogUObjectGlobals: Created PersistentFrame Addr=0x0000018be1b2b4c0, Size=172, Default__STAR_BP_C Function /Game/ThirdPersonBP/Env/Star/STAR_BP.STAR_BP_C:ExecuteUbergraph_STAR_BP
[2018.09.03-09.27.54:433][  0]LogUObjectGlobals: Created PersistentFrame Addr=0x0000018be1c57250, Size=4, Default__TREE_BP_C Function /Game/ThirdPersonBP/Env/House/TREE_BP.TREE_BP_C:ExecuteUbergraph_TREE_BP
[2018.09.03-09.27.54:435][  0]LogUObjectGlobals: Created PersistentFrame Addr=0x0000018be1cee200, Size=464, Default__BP_FENCE_C Function /Game/ThirdPersonBP/Env/Fence/BP_FENCE.BP_FENCE_C:ExecuteUbergraph_BP_FENCE
[2018.09.03-09.27.54:436][  0]LogUObjectGlobals: Created PersistentFrame Addr=0x0000018be1b28b80, Size=176, Default__MUSCETS_BP_C Function /Game/ThirdPersonBP/Character/Weapon/MUSCETS_BP.MUSCETS_BP_C:ExecuteUbergraph_MUSCETS_BP
[2018.09.03-09.27.54:437][  0]LogUObjectGlobals: Created PersistentFrame Addr=0x0000018be1aab640, Size=180, Default__CORN_BP_C Function /Game/ThirdPersonBP/Env/Corn/CORN_BP.CORN_BP_C:ExecuteUbergraph_CORN_BP
[2018.09.03-09.27.54:439][  0]LogUObjectGlobals: Created PersistentFrame Addr=0x0000018be1c4c2c0, Size=288, Default__ENEMY_BP_C Function /Game/Enemies/ENEMY_BP.ENEMY_BP_C:ExecuteUbergraph_ENEMY_BP
[2018.09.03-09.27.54:440][  0]LogUObjectGlobals: Created PersistentFrame Addr=0x0000018be1a77b00, Size=248, Default__GRASS_BP_C Function /Game/ThirdPersonBP/Env/Grass/GRASS_BP.GRASS_BP_C:ExecuteUbergraph_GRASS_BP
[2018.09.03-09.27.54:441][  0]LogUObjectGlobals: Created PersistentFrame Addr=0x0000018be1a5cb00, Size=248, Default__PEPPER_BP_C Function /Game/ThirdPersonBP/Env/Pepper/PEPPER_BP.PEPPER_BP_C:ExecuteUbergraph_PEPPER_BP
[2018.09.03-09.27.54:443][  0]LogUObjectGlobals: Created PersistentFrame Addr=0x0000018be1a2c800, Size=256, Default__PUMPKIN_BP_C Function /Game/ThirdPersonBP/Env/Pumpkin/PUMPKIN_BP.PUMPKIN_BP_C:ExecuteUbergraph_PUMPKIN_BP
[2018.09.03-09.27.54:444][  0]LogUObjectGlobals: Created PersistentFrame Addr=0x0000018be1d48380, Size=12, Default__SUNFLOWER_BP_C Function /Game/ThirdPersonBP/Env/Sunflower/SUNFLOWER_BP.SUNFLOWER_BP_C:ExecuteUbergraph_SUNFLOWER_BP
[2018.09.03-09.27.54:449][  0]LogUObjectGlobals: Created PersistentFrame Addr=0x0000018be19e9d00, Size=1176, Default__ThirdPersonCharacter_C Function /Game/ThirdPersonBP/Character_BP/ThirdPersonCharacter.ThirdPersonCharacter_C:ExecuteUbergraph_ThirdPersonCharacter
[2018.09.03-09.27.54:451][  0]LogUObjectGlobals: Created PersistentFrame Addr=0x0000018be1958a00, Size=248, Default__TOMATO_BP_C Function /Game/ThirdPersonBP/Env/Tomato/TOMATO_BP.TOMATO_BP_C:ExecuteUbergraph_TOMATO_BP
[2018.09.03-09.27.54:460][  0]LogUObjectGlobals: Created PersistentFrame Addr=0x0000018be1936080, Size=2768, Default__LEGIONER_BP_C Function /Game/Enemies/Zombie_Warrior/LEGIONER_BP.LEGIONER_BP_C:ExecuteUbergraph_LEGIONER_BP
[2018.09.03-09.27.54:460][  0]LogUObjectGlobals: Created PersistentFrame Addr=0x0000018be1980e00, Size=288, Default__LEGIONER_BP_C Function /Game/Enemies/ENEMY_BP.ENEMY_BP_C:ExecuteUbergraph_ENEMY_BP
[2018.09.03-09.27.54:476][  0]LogUObjectGlobals: Created PersistentFrame Addr=0x0000018be186c100, Size=3344, Default__ZOMBIE_BP_C Function /Game/Enemies/Zombie/ZOMBIE_BP.ZOMBIE_BP_C:ExecuteUbergraph_ZOMBIE_BP
[2018.09.03-09.27.54:476][  0]LogUObjectGlobals: Created PersistentFrame Addr=0x0000018be17aed40, Size=288, Default__ZOMBIE_BP_C Function /Game/Enemies/ENEMY_BP.ENEMY_BP_C:ExecuteUbergraph_ENEMY_BP
[2018.09.03-09.27.54:560][  0]LogUObjectGlobals: Destroyed PersistentFrame Addr=0x0000018bb3830da8, Size=8
[2018.09.03-09.27.54:560][  0]LogUObjectGlobals: Created PersistentFrame Addr=0x0000018be1c55518, Size=8, Default__ThirdPersonExampleMap_C Function /Engine/Transient.REINST_ThirdPersonExampleMap_C_148:ExecuteUbergraph_ThirdPersonExampleMap
[2018.09.03-09.27.54:561][  0]LogUObjectGlobals: Created PersistentFrame Addr=0x0000018be1c55c78, Size=8, Default__ThirdPersonExampleMap_C Function /Game/ThirdPersonBP/Maps/ThirdPersonExampleMap.ThirdPersonExampleMap_C:ExecuteUbergraph_ThirdPersonExampleMap
[2018.09.03-09.27.58:305][  0]LogLinker: Warning: Can't find file '/Game/ThirdPersonBP/Env/Cemetery/TombStone/_1'
[2018.09.03-09.27.58:305][  0]LoadErrors: Failed to load /Game/ThirdPersonBP/Env/Cemetery/TombStone/_1.Material_0 Referenced by tombstone_Tombstone_4
[2018.09.03-09.27.58:305][  0]LogUObjectGlobals: Warning: Failed to load '/Game/ThirdPersonBP/Env/Cemetery/TombStone/_1': Can't find file '/Game/ThirdPersonBP/Env/Cemetery/TombStone/_1'
[2018.09.03-09.27.58:305][  0]LogLinker: Warning: Can't find file for asset '/Game/ThirdPersonBP/Env/Cemetery/TombStone/_1' while loading NULL.
[2018.09.03-09.27.58:306][  0]LoadErrors: Failed to load /Game/ThirdPersonBP/Env/Cemetery/TombStone/_1.Material_0 Referenced by tombstone_Tombstone_4
[2018.09.03-09.27.58:306][  0]LogUObjectGlobals: Warning: Failed to load '/Game/ThirdPersonBP/Env/Cemetery/TombStone/_1': Can't find file for asset '/Game/ThirdPersonBP/Env/Cemetery/TombStone/_1' while loading NULL.
[2018.09.03-09.27.58:306][  0]LogLinker: Warning: Can't find file '/Game/ThirdPersonBP/Env/Cemetery/TombStone/_1'
[2018.09.03-09.27.58:306][  0]LoadErrors: Failed to load /Game/ThirdPersonBP/Env/Cemetery/TombStone/_1.Material_0 Referenced by tombstone_Tombstone_4
[2018.09.03-09.27.58:306][  0]LogUObjectGlobals: Warning: Failed to load '/Game/ThirdPersonBP/Env/Cemetery/TombStone/_1': Can't find file '/Game/ThirdPersonBP/Env/Cemetery/TombStone/_1'
[2018.09.03-09.27.58:306][  0]LogLinker: Warning: Can't find file for asset '/Game/ThirdPersonBP/Env/Cemetery/TombStone/_1' while loading NULL.
[2018.09.03-09.27.58:306][  0]LoadErrors: Failed to load /Game/ThirdPersonBP/Env/Cemetery/TombStone/_1.Material_0 Referenced by tombstone_Tombstone_4
[2018.09.03-09.27.58:306][  0]LogUObjectGlobals: Warning: Failed to load '/Game/ThirdPersonBP/Env/Cemetery/TombStone/_1': Can't find file for asset '/Game/ThirdPersonBP/Env/Cemetery/TombStone/_1' while loading NULL.
[2018.09.03-09.28.05:901][  0]LogSkeletalMesh: Skeletal Mesh found in DDC [4.119190ms] /Game/ThirdPersonBP/Character/peasant.peasant
[2018.09.03-09.28.05:924][  0]LogAnimationCompression: Building Anim DDC data for AnimSequence /Game/ThirdPersonBP/Character/Animation/Idle_Aiming.Idle_Aiming
[2018.09.03-09.28.05:924][  0]LogAnimationCompression: Recompressing (AnimSequence /Game/ThirdPersonBP/Character/Animation/Idle_Aiming.Idle_Aiming) using current/default (AnimCompress_BitwiseCompressOnly_6) bFirstRecompressUsingCurrentOrDefault(1) bTryAlternateCompressor(0) IsCompressedDataValid(0)
[2018.09.03-09.28.05:926][  0]LogAnimationCompression: Building Anim DDC data for AnimSequence /Game/ThirdPersonBP/Character/Animation/Idle.Idle
[2018.09.03-09.28.05:926][  0]LogAnimationCompression: Recompressing (AnimSequence /Game/ThirdPersonBP/Character/Animation/Idle.Idle) using current/default (AnimCompress_BitwiseCompressOnly_0) bFirstRecompressUsingCurrentOrDefault(1) bTryAlternateCompressor(0) IsCompressedDataValid(0)
[2018.09.03-09.28.05:977][  0]LogAnimationCompression: Building Anim DDC data for AnimSequence /Game/ThirdPersonBP/Character/Animation/Walking.Walking
[2018.09.03-09.28.05:977][  0]LogAnimationCompression: Recompressing (AnimSequence /Game/ThirdPersonBP/Character/Animation/Walking.Walking) using current/default (AnimCompress_BitwiseCompressOnly_4) bFirstRecompressUsingCurrentOrDefault(1) bTryAlternateCompressor(0) IsCompressedDataValid(0)
[2018.09.03-09.28.06:231][  0]LogSkeletalMesh: Skeletal Mesh found in DDC [5.229452ms] /Game/Enemies/Zombie_Warrior/Legioner_Zombie.Legioner_Zombie
[2018.09.03-09.28.08:122][  0]LogSkeletalMesh: Skeletal Mesh found in DDC [4.353394ms] /Game/Enemies/Zombie/Zombie.Zombie
[2018.09.03-09.28.08:232][  0]LogSkeletalMesh: Skeletal Mesh found in DDC [5.000350ms] /Game/Enemies/Zombie_Warrior/Gear/Shields/Barbarian/barb_shield.barb_shield
[2018.09.03-09.28.09:561][  0]LogSkeletalMesh: Skeletal Mesh found in DDC [6.472815ms] /Game/ThirdPersonBP/Env/ScareCrow/scarecrow.scarecrow
[2018.09.03-09.28.10:512][  0]LogAIModule: Creating AISystem for world ThirdPersonExampleMap
[2018.09.03-09.28.10:512][  0]LogLinker: Warning: Can't find file '/Game/ThirdPersonBP/Blueprints/ThirdPersonGameMode'
[2018.09.03-09.28.10:512][  0]LogUObjectGlobals: Warning: Failed to load '/Game/ThirdPersonBP/Blueprints/ThirdPersonGameMode': Can't find file '/Game/ThirdPersonBP/Blueprints/ThirdPersonGameMode'
[2018.09.03-09.28.10:512][  0]LogLinker: Warning: Can't find file '/Game/ThirdPersonBP/Blueprints/ThirdPersonGameMode'
[2018.09.03-09.28.10:512][  0]LogUObjectGlobals: Warning: Failed to load '/Game/ThirdPersonBP/Blueprints/ThirdPersonGameMode': Can't find file '/Game/ThirdPersonBP/Blueprints/ThirdPersonGameMode'
[2018.09.03-09.28.10:512][  0]LogUObjectGlobals: Warning: Failed to find object 'Class /Game/ThirdPersonBP/Blueprints/ThirdPersonGameMode.ThirdPersonGameMode_C'
[2018.09.03-09.28.10:522][  0]LogLoad: Game class is 'GameModeBase'
[2018.09.03-09.28.10:928][  0]LogWorld: Bringing World /Game/ThirdPersonBP/Maps/ThirdPersonExampleMap.ThirdPersonExampleMap up for play (max tick rate 0) at 2018.09.03-05.28.10
[2018.09.03-09.28.10:934][  0]LogWorld: Bringing up level for play took: 0.397773
[2018.09.03-09.28.11:096][  0]LogLoad: Took 30.868779 seconds to LoadMap(/Game/ThirdPersonBP/Maps/ThirdPersonExampleMap)
[2018.09.03-09.28.11:336][  0]LogRenderer: Reallocating scene render targets to support 1280x720 Format 10 NumSamples 1 (Frame:1).
[2018.09.03-09.28.11:336][  0]LogLoad: (Engine Initialization) Total time: 57.72 seconds
[2018.09.03-09.28.11:336][  0]LogLoad: (Engine Initialization) Total Blueprint compile time: 0.00 seconds
[2018.09.03-09.28.11:603][  0]LogWindowsTextInputMethodSystem: Display: IME system now deactivated.
[2018.09.03-09.28.11:744][  0]LogContentStreaming: Texture pool size now 1000 MB
[2018.09.03-09.28.11:782][  1]LogAudio: Warning: Detected orphaned looping sound 'level01_music_Cue'.
[2018.09.03-09.28.16:801][300]LogBlueprintUserMessages: Warning: SetTimer passed a bad function (New_Position_Event) or object (LEGIONER_BP_C_2)
[2018.09.03-09.28.16:802][300]LogBlueprintUserMessages: Warning: SetTimer passed a bad function (New_Position_Event) or object (LEGIONER_BP_C_1)
[2018.09.03-09.28.16:802][300]LogBlueprintUserMessages: Warning: SetTimer passed a bad function (New_Position_Event) or object (LEGIONER_BP_C_0)
[2018.09.03-09.28.18:573][406]LogAudio: Warning: Waited 61.450695ms for audio thread.
[2018.09.03-09.28.19:866][487]LogBlueprintUserMessages: [LEGIONER_BP_C_2] THEY SEE PLAYER
[2018.09.03-09.28.20:237][510]LogBlueprintUserMessages: [LEGIONER_BP_C_1] THEY SEE PLAYER
[2018.09.03-09.28.20:365][518]LogBlueprintUserMessages: [LEGIONER_BP_C_2] THEY SEE PLAYER
[2018.09.03-09.28.20:866][549]LogBlueprintUserMessages: [LEGIONER_BP_C_2] THEY SEE PLAYER
[2018.09.03-09.28.21:237][572]LogBlueprintUserMessages: [LEGIONER_BP_C_1] THEY SEE PLAYER
[2018.09.03-09.28.22:242][634]LogBlueprintUserMessages: [LEGIONER_BP_C_1] THEY SEE PLAYER
[2018.09.03-09.28.22:870][673]LogBlueprintUserMessages: [LEGIONER_BP_C_2] THEY SEE PLAYER
[2018.09.03-09.28.23:370][704]LogBlueprintUserMessages: [LEGIONER_BP_C_2] THEY SEE PLAYER
[2018.09.03-09.28.24:368][766]LogBlueprintUserMessages: [LEGIONER_BP_C_2] THEY SEE PLAYER
[2018.09.03-09.28.24:739][789]LogBlueprintUserMessages: [LEGIONER_BP_C_1] THEY SEE PLAYER
[2018.09.03-09.28.25:868][859]LogBlueprintUserMessages: [LEGIONER_BP_C_2] THEY SEE PLAYER
[2018.09.03-09.28.33:892][338]LogBlueprintUserMessages: [LEGIONER_BP_C_2] THEY SEE PLAYER
[2018.09.03-09.28.38:825][643]LogBlueprintUserMessages: [LEGIONER_BP_C_1] THEY SEE PLAYER
[2018.09.03-09.28.39:326][674]LogBlueprintUserMessages: [LEGIONER_BP_C_1] THEY SEE PLAYER
[2018.09.03-09.28.40:826][767]LogBlueprintUserMessages: [LEGIONER_BP_C_1] THEY SEE PLAYER
[2018.09.03-09.28.41:327][798]LogBlueprintUserMessages: [LEGIONER_BP_C_1] THEY SEE PLAYER
[2018.09.03-09.28.41:409][803]LogBlueprintUserMessages: [LEGIONER_BP_C_2] THEY SEE PLAYER
[2018.09.03-09.28.41:827][829]LogBlueprintUserMessages: [LEGIONER_BP_C_1] THEY SEE PLAYER
[2018.09.03-09.28.42:330][859]LogBlueprintUserMessages: [LEGIONER_BP_C_1] THEY SEE PLAYER
[2018.09.03-09.28.43:358][921]LogBlueprintUserMessages: [LEGIONER_BP_C_0] THEY SEE PLAYER
[2018.09.03-09.28.45:889][ 70]LogBlueprintUserMessages: [LEGIONER_BP_C_0] THEY SEE PLAYER
[2018.09.03-09.28.46:473][106]LogBlueprintUserMessages: [LEGIONER_BP_C_2] THEY SEE PLAYER
[2018.09.03-09.28.46:976][137]LogBlueprintUserMessages: [LEGIONER_BP_C_2] THEY SEE PLAYER
[2018.09.03-09.28.47:986][199]LogBlueprintUserMessages: [LEGIONER_BP_C_2] THEY SEE PLAYER
[2018.09.03-09.28.50:009][317]LogBlueprintUserMessages: [LEGIONER_BP_C_2] THEY SEE PLAYER
[2018.09.03-09.28.50:957][368]LogBlueprintUserMessages: [LEGIONER_BP_C_0] THEY SEE PLAYER
[2018.09.03-09.28.51:971][423]LogBlueprintUserMessages: [LEGIONER_BP_C_0] THEY SEE PLAYER
[2018.09.03-09.28.52:028][426]LogBlueprintUserMessages: [LEGIONER_BP_C_2] THEY SEE PLAYER
[2018.09.03-09.28.52:993][476]LogBlueprintUserMessages: [LEGIONER_BP_C_0] THEY SEE PLAYER
[2018.09.03-09.28.53:503][503]LogBlueprintUserMessages: [LEGIONER_BP_C_0] THEY SEE PLAYER
[2018.09.03-09.28.54:003][530]LogBlueprintUserMessages: [LEGIONER_BP_C_1] THEY SEE PLAYER
[2018.09.03-09.28.54:057][533]LogBlueprintUserMessages: [LEGIONER_BP_C_2] THEY SEE PLAYER
[2018.09.03-09.28.54:517][558]LogBlueprintUserMessages: [LEGIONER_BP_C_0] THEY SEE PLAYER
[2018.09.03-09.28.54:517][558]LogBlueprintUserMessages: [LEGIONER_BP_C_1] THEY SEE PLAYER
[2018.09.03-09.28.55:025][585]LogBlueprintUserMessages: [LEGIONER_BP_C_1] THEY SEE PLAYER
[2018.09.03-09.28.55:081][588]LogBlueprintUserMessages: [LEGIONER_BP_C_2] THEY SEE PLAYER
[2018.09.03-09.28.55:596][615]LogBlueprintUserMessages: [LEGIONER_BP_C_2] THEY SEE PLAYER
[2018.09.03-09.28.56:556][666]LogBlueprintUserMessages: [LEGIONER_BP_C_1] THEY SEE PLAYER
[2018.09.03-09.28.56:615][669]LogBlueprintUserMessages: [LEGIONER_BP_C_2] THEY SEE PLAYER
[2018.09.03-09.28.57:116][695]LogBlueprintUserMessages: [LEGIONER_BP_C_2] THEY SEE PLAYER
[2018.09.03-09.28.57:617][721]LogBlueprintUserMessages: [LEGIONER_BP_C_2] THEY SEE PLAYER
[2018.09.03-09.28.58:089][745]LogBlueprintUserMessages: [LEGIONER_BP_C_1] THEY SEE PLAYER
[2018.09.03-09.28.58:593][771]LogBlueprintUserMessages: [LEGIONER_BP_C_0] THEY SEE PLAYER
[2018.09.03-09.28.59:094][797]LogBlueprintUserMessages: [LEGIONER_BP_C_1] THEY SEE PLAYER
[2018.09.03-09.28.59:133][799]LogBlueprintUserMessages: [LEGIONER_BP_C_2] THEY SEE PLAYER
[2018.09.03-09.28.59:595][823]LogBlueprintUserMessages: [LEGIONER_BP_C_1] THEY SEE PLAYER
[2018.09.03-09.28.59:636][825]LogBlueprintUserMessages: [LEGIONER_BP_C_2] THEY SEE PLAYER
[2018.09.03-09.29.00:143][851]LogBlueprintUserMessages: [LEGIONER_BP_C_2] THEY SEE PLAYER
[2018.09.03-09.29.00:614][875]LogBlueprintUserMessages: [LEGIONER_BP_C_0] THEY SEE PLAYER
[2018.09.03-09.29.01:161][903]LogBlueprintUserMessages: [LEGIONER_BP_C_2] THEY SEE PLAYER
[2018.09.03-09.29.01:637][927]LogBlueprintUserMessages: [LEGIONER_BP_C_1] THEY SEE PLAYER
[2018.09.03-09.29.01:662][928]LogBlueprintUserMessages: [LEGIONER_BP_C_2] THEY SEE PLAYER
[2018.09.03-09.29.02:149][953]LogBlueprintUserMessages: [LEGIONER_BP_C_1] THEY SEE PLAYER
[2018.09.03-09.29.02:149][953]LogBlueprintUserMessages: [LEGIONER_BP_C_0] THEY SEE PLAYER
[2018.09.03-09.29.02:169][954]LogBlueprintUserMessages: [LEGIONER_BP_C_2] THEY SEE PLAYER
[2018.09.03-09.29.02:650][978]LogBlueprintUserMessages: [LEGIONER_BP_C_0] THEY SEE PLAYER
[2018.09.03-09.29.02:669][979]LogBlueprintUserMessages: [LEGIONER_BP_C_2] THEY SEE PLAYER
[2018.09.03-09.29.03:170][  4]LogBlueprintUserMessages: [LEGIONER_BP_C_2] THEY SEE PLAYER
[2018.09.03-09.29.03:676][ 29]LogBlueprintUserMessages: [LEGIONER_BP_C_2] THEY SEE PLAYER
[2018.09.03-09.29.03:676][ 29]LogBlueprintUserMessages: [LEGIONER_BP_C_1] THEY SEE PLAYER
[2018.09.03-09.29.03:677][ 29]LogBlueprintUserMessages: [LEGIONER_BP_C_0] THEY SEE PLAYER
[2018.09.03-09.29.04:182][ 54]LogBlueprintUserMessages: [LEGIONER_BP_C_0] THEY SEE PLAYER
[2018.09.03-09.29.04:183][ 54]LogBlueprintUserMessages: [LEGIONER_BP_C_1] THEY SEE PLAYER
[2018.09.03-09.29.04:183][ 54]LogBlueprintUserMessages: [LEGIONER_BP_C_2] THEY SEE PLAYER
[2018.09.03-09.29.04:202][ 55]LogScript: Warning: FLatentActionManager::ProcessLatentActions: CallbackTarget is None.
[2018.09.03-09.29.04:694][ 79]LogBlueprintUserMessages: [LEGIONER_BP_C_2] THEY SEE PLAYER
[2018.09.03-09.29.05:201][104]LogBlueprintUserMessages: [LEGIONER_BP_C_2] THEY SEE PLAYER
[2018.09.03-09.29.05:201][104]LogBlueprintUserMessages: [LEGIONER_BP_C_1] THEY SEE PLAYER
[2018.09.03-09.29.05:202][104]LogBlueprintUserMessages: [LEGIONER_BP_C_0] THEY SEE PLAYER
[2018.09.03-09.29.06:209][151]LogBlueprintUserMessages: [LEGIONER_BP_C_2] THEY SEE PLAYER
[2018.09.03-09.29.07:222][197]LogBlueprintUserMessages: [LEGIONER_BP_C_1] THEY SEE PLAYER
[2018.09.03-09.29.07:724][221]LogBlueprintUserMessages: [LEGIONER_BP_C_2] THEY SEE PLAYER
[2018.09.03-09.29.07:725][221]LogBlueprintUserMessages: [LEGIONER_BP_C_1] THEY SEE PLAYER
[2018.09.03-09.29.08:232][246]LogBlueprintUserMessages: [LEGIONER_BP_C_1] THEY SEE PLAYER
[2018.09.03-09.29.08:232][246]LogBlueprintUserMessages: [LEGIONER_BP_C_0] THEY SEE PLAYER
[2018.09.03-09.29.08:233][246]LogBlueprintUserMessages: [LEGIONER_BP_C_2] THEY SEE PLAYER
[2018.09.03-09.29.08:738][271]LogBlueprintUserMessages: [LEGIONER_BP_C_2] THEY SEE PLAYER
[2018.09.03-09.29.08:739][271]LogBlueprintUserMessages: [LEGIONER_BP_C_0] THEY SEE PLAYER
[2018.09.03-09.29.08:739][271]LogBlueprintUserMessages: [LEGIONER_BP_C_1] THEY SEE PLAYER
[2018.09.03-09.29.09:251][296]LogBlueprintUserMessages: [LEGIONER_BP_C_1] THEY SEE PLAYER
[2018.09.03-09.29.09:761][321]LogBlueprintUserMessages: [LEGIONER_BP_C_1] THEY SEE PLAYER
[2018.09.03-09.29.09:761][321]LogBlueprintUserMessages: [LEGIONER_BP_C_0] THEY SEE PLAYER
[2018.09.03-09.29.10:270][346]LogBlueprintUserMessages: [LEGIONER_BP_C_1] THEY SEE PLAYER
[2018.09.03-09.29.10:784][371]LogBlueprintUserMessages: [LEGIONER_BP_C_1] THEY SEE PLAYER
[2018.09.03-09.29.10:784][371]LogBlueprintUserMessages: [LEGIONER_BP_C_0] THEY SEE PLAYER
[2018.09.03-09.29.11:804][421]LogBlueprintUserMessages: [LEGIONER_BP_C_1] THEY SEE PLAYER
[2018.09.03-09.29.11:804][421]LogBlueprintUserMessages: [LEGIONER_BP_C_0] THEY SEE PLAYER
[2018.09.03-09.29.12:317][446]LogBlueprintUserMessages: [LEGIONER_BP_C_1] THEY SEE PLAYER
[2018.09.03-09.29.12:317][446]LogBlueprintUserMessages: [LEGIONER_BP_C_0] THEY SEE PLAYER
[2018.09.03-09.29.12:709][465]LogUObjectGlobals: Destroyed PersistentFrame Addr=0x0000018be1c55518, Size=8
[2018.09.03-09.29.12:709][465]LogUObjectGlobals: Destroyed PersistentFrame Addr=0x0000018be0d32a40, Size=176
[2018.09.03-09.29.12:709][465]LogUObjectGlobals: Destroyed PersistentFrame Addr=0x0000018be0e706c0, Size=32
[2018.09.03-09.29.12:709][465]LogUObjectGlobals: Destroyed PersistentFrame Addr=0x0000018be0cbb200, Size=1176
[2018.09.03-09.29.12:709][465]LogUObjectGlobals: Destroyed PersistentFrame Addr=0x0000018be02c0a00, Size=172
[2018.09.03-09.29.12:709][465]LogUObjectGlobals: Destroyed PersistentFrame Addr=0x0000018be0d32ec0, Size=172
[2018.09.03-09.29.12:709][465]LogUObjectGlobals: Destroyed PersistentFrame Addr=0x0000018be10e0540, Size=64
[2018.09.03-09.29.12:709][465]LogUObjectGlobals: Destroyed PersistentFrame Addr=0x0000018be034cc40, Size=88
[2018.09.03-09.29.12:709][465]LogUObjectGlobals: Destroyed PersistentFrame Addr=0x0000018be054e5c0, Size=288
[2018.09.03-09.29.12:709][465]LogUObjectGlobals: Destroyed PersistentFrame Addr=0x0000018be0ceab00, Size=448
[2018.09.03-09.29.12:709][465]LogUObjectGlobals: Destroyed PersistentFrame Addr=0x0000018be02c0dc0, Size=164
[2018.09.03-09.29.12:709][465]LogUObjectGlobals: Destroyed PersistentFrame Addr=0x0000018be0caa080, Size=3344
[2018.09.03-09.29.12:709][465]LogUObjectGlobals: Destroyed PersistentFrame Addr=0x0000018be054da80, Size=288
[2018.09.03-09.29.12:709][465]LogUObjectGlobals: Destroyed PersistentFrame Addr=0x0000018be0398e00, Size=248
[2018.09.03-09.29.12:709][465]LogUObjectGlobals: Destroyed PersistentFrame Addr=0x0000018be034d3c0, Size=88
[2018.09.03-09.29.12:709][465]LogUObjectGlobals: Destroyed PersistentFrame Addr=0x0000018be0398d00, Size=248
[2018.09.03-09.29.12:709][465]LogUObjectGlobals: Destroyed PersistentFrame Addr=0x0000018be0398c00, Size=256
[2018.09.03-09.29.12:709][465]LogUObjectGlobals: Destroyed PersistentFrame Addr=0x0000018be0398a00, Size=256
[2018.09.03-09.29.12:709][465]LogUObjectGlobals: Destroyed PersistentFrame Addr=0x0000018be034cdc0, Size=88
[2018.09.03-09.29.12:710][465]LogUObjectGlobals: Destroyed PersistentFrame Addr=0x0000018be0cab040, Size=2768
[2018.09.03-09.29.12:710][465]LogUObjectGlobals: Destroyed PersistentFrame Addr=0x0000018be054dbc0, Size=288
[2018.09.03-09.29.12:710][465]LogUObjectGlobals: Destroyed PersistentFrame Addr=0x0000018be034d420, Size=96
[2018.09.03-09.29.12:710][465]LogUObjectGlobals: Destroyed PersistentFrame Addr=0x0000018be0dfbc80, Size=64
[2018.09.03-09.29.12:710][465]LogUObjectGlobals: Destroyed PersistentFrame Addr=0x0000018be0e704e0, Size=32
[2018.09.03-09.29.12:710][465]LogUObjectGlobals: Destroyed PersistentFrame Addr=0x0000018be0e33cc8, Size=4
[2018.09.03-09.29.12:710][465]LogUObjectGlobals: Destroyed PersistentFrame Addr=0x0000018be0d68980, Size=64
[2018.09.03-09.29.12:710][465]LogUObjectGlobals: Destroyed PersistentFrame Addr=0x0000018be02c6940, Size=56
[2018.09.03-09.29.12:710][465]LogUObjectGlobals: Destroyed PersistentFrame Addr=0x0000018be02c68d0, Size=56
[2018.09.03-09.29.12:710][465]LogUObjectGlobals: Destroyed PersistentFrame Addr=0x0000018be0d4ffe0, Size=16
[2018.09.03-09.29.12:710][465]LogUObjectGlobals: Destroyed PersistentFrame Addr=0x0000018be0e33d20, Size=8
[2018.09.03-09.29.12:710][465]LogUObjectGlobals: Destroyed PersistentFrame Addr=0x0000018be0d68480, Size=64
[2018.09.03-09.29.12:710][465]LogUObjectGlobals: Destroyed PersistentFrame Addr=0x0000018be0d328c0, Size=180
[2018.09.03-09.29.12:710][465]LogUObjectGlobals: Destroyed PersistentFrame Addr=0x0000018be0f5ba10, Size=40
[2018.09.03-09.29.12:710][465]LogUObjectGlobals: Destroyed PersistentFrame Addr=0x0000018be0f80f88, Size=24
[2018.09.03-09.29.12:710][465]LogUObjectGlobals: Destroyed PersistentFrame Addr=0x0000018be0f80f58, Size=24
[2018.09.03-09.29.12:710][465]LogUObjectGlobals: Destroyed PersistentFrame Addr=0x0000018be0f80f28, Size=24
[2018.09.03-09.29.12:710][465]LogUObjectGlobals: Destroyed PersistentFrame Addr=0x0000018be0f5b9c0, Size=40
[2018.09.03-09.29.12:710][465]LogUObjectGlobals: Destroyed PersistentFrame Addr=0x0000018be0e33b18, Size=4
[2018.09.03-09.29.12:710][465]LogUObjectGlobals: Destroyed PersistentFrame Addr=0x0000018be0d33e80, Size=164
[2018.09.03-09.29.12:710][465]LogUObjectGlobals: Destroyed PersistentFrame Addr=0x0000018be111bbe0, Size=48
[2018.09.03-09.29.12:710][465]LogUObjectGlobals: Destroyed PersistentFrame Addr=0x0000018be02c6860, Size=56
[2018.09.03-09.29.12:710][465]LogUObjectGlobals: Destroyed PersistentFrame Addr=0x0000018be0f81060, Size=24
[2018.09.03-09.29.12:710][465]LogUObjectGlobals: Destroyed PersistentFrame Addr=0x0000018bdfd7f440, Size=64
[2018.09.03-09.29.12:710][465]LogUObjectGlobals: Destroyed PersistentFrame Addr=0x0000018be0d4fa50, Size=12
[2018.09.03-09.29.12:710][465]LogUObjectGlobals: Destroyed PersistentFrame Addr=0x0000018be111bd30, Size=48
[2018.09.03-09.29.12:830][471]LogBlueprintUserMessages: [LEGIONER_BP_C_0] THEY SEE PLAYER
[2018.09.03-09.29.12:830][471]LogBlueprintUserMessages: [LEGIONER_BP_C_1] THEY SEE PLAYER
[2018.09.03-09.29.13:331][495]LogBlueprintUserMessages: [LEGIONER_BP_C_1] THEY SEE PLAYER
[2018.09.03-09.29.13:838][518]LogBlueprintUserMessages: [LEGIONER_BP_C_1] THEY SEE PLAYER
[2018.09.03-09.29.14:860][561]LogBlueprintUserMessages: [LEGIONER_BP_C_0] THEY SEE PLAYER
[2018.09.03-09.29.14:860][561]LogBlueprintUserMessages: [LEGIONER_BP_C_1] THEY SEE PLAYER
[2018.09.03-09.29.15:361][582]LogBlueprintUserMessages: [LEGIONER_BP_C_0] THEY SEE PLAYER
[2018.09.03-09.29.15:361][582]LogBlueprintUserMessages: [LEGIONER_BP_C_1] THEY SEE PLAYER
[2018.09.03-09.29.16:402][623]LogBlueprintUserMessages: [LEGIONER_BP_C_0] THEY SEE PLAYER
[2018.09.03-09.29.16:914][643]LogBlueprintUserMessages: [LEGIONER_BP_C_0] THEY SEE PLAYER
[2018.09.03-09.29.16:914][643]LogBlueprintUserMessages: [LEGIONER_BP_C_1] THEY SEE PLAYER
[2018.09.03-09.29.17:425][663]LogBlueprintUserMessages: [LEGIONER_BP_C_0] THEY SEE PLAYER
[2018.09.03-09.29.17:936][683]LogBlueprintUserMessages: [LEGIONER_BP_C_1] THEY SEE PLAYER
[2018.09.03-09.29.18:984][723]LogBlueprintUserMessages: [LEGIONER_BP_C_1] THEY SEE PLAYER
[2018.09.03-09.29.19:485][742]LogBlueprintUserMessages: [LEGIONER_BP_C_0] THEY SEE PLAYER
[2018.09.03-09.29.19:486][742]LogBlueprintUserMessages: [LEGIONER_BP_C_1] THEY SEE PLAYER
[2018.09.03-09.29.20:006][762]LogBlueprintUserMessages: [LEGIONER_BP_C_1] THEY SEE PLAYER
[2018.09.03-09.29.20:512][783]LogBlueprintUserMessages: [LEGIONER_BP_C_1] THEY SEE PLAYER
[2018.09.03-09.29.21:030][804]LogBlueprintUserMessages: [LEGIONER_BP_C_1] THEY SEE PLAYER
[2018.09.03-09.29.22:071][846]LogBlueprintUserMessages: [LEGIONER_BP_C_1] THEY SEE PLAYER
[2018.09.03-09.29.22:595][867]LogBlueprintUserMessages: [LEGIONER_BP_C_1] THEY SEE PLAYER
[2018.09.03-09.29.23:605][907]LogBlueprintUserMessages: [LEGIONER_BP_C_1] THEY SEE PLAYER
[2018.09.03-09.29.24:124][926]LogBlueprintUserMessages: [LEGIONER_BP_C_1] THEY SEE PLAYER
[2018.09.03-09.29.24:648][944]LogBlueprintUserMessages: [LEGIONER_BP_C_1] THEY SEE PLAYER
[2018.09.03-09.29.25:164][962]LogBlueprintUserMessages: [LEGIONER_BP_C_1] THEY SEE PLAYER
[2018.09.03-09.29.26:190][  0]LogBlueprintUserMessages: [LEGIONER_BP_C_1] THEY SEE PLAYER
[2018.09.03-09.29.26:696][ 19]LogBlueprintUserMessages: [LEGIONER_BP_C_1] THEY SEE PLAYER
[2018.09.03-09.29.27:208][ 39]LogBlueprintUserMessages: [LEGIONER_BP_C_1] THEY SEE PLAYER
[2018.09.03-09.29.27:730][ 61]LogBlueprintUserMessages: [LEGIONER_BP_C_1] THEY SEE PLAYER
[2018.09.03-09.29.28:241][ 84]LogBlueprintUserMessages: [LEGIONER_BP_C_1] THEY SEE PLAYER
[2018.09.03-09.29.28:743][108]LogBlueprintUserMessages: [LEGIONER_BP_C_1] THEY SEE PLAYER
[2018.09.03-09.29.29:253][134]LogBlueprintUserMessages: [LEGIONER_BP_C_1] THEY SEE PLAYER
[2018.09.03-09.29.29:763][162]LogBlueprintUserMessages: [LEGIONER_BP_C_1] THEY SEE PLAYER
[2018.09.03-09.29.30:273][192]LogBlueprintUserMessages: [LEGIONER_BP_C_1] THEY SEE PLAYER
[2018.09.03-09.29.30:790][220]LogBlueprintUserMessages: [LEGIONER_BP_C_1] THEY SEE PLAYER
[2018.09.03-09.29.31:298][246]LogBlueprintUserMessages: [LEGIONER_BP_C_1] THEY SEE PLAYER
[2018.09.03-09.29.31:797][272]LogBlueprintUserMessages: [LEGIONER_BP_C_1] THEY SEE PLAYER
[2018.09.03-09.29.32:300][298]LogBlueprintUserMessages: [LEGIONER_BP_C_1] THEY SEE PLAYER
[2018.09.03-09.29.32:816][325]LogBlueprintUserMessages: [LEGIONER_BP_C_1] THEY SEE PLAYER
[2018.09.03-09.29.33:322][351]LogBlueprintUserMessages: [LEGIONER_BP_C_1] THEY SEE PLAYER
[2018.09.03-09.29.33:823][375]LogBlueprintUserMessages: [LEGIONER_BP_C_1] THEY SEE PLAYER
[2018.09.03-09.29.34:339][398]LogBlueprintUserMessages: [LEGIONER_BP_C_1] THEY SEE PLAYER
[2018.09.03-09.29.34:853][419]LogBlueprintUserMessages: [LEGIONER_BP_C_1] THEY SEE PLAYER
[2018.09.03-09.29.35:376][438]LogBlueprintUserMessages: [LEGIONER_BP_C_1] THEY SEE PLAYER
[2018.09.03-09.29.35:885][456]LogBlueprintUserMessages: [LEGIONER_BP_C_1] THEY SEE PLAYER
[2018.09.03-09.29.36:400][473]LogBlueprintUserMessages: [LEGIONER_BP_C_1] THEY SEE PLAYER
[2018.09.03-09.29.36:931][489]LogBlueprintUserMessages: [LEGIONER_BP_C_1] THEY SEE PLAYER
[2018.09.03-09.31.57:223][  2]Closing by request
[2018.09.03-09.31.57:223][  2]LogWindows: FPlatformMisc::RequestExit(0)
[2018.09.03-09.31.58:051][  3]LogSlate: Window 'farmerVSzombies (64-bit, PCD3D_SM5) ' being destroyed
[2018.09.03-09.31.58:052][  3]LogWindowsTextInputMethodSystem: Display: IME system now deactivated.
[2018.09.03-09.31.58:125][  3]LogSlate: Slate User Destroyed.  User Index 0, Is Virtual User: 0
[2018.09.03-09.31.58:129][  3]LogExit: Preparing to exit.
[2018.09.03-09.31.58:129][  3]LogMoviePlayer: Shutting down movie player
