Log file open, 09/07/18 20:13:28
LogWindows: Failed to load 'aqProf.dll' (GetLastError=126)
LogWindows: File 'aqProf.dll' does not exist
LogWindows: Failed to load 'VtuneApi.dll' (GetLastError=126)
LogWindows: File 'VtuneApi.dll' does not exist
LogWindows: Failed to load 'VtuneApi32e.dll' (GetLastError=126)
LogWindows: File 'VtuneApi32e.dll' does not exist
LogInit: Display: Running engine for game: farmerVSzombies
LogPlatformFile: Not using cached read wrapper
LogInit: Display: RandInit(-1093964256) SRandInit(-1093964256).
LogInit: Read version file with build ID '3944462'
LogInit: Overriding engine version to CL 4033788, compatible CL 3944462
LogInit: Registered custom module enumerator with build ID '3944462'
LogTaskGraph: Started task graph with 5 named threads and 35 total threads with 3 sets of task threads.
LogStats: Stats thread started at 0.399133
LogD3D11RHI: Aftermath initialized
LogICUInternationalization: Display: ICU TimeZone Detection - Raw Offset: -5:00, Platform Override: ''
LogModuleManager: Display: Found up-to-date module file ../../../Engine/Plugins/2D/Paper2D/Binaries/Win64/UE4Editor-Paper2D.dll (API version 3944462).
LogModuleManager: Display: Found up-to-date module file ../../../Engine/Plugins/2D/Paper2D/Binaries/Win64/UE4Editor-Paper2DEditor.dll (API version 3944462).
LogModuleManager: Display: Found up-to-date module file ../../../Engine/Plugins/2D/Paper2D/Binaries/Win64/UE4Editor-PaperSpriteSheetImporter.dll (API version 3944462).
LogModuleManager: Display: Found up-to-date module file ../../../Engine/Plugins/2D/Paper2D/Binaries/Win64/UE4Editor-PaperTiledImporter.dll (API version 3944462).
LogModuleManager: Display: Found up-to-date module file ../../../Engine/Plugins/2D/Paper2D/Binaries/Win64/UE4Editor-SmartSnapping.dll (API version 3944462).
LogModuleManager: Display: Found up-to-date module file ../../../Engine/Plugins/Blendables/LightPropagationVolume/Binaries/Win64/UE4Editor-LightPropagationVolumeRuntime.dll (API version 3944462).
LogModuleManager: Display: Found up-to-date module file ../../../Engine/Plugins/Blendables/LightPropagationVolume/Binaries/Win64/UE4Editor-LightPropagationVolumeEditor.dll (API version 3944462).
LogModuleManager: Display: Found up-to-date module file ../../../Engine/Plugins/Developer/CLionSourceCodeAccess/Binaries/Win64/UE4Editor-CLionSourceCodeAccess.dll (API version 3944462).
LogModuleManager: Display: Found up-to-date module file ../../../Engine/Plugins/Developer/GitSourceControl/Binaries/Win64/UE4Editor-GitSourceControl.dll (API version 3944462).
LogModuleManager: Display: Found up-to-date module file ../../../Engine/Plugins/Developer/PerforceSourceControl/Binaries/Win64/UE4Editor-PerforceSourceControl.dll (API version 3944462).
LogModuleManager: Display: Found up-to-date module file ../../../Engine/Plugins/Developer/SubversionSourceControl/Binaries/Win64/UE4Editor-SubversionSourceControl.dll (API version 3944462).
LogModuleManager: Display: Found up-to-date module file ../../../Engine/Plugins/Developer/UObjectPlugin/Binaries/Win64/UE4Editor-UObjectPlugin.dll (API version 3944462).
LogModuleManager: Display: Found up-to-date module file ../../../Engine/Plugins/Developer/VisualStudioCodeSourceCodeAccess/Binaries/Win64/UE4Editor-VisualStudioCodeSourceCodeAccess.dll (API version 3944462).
LogModuleManager: Display: Found up-to-date module file ../../../Engine/Plugins/Developer/VisualStudioSourceCodeAccess/Binaries/Win64/UE4Editor-VisualStudioSourceCodeAccess.dll (API version 3944462).
LogModuleManager: Display: Found up-to-date module file ../../../Engine/Plugins/Editor/AssetManagerEditor/Binaries/Win64/UE4Editor-AssetManagerEditor.dll (API version 3944462).
LogModuleManager: Display: Found up-to-date module file ../../../Engine/Plugins/Editor/CryptoKeys/Binaries/Win64/UE4Editor-CryptoKeys.dll (API version 3944462).
LogModuleManager: Display: Found up-to-date module file ../../../Engine/Plugins/Editor/CryptoKeys/Binaries/Win64/UE4Editor-CryptoKeysOpenSSL.dll (API version 3944462).
LogModuleManager: Display: Found up-to-date module file ../../../Engine/Plugins/Editor/DataValidation/Binaries/Win64/UE4Editor-DataValidation.dll (API version 3944462).
LogModuleManager: Display: Found up-to-date module file ../../../Engine/Plugins/Editor/FacialAnimation/Binaries/Win64/UE4Editor-FacialAnimation.dll (API version 3944462).
LogModuleManager: Display: Found up-to-date module file ../../../Engine/Plugins/Editor/FacialAnimation/Binaries/Win64/UE4Editor-FacialAnimationEditor.dll (API version 3944462).
LogModuleManager: Display: Found up-to-date module file ../../../Engine/Plugins/Editor/GameplayTagsEditor/Binaries/Win64/UE4Editor-GameplayTagsEditor.dll (API version 3944462).
LogModuleManager: Display: Found up-to-date module file ../../../Engine/Plugins/Editor/MobileLauncherProfileWizard/Binaries/Win64/UE4Editor-MobileLauncherProfileWizard.dll (API version 3944462).
LogModuleManager: Display: Found up-to-date module file ../../../Engine/Plugins/Editor/PluginBrowser/Binaries/Win64/UE4Editor-PluginBrowser.dll (API version 3944462).
LogModuleManager: Display: Found up-to-date module file ../../../Engine/Plugins/Editor/SpeedTreeImporter/Binaries/Win64/UE4Editor-SpeedTreeImporter.dll (API version 3944462).
LogModuleManager: Display: Found up-to-date module file ../../../Engine/Plugins/Enterprise/DatasmithContent/Binaries/Win64/UE4Editor-DatasmithContent.dll (API version 3944462).
LogModuleManager: Display: Found up-to-date module file ../../../Engine/Plugins/Experimental/AlembicImporter/Binaries/Win64/UE4Editor-AlembicImporter.dll (API version 3944462).
LogModuleManager: Display: Found up-to-date module file ../../../Engine/Plugins/Experimental/AlembicImporter/Binaries/Win64/UE4Editor-AlembicLibrary.dll (API version 3944462).
LogModuleManager: Display: Found up-to-date module file ../../../Engine/Plugins/Experimental/CharacterAI/Binaries/Win64/UE4Editor-CharacterAI.dll (API version 3944462).
LogModuleManager: Display: Found up-to-date module file ../../../Engine/Plugins/Experimental/HTML5Networking/Binaries/Win64/UE4Editor-HTML5Networking.dll (API version 3944462).
LogModuleManager: Display: Found up-to-date module file ../../../Engine/Plugins/Media/AndroidMedia/Binaries/Win64/UE4Editor-AndroidMediaEditor.dll (API version 3944462).
LogModuleManager: Display: Found up-to-date module file ../../../Engine/Plugins/Media/AndroidMedia/Binaries/Win64/UE4Editor-AndroidMediaFactory.dll (API version 3944462).
LogModuleManager: Display: Found up-to-date module file ../../../Engine/Plugins/Media/AvfMedia/Binaries/Win64/UE4Editor-AvfMediaEditor.dll (API version 3944462).
LogModuleManager: Display: Found up-to-date module file ../../../Engine/Plugins/Media/AvfMedia/Binaries/Win64/UE4Editor-AvfMediaFactory.dll (API version 3944462).
LogModuleManager: Display: Found up-to-date module file ../../../Engine/Plugins/Media/AvfMedia/Binaries/Win64/UE4Editor-AvfMediaFactory.dll (API version 3944462).
LogModuleManager: Display: Found up-to-date module file ../../../Engine/Plugins/Media/ImgMedia/Binaries/Win64/UE4Editor-ImgMedia.dll (API version 3944462).
LogModuleManager: Display: Found up-to-date module file ../../../Engine/Plugins/Media/ImgMedia/Binaries/Win64/UE4Editor-ImgMediaEditor.dll (API version 3944462).
LogModuleManager: Display: Found up-to-date module file ../../../Engine/Plugins/Media/ImgMedia/Binaries/Win64/UE4Editor-ImgMediaFactory.dll (API version 3944462).
LogModuleManager: Display: Found up-to-date module file ../../../Engine/Plugins/Media/ImgMedia/Binaries/Win64/UE4Editor-ImgMediaFactory.dll (API version 3944462).
LogModuleManager: Display: Found up-to-date module file ../../../Engine/Plugins/Media/ImgMedia/Binaries/Win64/UE4Editor-OpenExrWrapper.dll (API version 3944462).
LogModuleManager: Display: Found up-to-date module file ../../../Engine/Plugins/Media/LinearTimecode/Binaries/Win64/UE4Editor-LinearTimecode.dll (API version 3944462).
LogModuleManager: Display: Found up-to-date module file ../../../Engine/Plugins/Media/MediaCompositing/Binaries/Win64/UE4Editor-MediaCompositing.dll (API version 3944462).
LogModuleManager: Display: Found up-to-date module file ../../../Engine/Plugins/Media/MediaCompositing/Binaries/Win64/UE4Editor-MediaCompositingEditor.dll (API version 3944462).
LogModuleManager: Display: Found up-to-date module file ../../../Engine/Plugins/Media/MediaPlayerEditor/Binaries/Win64/UE4Editor-MediaPlayerEditor.dll (API version 3944462).
LogModuleManager: Display: Found up-to-date module file ../../../Engine/Plugins/Media/WmfMedia/Binaries/Win64/UE4Editor-WmfMedia.dll (API version 3944462).
LogModuleManager: Display: Found up-to-date module file ../../../Engine/Plugins/Media/WmfMedia/Binaries/Win64/UE4Editor-WmfMediaEditor.dll (API version 3944462).
LogModuleManager: Display: Found up-to-date module file ../../../Engine/Plugins/Media/WmfMedia/Binaries/Win64/UE4Editor-WmfMediaFactory.dll (API version 3944462).
LogModuleManager: Display: Found up-to-date module file ../../../Engine/Plugins/Media/WmfMedia/Binaries/Win64/UE4Editor-WmfMediaFactory.dll (API version 3944462).
LogModuleManager: Display: Found up-to-date module file ../../../Engine/Plugins/Messaging/TcpMessaging/Binaries/Win64/UE4Editor-TcpMessaging.dll (API version 3944462).
LogModuleManager: Display: Found up-to-date module file ../../../Engine/Plugins/Messaging/UdpMessaging/Binaries/Win64/UE4Editor-UdpMessaging.dll (API version 3944462).
LogModuleManager: Display: Found up-to-date module file ../../../Engine/Plugins/MovieScene/ActorSequence/Binaries/Win64/UE4Editor-ActorSequence.dll (API version 3944462).
LogModuleManager: Display: Found up-to-date module file ../../../Engine/Plugins/MovieScene/LevelSequenceEditor/Binaries/Win64/UE4Editor-LevelSequenceEditor.dll (API version 3944462).
LogModuleManager: Display: Found up-to-date module file ../../../Engine/Plugins/MovieScene/MatineeToLevelSequence/Binaries/Win64/UE4Editor-MatineeToLevelSequence.dll (API version 3944462).
LogModuleManager: Display: Found up-to-date module file ../../../Engine/Plugins/NetcodeUnitTest/NetcodeUnitTest/Binaries/Win64/UE4Editor-NetcodeUnitTest.dll (API version 3944462).
LogModuleManager: Display: Found up-to-date module file ../../../Engine/Plugins/NetcodeUnitTest/NUTUnrealEngine4/Binaries/Win64/UE4Editor-NUTUnrealEngine4.dll (API version 3944462).
LogModuleManager: Display: Found up-to-date module file ../../../Engine/Plugins/Online/OnlineSubsystem/Binaries/Win64/UE4Editor-OnlineSubsystem.dll (API version 3944462).
LogModuleManager: Display: Found up-to-date module file ../../../Engine/Plugins/Runtime/AndroidPermission/Binaries/Win64/UE4Editor-AndroidPermission.dll (API version 3944462).
LogModuleManager: Display: Found up-to-date module file ../../../Engine/Plugins/Online/OnlineSubsystemNull/Binaries/Win64/UE4Editor-OnlineSubsystemNull.dll (API version 3944462).
LogModuleManager: Display: Found up-to-date module file ../../../Engine/Plugins/Online/OnlineSubsystemUtils/Binaries/Win64/UE4Editor-OnlineSubsystemUtils.dll (API version 3944462).
LogModuleManager: Display: Found up-to-date module file ../../../Engine/Plugins/Online/OnlineSubsystemUtils/Binaries/Win64/UE4Editor-OnlineBlueprintSupport.dll (API version 3944462).
LogModuleManager: Display: Found up-to-date module file ../../../Engine/Plugins/Runtime/AndroidDeviceProfileSelector/Binaries/Win64/UE4Editor-AndroidDeviceProfileSelector.dll (API version 3944462).
LogModuleManager: Display: Found up-to-date module file ../../../Engine/Plugins/Runtime/AppleARKit/Binaries/Win64/UE4Editor-AppleARKit.dll (API version 3944462).
LogModuleManager: Display: Found up-to-date module file ../../../Engine/Plugins/Runtime/ProceduralMeshComponent/Binaries/Win64/UE4Editor-ProceduralMeshComponent.dll (API version 3944462).
LogModuleManager: Display: Found up-to-date module file ../../../Engine/Plugins/Runtime/ProceduralMeshComponent/Binaries/Win64/UE4Editor-ProceduralMeshComponentEditor.dll (API version 3944462).
LogModuleManager: Display: Found up-to-date module file ../../../Engine/Plugins/Animation/LiveLink/Binaries/Win64/UE4Editor-LiveLink.dll (API version 3944462).
LogModuleManager: Display: Found up-to-date module file ../../../Engine/Plugins/Animation/LiveLink/Binaries/Win64/UE4Editor-LiveLinkEditor.dll (API version 3944462).
LogModuleManager: Display: Found up-to-date module file ../../../Engine/Plugins/Runtime/ArchVisCharacter/Binaries/Win64/UE4Editor-ArchVisCharacter.dll (API version 3944462).
LogModuleManager: Display: Found up-to-date module file ../../../Engine/Plugins/Runtime/AudioCapture/Binaries/Win64/UE4Editor-AudioCapture.dll (API version 3944462).
LogModuleManager: Display: Found up-to-date module file ../../../Engine/Plugins/Runtime/AudioCapture/Binaries/Win64/UE4Editor-AudioCaptureEditor.dll (API version 3944462).
LogModuleManager: Display: Found up-to-date module file ../../../Engine/Plugins/Runtime/CableComponent/Binaries/Win64/UE4Editor-CableComponent.dll (API version 3944462).
LogModuleManager: Display: Found up-to-date module file ../../../Engine/Plugins/Runtime/CustomMeshComponent/Binaries/Win64/UE4Editor-CustomMeshComponent.dll (API version 3944462).
LogModuleManager: Display: Found up-to-date module file ../../../Engine/Plugins/Runtime/ExampleDeviceProfileSelector/Binaries/Win64/UE4Editor-ExampleDeviceProfileSelector.dll (API version 3944462).
LogModuleManager: Display: Found up-to-date module file ../../../Engine/Plugins/Runtime/ImmediatePhysics/Binaries/Win64/UE4Editor-ImmediatePhysics.dll (API version 3944462).
LogModuleManager: Display: Found up-to-date module file ../../../Engine/Plugins/Runtime/ImmediatePhysics/Binaries/Win64/UE4Editor-ImmediatePhysicsEditor.dll (API version 3944462).
LogModuleManager: Display: Found up-to-date module file ../../../Engine/Plugins/Runtime/LocationServicesBPLibrary/Binaries/Win64/UE4Editor-LocationServicesBPLibrary.dll (API version 3944462).
LogModuleManager: Display: Found up-to-date module file ../../../Engine/Plugins/Runtime/MobilePatchingUtils/Binaries/Win64/UE4Editor-MobilePatchingUtils.dll (API version 3944462).
LogModuleManager: Display: Found up-to-date module file ../../../Engine/Plugins/Runtime/Oculus/OculusVR/Binaries/Win64/UE4Editor-OculusHMD.dll (API version 3944462).
LogModuleManager: Display: Found up-to-date module file ../../../Engine/Plugins/Runtime/Oculus/OculusVR/Binaries/Win64/UE4Editor-OculusInput.dll (API version 3944462).
LogModuleManager: Display: Found up-to-date module file ../../../Engine/Plugins/Runtime/Oculus/OculusVR/Binaries/Win64/UE4Editor-OculusEditor.dll (API version 3944462).
LogModuleManager: Display: Found up-to-date module file ../../../Engine/Plugins/Runtime/PhysXVehicles/Binaries/Win64/UE4Editor-PhysXVehicles.dll (API version 3944462).
LogModuleManager: Display: Found up-to-date module file ../../../Engine/Plugins/Runtime/PhysXVehicles/Binaries/Win64/UE4Editor-PhysXVehiclesEditor.dll (API version 3944462).
LogModuleManager: Display: Found up-to-date module file ../../../Engine/Plugins/Runtime/RuntimePhysXCooking/Binaries/Win64/UE4Editor-RuntimePhysXCooking.dll (API version 3944462).
LogModuleManager: Display: Found up-to-date module file ../../../Engine/Plugins/Runtime/Steam/SteamVR/Binaries/Win64/UE4Editor-SteamVR.dll (API version 3944462).
LogModuleManager: Display: Found up-to-date module file ../../../Engine/Plugins/Runtime/Steam/SteamVR/Binaries/Win64/UE4Editor-SteamVRController.dll (API version 3944462).
LogModuleManager: Display: Found up-to-date module file ../../../Engine/Plugins/Runtime/WindowsMoviePlayer/Binaries/Win64/UE4Editor-WindowsMoviePlayer.dll (API version 3944462).
LogPluginManager: Mounting plugin Paper2D
LogPluginManager: Mounting plugin LiveLink
LogPluginManager: Mounting plugin LightPropagationVolume
LogPluginManager: Mounting plugin CLionSourceCodeAccess
LogPluginManager: Mounting plugin CodeLiteSourceCodeAccess
LogPluginManager: Mounting plugin GitSourceControl
LogPluginManager: Mounting plugin KDevelopSourceCodeAccess
LogPluginManager: Mounting plugin NullSourceCodeAccess
LogPluginManager: Mounting plugin PerforceSourceControl
LogPluginManager: Mounting plugin SubversionSourceControl
LogPluginManager: Mounting plugin UObjectPlugin
LogPluginManager: Mounting plugin VisualStudioCodeSourceCodeAccess
LogPluginManager: Mounting plugin VisualStudioSourceCodeAccess
LogPluginManager: Mounting plugin XCodeSourceCodeAccess
LogPluginManager: Mounting plugin AssetManagerEditor
LogPluginManager: Mounting plugin CryptoKeys
LogPluginManager: Mounting plugin DataValidation
LogPluginManager: Mounting plugin FacialAnimation
LogPluginManager: Mounting plugin GameplayTagsEditor
LogPluginManager: Mounting plugin MobileLauncherProfileWizard
LogPluginManager: Mounting plugin PluginBrowser
LogPluginManager: Mounting plugin SpeedTreeImporter
LogPluginManager: Mounting plugin DatasmithContent
LogPluginManager: Mounting plugin AlembicImporter
LogPluginManager: Mounting plugin CharacterAI
LogPluginManager: Mounting plugin HTML5Networking
LogPluginManager: Mounting plugin AndroidMedia
LogPluginManager: Mounting plugin AvfMedia
LogPluginManager: Mounting plugin ImgMedia
LogPluginManager: Mounting plugin LinearTimecode
LogPluginManager: Mounting plugin MediaCompositing
LogPluginManager: Mounting plugin MediaPlayerEditor
LogPluginManager: Mounting plugin WmfMedia
LogPluginManager: Mounting plugin TcpMessaging
LogPluginManager: Mounting plugin UdpMessaging
LogPluginManager: Mounting plugin ActorSequence
LogPluginManager: Mounting plugin LevelSequenceEditor
LogPluginManager: Mounting plugin MatineeToLevelSequence
LogPluginManager: Mounting plugin NetcodeUnitTest
LogPluginManager: Mounting plugin NUTUnrealEngine4
LogPluginManager: Mounting plugin OnlineSubsystemGooglePlay
LogPluginManager: Mounting plugin OnlineSubsystemIOS
LogPluginManager: Mounting plugin OnlineSubsystem
LogPluginManager: Mounting plugin OnlineSubsystemNull
LogPluginManager: Mounting plugin OnlineSubsystemUtils
LogPluginManager: Mounting plugin AndroidDeviceProfileSelector
LogPluginManager: Mounting plugin AndroidMoviePlayer
LogPluginManager: Mounting plugin AndroidPermission
LogPluginManager: Mounting plugin AppleARKit
LogPluginManager: Mounting plugin AppleMoviePlayer
LogPluginManager: Mounting plugin ArchVisCharacter
LogPluginManager: Mounting plugin AudioCapture
LogPluginManager: Mounting plugin CableComponent
LogPluginManager: Mounting plugin CustomMeshComponent
LogPluginManager: Mounting plugin ExampleDeviceProfileSelector
LogPluginManager: Mounting plugin GoogleCloudMessaging
LogPluginManager: Mounting plugin ImmediatePhysics
LogPluginManager: Mounting plugin IOSDeviceProfileSelector
LogPluginManager: Mounting plugin LinuxDeviceProfileSelector
LogPluginManager: Mounting plugin LocationServicesBPLibrary
LogPluginManager: Mounting plugin MobilePatchingUtils
LogPluginManager: Mounting plugin OculusVR
LogPluginManager: Plugin shader directory ../../../Engine/Plugins/Runtime/Oculus/OculusVR/Shaders found
LogPluginManager: Mapping shader source directory ../../../Engine/Plugins/Runtime/Oculus/OculusVR/Shaders to virtual directory /Plugin/OculusVR
LogPluginManager: Mounting plugin PhysXVehicles
LogPluginManager: Mounting plugin ProceduralMeshComponent
LogPluginManager: Mounting plugin RuntimePhysXCooking
LogPluginManager: Mounting plugin SteamVR
LogPluginManager: Mounting plugin WindowsMoviePlayer
LogStreaming: Display: Took  0.846s to configure plugins.
LogInit: Using libcurl 7.47.1
LogInit:  - built for x86_64-pc-win32
LogInit:  - supports SSL with OpenSSL/1.0.2g
LogInit:  - supports HTTP deflate (compression) using libz 1.2.8
LogInit:  - other features:
LogInit:      CURL_VERSION_SSL
LogInit:      CURL_VERSION_LIBZ
LogInit:      CURL_VERSION_IPV6
LogInit:      CURL_VERSION_ASYNCHDNS
LogInit:      CURL_VERSION_LARGEFILE
LogInit:      CURL_VERSION_IDN
LogInit:  CurlRequestOptions (configurable via config and command line):
LogInit:  - bVerifyPeer = false  - Libcurl will NOT verify peer certificate
LogInit:  - bUseHttpProxy = false  - Libcurl will NOT use HTTP proxy
LogInit:  - bDontReuseConnections = false  - Libcurl will reuse connections
LogInit:  - CertBundlePath = nullptr  - Libcurl will use whatever was configured at build time.
LogInit:  - MaxHostConnections = 16  - Libcurl will limit the number of connections to a host
LogInit:  - LocalHostAddr = Default
LogInit: WinSock: version 1.1 (2.2), MaxSocks=32767, MaxUdp=65467
LogInit: WinSock: I am DESKTOP-J54LIC6 (10.6.200.123:0)
LogInit: Build: ++UE4+Release-4.19-CL-4033788
LogInit: Engine Version: 4.19.2-4033788+++UE4+Release-4.19
LogInit: Compatible Engine Version: 4.19.0-3944462+++UE4+Release-4.19
LogInit: Net CL: 3944462
LogDevObjectVersion: Number of dev versions registered: 18
LogDevObjectVersion:   Dev-Blueprints (B0D832E4-1F89-4F0D-ACCF-7EB736FD4AA2): 10
LogDevObjectVersion:   Dev-Build (E1C64328-A22C-4D53-A36C-8E866417BD8C): 0
LogDevObjectVersion:   Dev-Core (375EC13C-06E4-48FB-B500-84F0262A717E): 2
LogDevObjectVersion:   Dev-Editor (E4B068ED-F494-42E9-A231-DA0B2E46BB41): 23
LogDevObjectVersion:   Dev-Framework (CFFC743F-43B0-4480-9391-14DF171D2073): 33
LogDevObjectVersion:   Dev-Mobile (B02B49B5-BB20-44E9-A304-32B752E40360): 2
LogDevObjectVersion:   Dev-Networking (A4E4105C-59A1-49B5-A7C5-40C4547EDFEE): 0
LogDevObjectVersion:   Dev-Online (39C831C9-5AE6-47DC-9A44-9C173E1C8E7C): 0
LogDevObjectVersion:   Dev-Physics (78F01B33-EBEA-4F98-B9B4-84EACCB95AA2): 0
LogDevObjectVersion:   Dev-Platform (6631380F-2D4D-43E0-8009-CF276956A95A): 0
LogDevObjectVersion:   Dev-Rendering (12F88B9F-8875-4AFC-A67C-D90C383ABD29): 25
LogDevObjectVersion:   Dev-Sequencer (7B5AE74C-D270-4C10-A958-57980B212A5A): 6
LogDevObjectVersion:   Dev-VR (D7296918-1DD6-4BDD-9DE2-64A83CC13884): 1
LogDevObjectVersion:   Dev-LoadTimes (C2A15278-BFE7-4AFE-6C17-90FF531DF755): 1
LogDevObjectVersion:   Private-Geometry (6EACA3D4-40EC-4CC1-B786-8BED09428FC5): 2
LogDevObjectVersion:   Dev-AnimPhys (29E575DD-E0A3-4627-9D10-D276232CDCEA): 16
LogDevObjectVersion:   Dev-ReflectionCapture (6B266CEC-1EC7-4B8F-A30B-E4D90942FC07): 1
LogDevObjectVersion:   Dev-Automation (0DF73D61-A23F-47EA-B727-89E90C41499A): 1
LogInit: Compiled (64-bit): Apr 27 2018 02:06:57
LogInit: Compiled with Visual C++: 19.00.24215.01
LogInit: Build Configuration: Development
LogInit: Branch Name: ++UE4+Release-4.19
LogInit: Command Line:  /Game/ThirdPersonBP/Levels/Level01 -game -PIEVIACONSOLE -ResX=1280 -ResY=720  -Multiprocess -messaging -SessionName="Play in Standalone Game" -windowed 
LogInit: Base Directory: D:/GameDev/UE4/Epic Games/UE_4.19/Engine/Binaries/Win64/
LogInit: Installed Engine Build: 1
LogStreaming: Display: Took  0.002s to delete old logs.
LogInit: Presizing for max 8388607 objects, including 0 objects not considered by GC, pre-allocating 0 bytes for permanent pool.
LogInit: Object subsystem initialized
[2018.09.08-00.13.30:141][  0]LogInit: Selected Device Profile: [Windows]
[2018.09.08-00.13.30:141][  0]LogInit: Applying CVar settings loaded from the selected device profile: [Windows]
[2018.09.08-00.13.30:147][  0]LogInit: Computer: DESKTOP-J54LIC6
[2018.09.08-00.13.30:147][  0]LogInit: User: Canados
[2018.09.08-00.13.30:147][  0]LogInit: CPU Page size=4096, Cores=6
[2018.09.08-00.13.30:147][  0]LogInit: High frequency timer resolution =2.156252 MHz
[2018.09.08-00.13.30:147][  0]LogMemory: Memory total: Physical=15.9GB (16GB approx)
[2018.09.08-00.13.30:147][  0]LogMemory: Platform Memory Stats for Windows
[2018.09.08-00.13.30:147][  0]LogMemory: Process Physical Memory: 276.79 MB used, 276.79 MB peak
[2018.09.08-00.13.30:147][  0]LogMemory: Process Virtual Memory: 279.61 MB used, 279.61 MB peak
[2018.09.08-00.13.30:147][  0]LogMemory: Physical Memory: 11395.09 MB used,  4847.79 MB free, 16242.87 MB total
[2018.09.08-00.13.30:147][  0]LogMemory: Virtual Memory: 4823.98 MB used,  4847.79 MB free, 134217728.00 MB total
[2018.09.08-00.13.30:568][  0]LogInit: Using OS detected language (en-US).
[2018.09.08-00.13.30:568][  0]LogInit: Using OS detected locale (en-CA).
[2018.09.08-00.13.30:569][  0]LogTextLocalizationManager: No localization for 'en-US' exists, so 'en' will be used for the language.
[2018.09.08-00.13.30:569][  0]LogTextLocalizationManager: No localization for 'en-CA' exists, so 'en' will be used for the locale.
[2018.09.08-00.13.30:950][  0]LogStreaming: Display: Took  0.382s to EndInitTextLocalization.
[2018.09.08-00.13.30:976][  0]LogSlate: New Slate User Created.  User Index 0, Is Virtual User: 0
[2018.09.08-00.13.30:976][  0]LogSlate: Slate User Registered.  User Index 0, Is Virtual User: 0
[2018.09.08-00.13.30:983][  0]LogD3D11RHI: D3D11 adapters:
[2018.09.08-00.13.31:041][  0]LogD3D11RHI:    0. 'NVIDIA GeForce GTX 1060' (Feature Level 11_0)
[2018.09.08-00.13.31:041][  0]LogD3D11RHI:       6061/0/8121 MB DedicatedVideo/DedicatedSystem/SharedSystem, Outputs:1, VendorId:0x10de
[2018.09.08-00.13.31:068][  0]LogD3D11RHI:    1. 'Intel(R) UHD Graphics 630' (Feature Level 11_0)
[2018.09.08-00.13.31:068][  0]LogD3D11RHI:       128/0/8121 MB DedicatedVideo/DedicatedSystem/SharedSystem, Outputs:0, VendorId:0x8086
[2018.09.08-00.13.31:072][  0]LogD3D11RHI:    2. 'Microsoft Basic Render Driver' (Feature Level 11_0)
[2018.09.08-00.13.31:072][  0]LogD3D11RHI:       0/0/8121 MB DedicatedVideo/DedicatedSystem/SharedSystem, Outputs:0, VendorId:0x1414
[2018.09.08-00.13.31:072][  0]LogD3D11RHI: Chosen D3D11 Adapter: 0
[2018.09.08-00.13.31:080][  0]LogD3D11RHI: Creating new Direct3DDevice
[2018.09.08-00.13.31:080][  0]LogD3D11RHI:     GPU DeviceId: 0x1c60 (for the marketing name, search the web for "GPU Device Id")
[2018.09.08-00.13.31:080][  0]LogWindows: EnumDisplayDevices:
[2018.09.08-00.13.31:080][  0]LogWindows:    0. 'NVIDIA GeForce GTX 1060' (P:1 D:1)
[2018.09.08-00.13.31:080][  0]LogWindows:    1. 'NVIDIA GeForce GTX 1060' (P:0 D:0)
[2018.09.08-00.13.31:080][  0]LogWindows:    2. 'NVIDIA GeForce GTX 1060' (P:0 D:0)
[2018.09.08-00.13.31:080][  0]LogWindows:    3. 'NVIDIA GeForce GTX 1060' (P:0 D:0)
[2018.09.08-00.13.31:081][  0]LogWindows:    4. 'Intel(R) UHD Graphics 630' (P:0 D:0)
[2018.09.08-00.13.31:081][  0]LogWindows:    5. 'Intel(R) UHD Graphics 630' (P:0 D:0)
[2018.09.08-00.13.31:081][  0]LogWindows:    6. 'Intel(R) UHD Graphics 630' (P:0 D:0)
[2018.09.08-00.13.31:081][  0]LogWindows: DebugString: GetVideoDriverDetailsInvalid PrimaryIsNotTheChoosenAdapter GetVideoDriverDetailsInvalid PrimaryIsNotTheChoosenAdapter GetVideoDriverDetailsInvalid PrimaryIsNotTheChoosenAdapter GetVideoDriverDetailsInvalid PrimaryIsNotTheChoosenAdapter GetVideoDriverDetailsInvalid PrimaryIsNotTheChoosenAdapter GetVideoDriverDetailsInvalid PrimaryIsNotTheChoosenAdapter GetVideoDriverDetailsInvalid PrimaryIsNotTheChoosenAdapter FoundDriverCount:0 
[2018.09.08-00.13.31:081][  0]LogD3D11RHI:     Adapter Name: NVIDIA GeForce GTX 1060
[2018.09.08-00.13.31:081][  0]LogD3D11RHI:   Driver Version: Unknown (internal:Unknown, unified:Unknown)
[2018.09.08-00.13.31:081][  0]LogD3D11RHI:      Driver Date: Unknown
[2018.09.08-00.13.31:081][  0]LogRHI: Texture pool is 4242 MB (70% of 6061 MB)
[2018.09.08-00.13.31:115][  0]LogD3D11RHI: [Aftermath] Aftermath enabled and primed
[2018.09.08-00.13.31:115][  0]LogD3D11RHI: [Aftermath] Aftermath enabled and primed
[2018.09.08-00.13.31:115][  0]LogD3D11RHI: Async texture creation enabled
[2018.09.08-00.13.31:139][  0]LogD3D11RHI: GPU Timing Frequency: 1000.000000 (Debug: 2 3)
[2018.09.08-00.13.31:184][  0]LogShaderCompilers: Guid format shader working directory is 2 characters bigger than the processId version (../../../../../Unreal_Projects/farmerVSzombies/Intermediate/Shaders/WorkingDirectory/6588/).
[2018.09.08-00.13.31:184][  0]LogShaderCompilers: Cleaned the shader compiler working directory 'C:/Users/Canados/AppData/Local/Temp/UnrealShaderWorkingDir/35E3DE5F49ECB59268075CAE12D2140D/'.
[2018.09.08-00.13.31:406][  0]LogTemp: Display: Loaded TP WindowsClientTargetPlatform
[2018.09.08-00.13.31:419][  0]LogTemp: Display: Loaded TP WindowsNoEditorTargetPlatform
[2018.09.08-00.13.31:433][  0]LogTemp: Display: Loaded TP WindowsServerTargetPlatform
[2018.09.08-00.13.31:450][  0]LogTemp: Display: Loaded TP WindowsTargetPlatform
[2018.09.08-00.13.31:450][  0]LogTargetPlatformManager: Display: Building Assets For Windows
[2018.09.08-00.13.31:560][  0]LogXGEController: Cannot use XGE Controller as Incredibuild is not installed on this machine.
[2018.09.08-00.13.31:560][  0]LogShaderCompilers: Cannot use XGE Shader Compiler as Incredibuild is not installed on this machine.
[2018.09.08-00.13.31:560][  0]LogShaderCompilers: Display: Using Local Shader Compiler.
[2018.09.08-00.13.32:281][  0]LogDerivedDataCache: Display: Max Cache Size: 512 MB
[2018.09.08-00.13.32:339][  0]LogDerivedDataCache: Loaded boot cache 0.06s 74MB C:/Users/Canados/AppData/Local/UnrealEngine/4.19/DerivedDataCache/Boot.ddc.
[2018.09.08-00.13.32:339][  0]LogDerivedDataCache: Display: Loaded Boot cache: C:/Users/Canados/AppData/Local/UnrealEngine/4.19/DerivedDataCache/Boot.ddc
[2018.09.08-00.13.32:339][  0]LogDerivedDataCache: FDerivedDataBackendGraph:  Pak pak cache file ../../../../../Unreal_Projects/farmerVSzombies/DerivedDataCache/DDC.ddp not found, will not use a pak cache.
[2018.09.08-00.13.32:339][  0]LogDerivedDataCache: Unable to find inner node Pak for hierarchical cache Hierarchy.
[2018.09.08-00.13.32:339][  0]LogDerivedDataCache: FDerivedDataBackendGraph:  CompressedPak pak cache file ../../../../../Unreal_Projects/farmerVSzombies/DerivedDataCache/Compressed.ddp not found, will not use a pak cache.
[2018.09.08-00.13.32:339][  0]LogDerivedDataCache: Unable to find inner node CompressedPak for hierarchical cache Hierarchy.
[2018.09.08-00.13.32:353][  0]LogDerivedDataCache: Display: Pak cache opened for reading ../../../Engine/DerivedDataCache/Compressed.ddp.
[2018.09.08-00.13.32:366][  0]LogDerivedDataCache: Using Local data cache path C:/Users/Canados/AppData/Local/UnrealEngine/Common/DerivedDataCache: Writable
[2018.09.08-00.13.32:366][  0]LogDerivedDataCache: Shared data cache path not found in *engine.ini, will not use an Shared cache.
[2018.09.08-00.13.32:366][  0]LogDerivedDataCache: Unable to find inner node Shared for hierarchical cache Hierarchy.
[2018.09.08-00.13.32:376][  0]LogMaterial: Verifying Global Shaders for PCD3D_SM5
[2018.09.08-00.13.32:376][  0]LogSlate: Using Freetype 2.6.0
[2018.09.08-00.13.32:379][  0]LogSlate: SlateFontCache - WITH_FREETYPE: 1, WITH_HARFBUZZ: 1
[2018.09.08-00.13.32:379][  0]LogSlate: SlateFontCache - WITH_FREETYPE: 1, WITH_HARFBUZZ: 1
[2018.09.08-00.13.32:568][  0]LogAssetRegistry: FAssetRegistry took 0.0037 seconds to start up
[2018.09.08-00.13.32:735][  0]LogPackageLocalizationCache: Processed 9 localized package path(s) for 1 prioritized culture(s) in 0.009379 seconds
[2018.09.08-00.13.32:828][  0]LogInit: Selected Device Profile: [Windows]
[2018.09.08-00.13.32:958][  0]LogSimplygon: Simplygon DLL not present - disabling.
[2018.09.08-00.13.32:961][  0]LogMeshReduction: Using SimplygonSwarm for distributed automatic mesh merging
[2018.09.08-00.13.32:961][  0]LogMeshReduction: Using QuadricMeshReduction for automatic static mesh reduction
[2018.09.08-00.13.32:961][  0]LogMeshReduction: No automatic skeletal mesh reduction module available
[2018.09.08-00.13.32:961][  0]LogMeshReduction: No automatic mesh merging module available
[2018.09.08-00.13.32:961][  0]LogMeshMerging: No automatic mesh merging module available
[2018.09.08-00.13.32:989][  0]LogNetVersion: farmerVSzombies , NetCL: 3944462, EngineNetVer: 2, GameNetVer: 0 (Checksum: 3168997086)
[2018.09.08-00.13.33:636][  0]LogMoviePlayer: Initializing movie player
[2018.09.08-00.13.33:931][  0]LogTcpMessaging: Initializing TcpMessaging bridge
[2018.09.08-00.13.33:958][  0]LogUdpMessaging: Initializing bridge on interface 0.0.0.0:0 to multicast group 230.0.0.1:6666.
[2018.09.08-00.13.34:183][  0]SourceControl: Source control is disabled
[2018.09.08-00.13.34:183][  0]SourceControl: Source control is disabled
[2018.09.08-00.13.34:199][  0]SourceControl: Source control is disabled
[2018.09.08-00.13.34:535][  0]LogAndroidPermission: UAndroidPermissionCallbackProxy::GetInstance
[2018.09.08-00.13.34:680][  0]LogOcInput: OculusInput pre-init called
[2018.09.08-00.13.34:717][  0]LogUObjectArray: 40124 objects as part of root set at end of initial load.
[2018.09.08-00.13.34:717][  0]LogUObjectAllocator: 8364208 out of 0 bytes used by permanent object pool.
[2018.09.08-00.13.34:717][  0]LogUObjectArray: CloseDisregardForGC: 0/0 objects in disregard for GC pool
[2018.09.08-00.13.34:770][  0]LogEngine: Initializing Engine...
[2018.09.08-00.13.34:772][  0]LogHMD: Failed to initialize OpenVR with code 110
[2018.09.08-00.13.34:784][  0]LogStats: UGameplayTagsManager::ConstructGameplayTagTree: Construct from data asset -  0.000 s
[2018.09.08-00.13.34:784][  0]LogStats: UGameplayTagsManager::ConstructGameplayTagTree: GameplayTagTreeChangedEvent.Broadcast -  0.000 s
[2018.09.08-00.13.34:965][  0]LogInit: XAudio2 using 'Speakers/Headphones (Realtek(R) Audio)' : 6 channels at 48 kHz using 32 bits per sample (channel mask 0x3f)
[2018.09.08-00.13.35:025][  0]LogInit: FAudioDevice initialized.
[2018.09.08-00.13.35:051][  0]LogInit: Texture streaming: Enabled
[2018.09.08-00.13.35:174][  0]LogInit: Display: Game Engine Initialized.
[2018.09.08-00.13.35:174][  0]LogGameplayTags: Display: UGameplayTagsManager::DoneAddingNativeTags. DelegateIsBound: 0
[2018.09.08-00.13.35:174][  0]LogStats: UGameplayTagsManager::ConstructGameplayTagTree: Construct from data asset -  0.000 s
[2018.09.08-00.13.35:174][  0]LogStats: UGameplayTagsManager::ConstructGameplayTagTree: GameplayTagTreeChangedEvent.Broadcast -  0.000 s
[2018.09.08-00.13.35:261][  0]LogInit: Display: Starting Game.
[2018.09.08-00.13.35:261][  0]LogNet: Browse: /Game/ThirdPersonBP/Levels/Level01?Name=Player
[2018.09.08-00.13.35:261][  0]LogLoad: LoadMap: /Game/ThirdPersonBP/Levels/Level01?Name=Player
[2018.09.08-00.13.35:283][  0]LogUObjectGlobals: Created PersistentFrame Addr=0x000001f4b3b3aa20, Size=224, Default__Level01_C Function /Game/ThirdPersonBP/Levels/Level01.Level01_C:ExecuteUbergraph_Level01
[2018.09.08-00.13.35:289][  0]LogUObjectGlobals: Created PersistentFrame Addr=0x000001f4b3be2b00, Size=2064, Default__ThirdPersonCharacter_C Function /Game/ThirdPersonBP/Character_BP/ThirdPersonCharacter.ThirdPersonCharacter_C:ExecuteUbergraph_ThirdPersonCharacter
[2018.09.08-00.13.35:290][  0]LogUObjectGlobals: Created PersistentFrame Addr=0x000001f4b3b3c9a0, Size=32, Default__ThirdPersonGameMode_C Function /Game/ThirdPersonBP/Character_BP/ThirdPersonGameMode.ThirdPersonGameMode_C:ExecuteUbergraph_ThirdPersonGameMode
[2018.09.08-00.13.35:306][  0]LogUObjectGlobals: Created PersistentFrame Addr=0x000001f4b27cb940, Size=172, Default__COIN_BP_C Function /Game/ThirdPersonBP/Env/Coin/COIN_BP.COIN_BP_C:ExecuteUbergraph_COIN_BP
[2018.09.08-00.13.35:310][  0]LogUObjectGlobals: Created PersistentFrame Addr=0x000001f4b258c4c0, Size=184, Default__BROKEN_FENCE_BP_C Function /Game/ThirdPersonBP/Env/Fence/BROKEN_FENCE_BP.BROKEN_FENCE_BP_C:ExecuteUbergraph_BROKEN_FENCE_BP
[2018.09.08-00.13.35:316][  0]LogUObjectGlobals: Created PersistentFrame Addr=0x000001f4b258e980, Size=172, Default__STAR_BP_C Function /Game/ThirdPersonBP/Env/Star/STAR_BP.STAR_BP_C:ExecuteUbergraph_STAR_BP
[2018.09.08-00.13.35:345][  0]LogUObjectGlobals: Created PersistentFrame Addr=0x000001f4b3762700, Size=72, Default__ANIM_PEASANT_BP_C Function /Game/ThirdPersonBP/Character/Animation/ANIM_PEASANT_BP.ANIM_PEASANT_BP_C:ExecuteUbergraph_ANIM_PEASANT_BP
[2018.09.08-00.13.35:368][  0]LogUObjectGlobals: Created PersistentFrame Addr=0x000001f4a1d9c250, Size=104, Default__WIDJET_MENU_IN_GAME_C Function /Game/ThirdPersonBP/Character_BP/WIDJET_MENU_IN_GAME.WIDJET_MENU_IN_GAME_C:ExecuteUbergraph_WIDJET_MENU_IN_GAME
[2018.09.08-00.13.35:434][  0]LogUObjectGlobals: Created PersistentFrame Addr=0x000001f4a90069a8, Size=40, Default__DAUTHER_BP_C Function /Game/ThirdPersonBP/Character/Dauther/DAUTHER_BP.DAUTHER_BP_C:ExecuteUbergraph_DAUTHER_BP
[2018.09.08-00.13.35:436][  0]LogUObjectGlobals: Created PersistentFrame Addr=0x000001f4a903e538, Size=4, Default__DAUTHER_ANIM_BP_C Function /Game/ThirdPersonBP/Character/Dauther/Amination/DAUTHER_ANIM_BP.DAUTHER_ANIM_BP_C:ExecuteUbergraph_DAUTHER_ANIM_BP
[2018.09.08-00.13.35:447][  0]LogUObjectGlobals: Created PersistentFrame Addr=0x000001f4a9001300, Size=720, Default__MUSCETS_BP_C Function /Game/ThirdPersonBP/Character/Weapon/MUSCETS_BP.MUSCETS_BP_C:ExecuteUbergraph_MUSCETS_BP
[2018.09.08-00.13.35:448][  0]LogUObjectGlobals: Created PersistentFrame Addr=0x000001f4a94b84c0, Size=168, Default__BULLET_BP_C Function /Game/ThirdPersonBP/Character/Weapon/BULLET_BP.BULLET_BP_C:ExecuteUbergraph_BULLET_BP
[2018.09.08-00.13.35:497][  0]LogUObjectGlobals: Created PersistentFrame Addr=0x000001f4b643eb00, Size=208, Default__spawn_point_1_C Function /Game/Enemies/Zombie/spawn_point_1.spawn_point_1_C:ExecuteUbergraph_spawn_point_1
[2018.09.08-00.13.35:498][  0]LogUObjectGlobals: Created PersistentFrame Addr=0x000001f4b640aca0, Size=72, Default__spawn_Legioners_C Function /Game/Enemies/Zombie_Warrior/spawn_Legioners.spawn_Legioners_C:ExecuteUbergraph_spawn_Legioners
[2018.09.08-00.13.35:502][  0]LogUObjectGlobals: Created PersistentFrame Addr=0x000001f4a9136c98, Size=24, Default__ENEMY_BP_C Function /Game/Enemies/ENEMY_BP.ENEMY_BP_C:ExecuteUbergraph_ENEMY_BP
[2018.09.08-00.13.35:504][  0]LogUObjectGlobals: Created PersistentFrame Addr=0x000001f4a90e5980, Size=448, Default__BP_FENCE_C Function /Game/ThirdPersonBP/Env/Fence/BP_FENCE.BP_FENCE_C:ExecuteUbergraph_BP_FENCE
[2018.09.08-00.13.35:518][  0]LogUObjectGlobals: Created PersistentFrame Addr=0x000001f4b37810c0, Size=2752, Default__LEGIONER_BP_C Function /Game/Enemies/Zombie_Warrior/LEGIONER_BP.LEGIONER_BP_C:ExecuteUbergraph_LEGIONER_BP
[2018.09.08-00.13.35:518][  0]LogUObjectGlobals: Created PersistentFrame Addr=0x000001f4a9136d10, Size=24, Default__LEGIONER_BP_C Function /Game/Enemies/ENEMY_BP.ENEMY_BP_C:ExecuteUbergraph_ENEMY_BP
[2018.09.08-00.13.35:525][  0]LogUObjectGlobals: Created PersistentFrame Addr=0x000001f4b3bd56e0, Size=104, Default__ANIM_LEGIONER_BP_C Function /Game/Enemies/Zombie_Warrior/Animation/ANIM_LEGIONER_BP.ANIM_LEGIONER_BP_C:ExecuteUbergraph_ANIM_LEGIONER_BP
[2018.09.08-00.13.35:535][  0]LogUObjectGlobals: Created PersistentFrame Addr=0x000001f4a99b3dc0, Size=64, Default__BARB_SHIELD_BP_C Function /Game/Enemies/Zombie_Warrior/Gear/Shields/Barbarian/BARB_SHIELD_BP.BARB_SHIELD_BP_C:ExecuteUbergraph_BARB_SHIELD_BP
[2018.09.08-00.13.35:543][  0]LogUObjectGlobals: Created PersistentFrame Addr=0x000001f4b60c5f40, Size=32, Default__HELMET_BP_C Function /Game/Enemies/Zombie_Warrior/Gear/Helmet/HELMET_BP.HELMET_BP_C:ExecuteUbergraph_HELMET_BP
[2018.09.08-00.13.35:545][  0]LogUObjectGlobals: Created PersistentFrame Addr=0x000001f4a903d300, Size=4, Default__HELMET2_BP_C Function /Game/Enemies/Zombie_Warrior/Gear/Helmet/HELMET2_BP.HELMET2_BP_C:ExecuteUbergraph_HELMET2_BP
[2018.09.08-00.13.35:549][  0]LogUObjectGlobals: Created PersistentFrame Addr=0x000001f4a99b2100, Size=64, Default__SHIELD3_BP_C Function /Game/Enemies/Zombie_Warrior/Gear/Shields/Macedonian/SHIELD3_BP.SHIELD3_BP_C:ExecuteUbergraph_SHIELD3_BP
[2018.09.08-00.13.35:560][  0]LogUObjectGlobals: Created PersistentFrame Addr=0x000001f4b3bba0f0, Size=56, Default__SHIELD2_BP_C Function /Game/Enemies/Zombie_Warrior/Gear/Shields/SHIELD2_BP.SHIELD2_BP_C:ExecuteUbergraph_SHIELD2_BP
[2018.09.08-00.13.35:566][  0]LogUObjectGlobals: Created PersistentFrame Addr=0x000001f4b3bba4a8, Size=56, Default__SHIELD_BP_C Function /Game/Enemies/Zombie_Warrior/Gear/Shields/SHIELD_BP.SHIELD_BP_C:ExecuteUbergraph_SHIELD_BP
[2018.09.08-00.13.35:578][  0]LogUObjectGlobals: Created PersistentFrame Addr=0x000001f4b5fe3170, Size=16, Default__GLADIUS_BP_C Function /Game/Enemies/Zombie_Warrior/Gear/Sword/GLADIUS_BP.GLADIUS_BP_C:ExecuteUbergraph_GLADIUS_BP
[2018.09.08-00.13.35:734][  0]LogUObjectGlobals: Created PersistentFrame Addr=0x000001f4a3152080, Size=3488, Default__ZOMBIE_BP_C Function /Game/Enemies/Zombie/ZOMBIE_BP.ZOMBIE_BP_C:ExecuteUbergraph_ZOMBIE_BP
[2018.09.08-00.13.35:734][  0]LogUObjectGlobals: Created PersistentFrame Addr=0x000001f4b703b1a8, Size=24, Default__ZOMBIE_BP_C Function /Game/Enemies/ENEMY_BP.ENEMY_BP_C:ExecuteUbergraph_ENEMY_BP
[2018.09.08-00.13.35:736][  0]LogUObjectGlobals: Created PersistentFrame Addr=0x000001f4aee71300, Size=256, Default__CORN_BP_C Function /Game/ThirdPersonBP/Env/Corn/CORN_BP.CORN_BP_C:ExecuteUbergraph_CORN_BP
[2018.09.08-00.13.35:755][  0]LogUObjectGlobals: Created PersistentFrame Addr=0x000001f4b701d7a0, Size=32, Default__RIGHT_SHOE_BP_C Function /Game/Enemies/Zombie/Shoes/RIGHT_SHOE_BP.RIGHT_SHOE_BP_C:ExecuteUbergraph_RIGHT_SHOE_BP
[2018.09.08-00.13.35:796][  0]LogUObjectGlobals: Created PersistentFrame Addr=0x000001f4b743ee60, Size=96, Default__ANIM_ZOMBIE_BP_C Function /Game/Enemies/Zombie/Animation/ANIM_ZOMBIE_BP.ANIM_ZOMBIE_BP_C:ExecuteUbergraph_ANIM_ZOMBIE_BP
[2018.09.08-00.13.35:820][  0]LogUObjectGlobals: Created PersistentFrame Addr=0x000001f4b6c9a200, Size=248, Default__GRASS_BP_C Function /Game/ThirdPersonBP/Env/Grass/GRASS_BP.GRASS_BP_C:ExecuteUbergraph_GRASS_BP
[2018.09.08-00.13.35:826][  0]LogUObjectGlobals: Created PersistentFrame Addr=0x000001f4b6c9a100, Size=248, Default__PEPPER_BP_C Function /Game/ThirdPersonBP/Env/Pepper/PEPPER_BP.PEPPER_BP_C:ExecuteUbergraph_PEPPER_BP
[2018.09.08-00.13.35:833][  0]LogUObjectGlobals: Created PersistentFrame Addr=0x000001f4b6c9a000, Size=256, Default__PUMPKIN_BP_C Function /Game/ThirdPersonBP/Env/Pumpkin/PUMPKIN_BP.PUMPKIN_BP_C:ExecuteUbergraph_PUMPKIN_BP
[2018.09.08-00.13.35:844][  0]LogUObjectGlobals: Created PersistentFrame Addr=0x000001f4b743e320, Size=88, Default__SUNFLOWER_BP_C Function /Game/ThirdPersonBP/Env/Sunflower/SUNFLOWER_BP.SUNFLOWER_BP_C:ExecuteUbergraph_SUNFLOWER_BP
[2018.09.08-00.13.35:850][  0]LogUObjectGlobals: Created PersistentFrame Addr=0x000001f4b6c99900, Size=256, Default__TOMATO_BP_C Function /Game/ThirdPersonBP/Env/Tomato/TOMATO_BP.TOMATO_BP_C:ExecuteUbergraph_TOMATO_BP
[2018.09.08-00.13.35:937][  0]LogUObjectGlobals: Created PersistentFrame Addr=0x000001f4ba663460, Size=24, Default__HAMMER_BP_C Function /Game/ThirdPersonBP/Character/Tools/HAMMER_BP.HAMMER_BP_C:ExecuteUbergraph_HAMMER_BP
[2018.09.08-00.13.36:001][  0]LogUObjectGlobals: Created PersistentFrame Addr=0x000001f4b7035280, Size=8, Default__CRYPT_BP_C Function /Game/ThirdPersonBP/Env/Cemetery/Crypt/CRYPT_BP.CRYPT_BP_C:ExecuteUbergraph_CRYPT_BP
[2018.09.08-00.13.36:054][  0]LogUObjectGlobals: Created PersistentFrame Addr=0x000001f4bb13c740, Size=64, Default__spawn_corn_C Function /Game/ThirdPersonBP/Env/Corn/spawn_corn.spawn_corn_C:ExecuteUbergraph_spawn_corn
[2018.09.08-00.13.36:661][  0]LogUObjectGlobals: Created PersistentFrame Addr=0x000001f4c49bfe40, Size=104, Default__Spawn_FENCE_01_C Function /Game/ThirdPersonBP/Env/Fence/Spawn_FENCE_01.Spawn_FENCE_01_C:ExecuteUbergraph_Spawn_FENCE_01
[2018.09.08-00.13.36:665][  0]LogUObjectGlobals: Created PersistentFrame Addr=0x000001f4c49bfcf0, Size=104, Default__Spawn_FENCE_02_C Function /Game/ThirdPersonBP/Env/Fence/Spawn_FENCE_02.Spawn_FENCE_02_C:ExecuteUbergraph_Spawn_FENCE_02
[2018.09.08-00.13.36:669][  0]LogUObjectGlobals: Created PersistentFrame Addr=0x000001f4c49bfdd0, Size=104, Default__Spawn_FENCE_03_C Function /Game/ThirdPersonBP/Env/Fence/Spawn_FENCE_03.Spawn_FENCE_03_C:ExecuteUbergraph_Spawn_FENCE_03
[2018.09.08-00.13.36:673][  0]LogUObjectGlobals: Created PersistentFrame Addr=0x000001f4c49bf7b0, Size=104, Default__Spawn_FENCE_04_C Function /Game/ThirdPersonBP/Env/Fence/Spawn_FENCE_04.Spawn_FENCE_04_C:ExecuteUbergraph_Spawn_FENCE_04
[2018.09.08-00.13.36:681][  0]LogUObjectGlobals: Created PersistentFrame Addr=0x000001f4c4b0cdb0, Size=40, Default__spawn_point_GRASS_C Function /Game/ThirdPersonBP/Env/Grass/spawn_point_GRASS.spawn_point_GRASS_C:ExecuteUbergraph_spawn_point_GRASS
[2018.09.08-00.13.36:687][  0]LogUObjectGlobals: Created PersistentFrame Addr=0x000001f4c37432d8, Size=4, Default__TREE_BP_C Function /Game/ThirdPersonBP/Env/House/TREE_BP.TREE_BP_C:ExecuteUbergraph_TREE_BP
[2018.09.08-00.13.36:704][  0]LogUObjectGlobals: Created PersistentFrame Addr=0x000001f4c5323c40, Size=164, Default__LEAF_BP_C Function /Game/ThirdPersonBP/Env/Leaf/LEAF_BP.LEAF_BP_C:ExecuteUbergraph_LEAF_BP
[2018.09.08-00.13.36:707][  0]LogUObjectGlobals: Created PersistentFrame Addr=0x000001f4ba3ee5f0, Size=48, Default__spawn_pepper_C Function /Game/ThirdPersonBP/Env/Pepper/spawn_pepper.spawn_pepper_C:ExecuteUbergraph_spawn_pepper
[2018.09.08-00.13.36:710][  0]LogUObjectGlobals: Created PersistentFrame Addr=0x000001f4ba4e9b78, Size=56, Default__spawn_pumpkin_C Function /Game/ThirdPersonBP/Env/Pumpkin/spawn_pumpkin.spawn_pumpkin_C:ExecuteUbergraph_spawn_pumpkin
[2018.09.08-00.13.36:713][  0]LogUObjectGlobals: Created PersistentFrame Addr=0x000001f4c5322740, Size=184, Default__SCARECROW_BP_C Function /Game/ThirdPersonBP/Env/ScareCrow/SCARECROW_BP.SCARECROW_BP_C:ExecuteUbergraph_SCARECROW_BP
[2018.09.08-00.13.36:717][  0]LogUObjectGlobals: Created PersistentFrame Addr=0x000001f4c4699a20, Size=88, Default__spawn_sunflower_C Function /Game/ThirdPersonBP/Env/Sunflower/spawn_sunflower.spawn_sunflower_C:ExecuteUbergraph_spawn_sunflower
[2018.09.08-00.13.36:720][  0]LogUObjectGlobals: Created PersistentFrame Addr=0x000001f4ba3ee1d0, Size=48, Default__spawn_tomatoes_C Function /Game/ThirdPersonBP/Env/Tomato/spawn_tomatoes.spawn_tomatoes_C:ExecuteUbergraph_spawn_tomatoes
[2018.09.08-00.13.36:857][  0]LogUObjectGlobals: Destroyed PersistentFrame Addr=0x000001f4b3bd56e0, Size=104
[2018.09.08-00.13.36:857][  0]LogUObjectGlobals: Created PersistentFrame Addr=0x000001f4c56ae5c0, Size=104, Default__ANIM_LEGIONER_BP_C Function /Engine/Transient.REINST_ANIM_LEGIONER_BP_C_0:ExecuteUbergraph_ANIM_LEGIONER_BP
[2018.09.08-00.13.36:858][  0]LogUObjectGlobals: Destroyed PersistentFrame Addr=0x000001f4b3762700, Size=72
[2018.09.08-00.13.36:858][  0]LogUObjectGlobals: Created PersistentFrame Addr=0x000001f4c58c5a30, Size=72, Default__ANIM_PEASANT_BP_C Function /Engine/Transient.REINST_ANIM_PEASANT_BP_C_1:ExecuteUbergraph_ANIM_PEASANT_BP
[2018.09.08-00.13.36:859][  0]LogUObjectGlobals: Destroyed PersistentFrame Addr=0x000001f4b743ee60, Size=96
[2018.09.08-00.13.36:859][  0]LogUObjectGlobals: Created PersistentFrame Addr=0x000001f4c5c85ba0, Size=96, Default__ANIM_ZOMBIE_BP_C Function /Engine/Transient.REINST_ANIM_ZOMBIE_BP_C_2:ExecuteUbergraph_ANIM_ZOMBIE_BP
[2018.09.08-00.13.36:859][  0]LogUObjectGlobals: Destroyed PersistentFrame Addr=0x000001f4a99b3dc0, Size=64
[2018.09.08-00.13.36:859][  0]LogUObjectGlobals: Created PersistentFrame Addr=0x000001f4c5758940, Size=64, Default__BARB_SHIELD_BP_C Function /Engine/Transient.REINST_BARB_SHIELD_BP_C_7:ExecuteUbergraph_BARB_SHIELD_BP
[2018.09.08-00.13.36:860][  0]LogUObjectGlobals: Destroyed PersistentFrame Addr=0x000001f4b258c4c0, Size=184
[2018.09.08-00.13.36:860][  0]LogUObjectGlobals: Created PersistentFrame Addr=0x000001f4c555bd00, Size=184, Default__BROKEN_FENCE_BP_C Function /Engine/Transient.REINST_BROKEN_FENCE_BP_C_11:ExecuteUbergraph_BROKEN_FENCE_BP
[2018.09.08-00.13.36:861][  0]LogUObjectGlobals: Destroyed PersistentFrame Addr=0x000001f4a94b84c0, Size=168
[2018.09.08-00.13.36:861][  0]LogUObjectGlobals: Created PersistentFrame Addr=0x000001f4c555ba00, Size=168, Default__BULLET_BP_C Function /Engine/Transient.REINST_BULLET_BP_C_13:ExecuteUbergraph_BULLET_BP
[2018.09.08-00.13.36:862][  0]LogUObjectGlobals: Destroyed PersistentFrame Addr=0x000001f4b27cb940, Size=172
[2018.09.08-00.13.36:862][  0]LogUObjectGlobals: Created PersistentFrame Addr=0x000001f4c555b880, Size=172, Default__COIN_BP_C Function /Engine/Transient.REINST_COIN_BP_C_16:ExecuteUbergraph_COIN_BP
[2018.09.08-00.13.36:869][  0]LogUObjectGlobals: Destroyed PersistentFrame Addr=0x000001f4b7035280, Size=8
[2018.09.08-00.13.36:869][  0]LogUObjectGlobals: Created PersistentFrame Addr=0x000001f4c56ab3d8, Size=8, Default__CRYPT_BP_C Function /Engine/Transient.REINST_CRYPT_BP_C_23:ExecuteUbergraph_CRYPT_BP
[2018.09.08-00.13.36:869][  0]LogUObjectGlobals: Destroyed PersistentFrame Addr=0x000001f4a903e538, Size=4
[2018.09.08-00.13.36:869][  0]LogUObjectGlobals: Created PersistentFrame Addr=0x000001f4c56ab3d0, Size=4, Default__DAUTHER_ANIM_BP_C Function /Engine/Transient.REINST_DAUTHER_ANIM_BP_C_3:ExecuteUbergraph_DAUTHER_ANIM_BP
[2018.09.08-00.13.36:870][  0]LogUObjectGlobals: Destroyed PersistentFrame Addr=0x000001f4b5fe3170, Size=16
[2018.09.08-00.13.36:870][  0]LogUObjectGlobals: Created PersistentFrame Addr=0x000001f4c552ffe0, Size=16, Default__GLADIUS_BP_C Function /Engine/Transient.REINST_GLADIUS_BP_C_27:ExecuteUbergraph_GLADIUS_BP
[2018.09.08-00.13.36:870][  0]LogUObjectGlobals: Destroyed PersistentFrame Addr=0x000001f4ba663460, Size=24
[2018.09.08-00.13.36:870][  0]LogUObjectGlobals: Created PersistentFrame Addr=0x000001f4c55ef160, Size=24, Default__HAMMER_BP_C Function /Engine/Transient.REINST_HAMMER_BP_C_29:ExecuteUbergraph_HAMMER_BP
[2018.09.08-00.13.36:870][  0]LogUObjectGlobals: Destroyed PersistentFrame Addr=0x000001f4a903d300, Size=4
[2018.09.08-00.13.36:870][  0]LogUObjectGlobals: Created PersistentFrame Addr=0x000001f4c56ab360, Size=4, Default__HELMET2_BP_C Function /Engine/Transient.REINST_HELMET2_BP_C_30:ExecuteUbergraph_HELMET2_BP
[2018.09.08-00.13.36:870][  0]LogUObjectGlobals: Destroyed PersistentFrame Addr=0x000001f4b60c5f40, Size=32
[2018.09.08-00.13.36:870][  0]LogUObjectGlobals: Created PersistentFrame Addr=0x000001f4c558ba20, Size=32, Default__HELMET_BP_C Function /Engine/Transient.REINST_HELMET_BP_C_31:ExecuteUbergraph_HELMET_BP
[2018.09.08-00.13.36:870][  0]LogUObjectGlobals: Destroyed PersistentFrame Addr=0x000001f4c5323c40, Size=164
[2018.09.08-00.13.36:870][  0]LogUObjectGlobals: Created PersistentFrame Addr=0x000001f4c555b100, Size=164, Default__LEAF_BP_C Function /Engine/Transient.REINST_LEAF_BP_C_33:ExecuteUbergraph_LEAF_BP
[2018.09.08-00.13.36:871][  0]LogUObjectGlobals: Destroyed PersistentFrame Addr=0x000001f4b701d7a0, Size=32
[2018.09.08-00.13.36:871][  0]LogUObjectGlobals: Created PersistentFrame Addr=0x000001f4c558b980, Size=32, Default__RIGHT_SHOE_BP_C Function /Engine/Transient.REINST_RIGHT_SHOE_BP_C_35:ExecuteUbergraph_RIGHT_SHOE_BP
[2018.09.08-00.13.36:871][  0]LogUObjectGlobals: Destroyed PersistentFrame Addr=0x000001f4c5322740, Size=184
[2018.09.08-00.13.36:871][  0]LogUObjectGlobals: Created PersistentFrame Addr=0x000001f4c555ad40, Size=184, Default__SCARECROW_BP_C Function /Engine/Transient.REINST_SCARECROW_BP_C_37:ExecuteUbergraph_SCARECROW_BP
[2018.09.08-00.13.36:871][  0]LogUObjectGlobals: Destroyed PersistentFrame Addr=0x000001f4b3bba0f0, Size=56
[2018.09.08-00.13.36:871][  0]LogUObjectGlobals: Created PersistentFrame Addr=0x000001f4c5abf4d8, Size=56, Default__SHIELD2_BP_C Function /Engine/Transient.REINST_SHIELD2_BP_C_38:ExecuteUbergraph_SHIELD2_BP
[2018.09.08-00.13.36:872][  0]LogUObjectGlobals: Destroyed PersistentFrame Addr=0x000001f4a99b2100, Size=64
[2018.09.08-00.13.36:872][  0]LogUObjectGlobals: Created PersistentFrame Addr=0x000001f4c5486d80, Size=64, Default__SHIELD3_BP_C Function /Engine/Transient.REINST_SHIELD3_BP_C_39:ExecuteUbergraph_SHIELD3_BP
[2018.09.08-00.13.36:872][  0]LogUObjectGlobals: Destroyed PersistentFrame Addr=0x000001f4b3bba4a8, Size=56
[2018.09.08-00.13.36:872][  0]LogUObjectGlobals: Created PersistentFrame Addr=0x000001f4c5abf468, Size=56, Default__SHIELD_BP_C Function /Engine/Transient.REINST_SHIELD_BP_C_40:ExecuteUbergraph_SHIELD_BP
[2018.09.08-00.13.36:872][  0]LogUObjectGlobals: Destroyed PersistentFrame Addr=0x000001f4bb13c740, Size=64
[2018.09.08-00.13.36:872][  0]LogUObjectGlobals: Created PersistentFrame Addr=0x000001f4c5486800, Size=64, Default__spawn_corn_C Function /Engine/Transient.REINST_spawn_corn_C_41:ExecuteUbergraph_spawn_corn
[2018.09.08-00.13.36:872][  0]LogUObjectGlobals: Destroyed PersistentFrame Addr=0x000001f4c49bfe40, Size=104
[2018.09.08-00.13.36:872][  0]LogUObjectGlobals: Created PersistentFrame Addr=0x000001f4c56ae550, Size=104, Default__Spawn_FENCE_01_C Function /Engine/Transient.REINST_Spawn_FENCE_01_C_42:ExecuteUbergraph_Spawn_FENCE_01
[2018.09.08-00.13.36:873][  0]LogUObjectGlobals: Destroyed PersistentFrame Addr=0x000001f4c49bfcf0, Size=104
[2018.09.08-00.13.36:873][  0]LogUObjectGlobals: Created PersistentFrame Addr=0x000001f4c56ae4e0, Size=104, Default__Spawn_FENCE_02_C Function /Engine/Transient.REINST_Spawn_FENCE_02_C_43:ExecuteUbergraph_Spawn_FENCE_02
[2018.09.08-00.13.36:873][  0]LogUObjectGlobals: Destroyed PersistentFrame Addr=0x000001f4c49bfdd0, Size=104
[2018.09.08-00.13.36:873][  0]LogUObjectGlobals: Created PersistentFrame Addr=0x000001f4c56ae470, Size=104, Default__Spawn_FENCE_03_C Function /Engine/Transient.REINST_Spawn_FENCE_03_C_44:ExecuteUbergraph_Spawn_FENCE_03
[2018.09.08-00.13.36:873][  0]LogUObjectGlobals: Destroyed PersistentFrame Addr=0x000001f4c49bf7b0, Size=104
[2018.09.08-00.13.36:873][  0]LogUObjectGlobals: Created PersistentFrame Addr=0x000001f4c56ae400, Size=104, Default__Spawn_FENCE_04_C Function /Engine/Transient.REINST_Spawn_FENCE_04_C_45:ExecuteUbergraph_Spawn_FENCE_04
[2018.09.08-00.13.36:873][  0]LogUObjectGlobals: Destroyed PersistentFrame Addr=0x000001f4b640aca0, Size=72
[2018.09.08-00.13.36:873][  0]LogUObjectGlobals: Created PersistentFrame Addr=0x000001f4c549c6d0, Size=72, Default__spawn_Legioners_C Function /Engine/Transient.REINST_spawn_Legioners_C_46:ExecuteUbergraph_spawn_Legioners
[2018.09.08-00.13.36:874][  0]LogUObjectGlobals: Destroyed PersistentFrame Addr=0x000001f4ba3ee5f0, Size=48
[2018.09.08-00.13.36:874][  0]LogUObjectGlobals: Created PersistentFrame Addr=0x000001f4aee767d0, Size=48, Default__spawn_pepper_C Function /Engine/Transient.REINST_spawn_pepper_C_47:ExecuteUbergraph_spawn_pepper
[2018.09.08-00.13.36:874][  0]LogUObjectGlobals: Destroyed PersistentFrame Addr=0x000001f4b643eb00, Size=208
[2018.09.08-00.13.36:874][  0]LogUObjectGlobals: Created PersistentFrame Addr=0x000001f4c5466940, Size=208, Default__spawn_point_1_C Function /Engine/Transient.REINST_spawn_point_1_C_48:ExecuteUbergraph_spawn_point_1
[2018.09.08-00.13.36:874][  0]LogUObjectGlobals: Destroyed PersistentFrame Addr=0x000001f4c4b0cdb0, Size=40
[2018.09.08-00.13.36:874][  0]LogUObjectGlobals: Created PersistentFrame Addr=0x000001f4c59c5418, Size=40, Default__spawn_point_GRASS_C Function /Engine/Transient.REINST_spawn_point_GRASS_C_49:ExecuteUbergraph_spawn_point_GRASS
[2018.09.08-00.13.36:874][  0]LogUObjectGlobals: Destroyed PersistentFrame Addr=0x000001f4ba4e9b78, Size=56
[2018.09.08-00.13.36:874][  0]LogUObjectGlobals: Created PersistentFrame Addr=0x000001f4c5abf3f8, Size=56, Default__spawn_pumpkin_C Function /Engine/Transient.REINST_spawn_pumpkin_C_50:ExecuteUbergraph_spawn_pumpkin
[2018.09.08-00.13.36:874][  0]LogUObjectGlobals: Destroyed PersistentFrame Addr=0x000001f4c4699a20, Size=88
[2018.09.08-00.13.36:874][  0]LogUObjectGlobals: Created PersistentFrame Addr=0x000001f4c5c85240, Size=88, Default__spawn_sunflower_C Function /Engine/Transient.REINST_spawn_sunflower_C_51:ExecuteUbergraph_spawn_sunflower
[2018.09.08-00.13.36:875][  0]LogUObjectGlobals: Destroyed PersistentFrame Addr=0x000001f4ba3ee1d0, Size=48
[2018.09.08-00.13.36:875][  0]LogUObjectGlobals: Created PersistentFrame Addr=0x000001f4aee77ac0, Size=48, Default__spawn_tomatoes_C Function /Engine/Transient.REINST_spawn_tomatoes_C_52:ExecuteUbergraph_spawn_tomatoes
[2018.09.08-00.13.36:875][  0]LogUObjectGlobals: Destroyed PersistentFrame Addr=0x000001f4b258e980, Size=172
[2018.09.08-00.13.36:875][  0]LogUObjectGlobals: Created PersistentFrame Addr=0x000001f4c5559c00, Size=172, Default__STAR_BP_C Function /Engine/Transient.REINST_STAR_BP_C_54:ExecuteUbergraph_STAR_BP
[2018.09.08-00.13.36:876][  0]LogUObjectGlobals: Destroyed PersistentFrame Addr=0x000001f4c37432d8, Size=4
[2018.09.08-00.13.36:876][  0]LogUObjectGlobals: Created PersistentFrame Addr=0x000001f4c56ab1b0, Size=4, Default__TREE_BP_C Function /Engine/Transient.REINST_TREE_BP_C_59:ExecuteUbergraph_TREE_BP
[2018.09.08-00.13.36:876][  0]LogUObjectGlobals: Destroyed PersistentFrame Addr=0x000001f4a90e5980, Size=448
[2018.09.08-00.13.36:877][  0]LogUObjectGlobals: Created PersistentFrame Addr=0x000001f4c5445600, Size=448, Default__BP_FENCE_C Function /Engine/Transient.REINST_BP_FENCE_C_62:ExecuteUbergraph_BP_FENCE
[2018.09.08-00.13.36:877][  0]LogUObjectGlobals: Destroyed PersistentFrame Addr=0x000001f4a9001300, Size=720
[2018.09.08-00.13.36:877][  0]LogUObjectGlobals: Created PersistentFrame Addr=0x000001f4c5451c00, Size=720, Default__MUSCETS_BP_C Function /Engine/Transient.REINST_MUSCETS_BP_C_63:ExecuteUbergraph_MUSCETS_BP
[2018.09.08-00.13.36:878][  0]LogUObjectGlobals: Destroyed PersistentFrame Addr=0x000001f4aee71300, Size=256
[2018.09.08-00.13.36:878][  0]LogUObjectGlobals: Created PersistentFrame Addr=0x000001f4c556ee00, Size=256, Default__CORN_BP_C Function /Engine/Transient.REINST_CORN_BP_C_66:ExecuteUbergraph_CORN_BP
[2018.09.08-00.13.36:878][  0]LogUObjectGlobals: Destroyed PersistentFrame Addr=0x000001f4a90069a8, Size=40
[2018.09.08-00.13.36:878][  0]LogUObjectGlobals: Created PersistentFrame Addr=0x000001f4c59c53a0, Size=40, Default__DAUTHER_BP_C Function /Engine/Transient.REINST_DAUTHER_BP_C_67:ExecuteUbergraph_DAUTHER_BP
[2018.09.08-00.13.36:878][  0]LogUObjectGlobals: Destroyed PersistentFrame Addr=0x000001f4a9136c98, Size=24
[2018.09.08-00.13.36:878][  0]LogUObjectGlobals: Created PersistentFrame Addr=0x000001f4c55eece0, Size=24, Default__ENEMY_BP_C Function /Engine/Transient.REINST_ENEMY_BP_C_68:ExecuteUbergraph_ENEMY_BP
[2018.09.08-00.13.36:878][  0]LogUObjectGlobals: Destroyed PersistentFrame Addr=0x000001f4b6c9a200, Size=248
[2018.09.08-00.13.36:878][  0]LogUObjectGlobals: Created PersistentFrame Addr=0x000001f4c556ec00, Size=248, Default__GRASS_BP_C Function /Engine/Transient.REINST_GRASS_BP_C_69:ExecuteUbergraph_GRASS_BP
[2018.09.08-00.13.36:879][  0]LogUObjectGlobals: Destroyed PersistentFrame Addr=0x000001f4b6c9a100, Size=248
[2018.09.08-00.13.36:879][  0]LogUObjectGlobals: Created PersistentFrame Addr=0x000001f4c556ea00, Size=248, Default__PEPPER_BP_C Function /Engine/Transient.REINST_PEPPER_BP_C_70:ExecuteUbergraph_PEPPER_BP
[2018.09.08-00.13.36:879][  0]LogUObjectGlobals: Destroyed PersistentFrame Addr=0x000001f4b6c9a000, Size=256
[2018.09.08-00.13.36:879][  0]LogUObjectGlobals: Created PersistentFrame Addr=0x000001f4c556e900, Size=256, Default__PUMPKIN_BP_C Function /Engine/Transient.REINST_PUMPKIN_BP_C_71:ExecuteUbergraph_PUMPKIN_BP
[2018.09.08-00.13.36:879][  0]LogUObjectGlobals: Destroyed PersistentFrame Addr=0x000001f4b743e320, Size=88
[2018.09.08-00.13.36:879][  0]LogUObjectGlobals: Created PersistentFrame Addr=0x000001f4c5c84e20, Size=88, Default__SUNFLOWER_BP_C Function /Engine/Transient.REINST_SUNFLOWER_BP_C_72:ExecuteUbergraph_SUNFLOWER_BP
[2018.09.08-00.13.36:881][  0]LogUObjectGlobals: Destroyed PersistentFrame Addr=0x000001f4b3be2b00, Size=2064
[2018.09.08-00.13.36:881][  0]LogUObjectGlobals: Created PersistentFrame Addr=0x000001f4c5e3c100, Size=2064, Default__ThirdPersonCharacter_C Function /Engine/Transient.REINST_ThirdPersonCharacter_C_73:ExecuteUbergraph_ThirdPersonCharacter
[2018.09.08-00.13.36:881][  0]LogUObjectGlobals: Destroyed PersistentFrame Addr=0x000001f4b3b3c9a0, Size=32
[2018.09.08-00.13.36:881][  0]LogUObjectGlobals: Created PersistentFrame Addr=0x000001f4c558b620, Size=32, Default__ThirdPersonGameMode_C Function /Engine/Transient.REINST_ThirdPersonGameMode_C_74:ExecuteUbergraph_ThirdPersonGameMode
[2018.09.08-00.13.36:881][  0]LogUObjectGlobals: Destroyed PersistentFrame Addr=0x000001f4b6c99900, Size=256
[2018.09.08-00.13.36:881][  0]LogUObjectGlobals: Created PersistentFrame Addr=0x000001f4c556e600, Size=256, Default__TOMATO_BP_C Function /Engine/Transient.REINST_TOMATO_BP_C_75:ExecuteUbergraph_TOMATO_BP
[2018.09.08-00.13.36:882][  0]LogUObjectGlobals: Destroyed PersistentFrame Addr=0x000001f4a1d9c250, Size=104
[2018.09.08-00.13.36:882][  0]LogUObjectGlobals: Created PersistentFrame Addr=0x000001f4c56ae390, Size=104, Default__WIDJET_MENU_IN_GAME_C Function /Engine/Transient.REINST_WIDJET_MENU_IN_GAME_C_8:ExecuteUbergraph_WIDJET_MENU_IN_GAME
[2018.09.08-00.13.36:883][  0]LogUObjectGlobals: Destroyed PersistentFrame Addr=0x000001f4b37810c0, Size=2752
[2018.09.08-00.13.36:884][  0]LogUObjectGlobals: Destroyed PersistentFrame Addr=0x000001f4a9136d10, Size=24
[2018.09.08-00.13.36:884][  0]LogUObjectGlobals: Created PersistentFrame Addr=0x000001f4a5ef3040, Size=2752, Default__LEGIONER_BP_C Function /Engine/Transient.REINST_LEGIONER_BP_C_76:ExecuteUbergraph_LEGIONER_BP
[2018.09.08-00.13.36:884][  0]LogUObjectGlobals: Created PersistentFrame Addr=0x000001f4c55eea70, Size=24, Default__LEGIONER_BP_C Function /Engine/Transient.REINST_ENEMY_BP_C_68:ExecuteUbergraph_ENEMY_BP
[2018.09.08-00.13.36:886][  0]LogUObjectGlobals: Destroyed PersistentFrame Addr=0x000001f4a3152080, Size=3488
[2018.09.08-00.13.36:886][  0]LogUObjectGlobals: Destroyed PersistentFrame Addr=0x000001f4b703b1a8, Size=24
[2018.09.08-00.13.36:886][  0]LogUObjectGlobals: Created PersistentFrame Addr=0x000001f4b37810c0, Size=3488, Default__ZOMBIE_BP_C Function /Engine/Transient.REINST_ZOMBIE_BP_C_77:ExecuteUbergraph_ZOMBIE_BP
[2018.09.08-00.13.36:886][  0]LogUObjectGlobals: Created PersistentFrame Addr=0x000001f4c55eea40, Size=24, Default__ZOMBIE_BP_C Function /Engine/Transient.REINST_ENEMY_BP_C_68:ExecuteUbergraph_ENEMY_BP
[2018.09.08-00.13.37:185][  0]LogUObjectGlobals: Created PersistentFrame Addr=0x000001f4c7a79130, Size=104, Default__ANIM_LEGIONER_BP_C Function /Game/Enemies/Zombie_Warrior/Animation/ANIM_LEGIONER_BP.ANIM_LEGIONER_BP_C:ExecuteUbergraph_ANIM_LEGIONER_BP
[2018.09.08-00.13.37:187][  0]LogUObjectGlobals: Created PersistentFrame Addr=0x000001f4c7a5e980, Size=72, Default__ANIM_PEASANT_BP_C Function /Game/ThirdPersonBP/Character/Animation/ANIM_PEASANT_BP.ANIM_PEASANT_BP_C:ExecuteUbergraph_ANIM_PEASANT_BP
[2018.09.08-00.13.37:189][  0]LogUObjectGlobals: Created PersistentFrame Addr=0x000001f4c7a98100, Size=88, Default__ANIM_ZOMBIE_BP_C Function /Game/Enemies/Zombie/Animation/ANIM_ZOMBIE_BP.ANIM_ZOMBIE_BP_C:ExecuteUbergraph_ANIM_ZOMBIE_BP
[2018.09.08-00.13.37:190][  0]LogUObjectGlobals: Created PersistentFrame Addr=0x000001f4c7a4ad40, Size=64, Default__BARB_SHIELD_BP_C Function /Game/Enemies/Zombie_Warrior/Gear/Shields/Barbarian/BARB_SHIELD_BP.BARB_SHIELD_BP_C:ExecuteUbergraph_BARB_SHIELD_BP
[2018.09.08-00.13.37:193][  0]LogUObjectGlobals: Created PersistentFrame Addr=0x000001f4c79fd780, Size=184, Default__BROKEN_FENCE_BP_C Function /Game/ThirdPersonBP/Env/Fence/BROKEN_FENCE_BP.BROKEN_FENCE_BP_C:ExecuteUbergraph_BROKEN_FENCE_BP
[2018.09.08-00.13.37:194][  0]LogUObjectGlobals: Created PersistentFrame Addr=0x000001f4c79fc400, Size=168, Default__BULLET_BP_C Function /Game/ThirdPersonBP/Character/Weapon/BULLET_BP.BULLET_BP_C:ExecuteUbergraph_BULLET_BP
[2018.09.08-00.13.37:195][  0]LogUObjectGlobals: Created PersistentFrame Addr=0x000001f4c7e4fa00, Size=172, Default__COIN_BP_C Function /Game/ThirdPersonBP/Env/Coin/COIN_BP.COIN_BP_C:ExecuteUbergraph_COIN_BP
[2018.09.08-00.13.37:197][  0]LogUObjectGlobals: Created PersistentFrame Addr=0x000001f4c7a23910, Size=8, Default__CRYPT_BP_C Function /Game/ThirdPersonBP/Env/Cemetery/Crypt/CRYPT_BP.CRYPT_BP_C:ExecuteUbergraph_CRYPT_BP
[2018.09.08-00.13.37:197][  0]LogUObjectGlobals: Created PersistentFrame Addr=0x000001f4c7a238f0, Size=4, Default__DAUTHER_ANIM_BP_C Function /Game/ThirdPersonBP/Character/Dauther/Amination/DAUTHER_ANIM_BP.DAUTHER_ANIM_BP_C:ExecuteUbergraph_DAUTHER_ANIM_BP
[2018.09.08-00.13.37:197][  0]LogUObjectGlobals: Created PersistentFrame Addr=0x000001f4c7a2df50, Size=16, Default__GLADIUS_BP_C Function /Game/Enemies/Zombie_Warrior/Gear/Sword/GLADIUS_BP.GLADIUS_BP_C:ExecuteUbergraph_GLADIUS_BP
[2018.09.08-00.13.37:198][  0]LogUObjectGlobals: Created PersistentFrame Addr=0x000001f4c7eb8c28, Size=24, Default__HAMMER_BP_C Function /Game/ThirdPersonBP/Character/Tools/HAMMER_BP.HAMMER_BP_C:ExecuteUbergraph_HAMMER_BP
[2018.09.08-00.13.37:198][  0]LogUObjectGlobals: Created PersistentFrame Addr=0x000001f4c7a23808, Size=4, Default__HELMET2_BP_C Function /Game/Enemies/Zombie_Warrior/Gear/Helmet/HELMET2_BP.HELMET2_BP_C:ExecuteUbergraph_HELMET2_BP
[2018.09.08-00.13.37:198][  0]LogUObjectGlobals: Created PersistentFrame Addr=0x000001f4c79be000, Size=32, Default__HELMET_BP_C Function /Game/Enemies/Zombie_Warrior/Gear/Helmet/HELMET_BP.HELMET_BP_C:ExecuteUbergraph_HELMET_BP
[2018.09.08-00.13.37:198][  0]LogUObjectGlobals: Created PersistentFrame Addr=0x000001f4c7e4de40, Size=164, Default__LEAF_BP_C Function /Game/ThirdPersonBP/Env/Leaf/LEAF_BP.LEAF_BP_C:ExecuteUbergraph_LEAF_BP
[2018.09.08-00.13.37:199][  0]LogUObjectGlobals: Created PersistentFrame Addr=0x000001f4c79bdd00, Size=32, Default__RIGHT_SHOE_BP_C Function /Game/Enemies/Zombie/Shoes/RIGHT_SHOE_BP.RIGHT_SHOE_BP_C:ExecuteUbergraph_RIGHT_SHOE_BP
[2018.09.08-00.13.37:199][  0]LogUObjectGlobals: Created PersistentFrame Addr=0x000001f4c7e4d180, Size=184, Default__SCARECROW_BP_C Function /Game/ThirdPersonBP/Env/ScareCrow/SCARECROW_BP.SCARECROW_BP_C:ExecuteUbergraph_SCARECROW_BP
[2018.09.08-00.13.37:200][  0]LogUObjectGlobals: Created PersistentFrame Addr=0x000001f4c79c6048, Size=56, Default__SHIELD2_BP_C Function /Game/Enemies/Zombie_Warrior/Gear/Shields/SHIELD2_BP.SHIELD2_BP_C:ExecuteUbergraph_SHIELD2_BP
[2018.09.08-00.13.37:201][  0]LogUObjectGlobals: Created PersistentFrame Addr=0x000001f4c7e49b80, Size=64, Default__SHIELD3_BP_C Function /Game/Enemies/Zombie_Warrior/Gear/Shields/Macedonian/SHIELD3_BP.SHIELD3_BP_C:ExecuteUbergraph_SHIELD3_BP
[2018.09.08-00.13.37:201][  0]LogUObjectGlobals: Created PersistentFrame Addr=0x000001f4c79c5910, Size=56, Default__SHIELD_BP_C Function /Game/Enemies/Zombie_Warrior/Gear/Shields/SHIELD_BP.SHIELD_BP_C:ExecuteUbergraph_SHIELD_BP
[2018.09.08-00.13.37:202][  0]LogUObjectGlobals: Created PersistentFrame Addr=0x000001f4c7e4a200, Size=64, Default__spawn_corn_C Function /Game/ThirdPersonBP/Env/Corn/spawn_corn.spawn_corn_C:ExecuteUbergraph_spawn_corn
[2018.09.08-00.13.37:203][  0]LogUObjectGlobals: Created PersistentFrame Addr=0x000001f4c7dc43a0, Size=104, Default__Spawn_FENCE_01_C Function /Game/ThirdPersonBP/Env/Fence/Spawn_FENCE_01.Spawn_FENCE_01_C:ExecuteUbergraph_Spawn_FENCE_01
[2018.09.08-00.13.37:203][  0]LogUObjectGlobals: Created PersistentFrame Addr=0x000001f4c7db3dd0, Size=104, Default__Spawn_FENCE_02_C Function /Game/ThirdPersonBP/Env/Fence/Spawn_FENCE_02.Spawn_FENCE_02_C:ExecuteUbergraph_Spawn_FENCE_02
[2018.09.08-00.13.37:204][  0]LogUObjectGlobals: Created PersistentFrame Addr=0x000001f4c7dab890, Size=104, Default__Spawn_FENCE_03_C Function /Game/ThirdPersonBP/Env/Fence/Spawn_FENCE_03.Spawn_FENCE_03_C:ExecuteUbergraph_Spawn_FENCE_03
[2018.09.08-00.13.37:205][  0]LogUObjectGlobals: Created PersistentFrame Addr=0x000001f4c7d8f350, Size=104, Default__Spawn_FENCE_04_C Function /Game/ThirdPersonBP/Env/Fence/Spawn_FENCE_04.Spawn_FENCE_04_C:ExecuteUbergraph_Spawn_FENCE_04
[2018.09.08-00.13.37:206][  0]LogUObjectGlobals: Created PersistentFrame Addr=0x000001f4c7d77a60, Size=72, Default__spawn_Legioners_C Function /Game/Enemies/Zombie_Warrior/spawn_Legioners.spawn_Legioners_C:ExecuteUbergraph_spawn_Legioners
[2018.09.08-00.13.37:206][  0]LogUObjectGlobals: Created PersistentFrame Addr=0x000001f4c7dbceb0, Size=48, Default__spawn_pepper_C Function /Game/ThirdPersonBP/Env/Pepper/spawn_pepper.spawn_pepper_C:ExecuteUbergraph_spawn_pepper
[2018.09.08-00.13.37:208][  0]LogUObjectGlobals: Created PersistentFrame Addr=0x000001f4c7e67740, Size=208, Default__spawn_point_1_C Function /Game/Enemies/Zombie/spawn_point_1.spawn_point_1_C:ExecuteUbergraph_spawn_point_1
[2018.09.08-00.13.37:209][  0]LogUObjectGlobals: Created PersistentFrame Addr=0x000001f4c71af088, Size=40, Default__spawn_point_GRASS_C Function /Game/ThirdPersonBP/Env/Grass/spawn_point_GRASS.spawn_point_GRASS_C:ExecuteUbergraph_spawn_point_GRASS
[2018.09.08-00.13.37:209][  0]LogUObjectGlobals: Created PersistentFrame Addr=0x000001f4c7d73468, Size=56, Default__spawn_pumpkin_C Function /Game/ThirdPersonBP/Env/Pumpkin/spawn_pumpkin.spawn_pumpkin_C:ExecuteUbergraph_spawn_pumpkin
[2018.09.08-00.13.37:210][  0]LogUObjectGlobals: Created PersistentFrame Addr=0x000001f4c7d3f8e0, Size=88, Default__spawn_sunflower_C Function /Game/ThirdPersonBP/Env/Sunflower/spawn_sunflower.spawn_sunflower_C:ExecuteUbergraph_spawn_sunflower
[2018.09.08-00.13.37:210][  0]LogUObjectGlobals: Created PersistentFrame Addr=0x000001f4c71aef20, Size=40, Default__spawn_tomatoes_C Function /Game/ThirdPersonBP/Env/Tomato/spawn_tomatoes.spawn_tomatoes_C:ExecuteUbergraph_spawn_tomatoes
[2018.09.08-00.13.37:211][  0]LogUObjectGlobals: Created PersistentFrame Addr=0x000001f4c7d78f40, Size=172, Default__STAR_BP_C Function /Game/ThirdPersonBP/Env/Star/STAR_BP.STAR_BP_C:ExecuteUbergraph_STAR_BP
[2018.09.08-00.13.37:211][  0]LogUObjectGlobals: Created PersistentFrame Addr=0x000001f4c7a22e28, Size=4, Default__TREE_BP_C Function /Game/ThirdPersonBP/Env/House/TREE_BP.TREE_BP_C:ExecuteUbergraph_TREE_BP
[2018.09.08-00.13.37:213][  0]LogUObjectGlobals: Created PersistentFrame Addr=0x000001f4c7ae2800, Size=464, Default__BP_FENCE_C Function /Game/ThirdPersonBP/Env/Fence/BP_FENCE.BP_FENCE_C:ExecuteUbergraph_BP_FENCE
[2018.09.08-00.13.37:216][  0]LogUObjectGlobals: Created PersistentFrame Addr=0x000001f4c6cfd600, Size=736, Default__MUSCETS_BP_C Function /Game/ThirdPersonBP/Character/Weapon/MUSCETS_BP.MUSCETS_BP_C:ExecuteUbergraph_MUSCETS_BP
[2018.09.08-00.13.37:218][  0]LogUObjectGlobals: Created PersistentFrame Addr=0x000001f4c76fbc00, Size=256, Default__CORN_BP_C Function /Game/ThirdPersonBP/Env/Corn/CORN_BP.CORN_BP_C:ExecuteUbergraph_CORN_BP
[2018.09.08-00.13.37:219][  0]LogUObjectGlobals: Created PersistentFrame Addr=0x000001f4c71ae980, Size=40, Default__DAUTHER_BP_C Function /Game/ThirdPersonBP/Character/Dauther/DAUTHER_BP.DAUTHER_BP_C:ExecuteUbergraph_DAUTHER_BP
[2018.09.08-00.13.37:220][  0]LogUObjectGlobals: Created PersistentFrame Addr=0x000001f4c7de0a00, Size=24, Default__ENEMY_BP_C Function /Game/Enemies/ENEMY_BP.ENEMY_BP_C:ExecuteUbergraph_ENEMY_BP
[2018.09.08-00.13.37:221][  0]LogUObjectGlobals: Created PersistentFrame Addr=0x000001f4c76bcd00, Size=248, Default__GRASS_BP_C Function /Game/ThirdPersonBP/Env/Grass/GRASS_BP.GRASS_BP_C:ExecuteUbergraph_GRASS_BP
[2018.09.08-00.13.37:222][  0]LogUObjectGlobals: Created PersistentFrame Addr=0x000001f4c76a9b00, Size=248, Default__PEPPER_BP_C Function /Game/ThirdPersonBP/Env/Pepper/PEPPER_BP.PEPPER_BP_C:ExecuteUbergraph_PEPPER_BP
[2018.09.08-00.13.37:224][  0]LogUObjectGlobals: Created PersistentFrame Addr=0x000001f4c7681800, Size=256, Default__PUMPKIN_BP_C Function /Game/ThirdPersonBP/Env/Pumpkin/PUMPKIN_BP.PUMPKIN_BP_C:ExecuteUbergraph_PUMPKIN_BP
[2018.09.08-00.13.37:226][  0]LogUObjectGlobals: Created PersistentFrame Addr=0x000001f4c7677340, Size=88, Default__SUNFLOWER_BP_C Function /Game/ThirdPersonBP/Env/Sunflower/SUNFLOWER_BP.SUNFLOWER_BP_C:ExecuteUbergraph_SUNFLOWER_BP
[2018.09.08-00.13.37:240][  0]LogUObjectGlobals: Created PersistentFrame Addr=0x000001f4c76c0b80, Size=2104, Default__ThirdPersonCharacter_C Function /Game/ThirdPersonBP/Character_BP/ThirdPersonCharacter.ThirdPersonCharacter_C:ExecuteUbergraph_ThirdPersonCharacter
[2018.09.08-00.13.37:243][  0]LogUObjectGlobals: Created PersistentFrame Addr=0x000001f4c7561520, Size=32, Default__ThirdPersonGameMode_C Function /Game/ThirdPersonBP/Character_BP/ThirdPersonGameMode.ThirdPersonGameMode_C:ExecuteUbergraph_ThirdPersonGameMode
[2018.09.08-00.13.37:244][  0]LogUObjectGlobals: Created PersistentFrame Addr=0x000001f4c74eb100, Size=248, Default__TOMATO_BP_C Function /Game/ThirdPersonBP/Env/Tomato/TOMATO_BP.TOMATO_BP_C:ExecuteUbergraph_TOMATO_BP
[2018.09.08-00.13.37:248][  0]LogUObjectGlobals: Created PersistentFrame Addr=0x000001f4c74a9d00, Size=104, Default__WIDJET_MENU_IN_GAME_C Function /Game/ThirdPersonBP/Character_BP/WIDJET_MENU_IN_GAME.WIDJET_MENU_IN_GAME_C:ExecuteUbergraph_WIDJET_MENU_IN_GAME
[2018.09.08-00.13.37:257][  0]LogUObjectGlobals: Created PersistentFrame Addr=0x000001f4c7422080, Size=2736, Default__LEGIONER_BP_C Function /Game/Enemies/Zombie_Warrior/LEGIONER_BP.LEGIONER_BP_C:ExecuteUbergraph_LEGIONER_BP
[2018.09.08-00.13.37:257][  0]LogUObjectGlobals: Created PersistentFrame Addr=0x000001f4c7433610, Size=24, Default__LEGIONER_BP_C Function /Game/Enemies/ENEMY_BP.ENEMY_BP_C:ExecuteUbergraph_ENEMY_BP
[2018.09.08-00.13.37:282][  0]LogUObjectGlobals: Created PersistentFrame Addr=0x000001f4c83310c0, Size=3504, Default__ZOMBIE_BP_C Function /Game/Enemies/Zombie/ZOMBIE_BP.ZOMBIE_BP_C:ExecuteUbergraph_ZOMBIE_BP
[2018.09.08-00.13.37:282][  0]LogUObjectGlobals: Created PersistentFrame Addr=0x000001f4c74318a0, Size=24, Default__ZOMBIE_BP_C Function /Game/Enemies/ENEMY_BP.ENEMY_BP_C:ExecuteUbergraph_ENEMY_BP
[2018.09.08-00.13.37:441][  0]LogUObjectGlobals: Destroyed PersistentFrame Addr=0x000001f4b3b3aa20, Size=224
[2018.09.08-00.13.37:441][  0]LogUObjectGlobals: Created PersistentFrame Addr=0x000001f4c8217900, Size=224, Default__Level01_C Function /Engine/Transient.REINST_Level01_C_168:ExecuteUbergraph_Level01
[2018.09.08-00.13.37:443][  0]LogUObjectGlobals: Created PersistentFrame Addr=0x000001f4c8216da0, Size=224, Default__Level01_C Function /Game/ThirdPersonBP/Levels/Level01.Level01_C:ExecuteUbergraph_Level01
[2018.09.08-00.13.37:754][  0]LogLinker: Warning: Can't find file '/Game/ThirdPersonBP/Env/Cemetery/TombStone/_1'
[2018.09.08-00.13.37:754][  0]LoadErrors: Failed to load /Game/ThirdPersonBP/Env/Cemetery/TombStone/_1.Material_0 Referenced by tombstone_Tombstone_4
[2018.09.08-00.13.37:754][  0]LogUObjectGlobals: Warning: Failed to load '/Game/ThirdPersonBP/Env/Cemetery/TombStone/_1': Can't find file '/Game/ThirdPersonBP/Env/Cemetery/TombStone/_1'
[2018.09.08-00.13.37:754][  0]LogLinker: Warning: Can't find file for asset '/Game/ThirdPersonBP/Env/Cemetery/TombStone/_1' while loading NULL.
[2018.09.08-00.13.37:754][  0]LoadErrors: Failed to load /Game/ThirdPersonBP/Env/Cemetery/TombStone/_1.Material_0 Referenced by tombstone_Tombstone_4
[2018.09.08-00.13.37:754][  0]LogUObjectGlobals: Warning: Failed to load '/Game/ThirdPersonBP/Env/Cemetery/TombStone/_1': Can't find file for asset '/Game/ThirdPersonBP/Env/Cemetery/TombStone/_1' while loading NULL.
[2018.09.08-00.13.37:755][  0]LogLinker: Warning: Can't find file '/Game/ThirdPersonBP/Env/Cemetery/TombStone/_1'
[2018.09.08-00.13.37:755][  0]LoadErrors: Failed to load /Game/ThirdPersonBP/Env/Cemetery/TombStone/_1.Material_0 Referenced by tombstone_Tombstone_4
[2018.09.08-00.13.37:755][  0]LogUObjectGlobals: Warning: Failed to load '/Game/ThirdPersonBP/Env/Cemetery/TombStone/_1': Can't find file '/Game/ThirdPersonBP/Env/Cemetery/TombStone/_1'
[2018.09.08-00.13.37:755][  0]LogLinker: Warning: Can't find file for asset '/Game/ThirdPersonBP/Env/Cemetery/TombStone/_1' while loading NULL.
[2018.09.08-00.13.37:755][  0]LoadErrors: Failed to load /Game/ThirdPersonBP/Env/Cemetery/TombStone/_1.Material_0 Referenced by tombstone_Tombstone_4
[2018.09.08-00.13.37:755][  0]LogUObjectGlobals: Warning: Failed to load '/Game/ThirdPersonBP/Env/Cemetery/TombStone/_1': Can't find file for asset '/Game/ThirdPersonBP/Env/Cemetery/TombStone/_1' while loading NULL.
