Log file open, 09/04/18 17:12:14
LogWindows: Failed to load 'aqProf.dll' (GetLastError=126)
LogWindows: File 'aqProf.dll' does not exist
LogWindows: Failed to load 'VtuneApi.dll' (GetLastError=126)
LogWindows: File 'VtuneApi.dll' does not exist
LogWindows: Failed to load 'VtuneApi32e.dll' (GetLastError=126)
LogWindows: File 'VtuneApi32e.dll' does not exist
LogInit: Display: Running engine for game: farmerVSzombies
LogPlatformFile: Not using cached read wrapper
LogInit: Display: RandInit(439540048) SRandInit(439540048).
LogInit: Read version file with build ID '3944462'
LogInit: Overriding engine version to CL 4033788, compatible CL 3944462
LogInit: Registered custom module enumerator with build ID '3944462'
LogTaskGraph: Started task graph with 5 named threads and 35 total threads with 3 sets of task threads.
LogStats: Stats thread started at 0.393769
LogD3D11RHI: Aftermath initialized
LogICUInternationalization: Display: ICU TimeZone Detection - Raw Offset: -5:00, Platform Override: ''
LogModuleManager: Display: Found up-to-date module file ../../../Engine/Plugins/2D/Paper2D/Binaries/Win64/UE4Editor-Paper2D.dll (API version 3944462).
LogModuleManager: Display: Found up-to-date module file ../../../Engine/Plugins/2D/Paper2D/Binaries/Win64/UE4Editor-Paper2DEditor.dll (API version 3944462).
LogModuleManager: Display: Found up-to-date module file ../../../Engine/Plugins/2D/Paper2D/Binaries/Win64/UE4Editor-PaperSpriteSheetImporter.dll (API version 3944462).
LogModuleManager: Display: Found up-to-date module file ../../../Engine/Plugins/2D/Paper2D/Binaries/Win64/UE4Editor-PaperTiledImporter.dll (API version 3944462).
LogModuleManager: Display: Found up-to-date module file ../../../Engine/Plugins/2D/Paper2D/Binaries/Win64/UE4Editor-SmartSnapping.dll (API version 3944462).
LogModuleManager: Display: Found up-to-date module file ../../../Engine/Plugins/Blendables/LightPropagationVolume/Binaries/Win64/UE4Editor-LightPropagationVolumeRuntime.dll (API version 3944462).
LogModuleManager: Display: Found up-to-date module file ../../../Engine/Plugins/Blendables/LightPropagationVolume/Binaries/Win64/UE4Editor-LightPropagationVolumeEditor.dll (API version 3944462).
LogModuleManager: Display: Found up-to-date module file ../../../Engine/Plugins/Developer/CLionSourceCodeAccess/Binaries/Win64/UE4Editor-CLionSourceCodeAccess.dll (API version 3944462).
LogModuleManager: Display: Found up-to-date module file ../../../Engine/Plugins/Developer/GitSourceControl/Binaries/Win64/UE4Editor-GitSourceControl.dll (API version 3944462).
LogModuleManager: Display: Found up-to-date module file ../../../Engine/Plugins/Developer/PerforceSourceControl/Binaries/Win64/UE4Editor-PerforceSourceControl.dll (API version 3944462).
LogModuleManager: Display: Found up-to-date module file ../../../Engine/Plugins/Developer/SubversionSourceControl/Binaries/Win64/UE4Editor-SubversionSourceControl.dll (API version 3944462).
LogModuleManager: Display: Found up-to-date module file ../../../Engine/Plugins/Developer/UObjectPlugin/Binaries/Win64/UE4Editor-UObjectPlugin.dll (API version 3944462).
LogModuleManager: Display: Found up-to-date module file ../../../Engine/Plugins/Developer/VisualStudioCodeSourceCodeAccess/Binaries/Win64/UE4Editor-VisualStudioCodeSourceCodeAccess.dll (API version 3944462).
LogModuleManager: Display: Found up-to-date module file ../../../Engine/Plugins/Developer/VisualStudioSourceCodeAccess/Binaries/Win64/UE4Editor-VisualStudioSourceCodeAccess.dll (API version 3944462).
LogModuleManager: Display: Found up-to-date module file ../../../Engine/Plugins/Editor/AssetManagerEditor/Binaries/Win64/UE4Editor-AssetManagerEditor.dll (API version 3944462).
LogModuleManager: Display: Found up-to-date module file ../../../Engine/Plugins/Editor/CryptoKeys/Binaries/Win64/UE4Editor-CryptoKeys.dll (API version 3944462).
LogModuleManager: Display: Found up-to-date module file ../../../Engine/Plugins/Editor/CryptoKeys/Binaries/Win64/UE4Editor-CryptoKeysOpenSSL.dll (API version 3944462).
LogModuleManager: Display: Found up-to-date module file ../../../Engine/Plugins/Editor/DataValidation/Binaries/Win64/UE4Editor-DataValidation.dll (API version 3944462).
LogModuleManager: Display: Found up-to-date module file ../../../Engine/Plugins/Editor/FacialAnimation/Binaries/Win64/UE4Editor-FacialAnimation.dll (API version 3944462).
LogModuleManager: Display: Found up-to-date module file ../../../Engine/Plugins/Editor/FacialAnimation/Binaries/Win64/UE4Editor-FacialAnimationEditor.dll (API version 3944462).
LogModuleManager: Display: Found up-to-date module file ../../../Engine/Plugins/Editor/GameplayTagsEditor/Binaries/Win64/UE4Editor-GameplayTagsEditor.dll (API version 3944462).
LogModuleManager: Display: Found up-to-date module file ../../../Engine/Plugins/Editor/MobileLauncherProfileWizard/Binaries/Win64/UE4Editor-MobileLauncherProfileWizard.dll (API version 3944462).
LogModuleManager: Display: Found up-to-date module file ../../../Engine/Plugins/Editor/PluginBrowser/Binaries/Win64/UE4Editor-PluginBrowser.dll (API version 3944462).
LogModuleManager: Display: Found up-to-date module file ../../../Engine/Plugins/Editor/SpeedTreeImporter/Binaries/Win64/UE4Editor-SpeedTreeImporter.dll (API version 3944462).
LogModuleManager: Display: Found up-to-date module file ../../../Engine/Plugins/Enterprise/DatasmithContent/Binaries/Win64/UE4Editor-DatasmithContent.dll (API version 3944462).
LogModuleManager: Display: Found up-to-date module file ../../../Engine/Plugins/Experimental/AlembicImporter/Binaries/Win64/UE4Editor-AlembicImporter.dll (API version 3944462).
LogModuleManager: Display: Found up-to-date module file ../../../Engine/Plugins/Experimental/AlembicImporter/Binaries/Win64/UE4Editor-AlembicLibrary.dll (API version 3944462).
LogModuleManager: Display: Found up-to-date module file ../../../Engine/Plugins/Experimental/CharacterAI/Binaries/Win64/UE4Editor-CharacterAI.dll (API version 3944462).
LogModuleManager: Display: Found up-to-date module file ../../../Engine/Plugins/Experimental/HTML5Networking/Binaries/Win64/UE4Editor-HTML5Networking.dll (API version 3944462).
LogModuleManager: Display: Found up-to-date module file ../../../Engine/Plugins/Media/AndroidMedia/Binaries/Win64/UE4Editor-AndroidMediaEditor.dll (API version 3944462).
LogModuleManager: Display: Found up-to-date module file ../../../Engine/Plugins/Media/AndroidMedia/Binaries/Win64/UE4Editor-AndroidMediaFactory.dll (API version 3944462).
LogModuleManager: Display: Found up-to-date module file ../../../Engine/Plugins/Media/AvfMedia/Binaries/Win64/UE4Editor-AvfMediaEditor.dll (API version 3944462).
LogModuleManager: Display: Found up-to-date module file ../../../Engine/Plugins/Media/AvfMedia/Binaries/Win64/UE4Editor-AvfMediaFactory.dll (API version 3944462).
LogModuleManager: Display: Found up-to-date module file ../../../Engine/Plugins/Media/AvfMedia/Binaries/Win64/UE4Editor-AvfMediaFactory.dll (API version 3944462).
LogModuleManager: Display: Found up-to-date module file ../../../Engine/Plugins/Media/ImgMedia/Binaries/Win64/UE4Editor-ImgMedia.dll (API version 3944462).
LogModuleManager: Display: Found up-to-date module file ../../../Engine/Plugins/Media/ImgMedia/Binaries/Win64/UE4Editor-ImgMediaEditor.dll (API version 3944462).
LogModuleManager: Display: Found up-to-date module file ../../../Engine/Plugins/Media/ImgMedia/Binaries/Win64/UE4Editor-ImgMediaFactory.dll (API version 3944462).
LogModuleManager: Display: Found up-to-date module file ../../../Engine/Plugins/Media/ImgMedia/Binaries/Win64/UE4Editor-ImgMediaFactory.dll (API version 3944462).
LogModuleManager: Display: Found up-to-date module file ../../../Engine/Plugins/Media/ImgMedia/Binaries/Win64/UE4Editor-OpenExrWrapper.dll (API version 3944462).
LogModuleManager: Display: Found up-to-date module file ../../../Engine/Plugins/Media/LinearTimecode/Binaries/Win64/UE4Editor-LinearTimecode.dll (API version 3944462).
LogModuleManager: Display: Found up-to-date module file ../../../Engine/Plugins/Media/MediaCompositing/Binaries/Win64/UE4Editor-MediaCompositing.dll (API version 3944462).
LogModuleManager: Display: Found up-to-date module file ../../../Engine/Plugins/Media/MediaCompositing/Binaries/Win64/UE4Editor-MediaCompositingEditor.dll (API version 3944462).
LogModuleManager: Display: Found up-to-date module file ../../../Engine/Plugins/Media/MediaPlayerEditor/Binaries/Win64/UE4Editor-MediaPlayerEditor.dll (API version 3944462).
LogModuleManager: Display: Found up-to-date module file ../../../Engine/Plugins/Media/WmfMedia/Binaries/Win64/UE4Editor-WmfMedia.dll (API version 3944462).
LogModuleManager: Display: Found up-to-date module file ../../../Engine/Plugins/Media/WmfMedia/Binaries/Win64/UE4Editor-WmfMediaEditor.dll (API version 3944462).
LogModuleManager: Display: Found up-to-date module file ../../../Engine/Plugins/Media/WmfMedia/Binaries/Win64/UE4Editor-WmfMediaFactory.dll (API version 3944462).
LogModuleManager: Display: Found up-to-date module file ../../../Engine/Plugins/Media/WmfMedia/Binaries/Win64/UE4Editor-WmfMediaFactory.dll (API version 3944462).
LogModuleManager: Display: Found up-to-date module file ../../../Engine/Plugins/Messaging/TcpMessaging/Binaries/Win64/UE4Editor-TcpMessaging.dll (API version 3944462).
LogModuleManager: Display: Found up-to-date module file ../../../Engine/Plugins/Messaging/UdpMessaging/Binaries/Win64/UE4Editor-UdpMessaging.dll (API version 3944462).
LogModuleManager: Display: Found up-to-date module file ../../../Engine/Plugins/MovieScene/ActorSequence/Binaries/Win64/UE4Editor-ActorSequence.dll (API version 3944462).
LogModuleManager: Display: Found up-to-date module file ../../../Engine/Plugins/MovieScene/LevelSequenceEditor/Binaries/Win64/UE4Editor-LevelSequenceEditor.dll (API version 3944462).
LogModuleManager: Display: Found up-to-date module file ../../../Engine/Plugins/MovieScene/MatineeToLevelSequence/Binaries/Win64/UE4Editor-MatineeToLevelSequence.dll (API version 3944462).
LogModuleManager: Display: Found up-to-date module file ../../../Engine/Plugins/NetcodeUnitTest/NetcodeUnitTest/Binaries/Win64/UE4Editor-NetcodeUnitTest.dll (API version 3944462).
LogModuleManager: Display: Found up-to-date module file ../../../Engine/Plugins/NetcodeUnitTest/NUTUnrealEngine4/Binaries/Win64/UE4Editor-NUTUnrealEngine4.dll (API version 3944462).
LogModuleManager: Display: Found up-to-date module file ../../../Engine/Plugins/Online/OnlineSubsystem/Binaries/Win64/UE4Editor-OnlineSubsystem.dll (API version 3944462).
LogModuleManager: Display: Found up-to-date module file ../../../Engine/Plugins/Runtime/AndroidPermission/Binaries/Win64/UE4Editor-AndroidPermission.dll (API version 3944462).
LogModuleManager: Display: Found up-to-date module file ../../../Engine/Plugins/Online/OnlineSubsystemNull/Binaries/Win64/UE4Editor-OnlineSubsystemNull.dll (API version 3944462).
LogModuleManager: Display: Found up-to-date module file ../../../Engine/Plugins/Online/OnlineSubsystemUtils/Binaries/Win64/UE4Editor-OnlineSubsystemUtils.dll (API version 3944462).
LogModuleManager: Display: Found up-to-date module file ../../../Engine/Plugins/Online/OnlineSubsystemUtils/Binaries/Win64/UE4Editor-OnlineBlueprintSupport.dll (API version 3944462).
LogModuleManager: Display: Found up-to-date module file ../../../Engine/Plugins/Runtime/AndroidDeviceProfileSelector/Binaries/Win64/UE4Editor-AndroidDeviceProfileSelector.dll (API version 3944462).
LogModuleManager: Display: Found up-to-date module file ../../../Engine/Plugins/Runtime/AppleARKit/Binaries/Win64/UE4Editor-AppleARKit.dll (API version 3944462).
LogModuleManager: Display: Found up-to-date module file ../../../Engine/Plugins/Runtime/ProceduralMeshComponent/Binaries/Win64/UE4Editor-ProceduralMeshComponent.dll (API version 3944462).
LogModuleManager: Display: Found up-to-date module file ../../../Engine/Plugins/Runtime/ProceduralMeshComponent/Binaries/Win64/UE4Editor-ProceduralMeshComponentEditor.dll (API version 3944462).
LogModuleManager: Display: Found up-to-date module file ../../../Engine/Plugins/Animation/LiveLink/Binaries/Win64/UE4Editor-LiveLink.dll (API version 3944462).
LogModuleManager: Display: Found up-to-date module file ../../../Engine/Plugins/Animation/LiveLink/Binaries/Win64/UE4Editor-LiveLinkEditor.dll (API version 3944462).
LogModuleManager: Display: Found up-to-date module file ../../../Engine/Plugins/Runtime/ArchVisCharacter/Binaries/Win64/UE4Editor-ArchVisCharacter.dll (API version 3944462).
LogModuleManager: Display: Found up-to-date module file ../../../Engine/Plugins/Runtime/AudioCapture/Binaries/Win64/UE4Editor-AudioCapture.dll (API version 3944462).
LogModuleManager: Display: Found up-to-date module file ../../../Engine/Plugins/Runtime/AudioCapture/Binaries/Win64/UE4Editor-AudioCaptureEditor.dll (API version 3944462).
LogModuleManager: Display: Found up-to-date module file ../../../Engine/Plugins/Runtime/CableComponent/Binaries/Win64/UE4Editor-CableComponent.dll (API version 3944462).
LogModuleManager: Display: Found up-to-date module file ../../../Engine/Plugins/Runtime/CustomMeshComponent/Binaries/Win64/UE4Editor-CustomMeshComponent.dll (API version 3944462).
LogModuleManager: Display: Found up-to-date module file ../../../Engine/Plugins/Runtime/ExampleDeviceProfileSelector/Binaries/Win64/UE4Editor-ExampleDeviceProfileSelector.dll (API version 3944462).
LogModuleManager: Display: Found up-to-date module file ../../../Engine/Plugins/Runtime/ImmediatePhysics/Binaries/Win64/UE4Editor-ImmediatePhysics.dll (API version 3944462).
LogModuleManager: Display: Found up-to-date module file ../../../Engine/Plugins/Runtime/ImmediatePhysics/Binaries/Win64/UE4Editor-ImmediatePhysicsEditor.dll (API version 3944462).
LogModuleManager: Display: Found up-to-date module file ../../../Engine/Plugins/Runtime/LocationServicesBPLibrary/Binaries/Win64/UE4Editor-LocationServicesBPLibrary.dll (API version 3944462).
LogModuleManager: Display: Found up-to-date module file ../../../Engine/Plugins/Runtime/MobilePatchingUtils/Binaries/Win64/UE4Editor-MobilePatchingUtils.dll (API version 3944462).
LogModuleManager: Display: Found up-to-date module file ../../../Engine/Plugins/Runtime/Oculus/OculusVR/Binaries/Win64/UE4Editor-OculusHMD.dll (API version 3944462).
LogModuleManager: Display: Found up-to-date module file ../../../Engine/Plugins/Runtime/Oculus/OculusVR/Binaries/Win64/UE4Editor-OculusInput.dll (API version 3944462).
LogModuleManager: Display: Found up-to-date module file ../../../Engine/Plugins/Runtime/Oculus/OculusVR/Binaries/Win64/UE4Editor-OculusEditor.dll (API version 3944462).
LogModuleManager: Display: Found up-to-date module file ../../../Engine/Plugins/Runtime/PhysXVehicles/Binaries/Win64/UE4Editor-PhysXVehicles.dll (API version 3944462).
LogModuleManager: Display: Found up-to-date module file ../../../Engine/Plugins/Runtime/PhysXVehicles/Binaries/Win64/UE4Editor-PhysXVehiclesEditor.dll (API version 3944462).
LogModuleManager: Display: Found up-to-date module file ../../../Engine/Plugins/Runtime/RuntimePhysXCooking/Binaries/Win64/UE4Editor-RuntimePhysXCooking.dll (API version 3944462).
LogModuleManager: Display: Found up-to-date module file ../../../Engine/Plugins/Runtime/Steam/SteamVR/Binaries/Win64/UE4Editor-SteamVR.dll (API version 3944462).
LogModuleManager: Display: Found up-to-date module file ../../../Engine/Plugins/Runtime/Steam/SteamVR/Binaries/Win64/UE4Editor-SteamVRController.dll (API version 3944462).
LogModuleManager: Display: Found up-to-date module file ../../../Engine/Plugins/Runtime/WindowsMoviePlayer/Binaries/Win64/UE4Editor-WindowsMoviePlayer.dll (API version 3944462).
LogPluginManager: Mounting plugin Paper2D
LogPluginManager: Mounting plugin LiveLink
LogPluginManager: Mounting plugin LightPropagationVolume
LogPluginManager: Mounting plugin CLionSourceCodeAccess
LogPluginManager: Mounting plugin CodeLiteSourceCodeAccess
LogPluginManager: Mounting plugin GitSourceControl
LogPluginManager: Mounting plugin KDevelopSourceCodeAccess
LogPluginManager: Mounting plugin NullSourceCodeAccess
LogPluginManager: Mounting plugin PerforceSourceControl
LogPluginManager: Mounting plugin SubversionSourceControl
LogPluginManager: Mounting plugin UObjectPlugin
LogPluginManager: Mounting plugin VisualStudioCodeSourceCodeAccess
LogPluginManager: Mounting plugin VisualStudioSourceCodeAccess
LogPluginManager: Mounting plugin XCodeSourceCodeAccess
LogPluginManager: Mounting plugin AssetManagerEditor
LogPluginManager: Mounting plugin CryptoKeys
LogPluginManager: Mounting plugin DataValidation
LogPluginManager: Mounting plugin FacialAnimation
LogPluginManager: Mounting plugin GameplayTagsEditor
LogPluginManager: Mounting plugin MobileLauncherProfileWizard
LogPluginManager: Mounting plugin PluginBrowser
LogPluginManager: Mounting plugin SpeedTreeImporter
LogPluginManager: Mounting plugin DatasmithContent
LogPluginManager: Mounting plugin AlembicImporter
LogPluginManager: Mounting plugin CharacterAI
LogPluginManager: Mounting plugin HTML5Networking
LogPluginManager: Mounting plugin AndroidMedia
LogPluginManager: Mounting plugin AvfMedia
LogPluginManager: Mounting plugin ImgMedia
LogPluginManager: Mounting plugin LinearTimecode
LogPluginManager: Mounting plugin MediaCompositing
LogPluginManager: Mounting plugin MediaPlayerEditor
LogPluginManager: Mounting plugin WmfMedia
LogPluginManager: Mounting plugin TcpMessaging
LogPluginManager: Mounting plugin UdpMessaging
LogPluginManager: Mounting plugin ActorSequence
LogPluginManager: Mounting plugin LevelSequenceEditor
LogPluginManager: Mounting plugin MatineeToLevelSequence
LogPluginManager: Mounting plugin NetcodeUnitTest
LogPluginManager: Mounting plugin NUTUnrealEngine4
LogPluginManager: Mounting plugin OnlineSubsystemGooglePlay
LogPluginManager: Mounting plugin OnlineSubsystemIOS
LogPluginManager: Mounting plugin OnlineSubsystem
LogPluginManager: Mounting plugin OnlineSubsystemNull
LogPluginManager: Mounting plugin OnlineSubsystemUtils
LogPluginManager: Mounting plugin AndroidDeviceProfileSelector
LogPluginManager: Mounting plugin AndroidMoviePlayer
LogPluginManager: Mounting plugin AndroidPermission
LogPluginManager: Mounting plugin AppleARKit
LogPluginManager: Mounting plugin AppleMoviePlayer
LogPluginManager: Mounting plugin ArchVisCharacter
LogPluginManager: Mounting plugin AudioCapture
LogPluginManager: Mounting plugin CableComponent
LogPluginManager: Mounting plugin CustomMeshComponent
LogPluginManager: Mounting plugin ExampleDeviceProfileSelector
LogPluginManager: Mounting plugin GoogleCloudMessaging
LogPluginManager: Mounting plugin ImmediatePhysics
LogPluginManager: Mounting plugin IOSDeviceProfileSelector
LogPluginManager: Mounting plugin LinuxDeviceProfileSelector
LogPluginManager: Mounting plugin LocationServicesBPLibrary
LogPluginManager: Mounting plugin MobilePatchingUtils
LogPluginManager: Mounting plugin OculusVR
LogPluginManager: Plugin shader directory ../../../Engine/Plugins/Runtime/Oculus/OculusVR/Shaders found
LogPluginManager: Mapping shader source directory ../../../Engine/Plugins/Runtime/Oculus/OculusVR/Shaders to virtual directory /Plugin/OculusVR
LogPluginManager: Mounting plugin PhysXVehicles
LogPluginManager: Mounting plugin ProceduralMeshComponent
LogPluginManager: Mounting plugin RuntimePhysXCooking
LogPluginManager: Mounting plugin SteamVR
LogPluginManager: Mounting plugin WindowsMoviePlayer
LogStreaming: Display: Took  1.266s to configure plugins.
LogInit: Using libcurl 7.47.1
LogInit:  - built for x86_64-pc-win32
LogInit:  - supports SSL with OpenSSL/1.0.2g
LogInit:  - supports HTTP deflate (compression) using libz 1.2.8
LogInit:  - other features:
LogInit:      CURL_VERSION_SSL
LogInit:      CURL_VERSION_LIBZ
LogInit:      CURL_VERSION_IPV6
LogInit:      CURL_VERSION_ASYNCHDNS
LogInit:      CURL_VERSION_LARGEFILE
LogInit:      CURL_VERSION_IDN
LogInit:  CurlRequestOptions (configurable via config and command line):
LogInit:  - bVerifyPeer = false  - Libcurl will NOT verify peer certificate
LogInit:  - bUseHttpProxy = false  - Libcurl will NOT use HTTP proxy
LogInit:  - bDontReuseConnections = false  - Libcurl will reuse connections
LogInit:  - CertBundlePath = nullptr  - Libcurl will use whatever was configured at build time.
LogInit:  - MaxHostConnections = 16  - Libcurl will limit the number of connections to a host
LogInit:  - LocalHostAddr = Default
LogInit: WinSock: version 1.1 (2.2), MaxSocks=32767, MaxUdp=65467
LogInit: WinSock: I am DESKTOP-J54LIC6 (10.6.110.180:0)
LogInit: Build: ++UE4+Release-4.19-CL-4033788
LogInit: Engine Version: 4.19.2-4033788+++UE4+Release-4.19
LogInit: Compatible Engine Version: 4.19.0-3944462+++UE4+Release-4.19
LogInit: Net CL: 3944462
LogDevObjectVersion: Number of dev versions registered: 18
LogDevObjectVersion:   Dev-Blueprints (B0D832E4-1F89-4F0D-ACCF-7EB736FD4AA2): 10
LogDevObjectVersion:   Dev-Build (E1C64328-A22C-4D53-A36C-8E866417BD8C): 0
LogDevObjectVersion:   Dev-Core (375EC13C-06E4-48FB-B500-84F0262A717E): 2
LogDevObjectVersion:   Dev-Editor (E4B068ED-F494-42E9-A231-DA0B2E46BB41): 23
LogDevObjectVersion:   Dev-Framework (CFFC743F-43B0-4480-9391-14DF171D2073): 33
LogDevObjectVersion:   Dev-Mobile (B02B49B5-BB20-44E9-A304-32B752E40360): 2
LogDevObjectVersion:   Dev-Networking (A4E4105C-59A1-49B5-A7C5-40C4547EDFEE): 0
LogDevObjectVersion:   Dev-Online (39C831C9-5AE6-47DC-9A44-9C173E1C8E7C): 0
LogDevObjectVersion:   Dev-Physics (78F01B33-EBEA-4F98-B9B4-84EACCB95AA2): 0
LogDevObjectVersion:   Dev-Platform (6631380F-2D4D-43E0-8009-CF276956A95A): 0
LogDevObjectVersion:   Dev-Rendering (12F88B9F-8875-4AFC-A67C-D90C383ABD29): 25
LogDevObjectVersion:   Dev-Sequencer (7B5AE74C-D270-4C10-A958-57980B212A5A): 6
LogDevObjectVersion:   Dev-VR (D7296918-1DD6-4BDD-9DE2-64A83CC13884): 1
LogDevObjectVersion:   Dev-LoadTimes (C2A15278-BFE7-4AFE-6C17-90FF531DF755): 1
LogDevObjectVersion:   Private-Geometry (6EACA3D4-40EC-4CC1-B786-8BED09428FC5): 2
LogDevObjectVersion:   Dev-AnimPhys (29E575DD-E0A3-4627-9D10-D276232CDCEA): 16
LogDevObjectVersion:   Dev-ReflectionCapture (6B266CEC-1EC7-4B8F-A30B-E4D90942FC07): 1
LogDevObjectVersion:   Dev-Automation (0DF73D61-A23F-47EA-B727-89E90C41499A): 1
LogInit: Compiled (64-bit): Apr 27 2018 02:06:57
LogInit: Compiled with Visual C++: 19.00.24215.01
LogInit: Build Configuration: Development
LogInit: Branch Name: ++UE4+Release-4.19
LogInit: Command Line: 
LogInit: Base Directory: D:/GameDev/UE4/Epic Games/UE_4.19/Engine/Binaries/Win64/
LogInit: Installed Engine Build: 1
LogStreaming: Display: Took  0.076s to delete old logs.
LogInit: Presizing for max 8388607 objects, including 0 objects not considered by GC, pre-allocating 0 bytes for permanent pool.
LogInit: Object subsystem initialized
[2018.09.04-21.12.15:511][  0]LogInit: Selected Device Profile: [Windows]
[2018.09.04-21.12.15:511][  0]LogInit: Applying CVar settings loaded from the selected device profile: [Windows]
[2018.09.04-21.12.15:535][  0]LogInit: Computer: DESKTOP-J54LIC6
[2018.09.04-21.12.15:535][  0]LogInit: User: Canados
[2018.09.04-21.12.15:535][  0]LogInit: CPU Page size=4096, Cores=6
[2018.09.04-21.12.15:535][  0]LogInit: High frequency timer resolution =2.156247 MHz
[2018.09.04-21.12.15:535][  0]LogMemory: Memory total: Physical=15.9GB (16GB approx)
[2018.09.04-21.12.15:535][  0]LogMemory: Platform Memory Stats for Windows
[2018.09.04-21.12.15:535][  0]LogMemory: Process Physical Memory: 277.20 MB used, 277.20 MB peak
[2018.09.04-21.12.15:535][  0]LogMemory: Process Virtual Memory: 278.64 MB used, 278.64 MB peak
[2018.09.04-21.12.15:535][  0]LogMemory: Physical Memory: 4652.14 MB used,  11590.73 MB free, 16242.87 MB total
[2018.09.04-21.12.15:535][  0]LogMemory: Virtual Memory: 4823.05 MB used,  11590.73 MB free, 134217728.00 MB total
[2018.09.04-21.12.15:889][  0]LogInit: Using OS detected language (en-US).
[2018.09.04-21.12.15:889][  0]LogInit: Using OS detected locale (en-CA).
[2018.09.04-21.12.15:896][  0]LogTextLocalizationManager: No specific localization for 'en-US' exists, so the 'en' localization will be used.
[2018.09.04-21.12.16:238][  0]LogStreaming: Display: Took  0.347s to EndInitTextLocalization.
[2018.09.04-21.12.16:238][  0]LogInit: Setting process to per monitor DPI aware
[2018.09.04-21.12.16:273][  0]LogSlate: New Slate User Created.  User Index 0, Is Virtual User: 0
[2018.09.04-21.12.16:273][  0]LogSlate: Slate User Registered.  User Index 0, Is Virtual User: 0
[2018.09.04-21.12.16:661][  0]LogD3D11RHI: D3D11 adapters:
[2018.09.04-21.12.16:700][  0]LogD3D11RHI:    0. 'NVIDIA GeForce GTX 1060' (Feature Level 11_0)
[2018.09.04-21.12.16:700][  0]LogD3D11RHI:       6061/0/8121 MB DedicatedVideo/DedicatedSystem/SharedSystem, Outputs:1, VendorId:0x10de
[2018.09.04-21.12.16:727][  0]LogD3D11RHI:    1. 'Intel(R) UHD Graphics 630' (Feature Level 11_0)
[2018.09.04-21.12.16:727][  0]LogD3D11RHI:       128/0/8121 MB DedicatedVideo/DedicatedSystem/SharedSystem, Outputs:0, VendorId:0x8086
[2018.09.04-21.12.16:729][  0]LogD3D11RHI:    2. 'Microsoft Basic Render Driver' (Feature Level 11_0)
[2018.09.04-21.12.16:729][  0]LogD3D11RHI:       0/0/8121 MB DedicatedVideo/DedicatedSystem/SharedSystem, Outputs:0, VendorId:0x1414
[2018.09.04-21.12.16:729][  0]LogD3D11RHI: Chosen D3D11 Adapter: 0
[2018.09.04-21.12.16:734][  0]LogD3D11RHI: Creating new Direct3DDevice
[2018.09.04-21.12.16:734][  0]LogD3D11RHI:     GPU DeviceId: 0x1c60 (for the marketing name, search the web for "GPU Device Id")
[2018.09.04-21.12.16:734][  0]LogWindows: EnumDisplayDevices:
[2018.09.04-21.12.16:735][  0]LogWindows:    0. 'NVIDIA GeForce GTX 1060' (P:1 D:1)
[2018.09.04-21.12.16:735][  0]LogWindows:    1. 'NVIDIA GeForce GTX 1060' (P:0 D:0)
[2018.09.04-21.12.16:735][  0]LogWindows:    2. 'NVIDIA GeForce GTX 1060' (P:0 D:0)
[2018.09.04-21.12.16:735][  0]LogWindows:    3. 'NVIDIA GeForce GTX 1060' (P:0 D:0)
[2018.09.04-21.12.16:735][  0]LogWindows:    4. 'Intel(R) UHD Graphics 630' (P:0 D:0)
[2018.09.04-21.12.16:735][  0]LogWindows:    5. 'Intel(R) UHD Graphics 630' (P:0 D:0)
[2018.09.04-21.12.16:736][  0]LogWindows:    6. 'Intel(R) UHD Graphics 630' (P:0 D:0)
[2018.09.04-21.12.16:736][  0]LogWindows: DebugString: GetVideoDriverDetailsInvalid PrimaryIsNotTheChoosenAdapter GetVideoDriverDetailsInvalid PrimaryIsNotTheChoosenAdapter GetVideoDriverDetailsInvalid PrimaryIsNotTheChoosenAdapter GetVideoDriverDetailsInvalid PrimaryIsNotTheChoosenAdapter GetVideoDriverDetailsInvalid PrimaryIsNotTheChoosenAdapter GetVideoDriverDetailsInvalid PrimaryIsNotTheChoosenAdapter GetVideoDriverDetailsInvalid PrimaryIsNotTheChoosenAdapter FoundDriverCount:0 
[2018.09.04-21.12.16:736][  0]LogD3D11RHI:     Adapter Name: NVIDIA GeForce GTX 1060
[2018.09.04-21.12.16:736][  0]LogD3D11RHI:   Driver Version: Unknown (internal:Unknown, unified:Unknown)
[2018.09.04-21.12.16:736][  0]LogD3D11RHI:      Driver Date: Unknown
[2018.09.04-21.12.16:736][  0]LogRHI: Texture pool is 4242 MB (70% of 6061 MB)
[2018.09.04-21.12.16:763][  0]LogD3D11RHI: [Aftermath] Aftermath enabled and primed
[2018.09.04-21.12.16:763][  0]LogD3D11RHI: [Aftermath] Aftermath enabled and primed
[2018.09.04-21.12.16:763][  0]LogD3D11RHI: Async texture creation enabled
[2018.09.04-21.12.16:773][  0]LogD3D11RHI: GPU Timing Frequency: 1000.000000 (Debug: 2 1)
[2018.09.04-21.12.16:820][  0]LogShaderCompilers: Guid format shader working directory is 2 characters bigger than the processId version (../../../../../Unreal_Projects/farmerVSzombies/Intermediate/Shaders/WorkingDirectory/4968/).
[2018.09.04-21.12.16:820][  0]LogShaderCompilers: Cleaned the shader compiler working directory 'C:/Users/Canados/AppData/Local/Temp/UnrealShaderWorkingDir/09749AFA4A22FBC89E5A0BAA29D1882C/'.
[2018.09.04-21.12.17:046][  0]LogTemp: Display: Loaded TP AllDesktopTargetPlatform
[2018.09.04-21.12.17:057][  0]LogTemp: Display: Loaded TP MacClientTargetPlatform
[2018.09.04-21.12.17:068][  0]LogTemp: Display: Loaded TP MacNoEditorTargetPlatform
[2018.09.04-21.12.17:078][  0]LogTemp: Display: Loaded TP MacServerTargetPlatform
[2018.09.04-21.12.17:090][  0]LogTemp: Display: Loaded TP MacTargetPlatform
[2018.09.04-21.12.17:100][  0]LogTemp: Display: Loaded TP WindowsClientTargetPlatform
[2018.09.04-21.12.17:111][  0]LogTemp: Display: Loaded TP WindowsNoEditorTargetPlatform
[2018.09.04-21.12.17:122][  0]LogTemp: Display: Loaded TP WindowsServerTargetPlatform
[2018.09.04-21.12.17:127][  0]LogTemp: Display: Loaded TP WindowsTargetPlatform
[2018.09.04-21.12.17:137][  0]LogTemp: Display: Loaded TP Android_ASTCTargetPlatform
[2018.09.04-21.12.17:147][  0]LogTemp: Display: Loaded TP Android_ATCTargetPlatform
[2018.09.04-21.12.17:157][  0]LogTemp: Display: Loaded TP Android_DXTTargetPlatform
[2018.09.04-21.12.17:166][  0]LogTemp: Display: Loaded TP Android_ETC1aTargetPlatform
[2018.09.04-21.12.17:176][  0]LogTemp: Display: Loaded TP Android_ETC1TargetPlatform
[2018.09.04-21.12.17:186][  0]LogTemp: Display: Loaded TP Android_ETC2TargetPlatform
[2018.09.04-21.12.17:206][  0]LogTemp: Display: Loaded TP Android_MultiTargetPlatform
[2018.09.04-21.12.17:206][  0]LogTemp: Display: Loaded TP Android_PVRTCTargetPlatform
[2018.09.04-21.12.17:217][  0]LogTemp: Display: Loaded TP AndroidTargetPlatform
[2018.09.04-21.12.17:218][  0]LogTemp: Display: Loaded TP HTML5TargetPlatform
[2018.09.04-21.12.17:253][  0]LogTemp: Display: Loaded TP IOSTargetPlatform
[2018.09.04-21.12.17:276][  0]LogTemp: Display: Loaded TP TVOSTargetPlatform
[2018.09.04-21.12.17:286][  0]LogTemp: Display: Loaded TP LinuxClientTargetPlatform
[2018.09.04-21.12.17:296][  0]LogTemp: Display: Loaded TP LinuxNoEditorTargetPlatform
[2018.09.04-21.12.17:306][  0]LogTemp: Display: Loaded TP LinuxServerTargetPlatform
[2018.09.04-21.12.17:317][  0]LogTemp: Display: Loaded TP LinuxTargetPlatform
[2018.09.04-21.12.17:317][  0]LogTargetPlatformManager: Display: Building Assets For Windows
[2018.09.04-21.12.17:410][  0]LogXGEController: Cannot use XGE Controller as Incredibuild is not installed on this machine.
[2018.09.04-21.12.17:410][  0]LogShaderCompilers: Cannot use XGE Shader Compiler as Incredibuild is not installed on this machine.
[2018.09.04-21.12.17:410][  0]LogShaderCompilers: Display: Using Local Shader Compiler.
[2018.09.04-21.12.18:055][  0]LogDerivedDataCache: Display: Max Cache Size: 512 MB
[2018.09.04-21.12.18:109][  0]LogDerivedDataCache: Loaded boot cache 0.05s 74MB C:/Users/Canados/AppData/Local/UnrealEngine/4.19/DerivedDataCache/Boot.ddc.
[2018.09.04-21.12.18:109][  0]LogDerivedDataCache: Display: Loaded Boot cache: C:/Users/Canados/AppData/Local/UnrealEngine/4.19/DerivedDataCache/Boot.ddc
[2018.09.04-21.12.18:110][  0]LogDerivedDataCache: FDerivedDataBackendGraph:  Pak pak cache file ../../../../../Unreal_Projects/farmerVSzombies/DerivedDataCache/DDC.ddp not found, will not use a pak cache.
[2018.09.04-21.12.18:110][  0]LogDerivedDataCache: Unable to find inner node Pak for hierarchical cache Hierarchy.
[2018.09.04-21.12.18:110][  0]LogDerivedDataCache: FDerivedDataBackendGraph:  CompressedPak pak cache file ../../../../../Unreal_Projects/farmerVSzombies/DerivedDataCache/Compressed.ddp not found, will not use a pak cache.
[2018.09.04-21.12.18:110][  0]LogDerivedDataCache: Unable to find inner node CompressedPak for hierarchical cache Hierarchy.
[2018.09.04-21.12.18:123][  0]LogDerivedDataCache: Display: Pak cache opened for reading ../../../Engine/DerivedDataCache/Compressed.ddp.
[2018.09.04-21.12.18:135][  0]LogDerivedDataCache: Using Local data cache path C:/Users/Canados/AppData/Local/UnrealEngine/Common/DerivedDataCache: Writable
[2018.09.04-21.12.18:135][  0]LogDerivedDataCache: Shared data cache path not found in *engine.ini, will not use an Shared cache.
[2018.09.04-21.12.18:135][  0]LogDerivedDataCache: Unable to find inner node Shared for hierarchical cache Hierarchy.
[2018.09.04-21.12.18:144][  0]LogMaterial: Verifying Global Shaders for PCD3D_SM5
[2018.09.04-21.12.18:144][  0]LogSlate: Using Freetype 2.6.0
[2018.09.04-21.12.18:146][  0]LogSlate: SlateFontCache - WITH_FREETYPE: 1, WITH_HARFBUZZ: 1
[2018.09.04-21.12.18:146][  0]LogSlate: SlateFontCache - WITH_FREETYPE: 1, WITH_HARFBUZZ: 1
[2018.09.04-21.12.18:345][  0]LogAssetRegistry: FAssetRegistry took 0.0252 seconds to start up
[2018.09.04-21.12.18:598][  0]LogInit: Selected Device Profile: [Windows]
[2018.09.04-21.12.18:727][  0]LogSimplygon: Simplygon DLL not present - disabling.
[2018.09.04-21.12.18:729][  0]LogMeshReduction: Using SimplygonSwarm for distributed automatic mesh merging
[2018.09.04-21.12.18:729][  0]LogMeshReduction: Using QuadricMeshReduction for automatic static mesh reduction
[2018.09.04-21.12.18:729][  0]LogMeshReduction: No automatic skeletal mesh reduction module available
[2018.09.04-21.12.18:729][  0]LogMeshReduction: No automatic mesh merging module available
[2018.09.04-21.12.18:729][  0]LogMeshMerging: No automatic mesh merging module available
[2018.09.04-21.12.18:758][  0]LogNetVersion: farmerVSzombies , NetCL: 3944462, EngineNetVer: 2, GameNetVer: 0 (Checksum: 3168997086)
[2018.09.04-21.12.19:532][  0]LogPackageLocalizationCache: Processed 9 localized package path(s) for 2 prioritized culture(s) in 0.387801 seconds
[2018.09.04-21.12.19:537][  0]LogUObjectArray: 36728 objects as part of root set at end of initial load.
[2018.09.04-21.12.19:537][  0]LogUObjectAllocator: 7314312 out of 0 bytes used by permanent object pool.
[2018.09.04-21.12.19:537][  0]LogUObjectArray: CloseDisregardForGC: 0/0 objects in disregard for GC pool
[2018.09.04-21.12.21:726][  0]LogTcpMessaging: Initializing TcpMessaging bridge
[2018.09.04-21.12.21:753][  0]LogUdpMessaging: Initializing bridge on interface 0.0.0.0:0 to multicast group 230.0.0.1:6666.
[2018.09.04-21.12.22:094][  0]SourceControl: Source control is disabled
[2018.09.04-21.12.22:095][  0]SourceControl: Source control is disabled
[2018.09.04-21.12.22:119][  0]SourceControl: Source control is disabled
[2018.09.04-21.12.22:134][  0]SourceControl: Source control is disabled
[2018.09.04-21.12.22:566][  0]LogAndroidPermission: UAndroidPermissionCallbackProxy::GetInstance
[2018.09.04-21.12.22:700][  0]LogOcInput: OculusInput pre-init called
[2018.09.04-21.12.22:800][  0]LogEngine: Initializing Engine...
[2018.09.04-21.12.22:801][  0]LogHMD: Failed to initialize OpenVR with code 110
[2018.09.04-21.12.22:803][  0]LogStats: UGameplayTagsManager::ConstructGameplayTagTree: Construct from data asset -  0.000 s
[2018.09.04-21.12.22:803][  0]LogStats: UGameplayTagsManager::ConstructGameplayTagTree: GameplayTagTreeChangedEvent.Broadcast -  0.000 s
[2018.09.04-21.12.22:997][  0]LogAIModule: Creating AISystem for world Untitled
[2018.09.04-21.12.23:008][  0]LogInit: XAudio2 using 'Speakers/Headphones (Realtek(R) Audio)' : 6 channels at 48 kHz using 32 bits per sample (channel mask 0x3f)
[2018.09.04-21.12.23:456][  0]LogInit: FAudioDevice initialized.
[2018.09.04-21.12.23:533][  0]LogDerivedDataCache: Saved boot cache 0.08s 74MB C:/Users/Canados/AppData/Local/UnrealEngine/4.19/DerivedDataCache/Boot.ddc.
[2018.09.04-21.12.23:547][  0]LogInit: Texture streaming: Enabled
[2018.09.04-21.12.23:560][  0]LogEngineSessionManager: EngineSessionManager initialized
[2018.09.04-21.12.23:570][  0]LogInit: Transaction tracking system initialized
[2018.09.04-21.12.23:588][  0]BlueprintLog: New page: Editor Load
[2018.09.04-21.12.23:646][  0]LocalizationService: Localization service is disabled
[2018.09.04-21.12.23:743][  0]LogConsoleResponse: Display: 
[2018.09.04-21.12.23:943][  0]LogCook: Display: Max memory allowance for cook 16384mb min free memory 0mb
[2018.09.04-21.12.23:943][  0]LogCook: Display: Mobile HDR setting 1
[2018.09.04-21.12.23:943][  0]LogGameplayTags: Display: UGameplayTagsManager::DoneAddingNativeTags. DelegateIsBound: 0
[2018.09.04-21.12.23:943][  0]LogStats: UGameplayTagsManager::ConstructGameplayTagTree: Construct from data asset -  0.000 s
[2018.09.04-21.12.23:943][  0]LogStats: UGameplayTagsManager::ConstructGameplayTagTree: GameplayTagTreeChangedEvent.Broadcast -  0.000 s
[2018.09.04-21.12.24:189][  0]LogFileCache: Scanning file cache for directory 'D:/GameDev/UE4/Unreal_Projects/farmerVSzombies/Content/' took 0.02s
[2018.09.04-21.12.24:251][  0]SourceControl: Source control is disabled
[2018.09.04-21.12.24:251][  0]Cmd: MAP LOAD FILE="../../../../../Unreal_Projects/farmerVSzombies/Content/ThirdPersonBP/Maps/ThirdPersonExampleMap.umap" TEMPLATE=0 SHOWPROGRESS=1 FEATURELEVEL=3
[2018.09.04-21.12.24:251][  0]LightingResults: New page: Lighting Build
[2018.09.04-21.12.24:253][  0]MapCheck: New page: Map Check
[2018.09.04-21.12.24:253][  0]LightingResults: New page: Lighting Build
[2018.09.04-21.12.24:717][  0]LogUObjectGlobals: Created PersistentFrame Addr=0x0000019b4f306430, Size=4, Default__DAUTHER_ANIM_BP_C Function /Game/ThirdPersonBP/Character/Dauther/Amination/DAUTHER_ANIM_BP.DAUTHER_ANIM_BP_C:ExecuteUbergraph_DAUTHER_ANIM_BP
[2018.09.04-21.12.24:758][  0]LogUObjectGlobals: Destroyed PersistentFrame Addr=0x0000019b4f306430, Size=4
[2018.09.04-21.12.24:758][  0]LogUObjectGlobals: Created PersistentFrame Addr=0x0000019b4f306430, Size=4, Default__DAUTHER_ANIM_BP_C Function /Engine/Transient.REINST_DAUTHER_ANIM_BP_C_0:ExecuteUbergraph_DAUTHER_ANIM_BP
[2018.09.04-21.12.24:767][  0]LogUObjectGlobals: Created PersistentFrame Addr=0x0000019b4f3063a8, Size=4, Default__DAUTHER_ANIM_BP_C Function /Game/ThirdPersonBP/Character/Dauther/Amination/DAUTHER_ANIM_BP.DAUTHER_ANIM_BP_C:ExecuteUbergraph_DAUTHER_ANIM_BP
[2018.09.04-21.12.25:380][  0]LogUObjectGlobals: Created PersistentFrame Addr=0x0000019b3ddf9600, Size=1584, Default__ThirdPersonCharacter_C Function /Game/ThirdPersonBP/Character_BP/ThirdPersonCharacter.ThirdPersonCharacter_C:ExecuteUbergraph_ThirdPersonCharacter
[2018.09.04-21.12.25:672][  0]LogUObjectGlobals: Created PersistentFrame Addr=0x0000019b32d49900, Size=172, Default__COIN_BP_C Function /Game/ThirdPersonBP/Env/Coin/COIN_BP.COIN_BP_C:ExecuteUbergraph_COIN_BP
[2018.09.04-21.12.25:910][  0]LogUObjectGlobals: Created PersistentFrame Addr=0x0000019b32c2c700, Size=184, Default__BROKEN_FENCE_BP_C Function /Game/ThirdPersonBP/Env/Fence/BROKEN_FENCE_BP.BROKEN_FENCE_BP_C:ExecuteUbergraph_BROKEN_FENCE_BP
[2018.09.04-21.12.26:059][  0]LogUObjectGlobals: Created PersistentFrame Addr=0x0000019b32c2ce80, Size=172, Default__STAR_BP_C Function /Game/ThirdPersonBP/Env/Star/STAR_BP.STAR_BP_C:ExecuteUbergraph_STAR_BP
[2018.09.04-21.12.26:089][  0]LogUObjectGlobals: Created PersistentFrame Addr=0x0000019b37135580, Size=64, Default__ANIM_PEASANT_BP_C Function /Game/ThirdPersonBP/Character/Animation/ANIM_PEASANT_BP.ANIM_PEASANT_BP_C:ExecuteUbergraph_ANIM_PEASANT_BP
[2018.09.04-21.12.28:317][  0]LogUObjectGlobals: Destroyed PersistentFrame Addr=0x0000019b37135580, Size=64
[2018.09.04-21.12.28:318][  0]LogUObjectGlobals: Created PersistentFrame Addr=0x0000019b380ccb00, Size=64, Default__ANIM_PEASANT_BP_C Function /Engine/Transient.REINST_ANIM_PEASANT_BP_C_1:ExecuteUbergraph_ANIM_PEASANT_BP
[2018.09.04-21.12.28:319][  0]LogUObjectGlobals: Destroyed PersistentFrame Addr=0x0000019b32c2c700, Size=184
[2018.09.04-21.12.28:319][  0]LogUObjectGlobals: Created PersistentFrame Addr=0x0000019b38593340, Size=184, Default__BROKEN_FENCE_BP_C Function /Engine/Transient.REINST_BROKEN_FENCE_BP_C_4:ExecuteUbergraph_BROKEN_FENCE_BP
[2018.09.04-21.12.28:319][  0]LogUObjectGlobals: Destroyed PersistentFrame Addr=0x0000019b32d49900, Size=172
[2018.09.04-21.12.28:319][  0]LogUObjectGlobals: Created PersistentFrame Addr=0x0000019b38593400, Size=172, Default__COIN_BP_C Function /Engine/Transient.REINST_COIN_BP_C_5:ExecuteUbergraph_COIN_BP
[2018.09.04-21.12.28:319][  0]LogUObjectGlobals: Destroyed PersistentFrame Addr=0x0000019b32c2ce80, Size=172
[2018.09.04-21.12.28:319][  0]LogUObjectGlobals: Created PersistentFrame Addr=0x0000019b385931c0, Size=172, Default__STAR_BP_C Function /Engine/Transient.REINST_STAR_BP_C_6:ExecuteUbergraph_STAR_BP
[2018.09.04-21.12.28:320][  0]LogUObjectGlobals: Destroyed PersistentFrame Addr=0x0000019b3ddf9600, Size=1584
[2018.09.04-21.12.28:320][  0]LogUObjectGlobals: Created PersistentFrame Addr=0x0000019b384f8f00, Size=1584, Default__ThirdPersonCharacter_C Function /Engine/Transient.REINST_ThirdPersonCharacter_C_7:ExecuteUbergraph_ThirdPersonCharacter
[2018.09.04-21.12.28:395][  0]LogUObjectGlobals: Created PersistentFrame Addr=0x0000019b520fb0c0, Size=64, Default__ANIM_PEASANT_BP_C Function /Game/ThirdPersonBP/Character/Animation/ANIM_PEASANT_BP.ANIM_PEASANT_BP_C:ExecuteUbergraph_ANIM_PEASANT_BP
[2018.09.04-21.12.28:395][  0]LogUObjectGlobals: Created PersistentFrame Addr=0x0000019b520cb1c0, Size=184, Default__BROKEN_FENCE_BP_C Function /Game/ThirdPersonBP/Env/Fence/BROKEN_FENCE_BP.BROKEN_FENCE_BP_C:ExecuteUbergraph_BROKEN_FENCE_BP
[2018.09.04-21.12.28:396][  0]LogUObjectGlobals: Created PersistentFrame Addr=0x0000019b520c9fc0, Size=172, Default__COIN_BP_C Function /Game/ThirdPersonBP/Env/Coin/COIN_BP.COIN_BP_C:ExecuteUbergraph_COIN_BP
[2018.09.04-21.12.28:396][  0]LogUObjectGlobals: Created PersistentFrame Addr=0x0000019b520c9540, Size=172, Default__STAR_BP_C Function /Game/ThirdPersonBP/Env/Star/STAR_BP.STAR_BP_C:ExecuteUbergraph_STAR_BP
[2018.09.04-21.12.28:405][  0]LogUObjectGlobals: Created PersistentFrame Addr=0x0000019b52099600, Size=1600, Default__ThirdPersonCharacter_C Function /Game/ThirdPersonBP/Character_BP/ThirdPersonCharacter.ThirdPersonCharacter_C:ExecuteUbergraph_ThirdPersonCharacter
[2018.09.04-21.12.28:740][  0]LogUObjectGlobals: Created PersistentFrame Addr=0x0000019b521a69d0, Size=40, Default__DAUTHER_BP_C Function /Game/ThirdPersonBP/Character/Dauther/DAUTHER_BP.DAUTHER_BP_C:ExecuteUbergraph_DAUTHER_BP
[2018.09.04-21.12.28:742][  0]LogUObjectGlobals: Destroyed PersistentFrame Addr=0x0000019b521a69d0, Size=40
[2018.09.04-21.12.28:742][  0]LogUObjectGlobals: Created PersistentFrame Addr=0x0000019b521a69d0, Size=40, Default__DAUTHER_BP_C Function /Engine/Transient.REINST_DAUTHER_BP_C_20:ExecuteUbergraph_DAUTHER_BP
[2018.09.04-21.12.28:743][  0]LogUObjectGlobals: Created PersistentFrame Addr=0x0000019b521a6bb0, Size=40, Default__DAUTHER_BP_C Function /Game/ThirdPersonBP/Character/Dauther/DAUTHER_BP.DAUTHER_BP_C:ExecuteUbergraph_DAUTHER_BP
[2018.09.04-21.12.28:888][  0]LogUObjectGlobals: Created PersistentFrame Addr=0x0000019b51f91600, Size=168, Default__BULLET_BP_C Function /Game/ThirdPersonBP/Character/Weapon/BULLET_BP.BULLET_BP_C:ExecuteUbergraph_BULLET_BP
[2018.09.04-21.12.28:895][  0]LogUObjectGlobals: Destroyed PersistentFrame Addr=0x0000019b51f91600, Size=168
[2018.09.04-21.12.28:895][  0]LogUObjectGlobals: Created PersistentFrame Addr=0x0000019b51f91600, Size=168, Default__BULLET_BP_C Function /Engine/Transient.REINST_BULLET_BP_C_22:ExecuteUbergraph_BULLET_BP
[2018.09.04-21.12.28:898][  0]LogUObjectGlobals: Created PersistentFrame Addr=0x0000019b520cb640, Size=168, Default__BULLET_BP_C Function /Game/ThirdPersonBP/Character/Weapon/BULLET_BP.BULLET_BP_C:ExecuteUbergraph_BULLET_BP
[2018.09.04-21.12.29:809][  0]LogUObjectGlobals: Created PersistentFrame Addr=0x0000019b37e10400, Size=720, Default__MUSCETS_BP_C Function /Game/ThirdPersonBP/Character/Weapon/MUSCETS_BP.MUSCETS_BP_C:ExecuteUbergraph_MUSCETS_BP
[2018.09.04-21.12.29:839][  0]LogUObjectGlobals: Destroyed PersistentFrame Addr=0x0000019b37e10400, Size=720
[2018.09.04-21.12.29:839][  0]LogUObjectGlobals: Created PersistentFrame Addr=0x0000019b382f9f00, Size=720, Default__MUSCETS_BP_C Function /Engine/Transient.REINST_MUSCETS_BP_C_26:ExecuteUbergraph_MUSCETS_BP
[2018.09.04-21.12.29:852][  0]LogUObjectGlobals: Created PersistentFrame Addr=0x0000019b382f8a00, Size=720, Default__MUSCETS_BP_C Function /Game/ThirdPersonBP/Character/Weapon/MUSCETS_BP.MUSCETS_BP_C:ExecuteUbergraph_MUSCETS_BP
[2018.09.04-21.12.30:831][  0]LogUObjectGlobals: Created PersistentFrame Addr=0x0000019b38e52240, Size=448, Default__BP_FENCE_C Function /Game/ThirdPersonBP/Env/Fence/BP_FENCE.BP_FENCE_C:ExecuteUbergraph_BP_FENCE
[2018.09.04-21.12.30:839][  0]LogUObjectGlobals: Destroyed PersistentFrame Addr=0x0000019b38e52240, Size=448
[2018.09.04-21.12.30:839][  0]LogUObjectGlobals: Created PersistentFrame Addr=0x0000019b529af900, Size=448, Default__BP_FENCE_C Function /Engine/Transient.REINST_BP_FENCE_C_30:ExecuteUbergraph_BP_FENCE
[2018.09.04-21.12.30:847][  0]LogUObjectGlobals: Created PersistentFrame Addr=0x0000019b5294f740, Size=448, Default__BP_FENCE_C Function /Game/ThirdPersonBP/Env/Fence/BP_FENCE.BP_FENCE_C:ExecuteUbergraph_BP_FENCE
[2018.09.04-21.12.31:078][  0]LogUObjectGlobals: Created PersistentFrame Addr=0x0000019b529ee340, Size=288, Default__ENEMY_BP_C Function /Game/Enemies/ENEMY_BP.ENEMY_BP_C:ExecuteUbergraph_ENEMY_BP
[2018.09.04-21.12.31:092][  0]LogUObjectGlobals: Destroyed PersistentFrame Addr=0x0000019b529ee340, Size=288
[2018.09.04-21.12.31:092][  0]LogUObjectGlobals: Created PersistentFrame Addr=0x0000019b529ee340, Size=288, Default__ENEMY_BP_C Function /Engine/Transient.REINST_ENEMY_BP_C_34:ExecuteUbergraph_ENEMY_BP
[2018.09.04-21.12.31:095][  0]LogUObjectGlobals: Created PersistentFrame Addr=0x0000019b529ed580, Size=288, Default__ENEMY_BP_C Function /Game/Enemies/ENEMY_BP.ENEMY_BP_C:ExecuteUbergraph_ENEMY_BP
[2018.09.04-21.12.31:125][  0]LogUObjectGlobals: Created PersistentFrame Addr=0x0000019b535be080, Size=3328, Default__ZOMBIE_BP_C Function /Game/Enemies/Zombie/ZOMBIE_BP.ZOMBIE_BP_C:ExecuteUbergraph_ZOMBIE_BP
[2018.09.04-21.12.31:125][  0]LogUObjectGlobals: Created PersistentFrame Addr=0x0000019b529ed300, Size=288, Default__ZOMBIE_BP_C Function /Game/Enemies/ENEMY_BP.ENEMY_BP_C:ExecuteUbergraph_ENEMY_BP
[2018.09.04-21.12.32:644][  0]LogUObjectGlobals: Created PersistentFrame Addr=0x0000019b3857abc0, Size=88, Default__ANIM_ZOMBIE_BP_C Function /Game/Enemies/Zombie/Animation/ANIM_ZOMBIE_BP.ANIM_ZOMBIE_BP_C:ExecuteUbergraph_ANIM_ZOMBIE_BP
[2018.09.04-21.12.32:659][  0]LogUObjectGlobals: Created PersistentFrame Addr=0x0000019b52914900, Size=248, Default__GRASS_BP_C Function /Game/ThirdPersonBP/Env/Grass/GRASS_BP.GRASS_BP_C:ExecuteUbergraph_GRASS_BP
[2018.09.04-21.12.32:871][  0]LogUObjectGlobals: Created PersistentFrame Addr=0x0000019b52915100, Size=248, Default__PEPPER_BP_C Function /Game/ThirdPersonBP/Env/Pepper/PEPPER_BP.PEPPER_BP_C:ExecuteUbergraph_PEPPER_BP
[2018.09.04-21.12.33:088][  0]LogUObjectGlobals: Created PersistentFrame Addr=0x0000019b52914700, Size=256, Default__PUMPKIN_BP_C Function /Game/ThirdPersonBP/Env/Pumpkin/PUMPKIN_BP.PUMPKIN_BP_C:ExecuteUbergraph_PUMPKIN_BP
[2018.09.04-21.12.33:264][  0]LogUObjectGlobals: Created PersistentFrame Addr=0x0000019b520cd700, Size=256, Default__TOMATO_BP_C Function /Game/ThirdPersonBP/Env/Tomato/TOMATO_BP.TOMATO_BP_C:ExecuteUbergraph_TOMATO_BP
[2018.09.04-21.12.34:316][  0]LogUObjectGlobals: Destroyed PersistentFrame Addr=0x0000019b3857abc0, Size=88
[2018.09.04-21.12.34:317][  0]LogUObjectGlobals: Created PersistentFrame Addr=0x0000019b53966a40, Size=88, Default__ANIM_ZOMBIE_BP_C Function /Engine/Transient.REINST_ANIM_ZOMBIE_BP_C_2:ExecuteUbergraph_ANIM_ZOMBIE_BP
[2018.09.04-21.12.34:318][  0]LogUObjectGlobals: Destroyed PersistentFrame Addr=0x0000019b52914900, Size=248
[2018.09.04-21.12.34:318][  0]LogUObjectGlobals: Created PersistentFrame Addr=0x0000019b38511c00, Size=248, Default__GRASS_BP_C Function /Engine/Transient.REINST_GRASS_BP_C_38:ExecuteUbergraph_GRASS_BP
[2018.09.04-21.12.34:319][  0]LogUObjectGlobals: Destroyed PersistentFrame Addr=0x0000019b52915100, Size=248
[2018.09.04-21.12.34:319][  0]LogUObjectGlobals: Created PersistentFrame Addr=0x0000019b38511500, Size=248, Default__PEPPER_BP_C Function /Engine/Transient.REINST_PEPPER_BP_C_39:ExecuteUbergraph_PEPPER_BP
[2018.09.04-21.12.34:319][  0]LogUObjectGlobals: Destroyed PersistentFrame Addr=0x0000019b52914700, Size=256
[2018.09.04-21.12.34:319][  0]LogUObjectGlobals: Created PersistentFrame Addr=0x0000019b38512300, Size=256, Default__PUMPKIN_BP_C Function /Engine/Transient.REINST_PUMPKIN_BP_C_40:ExecuteUbergraph_PUMPKIN_BP
[2018.09.04-21.12.34:319][  0]LogUObjectGlobals: Destroyed PersistentFrame Addr=0x0000019b520cd700, Size=256
[2018.09.04-21.12.34:319][  0]LogUObjectGlobals: Created PersistentFrame Addr=0x0000019b38513d00, Size=256, Default__TOMATO_BP_C Function /Engine/Transient.REINST_TOMATO_BP_C_41:ExecuteUbergraph_TOMATO_BP
[2018.09.04-21.12.34:321][  0]LogUObjectGlobals: Destroyed PersistentFrame Addr=0x0000019b535be080, Size=3328
[2018.09.04-21.12.34:321][  0]LogUObjectGlobals: Destroyed PersistentFrame Addr=0x0000019b529ed300, Size=288
[2018.09.04-21.12.34:321][  0]LogUObjectGlobals: Created PersistentFrame Addr=0x0000019b5321f040, Size=3328, Default__ZOMBIE_BP_C Function /Engine/Transient.REINST_ZOMBIE_BP_C_42:ExecuteUbergraph_ZOMBIE_BP
[2018.09.04-21.12.34:321][  0]LogUObjectGlobals: Created PersistentFrame Addr=0x0000019b539c6480, Size=288, Default__ZOMBIE_BP_C Function /Game/Enemies/ENEMY_BP.ENEMY_BP_C:ExecuteUbergraph_ENEMY_BP
[2018.09.04-21.12.34:395][  0]LogUObjectGlobals: Created PersistentFrame Addr=0x0000019b56e46380, Size=88, Default__ANIM_ZOMBIE_BP_C Function /Game/Enemies/Zombie/Animation/ANIM_ZOMBIE_BP.ANIM_ZOMBIE_BP_C:ExecuteUbergraph_ANIM_ZOMBIE_BP
[2018.09.04-21.12.34:397][  0]LogUObjectGlobals: Created PersistentFrame Addr=0x0000019b56dfa000, Size=248, Default__GRASS_BP_C Function /Game/ThirdPersonBP/Env/Grass/GRASS_BP.GRASS_BP_C:ExecuteUbergraph_GRASS_BP
[2018.09.04-21.12.34:399][  0]LogUObjectGlobals: Created PersistentFrame Addr=0x0000019b56dcec00, Size=248, Default__PEPPER_BP_C Function /Game/ThirdPersonBP/Env/Pepper/PEPPER_BP.PEPPER_BP_C:ExecuteUbergraph_PEPPER_BP
[2018.09.04-21.12.34:401][  0]LogUObjectGlobals: Created PersistentFrame Addr=0x0000019b56d96a00, Size=256, Default__PUMPKIN_BP_C Function /Game/ThirdPersonBP/Env/Pumpkin/PUMPKIN_BP.PUMPKIN_BP_C:ExecuteUbergraph_PUMPKIN_BP
[2018.09.04-21.12.34:403][  0]LogUObjectGlobals: Created PersistentFrame Addr=0x0000019b56d57400, Size=256, Default__TOMATO_BP_C Function /Game/ThirdPersonBP/Env/Tomato/TOMATO_BP.TOMATO_BP_C:ExecuteUbergraph_TOMATO_BP
[2018.09.04-21.12.34:420][  0]LogUObjectGlobals: Created PersistentFrame Addr=0x0000019b56c710c0, Size=3328, Default__ZOMBIE_BP_C Function /Game/Enemies/Zombie/ZOMBIE_BP.ZOMBIE_BP_C:ExecuteUbergraph_ZOMBIE_BP
[2018.09.04-21.12.34:420][  0]LogUObjectGlobals: Created PersistentFrame Addr=0x0000019b56d45e40, Size=288, Default__ZOMBIE_BP_C Function /Game/Enemies/ENEMY_BP.ENEMY_BP_C:ExecuteUbergraph_ENEMY_BP
[2018.09.04-21.12.35:360][  0]LogUObjectGlobals: Created PersistentFrame Addr=0x0000019b56c72080, Size=2720, Default__LEGIONER_BP_C Function /Game/Enemies/Zombie_Warrior/LEGIONER_BP.LEGIONER_BP_C:ExecuteUbergraph_LEGIONER_BP
[2018.09.04-21.12.35:360][  0]LogUObjectGlobals: Created PersistentFrame Addr=0x0000019b56d46480, Size=288, Default__LEGIONER_BP_C Function /Game/Enemies/ENEMY_BP.ENEMY_BP_C:ExecuteUbergraph_ENEMY_BP
[2018.09.04-21.12.35:363][  0]LogUObjectGlobals: Created PersistentFrame Addr=0x0000019b563379e0, Size=104, Default__ANIM_LEGIONER_BP_C Function /Game/Enemies/Zombie_Warrior/Animation/ANIM_LEGIONER_BP.ANIM_LEGIONER_BP_C:ExecuteUbergraph_ANIM_LEGIONER_BP
[2018.09.04-21.12.37:182][  0]LogUObjectGlobals: Created PersistentFrame Addr=0x0000019b56d17080, Size=64, Default__BARB_SHIELD_BP_C Function /Game/Enemies/Zombie_Warrior/Gear/Shields/Barbarian/BARB_SHIELD_BP.BARB_SHIELD_BP_C:ExecuteUbergraph_BARB_SHIELD_BP
[2018.09.04-21.12.37:764][  0]LogUObjectGlobals: Created PersistentFrame Addr=0x0000019b56d17b40, Size=64, Default__SHIELD3_BP_C Function /Game/Enemies/Zombie_Warrior/Gear/Shields/Macedonian/SHIELD3_BP.SHIELD3_BP_C:ExecuteUbergraph_SHIELD3_BP
[2018.09.04-21.12.37:942][  0]LogUObjectGlobals: Created PersistentFrame Addr=0x0000019b56beb548, Size=56, Default__SHIELD2_BP_C Function /Game/Enemies/Zombie_Warrior/Gear/Shields/SHIELD2_BP.SHIELD2_BP_C:ExecuteUbergraph_SHIELD2_BP
[2018.09.04-21.12.38:401][  0]LogUObjectGlobals: Created PersistentFrame Addr=0x0000019b56beb6d0, Size=56, Default__SHIELD_BP_C Function /Game/Enemies/Zombie_Warrior/Gear/Shields/SHIELD_BP.SHIELD_BP_C:ExecuteUbergraph_SHIELD_BP
[2018.09.04-21.12.38:568][  0]LogUObjectGlobals: Created PersistentFrame Addr=0x0000019b539d5fa0, Size=16, Default__GLADIUS_BP_C Function /Game/Enemies/Zombie_Warrior/Gear/Sword/GLADIUS_BP.GLADIUS_BP_C:ExecuteUbergraph_GLADIUS_BP
[2018.09.04-21.12.38:706][  0]LogUObjectGlobals: Created PersistentFrame Addr=0x0000019b571bd9a0, Size=4, Default__HELMET2_BP_C Function /Game/Enemies/Zombie_Warrior/Gear/Helmet/HELMET2_BP.HELMET2_BP_C:ExecuteUbergraph_HELMET2_BP
[2018.09.04-21.12.38:927][  0]LogUObjectGlobals: Created PersistentFrame Addr=0x0000019b56c403e0, Size=32, Default__HELMET_BP_C Function /Game/Enemies/Zombie_Warrior/Gear/Helmet/HELMET_BP.HELMET_BP_C:ExecuteUbergraph_HELMET_BP
[2018.09.04-21.12.39:933][  0]LogUObjectGlobals: Destroyed PersistentFrame Addr=0x0000019b563379e0, Size=104
[2018.09.04-21.12.39:933][  0]LogUObjectGlobals: Created PersistentFrame Addr=0x0000019b56dae9b0, Size=104, Default__ANIM_LEGIONER_BP_C Function /Engine/Transient.REINST_ANIM_LEGIONER_BP_C_3:ExecuteUbergraph_ANIM_LEGIONER_BP
[2018.09.04-21.12.39:934][  0]LogUObjectGlobals: Destroyed PersistentFrame Addr=0x0000019b56d17080, Size=64
[2018.09.04-21.12.39:934][  0]LogUObjectGlobals: Created PersistentFrame Addr=0x0000019b5c9f5a80, Size=64, Default__BARB_SHIELD_BP_C Function /Engine/Transient.REINST_BARB_SHIELD_BP_C_54:ExecuteUbergraph_BARB_SHIELD_BP
[2018.09.04-21.12.39:934][  0]LogUObjectGlobals: Destroyed PersistentFrame Addr=0x0000019b539d5fa0, Size=16
[2018.09.04-21.12.39:934][  0]LogUObjectGlobals: Created PersistentFrame Addr=0x0000019b5caf75d0, Size=16, Default__GLADIUS_BP_C Function /Engine/Transient.REINST_GLADIUS_BP_C_55:ExecuteUbergraph_GLADIUS_BP
[2018.09.04-21.12.39:934][  0]LogUObjectGlobals: Destroyed PersistentFrame Addr=0x0000019b571bd9a0, Size=4
[2018.09.04-21.12.39:934][  0]LogUObjectGlobals: Created PersistentFrame Addr=0x0000019b53a23d30, Size=4, Default__HELMET2_BP_C Function /Engine/Transient.REINST_HELMET2_BP_C_56:ExecuteUbergraph_HELMET2_BP
[2018.09.04-21.12.39:935][  0]LogUObjectGlobals: Destroyed PersistentFrame Addr=0x0000019b56c403e0, Size=32
[2018.09.04-21.12.39:935][  0]LogUObjectGlobals: Created PersistentFrame Addr=0x0000019b5cb37ae0, Size=32, Default__HELMET_BP_C Function /Engine/Transient.REINST_HELMET_BP_C_57:ExecuteUbergraph_HELMET_BP
[2018.09.04-21.12.39:935][  0]LogUObjectGlobals: Destroyed PersistentFrame Addr=0x0000019b56beb548, Size=56
[2018.09.04-21.12.39:935][  0]LogUObjectGlobals: Created PersistentFrame Addr=0x0000019b56d8c720, Size=56, Default__SHIELD2_BP_C Function /Engine/Transient.REINST_SHIELD2_BP_C_58:ExecuteUbergraph_SHIELD2_BP
[2018.09.04-21.12.39:935][  0]LogUObjectGlobals: Destroyed PersistentFrame Addr=0x0000019b56d17b40, Size=64
[2018.09.04-21.12.39:935][  0]LogUObjectGlobals: Created PersistentFrame Addr=0x0000019b5c9f4e00, Size=64, Default__SHIELD3_BP_C Function /Engine/Transient.REINST_SHIELD3_BP_C_59:ExecuteUbergraph_SHIELD3_BP
[2018.09.04-21.12.39:935][  0]LogUObjectGlobals: Destroyed PersistentFrame Addr=0x0000019b56beb6d0, Size=56
[2018.09.04-21.12.39:935][  0]LogUObjectGlobals: Created PersistentFrame Addr=0x0000019b56d8cd08, Size=56, Default__SHIELD_BP_C Function /Engine/Transient.REINST_SHIELD_BP_C_60:ExecuteUbergraph_SHIELD_BP
[2018.09.04-21.12.39:937][  0]LogUObjectGlobals: Destroyed PersistentFrame Addr=0x0000019b56c72080, Size=2720
[2018.09.04-21.12.39:937][  0]LogUObjectGlobals: Destroyed PersistentFrame Addr=0x0000019b56d46480, Size=288
[2018.09.04-21.12.39:937][  0]LogUObjectGlobals: Created PersistentFrame Addr=0x0000019b5cb5d0c0, Size=2720, Default__LEGIONER_BP_C Function /Engine/Transient.REINST_LEGIONER_BP_C_62:ExecuteUbergraph_LEGIONER_BP
[2018.09.04-21.12.39:937][  0]LogUObjectGlobals: Created PersistentFrame Addr=0x0000019b53d76c00, Size=288, Default__LEGIONER_BP_C Function /Game/Enemies/ENEMY_BP.ENEMY_BP_C:ExecuteUbergraph_ENEMY_BP
[2018.09.04-21.12.39:992][  0]LogUObjectGlobals: Created PersistentFrame Addr=0x0000019b5dc176d0, Size=104, Default__ANIM_LEGIONER_BP_C Function /Game/Enemies/Zombie_Warrior/Animation/ANIM_LEGIONER_BP.ANIM_LEGIONER_BP_C:ExecuteUbergraph_ANIM_LEGIONER_BP
[2018.09.04-21.12.39:994][  0]LogUObjectGlobals: Created PersistentFrame Addr=0x0000019b5ce98440, Size=64, Default__BARB_SHIELD_BP_C Function /Game/Enemies/Zombie_Warrior/Gear/Shields/Barbarian/BARB_SHIELD_BP.BARB_SHIELD_BP_C:ExecuteUbergraph_BARB_SHIELD_BP
[2018.09.04-21.12.39:994][  0]LogUObjectGlobals: Created PersistentFrame Addr=0x0000019b5ce29290, Size=16, Default__GLADIUS_BP_C Function /Game/Enemies/Zombie_Warrior/Gear/Sword/GLADIUS_BP.GLADIUS_BP_C:ExecuteUbergraph_GLADIUS_BP
[2018.09.04-21.12.39:995][  0]LogUObjectGlobals: Created PersistentFrame Addr=0x0000019b5cc0ddb8, Size=4, Default__HELMET2_BP_C Function /Game/Enemies/Zombie_Warrior/Gear/Helmet/HELMET2_BP.HELMET2_BP_C:ExecuteUbergraph_HELMET2_BP
[2018.09.04-21.12.39:995][  0]LogUObjectGlobals: Created PersistentFrame Addr=0x0000019b5cd51d60, Size=32, Default__HELMET_BP_C Function /Game/Enemies/Zombie_Warrior/Gear/Helmet/HELMET_BP.HELMET_BP_C:ExecuteUbergraph_HELMET_BP
[2018.09.04-21.12.39:996][  0]LogUObjectGlobals: Created PersistentFrame Addr=0x0000019b564e4918, Size=56, Default__SHIELD2_BP_C Function /Game/Enemies/Zombie_Warrior/Gear/Shields/SHIELD2_BP.SHIELD2_BP_C:ExecuteUbergraph_SHIELD2_BP
[2018.09.04-21.12.39:997][  0]LogUObjectGlobals: Created PersistentFrame Addr=0x0000019b5cf6c800, Size=64, Default__SHIELD3_BP_C Function /Game/Enemies/Zombie_Warrior/Gear/Shields/Macedonian/SHIELD3_BP.SHIELD3_BP_C:ExecuteUbergraph_SHIELD3_BP
[2018.09.04-21.12.39:998][  0]LogUObjectGlobals: Created PersistentFrame Addr=0x0000019b5dbabc80, Size=56, Default__SHIELD_BP_C Function /Game/Enemies/Zombie_Warrior/Gear/Shields/SHIELD_BP.SHIELD_BP_C:ExecuteUbergraph_SHIELD_BP
[2018.09.04-21.12.40:007][  0]LogUObjectGlobals: Created PersistentFrame Addr=0x0000019b5db2a080, Size=2720, Default__LEGIONER_BP_C Function /Game/Enemies/Zombie_Warrior/LEGIONER_BP.LEGIONER_BP_C:ExecuteUbergraph_LEGIONER_BP
[2018.09.04-21.12.40:007][  0]LogUObjectGlobals: Created PersistentFrame Addr=0x0000019b5dc35580, Size=288, Default__LEGIONER_BP_C Function /Game/Enemies/ENEMY_BP.ENEMY_BP_C:ExecuteUbergraph_ENEMY_BP
[2018.09.04-21.12.40:072][  0]LogUObjectGlobals: Created PersistentFrame Addr=0x0000019b5dac6430, Size=72, Default__spawn_Legioners_C Function /Game/Enemies/Zombie_Warrior/spawn_Legioners.spawn_Legioners_C:ExecuteUbergraph_spawn_Legioners
[2018.09.04-21.12.40:075][  0]LogUObjectGlobals: Destroyed PersistentFrame Addr=0x0000019b5dac6430, Size=72
[2018.09.04-21.12.40:075][  0]LogUObjectGlobals: Created PersistentFrame Addr=0x0000019b5dac4b80, Size=72, Default__spawn_Legioners_C Function /Engine/Transient.REINST_spawn_Legioners_C_75:ExecuteUbergraph_spawn_Legioners
[2018.09.04-21.12.40:077][  0]LogUObjectGlobals: Created PersistentFrame Addr=0x0000019b5cde93a0, Size=72, Default__spawn_Legioners_C Function /Game/Enemies/Zombie_Warrior/spawn_Legioners.spawn_Legioners_C:ExecuteUbergraph_spawn_Legioners
[2018.09.04-21.12.40:080][  0]LogUObjectGlobals: Created PersistentFrame Addr=0x0000019b5cfb2b00, Size=200, Default__spawn_point_C Function /Game/Enemies/Zombie/spawn_point.spawn_point_C:ExecuteUbergraph_spawn_point
[2018.09.04-21.12.40:086][  0]LogUObjectGlobals: Destroyed PersistentFrame Addr=0x0000019b5cfb2b00, Size=200
[2018.09.04-21.12.40:086][  0]LogUObjectGlobals: Created PersistentFrame Addr=0x0000019b5cd75440, Size=200, Default__spawn_point_C Function /Engine/Transient.REINST_spawn_point_C_77:ExecuteUbergraph_spawn_point
[2018.09.04-21.12.40:091][  0]LogUObjectGlobals: Created PersistentFrame Addr=0x0000019b5db81600, Size=200, Default__spawn_point_C Function /Game/Enemies/Zombie/spawn_point.spawn_point_C:ExecuteUbergraph_spawn_point
[2018.09.04-21.12.40:292][  0]LogUObjectGlobals: Created PersistentFrame Addr=0x0000019b5dbfcd60, Size=24, Default__HAMMER_BP_C Function /Game/ThirdPersonBP/Character/Tools/HAMMER_BP.HAMMER_BP_C:ExecuteUbergraph_HAMMER_BP
[2018.09.04-21.12.40:298][  0]LogUObjectGlobals: Destroyed PersistentFrame Addr=0x0000019b5dbfcd60, Size=24
[2018.09.04-21.12.40:298][  0]LogUObjectGlobals: Created PersistentFrame Addr=0x0000019b5dbfcd60, Size=24, Default__HAMMER_BP_C Function /Engine/Transient.REINST_HAMMER_BP_C_79:ExecuteUbergraph_HAMMER_BP
[2018.09.04-21.12.40:299][  0]LogUObjectGlobals: Created PersistentFrame Addr=0x0000019b5dbfd510, Size=24, Default__HAMMER_BP_C Function /Game/ThirdPersonBP/Character/Tools/HAMMER_BP.HAMMER_BP_C:ExecuteUbergraph_HAMMER_BP
[2018.09.04-21.12.41:542][  0]LogLinker: Warning: Can't find file '/Game/ThirdPersonBP/Env/Cemetery/TombStone/_1'
[2018.09.04-21.12.41:542][  0]LogLinker: Warning: Can't find file for asset '/Game/ThirdPersonBP/Env/Cemetery/TombStone/_1' while loading ../../../../../Unreal_Projects/farmerVSzombies/Content/ThirdPersonBP/Env/Cemetery/Crave3/tombstone_Tombstone_4.uasset.
[2018.09.04-21.12.41:554][  0]LoadErrors: Error: /Game/ThirdPersonBP/Env/Cemetery/Crave3/tombstone_Tombstone_4 : Can't find file for asset. /Game/ThirdPersonBP/Env/Cemetery/TombStone/_1
[2018.09.04-21.12.41:554][  0]LogLinker: Warning: Can't find file '/Game/ThirdPersonBP/Env/Cemetery/TombStone/_1'
[2018.09.04-21.12.41:554][  0]LogLinker: Warning: Can't find file for asset '/Game/ThirdPersonBP/Env/Cemetery/TombStone/_1' while loading ../../../../../Unreal_Projects/farmerVSzombies/Content/ThirdPersonBP/Env/Cemetery/Crave3/tombstone_Tombstone_4.uasset.
[2018.09.04-21.12.41:554][  0]LoadErrors: Error: /Game/ThirdPersonBP/Env/Cemetery/Crave3/tombstone_Tombstone_4 : Can't find file for asset. /Game/ThirdPersonBP/Env/Cemetery/TombStone/_1
[2018.09.04-21.12.42:143][  0]LogUObjectGlobals: Created PersistentFrame Addr=0x0000019b5cc0c520, Size=8, Default__CRYPT_BP_C Function /Game/ThirdPersonBP/Env/Cemetery/Crypt/CRYPT_BP.CRYPT_BP_C:ExecuteUbergraph_CRYPT_BP
[2018.09.04-21.12.42:146][  0]LogUObjectGlobals: Destroyed PersistentFrame Addr=0x0000019b5cc0c520, Size=8
[2018.09.04-21.12.42:147][  0]LogUObjectGlobals: Created PersistentFrame Addr=0x0000019b5cc0c520, Size=8, Default__CRYPT_BP_C Function /Engine/Transient.REINST_CRYPT_BP_C_91:ExecuteUbergraph_CRYPT_BP
[2018.09.04-21.12.42:148][  0]LogUObjectGlobals: Created PersistentFrame Addr=0x0000019b5cc0c2a0, Size=8, Default__CRYPT_BP_C Function /Game/ThirdPersonBP/Env/Cemetery/Crypt/CRYPT_BP.CRYPT_BP_C:ExecuteUbergraph_CRYPT_BP
[2018.09.04-21.12.43:841][  0]LogUObjectGlobals: Created PersistentFrame Addr=0x0000019b5f023d00, Size=180, Default__CORN_BP_C Function /Game/ThirdPersonBP/Env/Corn/CORN_BP.CORN_BP_C:ExecuteUbergraph_CORN_BP
[2018.09.04-21.12.43:851][  0]LogUObjectGlobals: Destroyed PersistentFrame Addr=0x0000019b5f023d00, Size=180
[2018.09.04-21.12.43:851][  0]LogUObjectGlobals: Created PersistentFrame Addr=0x0000019b5f023d00, Size=180, Default__CORN_BP_C Function /Engine/Transient.REINST_CORN_BP_C_103:ExecuteUbergraph_CORN_BP
[2018.09.04-21.12.43:856][  0]LogUObjectGlobals: Created PersistentFrame Addr=0x0000019b5ec3d840, Size=180, Default__CORN_BP_C Function /Game/ThirdPersonBP/Env/Corn/CORN_BP.CORN_BP_C:ExecuteUbergraph_CORN_BP
[2018.09.04-21.12.43:859][  0]LogUObjectGlobals: Created PersistentFrame Addr=0x0000019b5efab140, Size=64, Default__spawn_corn_C Function /Game/ThirdPersonBP/Env/Corn/spawn_corn.spawn_corn_C:ExecuteUbergraph_spawn_corn
[2018.09.04-21.12.43:861][  0]LogUObjectGlobals: Destroyed PersistentFrame Addr=0x0000019b5efab140, Size=64
[2018.09.04-21.12.43:861][  0]LogUObjectGlobals: Created PersistentFrame Addr=0x0000019b5efaa940, Size=64, Default__spawn_corn_C Function /Engine/Transient.REINST_spawn_corn_C_105:ExecuteUbergraph_spawn_corn
[2018.09.04-21.12.43:863][  0]LogUObjectGlobals: Created PersistentFrame Addr=0x0000019b5efa9b40, Size=64, Default__spawn_corn_C Function /Game/ThirdPersonBP/Env/Corn/spawn_corn.spawn_corn_C:ExecuteUbergraph_spawn_corn
[2018.09.04-21.12.53:936][  0]LogUObjectGlobals: Created PersistentFrame Addr=0x0000019b5dc14d40, Size=104, Default__Spawn_FENCE_01_C Function /Game/ThirdPersonBP/Env/Fence/Spawn_FENCE_01.Spawn_FENCE_01_C:ExecuteUbergraph_Spawn_FENCE_01
[2018.09.04-21.12.53:940][  0]LogUObjectGlobals: Destroyed PersistentFrame Addr=0x0000019b5dc14d40, Size=104
[2018.09.04-21.12.53:940][  0]LogUObjectGlobals: Created PersistentFrame Addr=0x0000019b5dc14d40, Size=104, Default__Spawn_FENCE_01_C Function /Engine/Transient.REINST_Spawn_FENCE_01_C_125:ExecuteUbergraph_Spawn_FENCE_01
[2018.09.04-21.12.53:943][  0]LogUObjectGlobals: Created PersistentFrame Addr=0x0000019b520bee80, Size=104, Default__Spawn_FENCE_01_C Function /Game/ThirdPersonBP/Env/Fence/Spawn_FENCE_01.Spawn_FENCE_01_C:ExecuteUbergraph_Spawn_FENCE_01
[2018.09.04-21.12.54:067][  0]LogUObjectGlobals: Created PersistentFrame Addr=0x0000019b520bc5d0, Size=104, Default__Spawn_FENCE_02_C Function /Game/ThirdPersonBP/Env/Fence/Spawn_FENCE_02.Spawn_FENCE_02_C:ExecuteUbergraph_Spawn_FENCE_02
[2018.09.04-21.12.54:077][  0]LogUObjectGlobals: Destroyed PersistentFrame Addr=0x0000019b520bc5d0, Size=104
[2018.09.04-21.12.54:077][  0]LogUObjectGlobals: Created PersistentFrame Addr=0x0000019b520bc5d0, Size=104, Default__Spawn_FENCE_02_C Function /Engine/Transient.REINST_Spawn_FENCE_02_C_127:ExecuteUbergraph_Spawn_FENCE_02
[2018.09.04-21.12.54:081][  0]LogUObjectGlobals: Created PersistentFrame Addr=0x0000019b5dc17510, Size=104, Default__Spawn_FENCE_02_C Function /Game/ThirdPersonBP/Env/Fence/Spawn_FENCE_02.Spawn_FENCE_02_C:ExecuteUbergraph_Spawn_FENCE_02
[2018.09.04-21.12.54:139][  0]LogUObjectGlobals: Created PersistentFrame Addr=0x0000019b5dc15f30, Size=104, Default__Spawn_FENCE_03_C Function /Game/ThirdPersonBP/Env/Fence/Spawn_FENCE_03.Spawn_FENCE_03_C:ExecuteUbergraph_Spawn_FENCE_03
[2018.09.04-21.12.54:142][  0]LogUObjectGlobals: Destroyed PersistentFrame Addr=0x0000019b5dc15f30, Size=104
[2018.09.04-21.12.54:142][  0]LogUObjectGlobals: Created PersistentFrame Addr=0x0000019b5dc15f30, Size=104, Default__Spawn_FENCE_03_C Function /Engine/Transient.REINST_Spawn_FENCE_03_C_129:ExecuteUbergraph_Spawn_FENCE_03
[2018.09.04-21.12.54:145][  0]LogUObjectGlobals: Created PersistentFrame Addr=0x0000019b520bf120, Size=104, Default__Spawn_FENCE_03_C Function /Game/ThirdPersonBP/Env/Fence/Spawn_FENCE_03.Spawn_FENCE_03_C:ExecuteUbergraph_Spawn_FENCE_03
[2018.09.04-21.12.54:209][  0]LogUObjectGlobals: Created PersistentFrame Addr=0x0000019b520bfac0, Size=104, Default__Spawn_FENCE_04_C Function /Game/ThirdPersonBP/Env/Fence/Spawn_FENCE_04.Spawn_FENCE_04_C:ExecuteUbergraph_Spawn_FENCE_04
[2018.09.04-21.12.54:213][  0]LogUObjectGlobals: Destroyed PersistentFrame Addr=0x0000019b520bfac0, Size=104
[2018.09.04-21.12.54:213][  0]LogUObjectGlobals: Created PersistentFrame Addr=0x0000019b520bfac0, Size=104, Default__Spawn_FENCE_04_C Function /Engine/Transient.REINST_Spawn_FENCE_04_C_131:ExecuteUbergraph_Spawn_FENCE_04
[2018.09.04-21.12.54:217][  0]LogUObjectGlobals: Created PersistentFrame Addr=0x0000019b5dc16b70, Size=104, Default__Spawn_FENCE_04_C Function /Game/ThirdPersonBP/Env/Fence/Spawn_FENCE_04.Spawn_FENCE_04_C:ExecuteUbergraph_Spawn_FENCE_04
[2018.09.04-21.12.54:548][  0]LogUObjectGlobals: Created PersistentFrame Addr=0x0000019b393c9cb0, Size=40, Default__spawn_point_GRASS_C Function /Game/ThirdPersonBP/Env/Grass/spawn_point_GRASS.spawn_point_GRASS_C:ExecuteUbergraph_spawn_point_GRASS
[2018.09.04-21.12.54:550][  0]LogUObjectGlobals: Destroyed PersistentFrame Addr=0x0000019b393c9cb0, Size=40
[2018.09.04-21.12.54:550][  0]LogUObjectGlobals: Created PersistentFrame Addr=0x0000019b393c9cb0, Size=40, Default__spawn_point_GRASS_C Function /Engine/Transient.REINST_spawn_point_GRASS_C_135:ExecuteUbergraph_spawn_point_GRASS
[2018.09.04-21.12.54:551][  0]LogUObjectGlobals: Created PersistentFrame Addr=0x0000019b393c9c10, Size=40, Default__spawn_point_GRASS_C Function /Game/ThirdPersonBP/Env/Grass/spawn_point_GRASS.spawn_point_GRASS_C:ExecuteUbergraph_spawn_point_GRASS
[2018.09.04-21.12.54:968][  0]LogUObjectGlobals: Created PersistentFrame Addr=0x0000019b6180b288, Size=4, Default__TREE_BP_C Function /Game/ThirdPersonBP/Env/House/TREE_BP.TREE_BP_C:ExecuteUbergraph_TREE_BP
[2018.09.04-21.12.54:970][  0]LogUObjectGlobals: Destroyed PersistentFrame Addr=0x0000019b6180b288, Size=4
[2018.09.04-21.12.54:970][  0]LogUObjectGlobals: Created PersistentFrame Addr=0x0000019b6180b288, Size=4, Default__TREE_BP_C Function /Engine/Transient.REINST_TREE_BP_C_139:ExecuteUbergraph_TREE_BP
[2018.09.04-21.12.54:970][  0]LogUObjectGlobals: Created PersistentFrame Addr=0x0000019b6180b1b0, Size=4, Default__TREE_BP_C Function /Game/ThirdPersonBP/Env/House/TREE_BP.TREE_BP_C:ExecuteUbergraph_TREE_BP
[2018.09.04-21.12.55:411][  0]LogUObjectGlobals: Created PersistentFrame Addr=0x0000019b616e0d00, Size=164, Default__LEAF_BP_C Function /Game/ThirdPersonBP/Env/Leaf/LEAF_BP.LEAF_BP_C:ExecuteUbergraph_LEAF_BP
[2018.09.04-21.12.55:413][  0]LogUObjectGlobals: Destroyed PersistentFrame Addr=0x0000019b616e0d00, Size=164
[2018.09.04-21.12.55:413][  0]LogUObjectGlobals: Created PersistentFrame Addr=0x0000019b616e0d00, Size=164, Default__LEAF_BP_C Function /Engine/Transient.REINST_LEAF_BP_C_143:ExecuteUbergraph_LEAF_BP
[2018.09.04-21.12.55:414][  0]LogUObjectGlobals: Created PersistentFrame Addr=0x0000019b623e7d00, Size=164, Default__LEAF_BP_C Function /Game/ThirdPersonBP/Env/Leaf/LEAF_BP.LEAF_BP_C:ExecuteUbergraph_LEAF_BP
[2018.09.04-21.12.55:440][  0]LogUObjectGlobals: Created PersistentFrame Addr=0x0000019b5dae9d50, Size=48, Default__spawn_pepper_C Function /Game/ThirdPersonBP/Env/Pepper/spawn_pepper.spawn_pepper_C:ExecuteUbergraph_spawn_pepper
[2018.09.04-21.12.55:442][  0]LogUObjectGlobals: Destroyed PersistentFrame Addr=0x0000019b5dae9d50, Size=48
[2018.09.04-21.12.55:442][  0]LogUObjectGlobals: Created PersistentFrame Addr=0x0000019b5dae9d50, Size=48, Default__spawn_pepper_C Function /Engine/Transient.REINST_spawn_pepper_C_145:ExecuteUbergraph_spawn_pepper
[2018.09.04-21.12.55:443][  0]LogUObjectGlobals: Created PersistentFrame Addr=0x0000019b5daebeb0, Size=48, Default__spawn_pepper_C Function /Game/ThirdPersonBP/Env/Pepper/spawn_pepper.spawn_pepper_C:ExecuteUbergraph_spawn_pepper
[2018.09.04-21.12.55:509][  0]LogUObjectGlobals: Created PersistentFrame Addr=0x0000019b41f0d7f8, Size=56, Default__spawn_pumpkin_C Function /Game/ThirdPersonBP/Env/Pumpkin/spawn_pumpkin.spawn_pumpkin_C:ExecuteUbergraph_spawn_pumpkin
[2018.09.04-21.12.55:511][  0]LogUObjectGlobals: Destroyed PersistentFrame Addr=0x0000019b41f0d7f8, Size=56
[2018.09.04-21.12.55:511][  0]LogUObjectGlobals: Created PersistentFrame Addr=0x0000019b41f0d7f8, Size=56, Default__spawn_pumpkin_C Function /Engine/Transient.REINST_spawn_pumpkin_C_147:ExecuteUbergraph_spawn_pumpkin
[2018.09.04-21.12.55:513][  0]LogUObjectGlobals: Created PersistentFrame Addr=0x0000019b41f0d050, Size=56, Default__spawn_pumpkin_C Function /Game/ThirdPersonBP/Env/Pumpkin/spawn_pumpkin.spawn_pumpkin_C:ExecuteUbergraph_spawn_pumpkin
[2018.09.04-21.12.55:668][  0]LogUObjectGlobals: Created PersistentFrame Addr=0x0000019b623e5d80, Size=184, Default__SCARECROW_BP_C Function /Game/ThirdPersonBP/Env/ScareCrow/SCARECROW_BP.SCARECROW_BP_C:ExecuteUbergraph_SCARECROW_BP
[2018.09.04-21.12.55:670][  0]LogUObjectGlobals: Destroyed PersistentFrame Addr=0x0000019b623e5d80, Size=184
[2018.09.04-21.12.55:671][  0]LogUObjectGlobals: Created PersistentFrame Addr=0x0000019b623e5d80, Size=184, Default__SCARECROW_BP_C Function /Engine/Transient.REINST_SCARECROW_BP_C_149:ExecuteUbergraph_SCARECROW_BP
[2018.09.04-21.12.55:672][  0]LogUObjectGlobals: Created PersistentFrame Addr=0x0000019b623e68c0, Size=184, Default__SCARECROW_BP_C Function /Game/ThirdPersonBP/Env/ScareCrow/SCARECROW_BP.SCARECROW_BP_C:ExecuteUbergraph_SCARECROW_BP
[2018.09.04-21.12.55:911][  0]LogUObjectGlobals: Created PersistentFrame Addr=0x0000019b61fefb80, Size=12, Default__SUNFLOWER_BP_C Function /Game/ThirdPersonBP/Env/Sunflower/SUNFLOWER_BP.SUNFLOWER_BP_C:ExecuteUbergraph_SUNFLOWER_BP
[2018.09.04-21.12.55:916][  0]LogUObjectGlobals: Destroyed PersistentFrame Addr=0x0000019b61fefb80, Size=12
[2018.09.04-21.12.55:916][  0]LogUObjectGlobals: Created PersistentFrame Addr=0x0000019b61fefb80, Size=12, Default__SUNFLOWER_BP_C Function /Engine/Transient.REINST_SUNFLOWER_BP_C_151:ExecuteUbergraph_SUNFLOWER_BP
[2018.09.04-21.12.55:920][  0]LogUObjectGlobals: Created PersistentFrame Addr=0x0000019b61fefb60, Size=12, Default__SUNFLOWER_BP_C Function /Game/ThirdPersonBP/Env/Sunflower/SUNFLOWER_BP.SUNFLOWER_BP_C:ExecuteUbergraph_SUNFLOWER_BP
[2018.09.04-21.12.55:923][  0]LogUObjectGlobals: Created PersistentFrame Addr=0x0000019b62031880, Size=64, Default__spawn_sunflower_C Function /Game/ThirdPersonBP/Env/Sunflower/spawn_sunflower.spawn_sunflower_C:ExecuteUbergraph_spawn_sunflower
[2018.09.04-21.12.55:925][  0]LogUObjectGlobals: Destroyed PersistentFrame Addr=0x0000019b62031880, Size=64
[2018.09.04-21.12.55:925][  0]LogUObjectGlobals: Created PersistentFrame Addr=0x0000019b62031640, Size=64, Default__spawn_sunflower_C Function /Engine/Transient.REINST_spawn_sunflower_C_153:ExecuteUbergraph_spawn_sunflower
[2018.09.04-21.12.55:927][  0]LogUObjectGlobals: Created PersistentFrame Addr=0x0000019b3f8e3b00, Size=64, Default__spawn_sunflower_C Function /Game/ThirdPersonBP/Env/Sunflower/spawn_sunflower.spawn_sunflower_C:ExecuteUbergraph_spawn_sunflower
[2018.09.04-21.12.55:959][  0]LogUObjectGlobals: Created PersistentFrame Addr=0x0000019b5dbc9060, Size=48, Default__spawn_tomatoes_C Function /Game/ThirdPersonBP/Env/Tomato/spawn_tomatoes.spawn_tomatoes_C:ExecuteUbergraph_spawn_tomatoes
[2018.09.04-21.12.55:962][  0]LogUObjectGlobals: Destroyed PersistentFrame Addr=0x0000019b5dbc9060, Size=48
[2018.09.04-21.12.55:962][  0]LogUObjectGlobals: Created PersistentFrame Addr=0x0000019b5dbc9060, Size=48, Default__spawn_tomatoes_C Function /Engine/Transient.REINST_spawn_tomatoes_C_155:ExecuteUbergraph_spawn_tomatoes
[2018.09.04-21.12.55:963][  0]LogUObjectGlobals: Created PersistentFrame Addr=0x0000019b5dbc8730, Size=48, Default__spawn_tomatoes_C Function /Game/ThirdPersonBP/Env/Tomato/spawn_tomatoes.spawn_tomatoes_C:ExecuteUbergraph_spawn_tomatoes
[2018.09.04-21.12.56:430][  0]LogUObjectGlobals: Created PersistentFrame Addr=0x0000019b61809bd0, Size=8, Default__ThirdPersonExampleMap_C Function /Game/ThirdPersonBP/Maps/ThirdPersonExampleMap.ThirdPersonExampleMap_C:ExecuteUbergraph_ThirdPersonExampleMap
[2018.09.04-21.12.56:431][  0]LogUObjectGlobals: Destroyed PersistentFrame Addr=0x0000019b61809bd0, Size=8
[2018.09.04-21.12.56:431][  0]LogUObjectGlobals: Created PersistentFrame Addr=0x0000019b61809bd0, Size=8, Default__ThirdPersonExampleMap_C Function /Engine/Transient.REINST_ThirdPersonExampleMap_C_159:ExecuteUbergraph_ThirdPersonExampleMap
[2018.09.04-21.12.56:432][  0]LogUObjectGlobals: Created PersistentFrame Addr=0x0000019b61809ad8, Size=8, Default__ThirdPersonExampleMap_C Function /Game/ThirdPersonBP/Maps/ThirdPersonExampleMap.ThirdPersonExampleMap_C:ExecuteUbergraph_ThirdPersonExampleMap
[2018.09.04-21.12.58:615][  0]LogLinker: Warning: Can't find file '/Game/ThirdPersonBP/Env/Cemetery/TombStone/_1'
[2018.09.04-21.12.58:615][  0]LoadErrors: Failed to load /Game/ThirdPersonBP/Env/Cemetery/TombStone/_1.Material_0 Referenced by tombstone_Tombstone_4
[2018.09.04-21.12.58:615][  0]LogLinker: Warning: Can't find file for asset '/Game/ThirdPersonBP/Env/Cemetery/TombStone/_1' while loading NULL.
[2018.09.04-21.12.58:616][  0]LoadErrors: Failed to load /Game/ThirdPersonBP/Env/Cemetery/TombStone/_1.Material_0 Referenced by tombstone_Tombstone_4
[2018.09.04-21.12.58:616][  0]LogLinker: Warning: Can't find file '/Game/ThirdPersonBP/Env/Cemetery/TombStone/_1'
[2018.09.04-21.12.58:616][  0]LoadErrors: Failed to load /Game/ThirdPersonBP/Env/Cemetery/TombStone/_1.Material_0 Referenced by tombstone_Tombstone_4
[2018.09.04-21.12.58:617][  0]LogLinker: Warning: Can't find file for asset '/Game/ThirdPersonBP/Env/Cemetery/TombStone/_1' while loading NULL.
[2018.09.04-21.12.58:617][  0]LoadErrors: Failed to load /Game/ThirdPersonBP/Env/Cemetery/TombStone/_1.Material_0 Referenced by tombstone_Tombstone_4
[2018.09.04-21.13.02:373][  0]LogSkeletalMesh: Skeletal Mesh found in DDC [5.903776ms] /Game/ThirdPersonBP/Character/peasant.peasant
[2018.09.04-21.13.04:102][  0]LogSkeletalMesh: Skeletal Mesh found in DDC [3.195831ms] /Game/ThirdPersonBP/Character/Dauther/peasant_girl.peasant_girl
[2018.09.04-21.13.04:333][  0]LogSkeletalMesh: Skeletal Mesh found in DDC [5.655660ms] /Game/Enemies/Zombie/Zombie.Zombie
[2018.09.04-21.13.05:731][  0]LogSkeletalMesh: Skeletal Mesh found in DDC [5.946907ms] /Game/Enemies/Zombie_Warrior/Legioner_Zombie.Legioner_Zombie
[2018.09.04-21.13.06:060][  0]LogSkeletalMesh: Skeletal Mesh found in DDC [7.322909ms] /Game/Enemies/Zombie_Warrior/Gear/Shields/Barbarian/barb_shield.barb_shield
[2018.09.04-21.13.07:417][  0]LogSkeletalMesh: Skeletal Mesh found in DDC [9.329637ms] /Game/ThirdPersonBP/Env/ScareCrow/scarecrow.scarecrow
[2018.09.04-21.13.07:478][  0]LogAIModule: Creating AISystem for world ThirdPersonExampleMap
[2018.09.04-21.13.07:903][  0]LogEditorServer: Finished looking for orphan Actors (0.000 secs)
[2018.09.04-21.13.07:942][  0]LogUObjectGlobals: Destroyed PersistentFrame Addr=0x0000019b4f306430, Size=4
[2018.09.04-21.13.07:942][  0]LogUObjectGlobals: Destroyed PersistentFrame Addr=0x0000019b384f8f00, Size=1584
[2018.09.04-21.13.07:942][  0]LogUObjectGlobals: Destroyed PersistentFrame Addr=0x0000019b38593400, Size=172
[2018.09.04-21.13.07:942][  0]LogUObjectGlobals: Destroyed PersistentFrame Addr=0x0000019b38593340, Size=184
[2018.09.04-21.13.07:943][  0]LogUObjectGlobals: Destroyed PersistentFrame Addr=0x0000019b385931c0, Size=172
[2018.09.04-21.13.07:943][  0]LogUObjectGlobals: Destroyed PersistentFrame Addr=0x0000019b380ccb00, Size=64
[2018.09.04-21.13.07:943][  0]LogUObjectGlobals: Destroyed PersistentFrame Addr=0x0000019b521a69d0, Size=40
[2018.09.04-21.13.07:943][  0]LogUObjectGlobals: Destroyed PersistentFrame Addr=0x0000019b51f91600, Size=168
[2018.09.04-21.13.07:943][  0]LogUObjectGlobals: Destroyed PersistentFrame Addr=0x0000019b382f9f00, Size=720
[2018.09.04-21.13.07:943][  0]LogUObjectGlobals: Destroyed PersistentFrame Addr=0x0000019b529af900, Size=448
[2018.09.04-21.13.07:943][  0]LogUObjectGlobals: Destroyed PersistentFrame Addr=0x0000019b529ee340, Size=288
[2018.09.04-21.13.07:943][  0]LogUObjectGlobals: Destroyed PersistentFrame Addr=0x0000019b5321f040, Size=3328
[2018.09.04-21.13.07:943][  0]LogUObjectGlobals: Destroyed PersistentFrame Addr=0x0000019b539c6480, Size=288
[2018.09.04-21.13.07:943][  0]LogUObjectGlobals: Destroyed PersistentFrame Addr=0x0000019b53966a40, Size=88
[2018.09.04-21.13.07:943][  0]LogUObjectGlobals: Destroyed PersistentFrame Addr=0x0000019b38511c00, Size=248
[2018.09.04-21.13.07:943][  0]LogUObjectGlobals: Destroyed PersistentFrame Addr=0x0000019b38511500, Size=248
[2018.09.04-21.13.07:943][  0]LogUObjectGlobals: Destroyed PersistentFrame Addr=0x0000019b38512300, Size=256
[2018.09.04-21.13.07:943][  0]LogUObjectGlobals: Destroyed PersistentFrame Addr=0x0000019b38513d00, Size=256
[2018.09.04-21.13.07:943][  0]LogUObjectGlobals: Destroyed PersistentFrame Addr=0x0000019b5cb5d0c0, Size=2720
[2018.09.04-21.13.07:943][  0]LogUObjectGlobals: Destroyed PersistentFrame Addr=0x0000019b53d76c00, Size=288
[2018.09.04-21.13.07:943][  0]LogUObjectGlobals: Destroyed PersistentFrame Addr=0x0000019b56dae9b0, Size=104
[2018.09.04-21.13.07:943][  0]LogUObjectGlobals: Destroyed PersistentFrame Addr=0x0000019b5c9f5a80, Size=64
[2018.09.04-21.13.07:943][  0]LogUObjectGlobals: Destroyed PersistentFrame Addr=0x0000019b5c9f4e00, Size=64
[2018.09.04-21.13.07:943][  0]LogUObjectGlobals: Destroyed PersistentFrame Addr=0x0000019b56d8c720, Size=56
[2018.09.04-21.13.07:943][  0]LogUObjectGlobals: Destroyed PersistentFrame Addr=0x0000019b56d8cd08, Size=56
[2018.09.04-21.13.07:943][  0]LogUObjectGlobals: Destroyed PersistentFrame Addr=0x0000019b5caf75d0, Size=16
[2018.09.04-21.13.07:943][  0]LogUObjectGlobals: Destroyed PersistentFrame Addr=0x0000019b53a23d30, Size=4
[2018.09.04-21.13.07:943][  0]LogUObjectGlobals: Destroyed PersistentFrame Addr=0x0000019b5cb37ae0, Size=32
[2018.09.04-21.13.07:944][  0]LogUObjectGlobals: Destroyed PersistentFrame Addr=0x0000019b5dac4b80, Size=72
[2018.09.04-21.13.07:944][  0]LogUObjectGlobals: Destroyed PersistentFrame Addr=0x0000019b5cd75440, Size=200
[2018.09.04-21.13.07:944][  0]LogUObjectGlobals: Destroyed PersistentFrame Addr=0x0000019b5dbfcd60, Size=24
[2018.09.04-21.13.07:944][  0]LogUObjectGlobals: Destroyed PersistentFrame Addr=0x0000019b5cc0c520, Size=8
[2018.09.04-21.13.07:944][  0]LogUObjectGlobals: Destroyed PersistentFrame Addr=0x0000019b5f023d00, Size=180
[2018.09.04-21.13.07:944][  0]LogUObjectGlobals: Destroyed PersistentFrame Addr=0x0000019b5efaa940, Size=64
[2018.09.04-21.13.07:944][  0]LogUObjectGlobals: Destroyed PersistentFrame Addr=0x0000019b5dc14d40, Size=104
[2018.09.04-21.13.07:944][  0]LogUObjectGlobals: Destroyed PersistentFrame Addr=0x0000019b520bc5d0, Size=104
[2018.09.04-21.13.07:944][  0]LogUObjectGlobals: Destroyed PersistentFrame Addr=0x0000019b5dc15f30, Size=104
[2018.09.04-21.13.07:944][  0]LogUObjectGlobals: Destroyed PersistentFrame Addr=0x0000019b520bfac0, Size=104
[2018.09.04-21.13.07:944][  0]LogUObjectGlobals: Destroyed PersistentFrame Addr=0x0000019b393c9cb0, Size=40
[2018.09.04-21.13.07:944][  0]LogUObjectGlobals: Destroyed PersistentFrame Addr=0x0000019b6180b288, Size=4
[2018.09.04-21.13.07:944][  0]LogUObjectGlobals: Destroyed PersistentFrame Addr=0x0000019b616e0d00, Size=164
[2018.09.04-21.13.07:944][  0]LogUObjectGlobals: Destroyed PersistentFrame Addr=0x0000019b5dae9d50, Size=48
[2018.09.04-21.13.07:944][  0]LogUObjectGlobals: Destroyed PersistentFrame Addr=0x0000019b41f0d7f8, Size=56
[2018.09.04-21.13.07:944][  0]LogUObjectGlobals: Destroyed PersistentFrame Addr=0x0000019b623e5d80, Size=184
[2018.09.04-21.13.07:944][  0]LogUObjectGlobals: Destroyed PersistentFrame Addr=0x0000019b61fefb80, Size=12
[2018.09.04-21.13.07:944][  0]LogUObjectGlobals: Destroyed PersistentFrame Addr=0x0000019b62031640, Size=64
[2018.09.04-21.13.07:944][  0]LogUObjectGlobals: Destroyed PersistentFrame Addr=0x0000019b5dbc9060, Size=48
[2018.09.04-21.13.07:944][  0]LogUObjectGlobals: Destroyed PersistentFrame Addr=0x0000019b61809bd0, Size=8
[2018.09.04-21.13.07:950][  0]Cmd: MAP CHECKDEP NOCLEARLOG
[2018.09.04-21.13.08:366][  0]MapCheck: Map check complete: 0 Error(s), 0 Warning(s), took 416.207ms to complete.
[2018.09.04-21.13.08:366][  0]LogFileHelpers: Loading map 'ThirdPersonExampleMap' took 44.115
[2018.09.04-21.13.08:813][  0]LogCollectionManager: Loaded 0 collections in 0.000917 seconds
[2018.09.04-21.13.08:924][  0]LogFileCache: Scanning file cache for directory 'D:/GameDev/UE4/Unreal_Projects/farmerVSzombies/Saved/Collections/' took 0.01s
[2018.09.04-21.13.08:924][  0]LogFileCache: Scanning file cache for directory 'D:/GameDev/UE4/Unreal_Projects/farmerVSzombies/Content/Developers/Canados/Collections/' took 0.01s
[2018.09.04-21.13.08:924][  0]LogFileCache: Scanning file cache for directory 'D:/GameDev/UE4/Unreal_Projects/farmerVSzombies/Content/Collections/' took 0.01s
[2018.09.04-21.13.08:924][  0]LogCollectionManager: Rebuilt the GUID cache for 0 collections in 0.000001 seconds
[2018.09.04-21.13.08:938][  0]LogContentBrowser: Native class hierarchy populated in 0.0118 seconds. Added 2452 classes and 558 folders.
[2018.09.04-21.13.08:993][  0]LogContentBrowser: Native class hierarchy updated for 'WidgetCarousel' in 0.0002 seconds. Added 0 classes and 0 folders.
[2018.09.04-21.13.09:647][  0]LogContentBrowser: Native class hierarchy updated for 'AddContentDialog' in 0.0003 seconds. Added 0 classes and 0 folders.
[2018.09.04-21.13.09:706][  0]LogContentBrowser: Native class hierarchy updated for 'SceneOutliner' in 0.0007 seconds. Added 1 classes and 2 folders.
[2018.09.04-21.13.10:588][  0]LogSlate: Took 0.000589 seconds to synchronously load lazily loaded font '../../../Engine/Content/Slate/Fonts/Roboto-Regular.ttf' (155K)
[2018.09.04-21.13.10:592][  0]LogSlate: Took 0.001292 seconds to synchronously load lazily loaded font '../../../Engine/Content/Slate/Fonts/Roboto-Bold.ttf' (160K)
[2018.09.04-21.13.10:617][  0]LogSlate: Took 0.009286 seconds to synchronously load lazily loaded font '../../../Engine/Content/Editor/Slate/Fonts/FontAwesome.ttf' (139K)
[2018.09.04-21.13.10:780][  0]LogRenderer: Reallocating scene render targets to support 1376x308 Format 10 NumSamples 1 (Frame:1).
[2018.09.04-21.13.11:121][  0]LogContentBrowser: Native class hierarchy updated for 'HierarchicalLODOutliner' in 0.0002 seconds. Added 0 classes and 0 folders.
[2018.09.04-21.13.11:121][  0]LogLoad: (Engine Initialization) Total time: 59.27 seconds
[2018.09.04-21.13.11:121][  0]LogLoad: (Engine Initialization) Total Blueprint compile time: 0.00 seconds
[2018.09.04-21.13.11:131][  0]LogWindowsTextInputMethodSystem: Display: IME system now deactivated.
[2018.09.04-21.13.11:179][  0]LogContentStreaming: Texture pool size now 1000 MB
[2018.09.04-21.13.11:183][  0]LogSlate: FSceneViewport::OnFocusLost() reason 2
[2018.09.04-21.13.11:366][  0]LogRenderer: Reallocating scene render targets to support 1376x316 Format 10 NumSamples 1 (Frame:3).
[2018.09.04-21.13.11:367][  0]LogSlate: Took 0.015287 seconds to synchronously load lazily loaded font '../../../Engine/Content/Slate/Fonts/Roboto-Light.ttf' (167K)
[2018.09.04-21.13.11:466][  1]LogAssetRegistry: Asset discovery search completed in 53.1426 seconds
[2018.09.04-21.13.11:468][  1]LogCollectionManager: Rebuilt the object cache for 0 collections in 0.000000 seconds (found 0 objects)
[2018.09.04-21.13.11:468][  1]LogCollectionManager: Fixed up redirectors for 0 collections in 0.000044 seconds (updated 0 objects)
[2018.09.04-21.13.12:166][ 42]LogSlate: Took 0.000257 seconds to synchronously load lazily loaded font '../../../Engine/Content/Slate/Fonts/Roboto-Light.ttf' (167K)
[2018.09.04-21.13.12:687][ 79]LogSlate: Window 'Message Log' being destroyed
[2018.09.04-21.13.12:704][ 79]LogSlate: Window 'Message Log' being destroyed
[2018.09.04-21.13.14:494][202]LogSlate: FSceneViewport::OnFocusLost() reason 0
[2018.09.04-21.13.38:245][361]LogContentBrowser: Native class hierarchy updated for 'BlueprintGraph' in 0.0005 seconds. Added 116 classes and 0 folders.
[2018.09.04-21.13.38:816][361]LogUObjectGlobals: Created PersistentFrame Addr=0x0000019ba4013838, Size=4, Default__SKEL_PROTO_BP_AnimBlueprint_0_C Function /Engine/Transient.SKEL_PROTO_BP_AnimBlueprint_0_C:ExecuteUbergraph_PROTO_BP_AnimBlueprint_0
[2018.09.04-21.13.38:817][361]LogUObjectGlobals: Created PersistentFrame Addr=0x0000019ba4013830, Size=4, Default__PROTO_BP_AnimBlueprint_0_C Function /Engine/Transient.PROTO_BP_AnimBlueprint_0_C:ExecuteUbergraph_PROTO_BP_AnimBlueprint_0
[2018.09.04-21.13.42:445][361]LogContentBrowser: Native class hierarchy updated for 'SkeletonEditor' in 0.0003 seconds. Added 1 classes and 2 folders.
[2018.09.04-21.13.45:795][361]LogActorComponent: RegisterComponentWithWorld: (/Engine/Transient.World_5:PersistentLevel.Actor_0.DebugSkelMeshComponent_0) Already registered. Aborting.
[2018.09.04-21.13.46:362][361]LogContentBrowser: Native class hierarchy updated for 'PinnedCommandList' in 0.0002 seconds. Added 1 classes and 0 folders.
[2018.09.04-21.13.47:783][361]LogSkeletalMesh: USkeletalMeshComponent::InitArticulated : Bodies already created (/Engine/Transient.World_5:PersistentLevel.Actor_0.DebugSkelMeshComponent_0) - call TermArticulated first.
[2018.09.04-21.13.49:488][361]LogActorComponent: RegisterComponentWithWorld: (/Engine/Transient.World_7:PersistentLevel.Actor_1.DebugSkelMeshComponent_2) Already registered. Aborting.
[2018.09.04-21.13.49:548][361]LogSkeletalMesh: USkeletalMeshComponent::InitArticulated : Bodies already created (/Engine/Transient.World_7:PersistentLevel.Actor_1.DebugSkelMeshComponent_2) - call TermArticulated first.
[2018.09.04-21.13.53:449][361]LogSlate: Took 0.342291 seconds to synchronously load lazily loaded font '../../../Engine/Content/Slate/Fonts/Roboto-BoldCondensed.ttf' (158K)
[2018.09.04-21.14.51:133][902]LogSlate: Took 0.143485 seconds to synchronously load lazily loaded font '../../../Engine/Content/Slate/Fonts/Roboto-Italic.ttf' (157K)
[2018.09.04-21.14.54:536][ 38]LogActorComponent: UnregisterComponent: (/Engine/Transient.EditorFloorComp) Not registered. Aborting.
[2018.09.04-21.14.55:565][ 93]LogActorComponent: UnregisterComponent: (/Engine/Transient.EditorFloorComp) Not registered. Aborting.
