Log file open, 09/01/18 18:32:03
LogWindows: Failed to load 'aqProf.dll' (GetLastError=126)
LogWindows: File 'aqProf.dll' does not exist
LogWindows: Failed to load 'VtuneApi.dll' (GetLastError=126)
LogWindows: File 'VtuneApi.dll' does not exist
LogWindows: Failed to load 'VtuneApi32e.dll' (GetLastError=126)
LogWindows: File 'VtuneApi32e.dll' does not exist
LogInit: Display: Running engine for game: farmerVSzombies
LogPlatformFile: Not using cached read wrapper
LogInit: Display: RandInit(674861294) SRandInit(674861294).
LogInit: Read version file with build ID '3944462'
LogInit: Overriding engine version to CL 4033788, compatible CL 3944462
LogInit: Registered custom module enumerator with build ID '3944462'
LogTaskGraph: Started task graph with 5 named threads and 35 total threads with 3 sets of task threads.
LogStats: Stats thread started at 0.396604
LogD3D11RHI: Aftermath initialized
LogICUInternationalization: Display: ICU TimeZone Detection - Raw Offset: -5:00, Platform Override: ''
LogModuleManager: Display: Found up-to-date module file ../../../Engine/Plugins/2D/Paper2D/Binaries/Win64/UE4Editor-Paper2D.dll (API version 3944462).
LogModuleManager: Display: Found up-to-date module file ../../../Engine/Plugins/2D/Paper2D/Binaries/Win64/UE4Editor-Paper2DEditor.dll (API version 3944462).
LogModuleManager: Display: Found up-to-date module file ../../../Engine/Plugins/2D/Paper2D/Binaries/Win64/UE4Editor-PaperSpriteSheetImporter.dll (API version 3944462).
LogModuleManager: Display: Found up-to-date module file ../../../Engine/Plugins/2D/Paper2D/Binaries/Win64/UE4Editor-PaperTiledImporter.dll (API version 3944462).
LogModuleManager: Display: Found up-to-date module file ../../../Engine/Plugins/2D/Paper2D/Binaries/Win64/UE4Editor-SmartSnapping.dll (API version 3944462).
LogModuleManager: Display: Found up-to-date module file ../../../Engine/Plugins/Blendables/LightPropagationVolume/Binaries/Win64/UE4Editor-LightPropagationVolumeRuntime.dll (API version 3944462).
LogModuleManager: Display: Found up-to-date module file ../../../Engine/Plugins/Blendables/LightPropagationVolume/Binaries/Win64/UE4Editor-LightPropagationVolumeEditor.dll (API version 3944462).
LogModuleManager: Display: Found up-to-date module file ../../../Engine/Plugins/Developer/CLionSourceCodeAccess/Binaries/Win64/UE4Editor-CLionSourceCodeAccess.dll (API version 3944462).
LogModuleManager: Display: Found up-to-date module file ../../../Engine/Plugins/Developer/GitSourceControl/Binaries/Win64/UE4Editor-GitSourceControl.dll (API version 3944462).
LogModuleManager: Display: Found up-to-date module file ../../../Engine/Plugins/Developer/PerforceSourceControl/Binaries/Win64/UE4Editor-PerforceSourceControl.dll (API version 3944462).
LogModuleManager: Display: Found up-to-date module file ../../../Engine/Plugins/Developer/SubversionSourceControl/Binaries/Win64/UE4Editor-SubversionSourceControl.dll (API version 3944462).
LogModuleManager: Display: Found up-to-date module file ../../../Engine/Plugins/Developer/UObjectPlugin/Binaries/Win64/UE4Editor-UObjectPlugin.dll (API version 3944462).
LogModuleManager: Display: Found up-to-date module file ../../../Engine/Plugins/Developer/VisualStudioCodeSourceCodeAccess/Binaries/Win64/UE4Editor-VisualStudioCodeSourceCodeAccess.dll (API version 3944462).
LogModuleManager: Display: Found up-to-date module file ../../../Engine/Plugins/Developer/VisualStudioSourceCodeAccess/Binaries/Win64/UE4Editor-VisualStudioSourceCodeAccess.dll (API version 3944462).
LogModuleManager: Display: Found up-to-date module file ../../../Engine/Plugins/Editor/AssetManagerEditor/Binaries/Win64/UE4Editor-AssetManagerEditor.dll (API version 3944462).
LogModuleManager: Display: Found up-to-date module file ../../../Engine/Plugins/Editor/CryptoKeys/Binaries/Win64/UE4Editor-CryptoKeys.dll (API version 3944462).
LogModuleManager: Display: Found up-to-date module file ../../../Engine/Plugins/Editor/CryptoKeys/Binaries/Win64/UE4Editor-CryptoKeysOpenSSL.dll (API version 3944462).
LogModuleManager: Display: Found up-to-date module file ../../../Engine/Plugins/Editor/DataValidation/Binaries/Win64/UE4Editor-DataValidation.dll (API version 3944462).
LogModuleManager: Display: Found up-to-date module file ../../../Engine/Plugins/Editor/FacialAnimation/Binaries/Win64/UE4Editor-FacialAnimation.dll (API version 3944462).
LogModuleManager: Display: Found up-to-date module file ../../../Engine/Plugins/Editor/FacialAnimation/Binaries/Win64/UE4Editor-FacialAnimationEditor.dll (API version 3944462).
LogModuleManager: Display: Found up-to-date module file ../../../Engine/Plugins/Editor/GameplayTagsEditor/Binaries/Win64/UE4Editor-GameplayTagsEditor.dll (API version 3944462).
LogModuleManager: Display: Found up-to-date module file ../../../Engine/Plugins/Editor/MobileLauncherProfileWizard/Binaries/Win64/UE4Editor-MobileLauncherProfileWizard.dll (API version 3944462).
LogModuleManager: Display: Found up-to-date module file ../../../Engine/Plugins/Editor/PluginBrowser/Binaries/Win64/UE4Editor-PluginBrowser.dll (API version 3944462).
LogModuleManager: Display: Found up-to-date module file ../../../Engine/Plugins/Editor/SpeedTreeImporter/Binaries/Win64/UE4Editor-SpeedTreeImporter.dll (API version 3944462).
LogModuleManager: Display: Found up-to-date module file ../../../Engine/Plugins/Enterprise/DatasmithContent/Binaries/Win64/UE4Editor-DatasmithContent.dll (API version 3944462).
LogModuleManager: Display: Found up-to-date module file ../../../Engine/Plugins/Experimental/AlembicImporter/Binaries/Win64/UE4Editor-AlembicImporter.dll (API version 3944462).
LogModuleManager: Display: Found up-to-date module file ../../../Engine/Plugins/Experimental/AlembicImporter/Binaries/Win64/UE4Editor-AlembicLibrary.dll (API version 3944462).
LogModuleManager: Display: Found up-to-date module file ../../../Engine/Plugins/Experimental/CharacterAI/Binaries/Win64/UE4Editor-CharacterAI.dll (API version 3944462).
LogModuleManager: Display: Found up-to-date module file ../../../Engine/Plugins/Experimental/HTML5Networking/Binaries/Win64/UE4Editor-HTML5Networking.dll (API version 3944462).
LogModuleManager: Display: Found up-to-date module file ../../../Engine/Plugins/Media/AndroidMedia/Binaries/Win64/UE4Editor-AndroidMediaEditor.dll (API version 3944462).
LogModuleManager: Display: Found up-to-date module file ../../../Engine/Plugins/Media/AndroidMedia/Binaries/Win64/UE4Editor-AndroidMediaFactory.dll (API version 3944462).
LogModuleManager: Display: Found up-to-date module file ../../../Engine/Plugins/Media/AvfMedia/Binaries/Win64/UE4Editor-AvfMediaEditor.dll (API version 3944462).
LogModuleManager: Display: Found up-to-date module file ../../../Engine/Plugins/Media/AvfMedia/Binaries/Win64/UE4Editor-AvfMediaFactory.dll (API version 3944462).
LogModuleManager: Display: Found up-to-date module file ../../../Engine/Plugins/Media/AvfMedia/Binaries/Win64/UE4Editor-AvfMediaFactory.dll (API version 3944462).
LogModuleManager: Display: Found up-to-date module file ../../../Engine/Plugins/Media/ImgMedia/Binaries/Win64/UE4Editor-ImgMedia.dll (API version 3944462).
LogModuleManager: Display: Found up-to-date module file ../../../Engine/Plugins/Media/ImgMedia/Binaries/Win64/UE4Editor-ImgMediaEditor.dll (API version 3944462).
LogModuleManager: Display: Found up-to-date module file ../../../Engine/Plugins/Media/ImgMedia/Binaries/Win64/UE4Editor-ImgMediaFactory.dll (API version 3944462).
LogModuleManager: Display: Found up-to-date module file ../../../Engine/Plugins/Media/ImgMedia/Binaries/Win64/UE4Editor-ImgMediaFactory.dll (API version 3944462).
LogModuleManager: Display: Found up-to-date module file ../../../Engine/Plugins/Media/ImgMedia/Binaries/Win64/UE4Editor-OpenExrWrapper.dll (API version 3944462).
LogModuleManager: Display: Found up-to-date module file ../../../Engine/Plugins/Media/LinearTimecode/Binaries/Win64/UE4Editor-LinearTimecode.dll (API version 3944462).
LogModuleManager: Display: Found up-to-date module file ../../../Engine/Plugins/Media/MediaCompositing/Binaries/Win64/UE4Editor-MediaCompositing.dll (API version 3944462).
LogModuleManager: Display: Found up-to-date module file ../../../Engine/Plugins/Media/MediaCompositing/Binaries/Win64/UE4Editor-MediaCompositingEditor.dll (API version 3944462).
LogModuleManager: Display: Found up-to-date module file ../../../Engine/Plugins/Media/MediaPlayerEditor/Binaries/Win64/UE4Editor-MediaPlayerEditor.dll (API version 3944462).
LogModuleManager: Display: Found up-to-date module file ../../../Engine/Plugins/Media/WmfMedia/Binaries/Win64/UE4Editor-WmfMedia.dll (API version 3944462).
LogModuleManager: Display: Found up-to-date module file ../../../Engine/Plugins/Media/WmfMedia/Binaries/Win64/UE4Editor-WmfMediaEditor.dll (API version 3944462).
LogModuleManager: Display: Found up-to-date module file ../../../Engine/Plugins/Media/WmfMedia/Binaries/Win64/UE4Editor-WmfMediaFactory.dll (API version 3944462).
LogModuleManager: Display: Found up-to-date module file ../../../Engine/Plugins/Media/WmfMedia/Binaries/Win64/UE4Editor-WmfMediaFactory.dll (API version 3944462).
LogModuleManager: Display: Found up-to-date module file ../../../Engine/Plugins/Messaging/TcpMessaging/Binaries/Win64/UE4Editor-TcpMessaging.dll (API version 3944462).
LogModuleManager: Display: Found up-to-date module file ../../../Engine/Plugins/Messaging/UdpMessaging/Binaries/Win64/UE4Editor-UdpMessaging.dll (API version 3944462).
LogModuleManager: Display: Found up-to-date module file ../../../Engine/Plugins/MovieScene/ActorSequence/Binaries/Win64/UE4Editor-ActorSequence.dll (API version 3944462).
LogModuleManager: Display: Found up-to-date module file ../../../Engine/Plugins/MovieScene/LevelSequenceEditor/Binaries/Win64/UE4Editor-LevelSequenceEditor.dll (API version 3944462).
LogModuleManager: Display: Found up-to-date module file ../../../Engine/Plugins/MovieScene/MatineeToLevelSequence/Binaries/Win64/UE4Editor-MatineeToLevelSequence.dll (API version 3944462).
LogModuleManager: Display: Found up-to-date module file ../../../Engine/Plugins/NetcodeUnitTest/NetcodeUnitTest/Binaries/Win64/UE4Editor-NetcodeUnitTest.dll (API version 3944462).
LogModuleManager: Display: Found up-to-date module file ../../../Engine/Plugins/NetcodeUnitTest/NUTUnrealEngine4/Binaries/Win64/UE4Editor-NUTUnrealEngine4.dll (API version 3944462).
LogModuleManager: Display: Found up-to-date module file ../../../Engine/Plugins/Online/OnlineSubsystem/Binaries/Win64/UE4Editor-OnlineSubsystem.dll (API version 3944462).
LogModuleManager: Display: Found up-to-date module file ../../../Engine/Plugins/Runtime/AndroidPermission/Binaries/Win64/UE4Editor-AndroidPermission.dll (API version 3944462).
LogModuleManager: Display: Found up-to-date module file ../../../Engine/Plugins/Online/OnlineSubsystemNull/Binaries/Win64/UE4Editor-OnlineSubsystemNull.dll (API version 3944462).
LogModuleManager: Display: Found up-to-date module file ../../../Engine/Plugins/Online/OnlineSubsystemUtils/Binaries/Win64/UE4Editor-OnlineSubsystemUtils.dll (API version 3944462).
LogModuleManager: Display: Found up-to-date module file ../../../Engine/Plugins/Online/OnlineSubsystemUtils/Binaries/Win64/UE4Editor-OnlineBlueprintSupport.dll (API version 3944462).
LogModuleManager: Display: Found up-to-date module file ../../../Engine/Plugins/Runtime/AndroidDeviceProfileSelector/Binaries/Win64/UE4Editor-AndroidDeviceProfileSelector.dll (API version 3944462).
LogModuleManager: Display: Found up-to-date module file ../../../Engine/Plugins/Runtime/AppleARKit/Binaries/Win64/UE4Editor-AppleARKit.dll (API version 3944462).
LogModuleManager: Display: Found up-to-date module file ../../../Engine/Plugins/Runtime/ProceduralMeshComponent/Binaries/Win64/UE4Editor-ProceduralMeshComponent.dll (API version 3944462).
LogModuleManager: Display: Found up-to-date module file ../../../Engine/Plugins/Runtime/ProceduralMeshComponent/Binaries/Win64/UE4Editor-ProceduralMeshComponentEditor.dll (API version 3944462).
LogModuleManager: Display: Found up-to-date module file ../../../Engine/Plugins/Animation/LiveLink/Binaries/Win64/UE4Editor-LiveLink.dll (API version 3944462).
LogModuleManager: Display: Found up-to-date module file ../../../Engine/Plugins/Animation/LiveLink/Binaries/Win64/UE4Editor-LiveLinkEditor.dll (API version 3944462).
LogModuleManager: Display: Found up-to-date module file ../../../Engine/Plugins/Runtime/ArchVisCharacter/Binaries/Win64/UE4Editor-ArchVisCharacter.dll (API version 3944462).
LogModuleManager: Display: Found up-to-date module file ../../../Engine/Plugins/Runtime/AudioCapture/Binaries/Win64/UE4Editor-AudioCapture.dll (API version 3944462).
LogModuleManager: Display: Found up-to-date module file ../../../Engine/Plugins/Runtime/AudioCapture/Binaries/Win64/UE4Editor-AudioCaptureEditor.dll (API version 3944462).
LogModuleManager: Display: Found up-to-date module file ../../../Engine/Plugins/Runtime/CableComponent/Binaries/Win64/UE4Editor-CableComponent.dll (API version 3944462).
LogModuleManager: Display: Found up-to-date module file ../../../Engine/Plugins/Runtime/CustomMeshComponent/Binaries/Win64/UE4Editor-CustomMeshComponent.dll (API version 3944462).
LogModuleManager: Display: Found up-to-date module file ../../../Engine/Plugins/Runtime/ExampleDeviceProfileSelector/Binaries/Win64/UE4Editor-ExampleDeviceProfileSelector.dll (API version 3944462).
LogModuleManager: Display: Found up-to-date module file ../../../Engine/Plugins/Runtime/ImmediatePhysics/Binaries/Win64/UE4Editor-ImmediatePhysics.dll (API version 3944462).
LogModuleManager: Display: Found up-to-date module file ../../../Engine/Plugins/Runtime/ImmediatePhysics/Binaries/Win64/UE4Editor-ImmediatePhysicsEditor.dll (API version 3944462).
LogModuleManager: Display: Found up-to-date module file ../../../Engine/Plugins/Runtime/LocationServicesBPLibrary/Binaries/Win64/UE4Editor-LocationServicesBPLibrary.dll (API version 3944462).
LogModuleManager: Display: Found up-to-date module file ../../../Engine/Plugins/Runtime/MobilePatchingUtils/Binaries/Win64/UE4Editor-MobilePatchingUtils.dll (API version 3944462).
LogModuleManager: Display: Found up-to-date module file ../../../Engine/Plugins/Runtime/Oculus/OculusVR/Binaries/Win64/UE4Editor-OculusHMD.dll (API version 3944462).
LogModuleManager: Display: Found up-to-date module file ../../../Engine/Plugins/Runtime/Oculus/OculusVR/Binaries/Win64/UE4Editor-OculusInput.dll (API version 3944462).
LogModuleManager: Display: Found up-to-date module file ../../../Engine/Plugins/Runtime/Oculus/OculusVR/Binaries/Win64/UE4Editor-OculusEditor.dll (API version 3944462).
LogModuleManager: Display: Found up-to-date module file ../../../Engine/Plugins/Runtime/PhysXVehicles/Binaries/Win64/UE4Editor-PhysXVehicles.dll (API version 3944462).
LogModuleManager: Display: Found up-to-date module file ../../../Engine/Plugins/Runtime/PhysXVehicles/Binaries/Win64/UE4Editor-PhysXVehiclesEditor.dll (API version 3944462).
LogModuleManager: Display: Found up-to-date module file ../../../Engine/Plugins/Runtime/RuntimePhysXCooking/Binaries/Win64/UE4Editor-RuntimePhysXCooking.dll (API version 3944462).
LogModuleManager: Display: Found up-to-date module file ../../../Engine/Plugins/Runtime/Steam/SteamVR/Binaries/Win64/UE4Editor-SteamVR.dll (API version 3944462).
LogModuleManager: Display: Found up-to-date module file ../../../Engine/Plugins/Runtime/Steam/SteamVR/Binaries/Win64/UE4Editor-SteamVRController.dll (API version 3944462).
LogModuleManager: Display: Found up-to-date module file ../../../Engine/Plugins/Runtime/WindowsMoviePlayer/Binaries/Win64/UE4Editor-WindowsMoviePlayer.dll (API version 3944462).
LogPluginManager: Mounting plugin Paper2D
LogPluginManager: Mounting plugin LiveLink
LogPluginManager: Mounting plugin LightPropagationVolume
LogPluginManager: Mounting plugin CLionSourceCodeAccess
LogPluginManager: Mounting plugin CodeLiteSourceCodeAccess
LogPluginManager: Mounting plugin GitSourceControl
LogPluginManager: Mounting plugin KDevelopSourceCodeAccess
LogPluginManager: Mounting plugin NullSourceCodeAccess
LogPluginManager: Mounting plugin PerforceSourceControl
LogPluginManager: Mounting plugin SubversionSourceControl
LogPluginManager: Mounting plugin UObjectPlugin
LogPluginManager: Mounting plugin VisualStudioCodeSourceCodeAccess
LogPluginManager: Mounting plugin VisualStudioSourceCodeAccess
LogPluginManager: Mounting plugin XCodeSourceCodeAccess
LogPluginManager: Mounting plugin AssetManagerEditor
LogPluginManager: Mounting plugin CryptoKeys
LogPluginManager: Mounting plugin DataValidation
LogPluginManager: Mounting plugin FacialAnimation
LogPluginManager: Mounting plugin GameplayTagsEditor
LogPluginManager: Mounting plugin MobileLauncherProfileWizard
LogPluginManager: Mounting plugin PluginBrowser
LogPluginManager: Mounting plugin SpeedTreeImporter
LogPluginManager: Mounting plugin DatasmithContent
LogPluginManager: Mounting plugin AlembicImporter
LogPluginManager: Mounting plugin CharacterAI
LogPluginManager: Mounting plugin HTML5Networking
LogPluginManager: Mounting plugin AndroidMedia
LogPluginManager: Mounting plugin AvfMedia
LogPluginManager: Mounting plugin ImgMedia
LogPluginManager: Mounting plugin LinearTimecode
LogPluginManager: Mounting plugin MediaCompositing
LogPluginManager: Mounting plugin MediaPlayerEditor
LogPluginManager: Mounting plugin WmfMedia
LogPluginManager: Mounting plugin TcpMessaging
LogPluginManager: Mounting plugin UdpMessaging
LogPluginManager: Mounting plugin ActorSequence
LogPluginManager: Mounting plugin LevelSequenceEditor
LogPluginManager: Mounting plugin MatineeToLevelSequence
LogPluginManager: Mounting plugin NetcodeUnitTest
LogPluginManager: Mounting plugin NUTUnrealEngine4
LogPluginManager: Mounting plugin OnlineSubsystemGooglePlay
LogPluginManager: Mounting plugin OnlineSubsystemIOS
LogPluginManager: Mounting plugin OnlineSubsystem
LogPluginManager: Mounting plugin OnlineSubsystemNull
LogPluginManager: Mounting plugin OnlineSubsystemUtils
LogPluginManager: Mounting plugin AndroidDeviceProfileSelector
LogPluginManager: Mounting plugin AndroidMoviePlayer
LogPluginManager: Mounting plugin AndroidPermission
LogPluginManager: Mounting plugin AppleARKit
LogPluginManager: Mounting plugin AppleMoviePlayer
LogPluginManager: Mounting plugin ArchVisCharacter
LogPluginManager: Mounting plugin AudioCapture
LogPluginManager: Mounting plugin CableComponent
LogPluginManager: Mounting plugin CustomMeshComponent
LogPluginManager: Mounting plugin ExampleDeviceProfileSelector
LogPluginManager: Mounting plugin GoogleCloudMessaging
LogPluginManager: Mounting plugin ImmediatePhysics
LogPluginManager: Mounting plugin IOSDeviceProfileSelector
LogPluginManager: Mounting plugin LinuxDeviceProfileSelector
LogPluginManager: Mounting plugin LocationServicesBPLibrary
LogPluginManager: Mounting plugin MobilePatchingUtils
LogPluginManager: Mounting plugin OculusVR
LogPluginManager: Plugin shader directory ../../../Engine/Plugins/Runtime/Oculus/OculusVR/Shaders found
LogPluginManager: Mapping shader source directory ../../../Engine/Plugins/Runtime/Oculus/OculusVR/Shaders to virtual directory /Plugin/OculusVR
LogPluginManager: Mounting plugin PhysXVehicles
LogPluginManager: Mounting plugin ProceduralMeshComponent
LogPluginManager: Mounting plugin RuntimePhysXCooking
LogPluginManager: Mounting plugin SteamVR
LogPluginManager: Mounting plugin WindowsMoviePlayer
LogStreaming: Display: Took  1.159s to configure plugins.
LogInit: Using libcurl 7.47.1
LogInit:  - built for x86_64-pc-win32
LogInit:  - supports SSL with OpenSSL/1.0.2g
LogInit:  - supports HTTP deflate (compression) using libz 1.2.8
LogInit:  - other features:
LogInit:      CURL_VERSION_SSL
LogInit:      CURL_VERSION_LIBZ
LogInit:      CURL_VERSION_IPV6
LogInit:      CURL_VERSION_ASYNCHDNS
LogInit:      CURL_VERSION_LARGEFILE
LogInit:      CURL_VERSION_IDN
LogInit:  CurlRequestOptions (configurable via config and command line):
LogInit:  - bVerifyPeer = false  - Libcurl will NOT verify peer certificate
LogInit:  - bUseHttpProxy = false  - Libcurl will NOT use HTTP proxy
LogInit:  - bDontReuseConnections = false  - Libcurl will reuse connections
LogInit:  - CertBundlePath = nullptr  - Libcurl will use whatever was configured at build time.
LogInit:  - MaxHostConnections = 16  - Libcurl will limit the number of connections to a host
LogInit:  - LocalHostAddr = Default
LogInit: WinSock: version 1.1 (2.2), MaxSocks=32767, MaxUdp=65467
LogInit: WinSock: I am DESKTOP-J54LIC6 (192.168.1.39:0)
LogInit: Build: ++UE4+Release-4.19-CL-4033788
LogInit: Engine Version: 4.19.2-4033788+++UE4+Release-4.19
LogInit: Compatible Engine Version: 4.19.0-3944462+++UE4+Release-4.19
LogInit: Net CL: 3944462
LogDevObjectVersion: Number of dev versions registered: 18
LogDevObjectVersion:   Dev-Blueprints (B0D832E4-1F89-4F0D-ACCF-7EB736FD4AA2): 10
LogDevObjectVersion:   Dev-Build (E1C64328-A22C-4D53-A36C-8E866417BD8C): 0
LogDevObjectVersion:   Dev-Core (375EC13C-06E4-48FB-B500-84F0262A717E): 2
LogDevObjectVersion:   Dev-Editor (E4B068ED-F494-42E9-A231-DA0B2E46BB41): 23
LogDevObjectVersion:   Dev-Framework (CFFC743F-43B0-4480-9391-14DF171D2073): 33
LogDevObjectVersion:   Dev-Mobile (B02B49B5-BB20-44E9-A304-32B752E40360): 2
LogDevObjectVersion:   Dev-Networking (A4E4105C-59A1-49B5-A7C5-40C4547EDFEE): 0
LogDevObjectVersion:   Dev-Online (39C831C9-5AE6-47DC-9A44-9C173E1C8E7C): 0
LogDevObjectVersion:   Dev-Physics (78F01B33-EBEA-4F98-B9B4-84EACCB95AA2): 0
LogDevObjectVersion:   Dev-Platform (6631380F-2D4D-43E0-8009-CF276956A95A): 0
LogDevObjectVersion:   Dev-Rendering (12F88B9F-8875-4AFC-A67C-D90C383ABD29): 25
LogDevObjectVersion:   Dev-Sequencer (7B5AE74C-D270-4C10-A958-57980B212A5A): 6
LogDevObjectVersion:   Dev-VR (D7296918-1DD6-4BDD-9DE2-64A83CC13884): 1
LogDevObjectVersion:   Dev-LoadTimes (C2A15278-BFE7-4AFE-6C17-90FF531DF755): 1
LogDevObjectVersion:   Private-Geometry (6EACA3D4-40EC-4CC1-B786-8BED09428FC5): 2
LogDevObjectVersion:   Dev-AnimPhys (29E575DD-E0A3-4627-9D10-D276232CDCEA): 16
LogDevObjectVersion:   Dev-ReflectionCapture (6B266CEC-1EC7-4B8F-A30B-E4D90942FC07): 1
LogDevObjectVersion:   Dev-Automation (0DF73D61-A23F-47EA-B727-89E90C41499A): 1
LogInit: Compiled (64-bit): Apr 27 2018 02:06:57
LogInit: Compiled with Visual C++: 19.00.24215.01
LogInit: Build Configuration: Development
LogInit: Branch Name: ++UE4+Release-4.19
LogInit: Command Line:  /Game/ThirdPersonBP/Maps/ThirdPersonExampleMap -game -PIEVIACONSOLE -ResX=1280 -ResY=720  -Multiprocess -messaging -SessionName="Play in Standalone Game" -windowed 
LogInit: Base Directory: D:/GameDev/UE4/Epic Games/UE_4.19/Engine/Binaries/Win64/
LogInit: Installed Engine Build: 1
LogStreaming: Display: Took  0.002s to delete old logs.
LogInit: Presizing for max 8388607 objects, including 0 objects not considered by GC, pre-allocating 0 bytes for permanent pool.
LogInit: Object subsystem initialized
[2018.09.01-22.32.04:565][  0]LogInit: Selected Device Profile: [Windows]
[2018.09.01-22.32.04:566][  0]LogInit: Applying CVar settings loaded from the selected device profile: [Windows]
[2018.09.01-22.32.04:571][  0]LogInit: Computer: DESKTOP-J54LIC6
[2018.09.01-22.32.04:572][  0]LogInit: User: Canados
[2018.09.01-22.32.04:572][  0]LogInit: CPU Page size=4096, Cores=6
[2018.09.01-22.32.04:572][  0]LogInit: High frequency timer resolution =2.156249 MHz
[2018.09.01-22.32.04:572][  0]LogMemory: Memory total: Physical=15.9GB (16GB approx)
[2018.09.01-22.32.04:572][  0]LogMemory: Platform Memory Stats for Windows
[2018.09.01-22.32.04:572][  0]LogMemory: Process Physical Memory: 276.45 MB used, 276.45 MB peak
[2018.09.01-22.32.04:572][  0]LogMemory: Process Virtual Memory: 275.46 MB used, 275.46 MB peak
[2018.09.01-22.32.04:572][  0]LogMemory: Physical Memory: 6302.86 MB used,  9940.01 MB free, 16242.87 MB total
[2018.09.01-22.32.04:572][  0]LogMemory: Virtual Memory: 4819.98 MB used,  9940.01 MB free, 134217728.00 MB total
[2018.09.01-22.32.04:937][  0]LogInit: Using OS detected language (en-US).
[2018.09.01-22.32.04:937][  0]LogInit: Using OS detected locale (en-CA).
[2018.09.01-22.32.04:937][  0]LogTextLocalizationManager: No localization for 'en-US' exists, so 'en' will be used for the language.
[2018.09.01-22.32.04:937][  0]LogTextLocalizationManager: No localization for 'en-CA' exists, so 'en' will be used for the locale.
[2018.09.01-22.32.05:311][  0]LogStreaming: Display: Took  0.374s to EndInitTextLocalization.
[2018.09.01-22.32.05:340][  0]LogSlate: New Slate User Created.  User Index 0, Is Virtual User: 0
[2018.09.01-22.32.05:340][  0]LogSlate: Slate User Registered.  User Index 0, Is Virtual User: 0
[2018.09.01-22.32.05:351][  0]LogD3D11RHI: D3D11 adapters:
[2018.09.01-22.32.05:407][  0]LogD3D11RHI:    0. 'NVIDIA GeForce GTX 1060' (Feature Level 11_0)
[2018.09.01-22.32.05:407][  0]LogD3D11RHI:       6061/0/8121 MB DedicatedVideo/DedicatedSystem/SharedSystem, Outputs:2, VendorId:0x10de
[2018.09.01-22.32.05:434][  0]LogD3D11RHI:    1. 'Intel(R) UHD Graphics 630' (Feature Level 11_0)
[2018.09.01-22.32.05:435][  0]LogD3D11RHI:       128/0/8121 MB DedicatedVideo/DedicatedSystem/SharedSystem, Outputs:0, VendorId:0x8086
[2018.09.01-22.32.05:437][  0]LogD3D11RHI:    2. 'Microsoft Basic Render Driver' (Feature Level 11_0)
[2018.09.01-22.32.05:437][  0]LogD3D11RHI:       0/0/8121 MB DedicatedVideo/DedicatedSystem/SharedSystem, Outputs:0, VendorId:0x1414
[2018.09.01-22.32.05:437][  0]LogD3D11RHI: Chosen D3D11 Adapter: 0
[2018.09.01-22.32.05:443][  0]LogD3D11RHI: Creating new Direct3DDevice
[2018.09.01-22.32.05:443][  0]LogD3D11RHI:     GPU DeviceId: 0x1c60 (for the marketing name, search the web for "GPU Device Id")
[2018.09.01-22.32.05:443][  0]LogWindows: EnumDisplayDevices:
[2018.09.01-22.32.05:443][  0]LogWindows:    0. 'NVIDIA GeForce GTX 1060' (P:1 D:1)
[2018.09.01-22.32.05:444][  0]LogWindows:    1. 'NVIDIA GeForce GTX 1060' (P:0 D:1)
[2018.09.01-22.32.05:444][  0]LogWindows:    2. 'NVIDIA GeForce GTX 1060' (P:0 D:0)
[2018.09.01-22.32.05:444][  0]LogWindows:    3. 'NVIDIA GeForce GTX 1060' (P:0 D:0)
[2018.09.01-22.32.05:444][  0]LogWindows:    4. 'Intel(R) UHD Graphics 630' (P:0 D:0)
[2018.09.01-22.32.05:444][  0]LogWindows:    5. 'Intel(R) UHD Graphics 630' (P:0 D:0)
[2018.09.01-22.32.05:444][  0]LogWindows:    6. 'Intel(R) UHD Graphics 630' (P:0 D:0)
[2018.09.01-22.32.05:445][  0]LogWindows: DebugString: GetVideoDriverDetailsInvalid PrimaryIsNotTheChoosenAdapter GetVideoDriverDetailsInvalid PrimaryIsNotTheChoosenAdapter GetVideoDriverDetailsInvalid PrimaryIsNotTheChoosenAdapter GetVideoDriverDetailsInvalid PrimaryIsNotTheChoosenAdapter GetVideoDriverDetailsInvalid PrimaryIsNotTheChoosenAdapter GetVideoDriverDetailsInvalid PrimaryIsNotTheChoosenAdapter GetVideoDriverDetailsInvalid PrimaryIsNotTheChoosenAdapter FoundDriverCount:0 
[2018.09.01-22.32.05:445][  0]LogD3D11RHI:     Adapter Name: NVIDIA GeForce GTX 1060
[2018.09.01-22.32.05:445][  0]LogD3D11RHI:   Driver Version: Unknown (internal:Unknown, unified:Unknown)
[2018.09.01-22.32.05:445][  0]LogD3D11RHI:      Driver Date: Unknown
[2018.09.01-22.32.05:445][  0]LogRHI: Texture pool is 4242 MB (70% of 6061 MB)
[2018.09.01-22.32.05:473][  0]LogD3D11RHI: [Aftermath] Aftermath enabled and primed
[2018.09.01-22.32.05:473][  0]LogD3D11RHI: [Aftermath] Aftermath enabled and primed
[2018.09.01-22.32.05:473][  0]LogD3D11RHI: Async texture creation enabled
[2018.09.01-22.32.05:485][  0]LogD3D11RHI: GPU Timing Frequency: 1000.000000 (Debug: 2 1)
[2018.09.01-22.32.05:582][  0]LogShaderCompilers: Guid format shader working directory is 2 characters bigger than the processId version (../../../../../Unreal_Projects/farmerVSzombies/Intermediate/Shaders/WorkingDirectory/9792/).
[2018.09.01-22.32.05:583][  0]LogShaderCompilers: Cleaned the shader compiler working directory 'C:/Users/Canados/AppData/Local/Temp/UnrealShaderWorkingDir/9978685E494FD9271E43338D55154E15/'.
[2018.09.01-22.32.05:791][  0]LogTemp: Display: Loaded TP WindowsClientTargetPlatform
[2018.09.01-22.32.05:803][  0]LogTemp: Display: Loaded TP WindowsNoEditorTargetPlatform
[2018.09.01-22.32.05:816][  0]LogTemp: Display: Loaded TP WindowsServerTargetPlatform
[2018.09.01-22.32.05:828][  0]LogTemp: Display: Loaded TP WindowsTargetPlatform
[2018.09.01-22.32.05:828][  0]LogTargetPlatformManager: Display: Building Assets For Windows
[2018.09.01-22.32.05:933][  0]LogXGEController: Cannot use XGE Controller as Incredibuild is not installed on this machine.
[2018.09.01-22.32.05:934][  0]LogShaderCompilers: Cannot use XGE Shader Compiler as Incredibuild is not installed on this machine.
[2018.09.01-22.32.05:934][  0]LogShaderCompilers: Display: Using Local Shader Compiler.
[2018.09.01-22.32.06:628][  0]LogDerivedDataCache: Display: Max Cache Size: 512 MB
[2018.09.01-22.32.06:694][  0]LogDerivedDataCache: Loaded boot cache 0.07s 74MB C:/Users/Canados/AppData/Local/UnrealEngine/4.19/DerivedDataCache/Boot.ddc.
[2018.09.01-22.32.06:694][  0]LogDerivedDataCache: Display: Loaded Boot cache: C:/Users/Canados/AppData/Local/UnrealEngine/4.19/DerivedDataCache/Boot.ddc
[2018.09.01-22.32.06:694][  0]LogDerivedDataCache: FDerivedDataBackendGraph:  Pak pak cache file ../../../../../Unreal_Projects/farmerVSzombies/DerivedDataCache/DDC.ddp not found, will not use a pak cache.
[2018.09.01-22.32.06:694][  0]LogDerivedDataCache: Unable to find inner node Pak for hierarchical cache Hierarchy.
[2018.09.01-22.32.06:694][  0]LogDerivedDataCache: FDerivedDataBackendGraph:  CompressedPak pak cache file ../../../../../Unreal_Projects/farmerVSzombies/DerivedDataCache/Compressed.ddp not found, will not use a pak cache.
[2018.09.01-22.32.06:694][  0]LogDerivedDataCache: Unable to find inner node CompressedPak for hierarchical cache Hierarchy.
[2018.09.01-22.32.06:709][  0]LogDerivedDataCache: Display: Pak cache opened for reading ../../../Engine/DerivedDataCache/Compressed.ddp.
[2018.09.01-22.32.06:721][  0]LogDerivedDataCache: Using Local data cache path C:/Users/Canados/AppData/Local/UnrealEngine/Common/DerivedDataCache: Writable
[2018.09.01-22.32.06:721][  0]LogDerivedDataCache: Shared data cache path not found in *engine.ini, will not use an Shared cache.
[2018.09.01-22.32.06:721][  0]LogDerivedDataCache: Unable to find inner node Shared for hierarchical cache Hierarchy.
[2018.09.01-22.32.06:731][  0]LogMaterial: Verifying Global Shaders for PCD3D_SM5
[2018.09.01-22.32.06:775][  0]LogSlate: Using Freetype 2.6.0
[2018.09.01-22.32.06:777][  0]LogSlate: SlateFontCache - WITH_FREETYPE: 1, WITH_HARFBUZZ: 1
[2018.09.01-22.32.06:777][  0]LogSlate: SlateFontCache - WITH_FREETYPE: 1, WITH_HARFBUZZ: 1
[2018.09.01-22.32.06:986][  0]LogAssetRegistry: FAssetRegistry took 0.0037 seconds to start up
[2018.09.01-22.32.07:162][  0]LogPackageLocalizationCache: Processed 9 localized package path(s) for 1 prioritized culture(s) in 0.009522 seconds
[2018.09.01-22.32.07:253][  0]LogInit: Selected Device Profile: [Windows]
[2018.09.01-22.32.07:382][  0]LogSimplygon: Simplygon DLL not present - disabling.
[2018.09.01-22.32.07:385][  0]LogMeshReduction: Using SimplygonSwarm for distributed automatic mesh merging
[2018.09.01-22.32.07:385][  0]LogMeshReduction: Using QuadricMeshReduction for automatic static mesh reduction
[2018.09.01-22.32.07:385][  0]LogMeshReduction: No automatic skeletal mesh reduction module available
[2018.09.01-22.32.07:385][  0]LogMeshReduction: No automatic mesh merging module available
[2018.09.01-22.32.07:385][  0]LogMeshMerging: No automatic mesh merging module available
[2018.09.01-22.32.07:419][  0]LogNetVersion: farmerVSzombies , NetCL: 3944462, EngineNetVer: 2, GameNetVer: 0 (Checksum: 3168997086)
[2018.09.01-22.32.08:053][  0]LogMoviePlayer: Initializing movie player
[2018.09.01-22.32.08:368][  0]LogTcpMessaging: Initializing TcpMessaging bridge
[2018.09.01-22.32.08:395][  0]LogUdpMessaging: Initializing bridge on interface 0.0.0.0:0 to multicast group 230.0.0.1:6666.
[2018.09.01-22.32.08:621][  0]SourceControl: Source control is disabled
[2018.09.01-22.32.08:621][  0]SourceControl: Source control is disabled
[2018.09.01-22.32.08:639][  0]SourceControl: Source control is disabled
[2018.09.01-22.32.08:969][  0]LogAndroidPermission: UAndroidPermissionCallbackProxy::GetInstance
[2018.09.01-22.32.09:140][  0]LogOcInput: OculusInput pre-init called
[2018.09.01-22.32.09:177][  0]LogUObjectArray: 40124 objects as part of root set at end of initial load.
[2018.09.01-22.32.09:177][  0]LogUObjectAllocator: 8364200 out of 0 bytes used by permanent object pool.
[2018.09.01-22.32.09:177][  0]LogUObjectArray: CloseDisregardForGC: 0/0 objects in disregard for GC pool
[2018.09.01-22.32.09:231][  0]LogEngine: Initializing Engine...
[2018.09.01-22.32.09:233][  0]LogHMD: Failed to initialize OpenVR with code 110
[2018.09.01-22.32.09:245][  0]LogStats: UGameplayTagsManager::ConstructGameplayTagTree: Construct from data asset -  0.000 s
[2018.09.01-22.32.09:245][  0]LogStats: UGameplayTagsManager::ConstructGameplayTagTree: GameplayTagTreeChangedEvent.Broadcast -  0.000 s
[2018.09.01-22.32.09:432][  0]LogInit: XAudio2 using 'Speakers/Headphones (Realtek(R) Audio)' : 6 channels at 48 kHz using 32 bits per sample (channel mask 0x3f)
[2018.09.01-22.32.09:500][  0]LogInit: FAudioDevice initialized.
[2018.09.01-22.32.09:526][  0]LogInit: Texture streaming: Enabled
[2018.09.01-22.32.09:761][  0]LogInit: Display: Game Engine Initialized.
[2018.09.01-22.32.09:761][  0]LogGameplayTags: Display: UGameplayTagsManager::DoneAddingNativeTags. DelegateIsBound: 0
[2018.09.01-22.32.09:761][  0]LogStats: UGameplayTagsManager::ConstructGameplayTagTree: Construct from data asset -  0.000 s
[2018.09.01-22.32.09:761][  0]LogStats: UGameplayTagsManager::ConstructGameplayTagTree: GameplayTagTreeChangedEvent.Broadcast -  0.000 s
[2018.09.01-22.32.09:859][  0]LogInit: Display: Starting Game.
[2018.09.01-22.32.09:859][  0]LogNet: Browse: /Game/ThirdPersonBP/Maps/ThirdPersonExampleMap?Name=Player
[2018.09.01-22.32.09:859][  0]LogLoad: LoadMap: /Game/ThirdPersonBP/Maps/ThirdPersonExampleMap?Name=Player
[2018.09.01-22.32.09:878][  0]LogUObjectGlobals: Created PersistentFrame Addr=0x00000163b88ecda8, Size=8, Default__ThirdPersonExampleMap_C Function /Game/ThirdPersonBP/Maps/ThirdPersonExampleMap.ThirdPersonExampleMap_C:ExecuteUbergraph_ThirdPersonExampleMap
[2018.09.01-22.32.09:883][  0]LogUObjectGlobals: Created PersistentFrame Addr=0x00000163aeebe200, Size=176, Default__MUSCETS_BP_C Function /Game/ThirdPersonBP/Character/Weapon/MUSCETS_BP.MUSCETS_BP_C:ExecuteUbergraph_MUSCETS_BP
[2018.09.01-22.32.09:885][  0]LogUObjectGlobals: Created PersistentFrame Addr=0x00000163ab170aa0, Size=32, Default__BULLET_BP_C Function /Game/ThirdPersonBP/Character/Weapon/BULLET_BP.BULLET_BP_C:ExecuteUbergraph_BULLET_BP
[2018.09.01-22.32.09:895][  0]LogUObjectGlobals: Created PersistentFrame Addr=0x00000163ab168400, Size=976, Default__ThirdPersonCharacter_C Function /Game/ThirdPersonBP/Character_BP/ThirdPersonCharacter.ThirdPersonCharacter_C:ExecuteUbergraph_ThirdPersonCharacter
[2018.09.01-22.32.09:897][  0]LogUObjectGlobals: Created PersistentFrame Addr=0x00000163b7b765c0, Size=172, Default__COIN_BP_C Function /Game/ThirdPersonBP/Env/Coin/COIN_BP.COIN_BP_C:ExecuteUbergraph_COIN_BP
[2018.09.01-22.32.09:911][  0]LogUObjectGlobals: Created PersistentFrame Addr=0x00000163863e74c0, Size=172, Default__STAR_BP_C Function /Game/ThirdPersonBP/Env/Star/STAR_BP.STAR_BP_C:ExecuteUbergraph_STAR_BP
[2018.09.01-22.32.09:931][  0]LogUObjectGlobals: Created PersistentFrame Addr=0x00000163b6e129c0, Size=64, Default__ANIM_PEASANT_BP_C Function /Game/ThirdPersonBP/Character/Animation/ANIM_PEASANT_BP.ANIM_PEASANT_BP_C:ExecuteUbergraph_ANIM_PEASANT_BP
[2018.09.01-22.32.09:959][  0]LogUObjectGlobals: Destroyed PersistentFrame Addr=0x00000163ab168400, Size=976
[2018.09.01-22.32.09:959][  0]LogUObjectGlobals: Created PersistentFrame Addr=0x00000163ad5ed000, Size=976, Default__ThirdPersonCharacter_C Function /Engine/Transient.REINST_ThirdPersonCharacter_C_1:ExecuteUbergraph_ThirdPersonCharacter
[2018.09.01-22.32.09:960][  0]LogUObjectGlobals: Created PersistentFrame Addr=0x00000163ad5ecc00, Size=976, Default__ThirdPersonCharacter_C Function /Game/ThirdPersonBP/Character_BP/ThirdPersonCharacter.ThirdPersonCharacter_C:ExecuteUbergraph_ThirdPersonCharacter
[2018.09.01-22.32.10:000][  0]LogUObjectGlobals: Created PersistentFrame Addr=0x00000163ab1f6140, Size=88, Default__spawn_point_C Function /Game/Enemies/Zombie/spawn_point.spawn_point_C:ExecuteUbergraph_spawn_point
[2018.09.01-22.32.10:005][  0]LogUObjectGlobals: Created PersistentFrame Addr=0x00000163bc1d9080, Size=288, Default__ENEMY_BP_C Function /Game/Enemies/ENEMY_BP.ENEMY_BP_C:ExecuteUbergraph_ENEMY_BP
[2018.09.01-22.32.10:008][  0]LogUObjectGlobals: Created PersistentFrame Addr=0x00000163b90d0900, Size=256, Default__BP_FENCE_C Function /Game/ThirdPersonBP/Env/Fence/BP_FENCE.BP_FENCE_C:ExecuteUbergraph_BP_FENCE
[2018.09.01-22.32.10:010][  0]LogUObjectGlobals: Created PersistentFrame Addr=0x00000163bc1b4880, Size=164, Default__BROKEN_FENCE_BP_C Function /Game/ThirdPersonBP/Env/Fence/BROKEN_FENCE_BP.BROKEN_FENCE_BP_C:ExecuteUbergraph_BROKEN_FENCE_BP
[2018.09.01-22.32.10:018][  0]LogUObjectGlobals: Created PersistentFrame Addr=0x00000163bc1310c0, Size=3344, Default__ZOMBIE_BP_C Function /Game/Enemies/Zombie/ZOMBIE_BP.ZOMBIE_BP_C:ExecuteUbergraph_ZOMBIE_BP
[2018.09.01-22.32.10:018][  0]LogUObjectGlobals: Created PersistentFrame Addr=0x00000163bc14a700, Size=288, Default__ZOMBIE_BP_C Function /Game/Enemies/ENEMY_BP.ENEMY_BP_C:ExecuteUbergraph_ENEMY_BP
[2018.09.01-22.32.10:028][  0]LogUObjectGlobals: Created PersistentFrame Addr=0x00000163bc0fb100, Size=248, Default__GRASS_BP_C Function /Game/ThirdPersonBP/Env/Grass/GRASS_BP.GRASS_BP_C:ExecuteUbergraph_GRASS_BP
[2018.09.01-22.32.10:055][  0]LogUObjectGlobals: Created PersistentFrame Addr=0x00000163bc0f9100, Size=248, Default__PEPPER_BP_C Function /Game/ThirdPersonBP/Env/Pepper/PEPPER_BP.PEPPER_BP_C:ExecuteUbergraph_PEPPER_BP
[2018.09.01-22.32.10:062][  0]LogUObjectGlobals: Created PersistentFrame Addr=0x00000163bc0f8b00, Size=256, Default__PUMPKIN_BP_C Function /Game/ThirdPersonBP/Env/Pumpkin/PUMPKIN_BP.PUMPKIN_BP_C:ExecuteUbergraph_PUMPKIN_BP
[2018.09.01-22.32.10:073][  0]LogUObjectGlobals: Created PersistentFrame Addr=0x00000163bc0f8700, Size=256, Default__TOMATO_BP_C Function /Game/ThirdPersonBP/Env/Tomato/TOMATO_BP.TOMATO_BP_C:ExecuteUbergraph_TOMATO_BP
[2018.09.01-22.32.10:092][  0]LogUObjectGlobals: Created PersistentFrame Addr=0x00000163bc3350c0, Size=3344, Default__ZOMBIE_BP_C Function /Game/Enemies/Zombie/ZOMBIE_BP.ZOMBIE_BP_C:ExecuteUbergraph_ZOMBIE_BP
[2018.09.01-22.32.10:092][  0]LogUObjectGlobals: Created PersistentFrame Addr=0x00000163bb96d300, Size=288, Default__ZOMBIE_BP_C Function /Game/Enemies/ENEMY_BP.ENEMY_BP_C:ExecuteUbergraph_ENEMY_BP
[2018.09.01-22.32.10:097][  0]LogUObjectGlobals: Created PersistentFrame Addr=0x00000163bc1420e0, Size=88, Default__ANIM_ZOMBIE_BP_C Function /Game/Enemies/Zombie/Animation/ANIM_ZOMBIE_BP.ANIM_ZOMBIE_BP_C:ExecuteUbergraph_ANIM_ZOMBIE_BP
[2018.09.01-22.32.10:156][  0]LogUObjectGlobals: Created PersistentFrame Addr=0x00000163bc1402e0, Size=88, Default__spawn_Legioners_C Function /Game/Enemies/Zombie_Legioner/spawn_Legioners.spawn_Legioners_C:ExecuteUbergraph_spawn_Legioners
[2018.09.01-22.32.10:161][  0]LogUObjectGlobals: Created PersistentFrame Addr=0x00000163bf967040, Size=2768, Default__LEGIONER_BP_C Function /Game/Enemies/Zombie_Legioner/LEGIONER_BP.LEGIONER_BP_C:ExecuteUbergraph_LEGIONER_BP
[2018.09.01-22.32.10:161][  0]LogUObjectGlobals: Created PersistentFrame Addr=0x00000163bf987d80, Size=288, Default__LEGIONER_BP_C Function /Game/Enemies/ENEMY_BP.ENEMY_BP_C:ExecuteUbergraph_ENEMY_BP
[2018.09.01-22.32.10:164][  0]LogUObjectGlobals: Created PersistentFrame Addr=0x00000163bf96bfb0, Size=72, Default__LEGIONER_ZOMBIE_BP_C Function /Game/Enemies/Zombie_Legioner/Animation/LEGIONER_ZOMBIE_BP.LEGIONER_ZOMBIE_BP_C:ExecuteUbergraph_LEGIONER_ZOMBIE_BP
[2018.09.01-22.32.10:174][  0]LogUObjectGlobals: Created PersistentFrame Addr=0x00000163bd249640, Size=64, Default__BARB_SHIELD_BP_C Function /Game/Enemies/Zombie_Legioner/Gear/Shields/Barbarian/BARB_SHIELD_BP.BARB_SHIELD_BP_C:ExecuteUbergraph_BARB_SHIELD_BP
[2018.09.01-22.32.10:183][  0]LogUObjectGlobals: Created PersistentFrame Addr=0x00000163bf9ae020, Size=32, Default__HELMET_BP_C Function /Game/Enemies/Zombie_Legioner/Gear/Helmet/HELMET_BP.HELMET_BP_C:ExecuteUbergraph_HELMET_BP
[2018.09.01-22.32.10:184][  0]LogUObjectGlobals: Created PersistentFrame Addr=0x00000163bf9ae080, Size=32, Default__HELMET2_BP_C Function /Game/Enemies/Zombie_Legioner/Gear/Helmet/HELMET2_BP.HELMET2_BP_C:ExecuteUbergraph_HELMET2_BP
[2018.09.01-22.32.10:186][  0]LogUObjectGlobals: Created PersistentFrame Addr=0x00000163bd248980, Size=64, Default__SHIELD3_BP_C Function /Game/Enemies/Zombie_Legioner/Gear/Shields/Macedonian/SHIELD3_BP.SHIELD3_BP_C:ExecuteUbergraph_SHIELD3_BP
[2018.09.01-22.32.10:200][  0]LogUObjectGlobals: Created PersistentFrame Addr=0x00000163ab1c8d40, Size=56, Default__SHIELD2_BP_C Function /Game/Enemies/Zombie_Legioner/Gear/Shields/SHIELD2_BP.SHIELD2_BP_C:ExecuteUbergraph_SHIELD2_BP
[2018.09.01-22.32.10:208][  0]LogUObjectGlobals: Created PersistentFrame Addr=0x00000163ab1c8c98, Size=56, Default__SHIELD_BP_C Function /Game/Enemies/Zombie_Legioner/Gear/Shields/SHIELD_BP.SHIELD_BP_C:ExecuteUbergraph_SHIELD_BP
[2018.09.01-22.32.10:220][  0]LogUObjectGlobals: Created PersistentFrame Addr=0x00000163ad561058, Size=4, Default__GLADIUS_BP_C Function /Game/Enemies/Zombie_Legioner/Gear/Sword/GLADIUS_BP.GLADIUS_BP_C:ExecuteUbergraph_GLADIUS_BP
[2018.09.01-22.32.10:281][  0]LogUObjectGlobals: Created PersistentFrame Addr=0x00000163bfe51700, Size=64, Default__spawn_Legioners_Undeground_C Function /Game/Enemies/Zombie_Legioner/spawn_Legioners_Undeground.spawn_Legioners_Undeground_C:ExecuteUbergraph_spawn_Legioners_Undeground
[2018.09.01-22.32.10:335][  0]LogUObjectGlobals: Created PersistentFrame Addr=0x00000163c0807a80, Size=8, Default__CRYPT_BP_C Function /Game/ThirdPersonBP/Env/Cemetery/Crypt/CRYPT_BP.CRYPT_BP_C:ExecuteUbergraph_CRYPT_BP
[2018.09.01-22.32.10:382][  0]LogUObjectGlobals: Created PersistentFrame Addr=0x00000163c02a4440, Size=64, Default__spawn_corn_C Function /Game/ThirdPersonBP/Env/Corn/spawn_corn.spawn_corn_C:ExecuteUbergraph_spawn_corn
[2018.09.01-22.32.10:384][  0]LogUObjectGlobals: Created PersistentFrame Addr=0x00000163c4d03dc0, Size=180, Default__CORN_BP_C Function /Game/ThirdPersonBP/Env/Corn/CORN_BP.CORN_BP_C:ExecuteUbergraph_CORN_BP
[2018.09.01-22.32.10:950][  0]LogUObjectGlobals: Created PersistentFrame Addr=0x00000163c90cbc18, Size=40, Default__Spawn_FENCE_01_C Function /Game/ThirdPersonBP/Env/Fence/Spawn_FENCE_01.Spawn_FENCE_01_C:ExecuteUbergraph_Spawn_FENCE_01
[2018.09.01-22.32.10:953][  0]LogUObjectGlobals: Created PersistentFrame Addr=0x00000163c4ce6e30, Size=24, Default__Spawn_FENCE_02_C Function /Game/ThirdPersonBP/Env/Fence/Spawn_FENCE_02.Spawn_FENCE_02_C:ExecuteUbergraph_Spawn_FENCE_02
[2018.09.01-22.32.10:955][  0]LogUObjectGlobals: Created PersistentFrame Addr=0x00000163c4ce6db8, Size=24, Default__Spawn_FENCE_03_C Function /Game/ThirdPersonBP/Env/Fence/Spawn_FENCE_03.Spawn_FENCE_03_C:ExecuteUbergraph_Spawn_FENCE_03
[2018.09.01-22.32.10:957][  0]LogUObjectGlobals: Created PersistentFrame Addr=0x00000163c4ce6d58, Size=24, Default__Spawn_FENCE_04_C Function /Game/ThirdPersonBP/Env/Fence/Spawn_FENCE_04.Spawn_FENCE_04_C:ExecuteUbergraph_Spawn_FENCE_04
[2018.09.01-22.32.10:963][  0]LogUObjectGlobals: Created PersistentFrame Addr=0x00000163c90cad68, Size=40, Default__spawn_point_GRASS_C Function /Game/ThirdPersonBP/Env/Grass/spawn_point_GRASS.spawn_point_GRASS_C:ExecuteUbergraph_spawn_point_GRASS
[2018.09.01-22.32.10:970][  0]LogUObjectGlobals: Created PersistentFrame Addr=0x00000163c0805b88, Size=4, Default__TREE_BP_C Function /Game/ThirdPersonBP/Env/House/TREE_BP.TREE_BP_C:ExecuteUbergraph_TREE_BP
[2018.09.01-22.32.10:987][  0]LogUObjectGlobals: Created PersistentFrame Addr=0x00000163c9cf6380, Size=164, Default__LEAF_BP_C Function /Game/ThirdPersonBP/Env/Leaf/LEAF_BP.LEAF_BP_C:ExecuteUbergraph_LEAF_BP
[2018.09.01-22.32.10:991][  0]LogUObjectGlobals: Created PersistentFrame Addr=0x00000163bf9a1f60, Size=48, Default__spawn_pepper_C Function /Game/ThirdPersonBP/Env/Pepper/spawn_pepper.spawn_pepper_C:ExecuteUbergraph_spawn_pepper
[2018.09.01-22.32.10:993][  0]LogUObjectGlobals: Created PersistentFrame Addr=0x00000163c084b0b0, Size=56, Default__spawn_pumpkin_C Function /Game/ThirdPersonBP/Env/Pumpkin/spawn_pumpkin.spawn_pumpkin_C:ExecuteUbergraph_spawn_pumpkin
[2018.09.01-22.32.10:997][  0]LogUObjectGlobals: Created PersistentFrame Addr=0x00000163c4ce67e8, Size=24, Default__SCARECROW_BP_C Function /Game/ThirdPersonBP/Env/ScareCrow/SCARECROW_BP.SCARECROW_BP_C:ExecuteUbergraph_SCARECROW_BP
[2018.09.01-22.32.11:002][  0]LogUObjectGlobals: Created PersistentFrame Addr=0x00000163c9cab700, Size=64, Default__spawn_sunflower_C Function /Game/ThirdPersonBP/Env/Sunflower/spawn_sunflower.spawn_sunflower_C:ExecuteUbergraph_spawn_sunflower
[2018.09.01-22.32.11:003][  0]LogUObjectGlobals: Created PersistentFrame Addr=0x00000163c9cb7490, Size=12, Default__SUNFLOWER_BP_C Function /Game/ThirdPersonBP/Env/Sunflower/SUNFLOWER_BP.SUNFLOWER_BP_C:ExecuteUbergraph_SUNFLOWER_BP
[2018.09.01-22.32.11:012][  0]LogUObjectGlobals: Created PersistentFrame Addr=0x00000163bf9a18a0, Size=48, Default__spawn_tomatoes_C Function /Game/ThirdPersonBP/Env/Tomato/spawn_tomatoes.spawn_tomatoes_C:ExecuteUbergraph_spawn_tomatoes
[2018.09.01-22.32.11:101][  0]LogUObjectGlobals: Destroyed PersistentFrame Addr=0x00000163b6e129c0, Size=64
[2018.09.01-22.32.11:101][  0]LogUObjectGlobals: Created PersistentFrame Addr=0x00000163c9548d00, Size=64, Default__ANIM_PEASANT_BP_C Function /Engine/Transient.REINST_ANIM_PEASANT_BP_C_0:ExecuteUbergraph_ANIM_PEASANT_BP
[2018.09.01-22.32.11:102][  0]LogUObjectGlobals: Destroyed PersistentFrame Addr=0x00000163bc1420e0, Size=88
[2018.09.01-22.32.11:102][  0]LogUObjectGlobals: Created PersistentFrame Addr=0x00000163c9761e40, Size=88, Default__ANIM_ZOMBIE_BP_C Function /Engine/Transient.REINST_ANIM_ZOMBIE_BP_C_1:ExecuteUbergraph_ANIM_ZOMBIE_BP
[2018.09.01-22.32.11:102][  0]LogUObjectGlobals: Destroyed PersistentFrame Addr=0x00000163bd249640, Size=64
[2018.09.01-22.32.11:102][  0]LogUObjectGlobals: Created PersistentFrame Addr=0x00000163c9548480, Size=64, Default__BARB_SHIELD_BP_C Function /Engine/Transient.REINST_BARB_SHIELD_BP_C_5:ExecuteUbergraph_BARB_SHIELD_BP
[2018.09.01-22.32.11:103][  0]LogUObjectGlobals: Destroyed PersistentFrame Addr=0x00000163bc1b4880, Size=164
[2018.09.01-22.32.11:103][  0]LogUObjectGlobals: Created PersistentFrame Addr=0x00000163c930f4c0, Size=164, Default__BROKEN_FENCE_BP_C Function /Engine/Transient.REINST_BROKEN_FENCE_BP_C_9:ExecuteUbergraph_BROKEN_FENCE_BP
[2018.09.01-22.32.11:103][  0]LogUObjectGlobals: Destroyed PersistentFrame Addr=0x00000163ab170aa0, Size=32
[2018.09.01-22.32.11:103][  0]LogUObjectGlobals: Created PersistentFrame Addr=0x00000163c928b940, Size=32, Default__BULLET_BP_C Function /Engine/Transient.REINST_BULLET_BP_C_11:ExecuteUbergraph_BULLET_BP
[2018.09.01-22.32.11:105][  0]LogUObjectGlobals: Destroyed PersistentFrame Addr=0x00000163b7b765c0, Size=172
[2018.09.01-22.32.11:105][  0]LogUObjectGlobals: Created PersistentFrame Addr=0x00000163c930f100, Size=172, Default__COIN_BP_C Function /Engine/Transient.REINST_COIN_BP_C_14:ExecuteUbergraph_COIN_BP
[2018.09.01-22.32.11:112][  0]LogUObjectGlobals: Destroyed PersistentFrame Addr=0x00000163c0807a80, Size=8
[2018.09.01-22.32.11:112][  0]LogUObjectGlobals: Created PersistentFrame Addr=0x00000163c963c498, Size=8, Default__CRYPT_BP_C Function /Engine/Transient.REINST_CRYPT_BP_C_21:ExecuteUbergraph_CRYPT_BP
[2018.09.01-22.32.11:113][  0]LogUObjectGlobals: Destroyed PersistentFrame Addr=0x00000163ad561058, Size=4
[2018.09.01-22.32.11:113][  0]LogUObjectGlobals: Created PersistentFrame Addr=0x00000163c963c458, Size=4, Default__GLADIUS_BP_C Function /Engine/Transient.REINST_GLADIUS_BP_C_25:ExecuteUbergraph_GLADIUS_BP
[2018.09.01-22.32.11:113][  0]LogUObjectGlobals: Destroyed PersistentFrame Addr=0x00000163bf9ae080, Size=32
[2018.09.01-22.32.11:113][  0]LogUObjectGlobals: Created PersistentFrame Addr=0x00000163c928b760, Size=32, Default__HELMET2_BP_C Function /Engine/Transient.REINST_HELMET2_BP_C_27:ExecuteUbergraph_HELMET2_BP
[2018.09.01-22.32.11:113][  0]LogUObjectGlobals: Destroyed PersistentFrame Addr=0x00000163bf9ae020, Size=32
[2018.09.01-22.32.11:113][  0]LogUObjectGlobals: Created PersistentFrame Addr=0x00000163c928b740, Size=32, Default__HELMET_BP_C Function /Engine/Transient.REINST_HELMET_BP_C_28:ExecuteUbergraph_HELMET_BP
[2018.09.01-22.32.11:114][  0]LogUObjectGlobals: Destroyed PersistentFrame Addr=0x00000163c9cf6380, Size=164
[2018.09.01-22.32.11:114][  0]LogUObjectGlobals: Created PersistentFrame Addr=0x00000163c930e980, Size=164, Default__LEAF_BP_C Function /Engine/Transient.REINST_LEAF_BP_C_30:ExecuteUbergraph_LEAF_BP
[2018.09.01-22.32.11:114][  0]LogUObjectGlobals: Destroyed PersistentFrame Addr=0x00000163bf96bfb0, Size=72
[2018.09.01-22.32.11:114][  0]LogUObjectGlobals: Created PersistentFrame Addr=0x00000163c91ccae0, Size=72, Default__LEGIONER_ZOMBIE_BP_C Function /Engine/Transient.REINST_LEGIONER_ZOMBIE_BP_C_2:ExecuteUbergraph_LEGIONER_ZOMBIE_BP
[2018.09.01-22.32.11:114][  0]LogUObjectGlobals: Destroyed PersistentFrame Addr=0x00000163c4ce67e8, Size=24
[2018.09.01-22.32.11:114][  0]LogUObjectGlobals: Created PersistentFrame Addr=0x00000163c93adfc0, Size=24, Default__SCARECROW_BP_C Function /Engine/Transient.REINST_SCARECROW_BP_C_31:ExecuteUbergraph_SCARECROW_BP
[2018.09.01-22.32.11:114][  0]LogUObjectGlobals: Destroyed PersistentFrame Addr=0x00000163ab1c8d40, Size=56
[2018.09.01-22.32.11:114][  0]LogUObjectGlobals: Created PersistentFrame Addr=0x00000163c9567af8, Size=56, Default__SHIELD2_BP_C Function /Engine/Transient.REINST_SHIELD2_BP_C_32:ExecuteUbergraph_SHIELD2_BP
[2018.09.01-22.32.11:115][  0]LogUObjectGlobals: Destroyed PersistentFrame Addr=0x00000163bd248980, Size=64
[2018.09.01-22.32.11:115][  0]LogUObjectGlobals: Created PersistentFrame Addr=0x00000163c91af100, Size=64, Default__SHIELD3_BP_C Function /Engine/Transient.REINST_SHIELD3_BP_C_33:ExecuteUbergraph_SHIELD3_BP
[2018.09.01-22.32.11:115][  0]LogUObjectGlobals: Destroyed PersistentFrame Addr=0x00000163ab1c8c98, Size=56
[2018.09.01-22.32.11:115][  0]LogUObjectGlobals: Created PersistentFrame Addr=0x00000163c9567a88, Size=56, Default__SHIELD_BP_C Function /Engine/Transient.REINST_SHIELD_BP_C_34:ExecuteUbergraph_SHIELD_BP
[2018.09.01-22.32.11:115][  0]LogUObjectGlobals: Destroyed PersistentFrame Addr=0x00000163c02a4440, Size=64
[2018.09.01-22.32.11:115][  0]LogUObjectGlobals: Created PersistentFrame Addr=0x00000163c91aec00, Size=64, Default__spawn_corn_C Function /Engine/Transient.REINST_spawn_corn_C_35:ExecuteUbergraph_spawn_corn
[2018.09.01-22.32.11:115][  0]LogUObjectGlobals: Destroyed PersistentFrame Addr=0x00000163c90cbc18, Size=40
[2018.09.01-22.32.11:115][  0]LogUObjectGlobals: Created PersistentFrame Addr=0x00000163c9c25918, Size=40, Default__Spawn_FENCE_01_C Function /Engine/Transient.REINST_Spawn_FENCE_01_C_36:ExecuteUbergraph_Spawn_FENCE_01
[2018.09.01-22.32.11:115][  0]LogUObjectGlobals: Destroyed PersistentFrame Addr=0x00000163c4ce6e30, Size=24
[2018.09.01-22.32.11:115][  0]LogUObjectGlobals: Created PersistentFrame Addr=0x00000163c93adee8, Size=24, Default__Spawn_FENCE_02_C Function /Engine/Transient.REINST_Spawn_FENCE_02_C_37:ExecuteUbergraph_Spawn_FENCE_02
[2018.09.01-22.32.11:116][  0]LogUObjectGlobals: Destroyed PersistentFrame Addr=0x00000163c4ce6db8, Size=24
[2018.09.01-22.32.11:116][  0]LogUObjectGlobals: Created PersistentFrame Addr=0x00000163c93adeb8, Size=24, Default__Spawn_FENCE_03_C Function /Engine/Transient.REINST_Spawn_FENCE_03_C_38:ExecuteUbergraph_Spawn_FENCE_03
[2018.09.01-22.32.11:116][  0]LogUObjectGlobals: Destroyed PersistentFrame Addr=0x00000163c4ce6d58, Size=24
[2018.09.01-22.32.11:116][  0]LogUObjectGlobals: Created PersistentFrame Addr=0x00000163c93ade88, Size=24, Default__Spawn_FENCE_04_C Function /Engine/Transient.REINST_Spawn_FENCE_04_C_39:ExecuteUbergraph_Spawn_FENCE_04
[2018.09.01-22.32.11:116][  0]LogUObjectGlobals: Destroyed PersistentFrame Addr=0x00000163bc1402e0, Size=88
[2018.09.01-22.32.11:116][  0]LogUObjectGlobals: Created PersistentFrame Addr=0x00000163c9761840, Size=88, Default__spawn_Legioners_C Function /Engine/Transient.REINST_spawn_Legioners_C_40:ExecuteUbergraph_spawn_Legioners
[2018.09.01-22.32.11:116][  0]LogUObjectGlobals: Destroyed PersistentFrame Addr=0x00000163bfe51700, Size=64
[2018.09.01-22.32.11:116][  0]LogUObjectGlobals: Created PersistentFrame Addr=0x00000163c91ae040, Size=64, Default__spawn_Legioners_Undeground_C Function /Engine/Transient.REINST_spawn_Legioners_Undeground_C_41:ExecuteUbergraph_spawn_Legioners_Undeground
[2018.09.01-22.32.11:116][  0]LogUObjectGlobals: Destroyed PersistentFrame Addr=0x00000163bf9a1f60, Size=48
[2018.09.01-22.32.11:116][  0]LogUObjectGlobals: Created PersistentFrame Addr=0x00000163c97f53f0, Size=48, Default__spawn_pepper_C Function /Engine/Transient.REINST_spawn_pepper_C_42:ExecuteUbergraph_spawn_pepper
[2018.09.01-22.32.11:117][  0]LogUObjectGlobals: Destroyed PersistentFrame Addr=0x00000163ab1f6140, Size=88
[2018.09.01-22.32.11:117][  0]LogUObjectGlobals: Created PersistentFrame Addr=0x00000163c97616c0, Size=88, Default__spawn_point_C Function /Engine/Transient.REINST_spawn_point_C_43:ExecuteUbergraph_spawn_point
[2018.09.01-22.32.11:117][  0]LogUObjectGlobals: Destroyed PersistentFrame Addr=0x00000163c90cad68, Size=40
[2018.09.01-22.32.11:117][  0]LogUObjectGlobals: Created PersistentFrame Addr=0x00000163c9c258c8, Size=40, Default__spawn_point_GRASS_C Function /Engine/Transient.REINST_spawn_point_GRASS_C_44:ExecuteUbergraph_spawn_point_GRASS
[2018.09.01-22.32.11:117][  0]LogUObjectGlobals: Destroyed PersistentFrame Addr=0x00000163c084b0b0, Size=56
[2018.09.01-22.32.11:117][  0]LogUObjectGlobals: Created PersistentFrame Addr=0x00000163c9567a18, Size=56, Default__spawn_pumpkin_C Function /Engine/Transient.REINST_spawn_pumpkin_C_45:ExecuteUbergraph_spawn_pumpkin
[2018.09.01-22.32.11:117][  0]LogUObjectGlobals: Destroyed PersistentFrame Addr=0x00000163c9cab700, Size=64
[2018.09.01-22.32.11:117][  0]LogUObjectGlobals: Created PersistentFrame Addr=0x00000163c91ad500, Size=64, Default__spawn_sunflower_C Function /Engine/Transient.REINST_spawn_sunflower_C_46:ExecuteUbergraph_spawn_sunflower
[2018.09.01-22.32.11:117][  0]LogUObjectGlobals: Destroyed PersistentFrame Addr=0x00000163bf9a18a0, Size=48
[2018.09.01-22.32.11:117][  0]LogUObjectGlobals: Created PersistentFrame Addr=0x00000163c97f5270, Size=48, Default__spawn_tomatoes_C Function /Engine/Transient.REINST_spawn_tomatoes_C_47:ExecuteUbergraph_spawn_tomatoes
[2018.09.01-22.32.11:118][  0]LogUObjectGlobals: Destroyed PersistentFrame Addr=0x00000163863e74c0, Size=172
[2018.09.01-22.32.11:118][  0]LogUObjectGlobals: Created PersistentFrame Addr=0x00000163c930d6c0, Size=172, Default__STAR_BP_C Function /Engine/Transient.REINST_STAR_BP_C_49:ExecuteUbergraph_STAR_BP
[2018.09.01-22.32.11:119][  0]LogUObjectGlobals: Destroyed PersistentFrame Addr=0x00000163c0805b88, Size=4
[2018.09.01-22.32.11:119][  0]LogUObjectGlobals: Created PersistentFrame Addr=0x00000163c963c268, Size=4, Default__TREE_BP_C Function /Engine/Transient.REINST_TREE_BP_C_54:ExecuteUbergraph_TREE_BP
[2018.09.01-22.32.11:119][  0]LogUObjectGlobals: Destroyed PersistentFrame Addr=0x00000163b90d0900, Size=256
[2018.09.01-22.32.11:119][  0]LogUObjectGlobals: Created PersistentFrame Addr=0x00000163c97a9300, Size=256, Default__BP_FENCE_C Function /Engine/Transient.REINST_BP_FENCE_C_57:ExecuteUbergraph_BP_FENCE
[2018.09.01-22.32.11:119][  0]LogUObjectGlobals: Destroyed PersistentFrame Addr=0x00000163aeebe200, Size=176
[2018.09.01-22.32.11:119][  0]LogUObjectGlobals: Created PersistentFrame Addr=0x00000163c930d240, Size=176, Default__MUSCETS_BP_C Function /Engine/Transient.REINST_MUSCETS_BP_C_58:ExecuteUbergraph_MUSCETS_BP
[2018.09.01-22.32.11:120][  0]LogUObjectGlobals: Destroyed PersistentFrame Addr=0x00000163c4d03dc0, Size=180
[2018.09.01-22.32.11:120][  0]LogUObjectGlobals: Created PersistentFrame Addr=0x00000163c930d0c0, Size=180, Default__CORN_BP_C Function /Engine/Transient.REINST_CORN_BP_C_60:ExecuteUbergraph_CORN_BP
[2018.09.01-22.32.11:120][  0]LogUObjectGlobals: Destroyed PersistentFrame Addr=0x00000163bc1d9080, Size=288
[2018.09.01-22.32.11:120][  0]LogUObjectGlobals: Created PersistentFrame Addr=0x00000163c9c7dd00, Size=288, Default__ENEMY_BP_C Function /Engine/Transient.REINST_ENEMY_BP_C_61:ExecuteUbergraph_ENEMY_BP
[2018.09.01-22.32.11:120][  0]LogUObjectGlobals: Destroyed PersistentFrame Addr=0x00000163bc0fb100, Size=248
[2018.09.01-22.32.11:121][  0]LogUObjectGlobals: Created PersistentFrame Addr=0x00000163c97a8f00, Size=248, Default__GRASS_BP_C Function /Engine/Transient.REINST_GRASS_BP_C_62:ExecuteUbergraph_GRASS_BP
[2018.09.01-22.32.11:121][  0]LogUObjectGlobals: Destroyed PersistentFrame Addr=0x00000163bc0f9100, Size=248
[2018.09.01-22.32.11:121][  0]LogUObjectGlobals: Created PersistentFrame Addr=0x00000163c97a8e00, Size=248, Default__PEPPER_BP_C Function /Engine/Transient.REINST_PEPPER_BP_C_63:ExecuteUbergraph_PEPPER_BP
[2018.09.01-22.32.11:121][  0]LogUObjectGlobals: Destroyed PersistentFrame Addr=0x00000163bc0f8b00, Size=256
[2018.09.01-22.32.11:121][  0]LogUObjectGlobals: Created PersistentFrame Addr=0x00000163c97a8d00, Size=256, Default__PUMPKIN_BP_C Function /Engine/Transient.REINST_PUMPKIN_BP_C_64:ExecuteUbergraph_PUMPKIN_BP
[2018.09.01-22.32.11:121][  0]LogUObjectGlobals: Destroyed PersistentFrame Addr=0x00000163c9cb7490, Size=12
[2018.09.01-22.32.11:121][  0]LogUObjectGlobals: Created PersistentFrame Addr=0x00000163c91cbf80, Size=12, Default__SUNFLOWER_BP_C Function /Engine/Transient.REINST_SUNFLOWER_BP_C_65:ExecuteUbergraph_SUNFLOWER_BP
[2018.09.01-22.32.11:122][  0]LogUObjectGlobals: Destroyed PersistentFrame Addr=0x00000163ad5ecc00, Size=976
[2018.09.01-22.32.11:122][  0]LogUObjectGlobals: Created PersistentFrame Addr=0x00000163c977cc00, Size=976, Default__ThirdPersonCharacter_C Function /Engine/Transient.REINST_ThirdPersonCharacter_C_66:ExecuteUbergraph_ThirdPersonCharacter
[2018.09.01-22.32.11:123][  0]LogUObjectGlobals: Destroyed PersistentFrame Addr=0x00000163bc0f8700, Size=256
[2018.09.01-22.32.11:123][  0]LogUObjectGlobals: Created PersistentFrame Addr=0x00000163c97a8b00, Size=256, Default__TOMATO_BP_C Function /Engine/Transient.REINST_TOMATO_BP_C_67:ExecuteUbergraph_TOMATO_BP
[2018.09.01-22.32.11:124][  0]LogUObjectGlobals: Destroyed PersistentFrame Addr=0x00000163bf967040, Size=2768
[2018.09.01-22.32.11:124][  0]LogUObjectGlobals: Destroyed PersistentFrame Addr=0x00000163bf987d80, Size=288
[2018.09.01-22.32.11:124][  0]LogUObjectGlobals: Created PersistentFrame Addr=0x00000163c9820100, Size=2768, Default__LEGIONER_BP_C Function /Engine/Transient.REINST_LEGIONER_BP_C_68:ExecuteUbergraph_LEGIONER_BP
[2018.09.01-22.32.11:124][  0]LogUObjectGlobals: Created PersistentFrame Addr=0x00000163c9c7d300, Size=288, Default__LEGIONER_BP_C Function /Engine/Transient.REINST_ENEMY_BP_C_61:ExecuteUbergraph_ENEMY_BP
[2018.09.01-22.32.11:126][  0]LogUObjectGlobals: Destroyed PersistentFrame Addr=0x00000163bc3350c0, Size=3344
[2018.09.01-22.32.11:126][  0]LogUObjectGlobals: Destroyed PersistentFrame Addr=0x00000163bb96d300, Size=288
[2018.09.01-22.32.11:126][  0]LogUObjectGlobals: Created PersistentFrame Addr=0x00000163bf967040, Size=3344, Default__ZOMBIE_BP_C Function /Engine/Transient.REINST_ZOMBIE_BP_C_69:ExecuteUbergraph_ZOMBIE_BP
[2018.09.01-22.32.11:126][  0]LogUObjectGlobals: Created PersistentFrame Addr=0x00000163c9c7d1c0, Size=288, Default__ZOMBIE_BP_C Function /Engine/Transient.REINST_ENEMY_BP_C_61:ExecuteUbergraph_ENEMY_BP
[2018.09.01-22.32.11:335][  0]LogUObjectGlobals: Created PersistentFrame Addr=0x00000163ca7def40, Size=64, Default__ANIM_PEASANT_BP_C Function /Game/ThirdPersonBP/Character/Animation/ANIM_PEASANT_BP.ANIM_PEASANT_BP_C:ExecuteUbergraph_ANIM_PEASANT_BP
[2018.09.01-22.32.11:337][  0]LogUObjectGlobals: Created PersistentFrame Addr=0x00000163ca4357e0, Size=88, Default__ANIM_ZOMBIE_BP_C Function /Game/Enemies/Zombie/Animation/ANIM_ZOMBIE_BP.ANIM_ZOMBIE_BP_C:ExecuteUbergraph_ANIM_ZOMBIE_BP
[2018.09.01-22.32.11:338][  0]LogUObjectGlobals: Created PersistentFrame Addr=0x00000163ca7de380, Size=64, Default__BARB_SHIELD_BP_C Function /Game/Enemies/Zombie_Legioner/Gear/Shields/Barbarian/BARB_SHIELD_BP.BARB_SHIELD_BP_C:ExecuteUbergraph_BARB_SHIELD_BP
[2018.09.01-22.32.11:340][  0]LogUObjectGlobals: Created PersistentFrame Addr=0x00000163ca3bbd00, Size=164, Default__BROKEN_FENCE_BP_C Function /Game/ThirdPersonBP/Env/Fence/BROKEN_FENCE_BP.BROKEN_FENCE_BP_C:ExecuteUbergraph_BROKEN_FENCE_BP
[2018.09.01-22.32.11:341][  0]LogUObjectGlobals: Created PersistentFrame Addr=0x00000163ca410b20, Size=32, Default__BULLET_BP_C Function /Game/ThirdPersonBP/Character/Weapon/BULLET_BP.BULLET_BP_C:ExecuteUbergraph_BULLET_BP
[2018.09.01-22.32.11:342][  0]LogUObjectGlobals: Created PersistentFrame Addr=0x00000163ca3ba740, Size=172, Default__COIN_BP_C Function /Game/ThirdPersonBP/Env/Coin/COIN_BP.COIN_BP_C:ExecuteUbergraph_COIN_BP
[2018.09.01-22.32.11:344][  0]LogUObjectGlobals: Created PersistentFrame Addr=0x00000163caa888e0, Size=8, Default__CRYPT_BP_C Function /Game/ThirdPersonBP/Env/Cemetery/Crypt/CRYPT_BP.CRYPT_BP_C:ExecuteUbergraph_CRYPT_BP
[2018.09.01-22.32.11:344][  0]LogUObjectGlobals: Created PersistentFrame Addr=0x00000163caa88880, Size=4, Default__GLADIUS_BP_C Function /Game/Enemies/Zombie_Legioner/Gear/Sword/GLADIUS_BP.GLADIUS_BP_C:ExecuteUbergraph_GLADIUS_BP
[2018.09.01-22.32.11:344][  0]LogUObjectGlobals: Created PersistentFrame Addr=0x00000163caa88840, Size=4, Default__HELMET2_BP_C Function /Game/Enemies/Zombie_Legioner/Gear/Helmet/HELMET2_BP.HELMET2_BP_C:ExecuteUbergraph_HELMET2_BP
[2018.09.01-22.32.11:345][  0]LogUObjectGlobals: Created PersistentFrame Addr=0x00000163ca383380, Size=32, Default__HELMET_BP_C Function /Game/Enemies/Zombie_Legioner/Gear/Helmet/HELMET_BP.HELMET_BP_C:ExecuteUbergraph_HELMET_BP
[2018.09.01-22.32.11:345][  0]LogUObjectGlobals: Created PersistentFrame Addr=0x00000163ca3b9240, Size=164, Default__LEAF_BP_C Function /Game/ThirdPersonBP/Env/Leaf/LEAF_BP.LEAF_BP_C:ExecuteUbergraph_LEAF_BP
[2018.09.01-22.32.11:346][  0]LogUObjectGlobals: Created PersistentFrame Addr=0x00000163ca394680, Size=72, Default__LEGIONER_ZOMBIE_BP_C Function /Game/Enemies/Zombie_Legioner/Animation/LEGIONER_ZOMBIE_BP.LEGIONER_ZOMBIE_BP_C:ExecuteUbergraph_LEGIONER_ZOMBIE_BP
[2018.09.01-22.32.11:347][  0]LogUObjectGlobals: Created PersistentFrame Addr=0x00000163ca4c5b40, Size=24, Default__SCARECROW_BP_C Function /Game/ThirdPersonBP/Env/ScareCrow/SCARECROW_BP.SCARECROW_BP_C:ExecuteUbergraph_SCARECROW_BP
[2018.09.01-22.32.11:347][  0]LogUObjectGlobals: Created PersistentFrame Addr=0x00000163ca3f0090, Size=56, Default__SHIELD2_BP_C Function /Game/Enemies/Zombie_Legioner/Gear/Shields/SHIELD2_BP.SHIELD2_BP_C:ExecuteUbergraph_SHIELD2_BP
[2018.09.01-22.32.11:348][  0]LogUObjectGlobals: Created PersistentFrame Addr=0x00000163ca3bca40, Size=64, Default__SHIELD3_BP_C Function /Game/Enemies/Zombie_Legioner/Gear/Shields/Macedonian/SHIELD3_BP.SHIELD3_BP_C:ExecuteUbergraph_SHIELD3_BP
[2018.09.01-22.32.11:349][  0]LogUObjectGlobals: Created PersistentFrame Addr=0x00000163ca3338c8, Size=56, Default__SHIELD_BP_C Function /Game/Enemies/Zombie_Legioner/Gear/Shields/SHIELD_BP.SHIELD_BP_C:ExecuteUbergraph_SHIELD_BP
[2018.09.01-22.32.11:350][  0]LogUObjectGlobals: Created PersistentFrame Addr=0x00000163ca3bc400, Size=64, Default__spawn_corn_C Function /Game/ThirdPersonBP/Env/Corn/spawn_corn.spawn_corn_C:ExecuteUbergraph_spawn_corn
[2018.09.01-22.32.11:350][  0]LogUObjectGlobals: Created PersistentFrame Addr=0x00000163c9ee8540, Size=40, Default__Spawn_FENCE_01_C Function /Game/ThirdPersonBP/Env/Fence/Spawn_FENCE_01.Spawn_FENCE_01_C:ExecuteUbergraph_Spawn_FENCE_01
[2018.09.01-22.32.11:350][  0]LogUObjectGlobals: Created PersistentFrame Addr=0x00000163ca4c50c0, Size=24, Default__Spawn_FENCE_02_C Function /Game/ThirdPersonBP/Env/Fence/Spawn_FENCE_02.Spawn_FENCE_02_C:ExecuteUbergraph_Spawn_FENCE_02
[2018.09.01-22.32.11:351][  0]LogUObjectGlobals: Created PersistentFrame Addr=0x00000163ca4c4fe8, Size=24, Default__Spawn_FENCE_03_C Function /Game/ThirdPersonBP/Env/Fence/Spawn_FENCE_03.Spawn_FENCE_03_C:ExecuteUbergraph_Spawn_FENCE_03
[2018.09.01-22.32.11:351][  0]LogUObjectGlobals: Created PersistentFrame Addr=0x00000163ca4c4f10, Size=24, Default__Spawn_FENCE_04_C Function /Game/ThirdPersonBP/Env/Fence/Spawn_FENCE_04.Spawn_FENCE_04_C:ExecuteUbergraph_Spawn_FENCE_04
[2018.09.01-22.32.11:351][  0]LogUObjectGlobals: Created PersistentFrame Addr=0x00000163ca39cc40, Size=88, Default__spawn_Legioners_C Function /Game/Enemies/Zombie_Legioner/spawn_Legioners.spawn_Legioners_C:ExecuteUbergraph_spawn_Legioners
[2018.09.01-22.32.11:352][  0]LogUObjectGlobals: Created PersistentFrame Addr=0x00000163ca302f40, Size=64, Default__spawn_Legioners_Undeground_C Function /Game/Enemies/Zombie_Legioner/spawn_Legioners_Undeground.spawn_Legioners_Undeground_C:ExecuteUbergraph_spawn_Legioners_Undeground
[2018.09.01-22.32.11:352][  0]LogUObjectGlobals: Created PersistentFrame Addr=0x00000163ca3112d0, Size=48, Default__spawn_pepper_C Function /Game/ThirdPersonBP/Env/Pepper/spawn_pepper.spawn_pepper_C:ExecuteUbergraph_spawn_pepper
[2018.09.01-22.32.11:353][  0]LogUObjectGlobals: Created PersistentFrame Addr=0x00000163ca39c100, Size=88, Default__spawn_point_C Function /Game/Enemies/Zombie/spawn_point.spawn_point_C:ExecuteUbergraph_spawn_point
[2018.09.01-22.32.11:353][  0]LogUObjectGlobals: Created PersistentFrame Addr=0x00000163c9ee83b0, Size=40, Default__spawn_point_GRASS_C Function /Game/ThirdPersonBP/Env/Grass/spawn_point_GRASS.spawn_point_GRASS_C:ExecuteUbergraph_spawn_point_GRASS
[2018.09.01-22.32.11:354][  0]LogUObjectGlobals: Created PersistentFrame Addr=0x00000163ca3323c8, Size=56, Default__spawn_pumpkin_C Function /Game/ThirdPersonBP/Env/Pumpkin/spawn_pumpkin.spawn_pumpkin_C:ExecuteUbergraph_spawn_pumpkin
[2018.09.01-22.32.11:354][  0]LogUObjectGlobals: Created PersistentFrame Addr=0x00000163ca301c80, Size=64, Default__spawn_sunflower_C Function /Game/ThirdPersonBP/Env/Sunflower/spawn_sunflower.spawn_sunflower_C:ExecuteUbergraph_spawn_sunflower
[2018.09.01-22.32.11:355][  0]LogUObjectGlobals: Created PersistentFrame Addr=0x00000163c9ee8310, Size=40, Default__spawn_tomatoes_C Function /Game/ThirdPersonBP/Env/Tomato/spawn_tomatoes.spawn_tomatoes_C:ExecuteUbergraph_spawn_tomatoes
[2018.09.01-22.32.11:355][  0]LogUObjectGlobals: Created PersistentFrame Addr=0x00000163ca2e8c40, Size=172, Default__STAR_BP_C Function /Game/ThirdPersonBP/Env/Star/STAR_BP.STAR_BP_C:ExecuteUbergraph_STAR_BP
[2018.09.01-22.32.11:356][  0]LogUObjectGlobals: Created PersistentFrame Addr=0x00000163ca2a3f10, Size=4, Default__TREE_BP_C Function /Game/ThirdPersonBP/Env/House/TREE_BP.TREE_BP_C:ExecuteUbergraph_TREE_BP
[2018.09.01-22.32.11:357][  0]LogUObjectGlobals: Created PersistentFrame Addr=0x00000163ca289400, Size=256, Default__BP_FENCE_C Function /Game/ThirdPersonBP/Env/Fence/BP_FENCE.BP_FENCE_C:ExecuteUbergraph_BP_FENCE
[2018.09.01-22.32.11:358][  0]LogUObjectGlobals: Created PersistentFrame Addr=0x00000163ca27b340, Size=176, Default__MUSCETS_BP_C Function /Game/ThirdPersonBP/Character/Weapon/MUSCETS_BP.MUSCETS_BP_C:ExecuteUbergraph_MUSCETS_BP
[2018.09.01-22.32.11:359][  0]LogUObjectGlobals: Created PersistentFrame Addr=0x00000163ca279fc0, Size=180, Default__CORN_BP_C Function /Game/ThirdPersonBP/Env/Corn/CORN_BP.CORN_BP_C:ExecuteUbergraph_CORN_BP
[2018.09.01-22.32.11:361][  0]LogUObjectGlobals: Created PersistentFrame Addr=0x00000163ca379440, Size=288, Default__ENEMY_BP_C Function /Game/Enemies/ENEMY_BP.ENEMY_BP_C:ExecuteUbergraph_ENEMY_BP
[2018.09.01-22.32.11:362][  0]LogUObjectGlobals: Created PersistentFrame Addr=0x00000163cb0ffc00, Size=248, Default__GRASS_BP_C Function /Game/ThirdPersonBP/Env/Grass/GRASS_BP.GRASS_BP_C:ExecuteUbergraph_GRASS_BP
[2018.09.01-22.32.11:364][  0]LogUObjectGlobals: Created PersistentFrame Addr=0x00000163cb0dcc00, Size=248, Default__PEPPER_BP_C Function /Game/ThirdPersonBP/Env/Pepper/PEPPER_BP.PEPPER_BP_C:ExecuteUbergraph_PEPPER_BP
[2018.09.01-22.32.11:366][  0]LogUObjectGlobals: Created PersistentFrame Addr=0x00000163cb0ac900, Size=256, Default__PUMPKIN_BP_C Function /Game/ThirdPersonBP/Env/Pumpkin/PUMPKIN_BP.PUMPKIN_BP_C:ExecuteUbergraph_PUMPKIN_BP
[2018.09.01-22.32.11:367][  0]LogUObjectGlobals: Created PersistentFrame Addr=0x00000163ca3864c0, Size=12, Default__SUNFLOWER_BP_C Function /Game/ThirdPersonBP/Env/Sunflower/SUNFLOWER_BP.SUNFLOWER_BP_C:ExecuteUbergraph_SUNFLOWER_BP
[2018.09.01-22.32.11:372][  0]LogUObjectGlobals: Created PersistentFrame Addr=0x00000163cb097000, Size=976, Default__ThirdPersonCharacter_C Function /Game/ThirdPersonBP/Character_BP/ThirdPersonCharacter.ThirdPersonCharacter_C:ExecuteUbergraph_ThirdPersonCharacter
[2018.09.01-22.32.11:375][  0]LogUObjectGlobals: Created PersistentFrame Addr=0x00000163caffaa00, Size=248, Default__TOMATO_BP_C Function /Game/ThirdPersonBP/Env/Tomato/TOMATO_BP.TOMATO_BP_C:ExecuteUbergraph_TOMATO_BP
[2018.09.01-22.32.11:386][  0]LogUObjectGlobals: Created PersistentFrame Addr=0x00000163caf4e080, Size=2784, Default__LEGIONER_BP_C Function /Game/Enemies/Zombie_Legioner/LEGIONER_BP.LEGIONER_BP_C:ExecuteUbergraph_LEGIONER_BP
[2018.09.01-22.32.11:386][  0]LogUObjectGlobals: Created PersistentFrame Addr=0x00000163cafe2980, Size=288, Default__LEGIONER_BP_C Function /Game/Enemies/ENEMY_BP.ENEMY_BP_C:ExecuteUbergraph_ENEMY_BP
[2018.09.01-22.32.11:404][  0]LogUObjectGlobals: Created PersistentFrame Addr=0x00000163cae7e080, Size=3344, Default__ZOMBIE_BP_C Function /Game/Enemies/Zombie/ZOMBIE_BP.ZOMBIE_BP_C:ExecuteUbergraph_ZOMBIE_BP
[2018.09.01-22.32.11:404][  0]LogUObjectGlobals: Created PersistentFrame Addr=0x00000163cafe0a40, Size=288, Default__ZOMBIE_BP_C Function /Game/Enemies/ENEMY_BP.ENEMY_BP_C:ExecuteUbergraph_ENEMY_BP
[2018.09.01-22.32.11:496][  0]LogUObjectGlobals: Destroyed PersistentFrame Addr=0x00000163b88ecda8, Size=8
[2018.09.01-22.32.11:496][  0]LogUObjectGlobals: Created PersistentFrame Addr=0x00000163ca2a2128, Size=8, Default__ThirdPersonExampleMap_C Function /Engine/Transient.REINST_ThirdPersonExampleMap_C_147:ExecuteUbergraph_ThirdPersonExampleMap
[2018.09.01-22.32.11:497][  0]LogUObjectGlobals: Created PersistentFrame Addr=0x00000163ca2a28d8, Size=8, Default__ThirdPersonExampleMap_C Function /Game/ThirdPersonBP/Maps/ThirdPersonExampleMap.ThirdPersonExampleMap_C:ExecuteUbergraph_ThirdPersonExampleMap
[2018.09.01-22.32.11:667][  0]LogLinker: Warning: Can't find file '/Game/ThirdPersonBP/Env/Cemetery/TombStone/_1'
[2018.09.01-22.32.11:667][  0]LoadErrors: Failed to load /Game/ThirdPersonBP/Env/Cemetery/TombStone/_1.Material_0 Referenced by tombstone_Tombstone_4
[2018.09.01-22.32.11:667][  0]LogUObjectGlobals: Warning: Failed to load '/Game/ThirdPersonBP/Env/Cemetery/TombStone/_1': Can't find file '/Game/ThirdPersonBP/Env/Cemetery/TombStone/_1'
[2018.09.01-22.32.11:667][  0]LogLinker: Warning: Can't find file for asset '/Game/ThirdPersonBP/Env/Cemetery/TombStone/_1' while loading NULL.
[2018.09.01-22.32.11:667][  0]LoadErrors: Failed to load /Game/ThirdPersonBP/Env/Cemetery/TombStone/_1.Material_0 Referenced by tombstone_Tombstone_4
[2018.09.01-22.32.11:667][  0]LogUObjectGlobals: Warning: Failed to load '/Game/ThirdPersonBP/Env/Cemetery/TombStone/_1': Can't find file for asset '/Game/ThirdPersonBP/Env/Cemetery/TombStone/_1' while loading NULL.
[2018.09.01-22.32.11:667][  0]LogLinker: Warning: Can't find file '/Game/ThirdPersonBP/Env/Cemetery/TombStone/_1'
[2018.09.01-22.32.11:667][  0]LoadErrors: Failed to load /Game/ThirdPersonBP/Env/Cemetery/TombStone/_1.Material_0 Referenced by tombstone_Tombstone_4
[2018.09.01-22.32.11:667][  0]LogUObjectGlobals: Warning: Failed to load '/Game/ThirdPersonBP/Env/Cemetery/TombStone/_1': Can't find file '/Game/ThirdPersonBP/Env/Cemetery/TombStone/_1'
[2018.09.01-22.32.11:667][  0]LogLinker: Warning: Can't find file for asset '/Game/ThirdPersonBP/Env/Cemetery/TombStone/_1' while loading NULL.
[2018.09.01-22.32.11:667][  0]LoadErrors: Failed to load /Game/ThirdPersonBP/Env/Cemetery/TombStone/_1.Material_0 Referenced by tombstone_Tombstone_4
[2018.09.01-22.32.11:668][  0]LogUObjectGlobals: Warning: Failed to load '/Game/ThirdPersonBP/Env/Cemetery/TombStone/_1': Can't find file for asset '/Game/ThirdPersonBP/Env/Cemetery/TombStone/_1' while loading NULL.
[2018.09.01-22.32.13:110][  0]LogSkeletalMesh: Skeletal Mesh found in DDC [0.725797ms] /Game/ThirdPersonBP/Character/peasant.peasant
[2018.09.01-22.32.13:183][  0]LogSkeletalMesh: Skeletal Mesh found in DDC [0.970203ms] /Game/Enemies/Zombie/Zombie.Zombie
[2018.09.01-22.32.13:288][  0]LogSkeletalMesh: Skeletal Mesh found in DDC [0.744812ms] /Game/Enemies/Zombie_Legioner/Legioner_Zombie.Legioner_Zombie
[2018.09.01-22.32.13:365][  0]LogSkeletalMesh: Skeletal Mesh found in DDC [0.843595ms] /Game/Enemies/Zombie_Legioner/Gear/Shields/Barbarian/barb_shield.barb_shield
[2018.09.01-22.32.13:852][  0]LogSkeletalMesh: Skeletal Mesh found in DDC [1.803131ms] /Game/ThirdPersonBP/Env/ScareCrow/scarecrow.scarecrow
[2018.09.01-22.32.14:170][  0]LogAIModule: Creating AISystem for world ThirdPersonExampleMap
[2018.09.01-22.32.14:170][  0]LogLinker: Warning: Can't find file '/Game/ThirdPersonBP/Blueprints/ThirdPersonGameMode'
[2018.09.01-22.32.14:170][  0]LogUObjectGlobals: Warning: Failed to load '/Game/ThirdPersonBP/Blueprints/ThirdPersonGameMode': Can't find file '/Game/ThirdPersonBP/Blueprints/ThirdPersonGameMode'
[2018.09.01-22.32.14:171][  0]LogLinker: Warning: Can't find file '/Game/ThirdPersonBP/Blueprints/ThirdPersonGameMode'
[2018.09.01-22.32.14:171][  0]LogUObjectGlobals: Warning: Failed to load '/Game/ThirdPersonBP/Blueprints/ThirdPersonGameMode': Can't find file '/Game/ThirdPersonBP/Blueprints/ThirdPersonGameMode'
[2018.09.01-22.32.14:171][  0]LogUObjectGlobals: Warning: Failed to find object 'Class /Game/ThirdPersonBP/Blueprints/ThirdPersonGameMode.ThirdPersonGameMode_C'
[2018.09.01-22.32.14:171][  0]LogLoad: Game class is 'GameModeBase'
[2018.09.01-22.32.14:337][  0]LogWorld: Bringing World /Game/ThirdPersonBP/Maps/ThirdPersonExampleMap.ThirdPersonExampleMap up for play (max tick rate 0) at 2018.09.01-18.32.14
[2018.09.01-22.32.14:342][  0]LogWorld: Bringing up level for play took: 0.170074
[2018.09.01-22.32.14:391][  0]LogLoad: Took 4.531819 seconds to LoadMap(/Game/ThirdPersonBP/Maps/ThirdPersonExampleMap)
[2018.09.01-22.32.14:473][  0]LogLoad: (Engine Initialization) Total time: 12.49 seconds
[2018.09.01-22.32.14:473][  0]LogLoad: (Engine Initialization) Total Blueprint compile time: 0.00 seconds
[2018.09.01-22.32.14:490][  0]LogRenderer: Reallocating scene render targets to support 1280x720 Format 10 NumSamples 1 (Frame:1).
[2018.09.01-22.32.14:583][  0]LogContentStreaming: Texture pool size now 1000 MB
[2018.09.01-22.32.14:592][  1]LogAudio: Warning: Detected orphaned looping sound 'level01_music_Cue'.
[2018.09.01-22.32.19:600][198]LogBlueprintUserMessages: Warning: SetTimer passed a bad function (New_Position_Event) or object (LEGIONER_BP_C_0)
[2018.09.01-22.32.19:606][198]LogBlueprintUserMessages: Warning: SetTimer passed a bad function (New_Position_Event) or object (LEGIONER_BP_C_1)
[2018.09.01-22.32.19:613][198]LogBlueprintUserMessages: Warning: SetTimer passed a bad function (New_Position_Event) or object (LEGIONER_BP_C_2)
[2018.09.01-22.32.24:601][455]LogBlueprintUserMessages: Warning: SetTimer passed a bad function (New_Position_Event) or object (LEGIONER_BP_C_3)
[2018.09.01-22.32.24:606][455]LogBlueprintUserMessages: Warning: SetTimer passed a bad function (New_Position_Event) or object (LEGIONER_BP_C_4)
[2018.09.01-22.32.24:610][455]LogSpawn: Warning: SpawnActor failed because of collision at the spawn location [X=2568.706 Y=685.352 Z=332.113] for [ZOMBIE_BP_C]
[2018.09.01-22.32.24:615][455]LogBlueprintUserMessages: Warning: SetTimer passed a bad function (New_Position_Event) or object (LEGIONER_BP_C_5)
[2018.09.01-22.32.29:588][759]LogSpawn: Warning: SpawnActor failed because of collision at the spawn location [X=2558.079 Y=-791.419 Z=274.991] for [LEGIONER_BP_C]
[2018.09.01-22.32.29:592][759]LogSpawn: Warning: SpawnActor failed because of collision at the spawn location [X=2557.792 Y=629.282 Z=274.714] for [LEGIONER_BP_C]
[2018.09.01-22.32.29:596][759]LogSpawn: Warning: SpawnActor failed because of collision at the spawn location [X=2557.857 Y=2090.208 Z=274.484] for [LEGIONER_BP_C]
[2018.09.01-22.32.32:795][958]LogBlueprintUserMessages: [LEGIONER_BP_C_1] THEY SEE PLAYER
[2018.09.01-22.32.33:795][ 20]LogBlueprintUserMessages: [LEGIONER_BP_C_1] THEY SEE PLAYER
[2018.09.01-22.32.34:589][ 69]LogSpawn: Warning: SpawnActor failed because of collision at the spawn location [X=2557.792 Y=629.282 Z=274.714] for [LEGIONER_BP_C]
[2018.09.01-22.32.34:593][ 69]LogSpawn: Warning: SpawnActor failed because of collision at the spawn location [X=2557.857 Y=2090.208 Z=274.484] for [LEGIONER_BP_C]
[2018.09.01-22.32.34:597][ 69]LogSpawn: Warning: SpawnActor failed because of collision at the spawn location [X=2558.079 Y=-791.419 Z=274.991] for [LEGIONER_BP_C]
[2018.09.01-22.32.34:599][ 69]LogSpawn: Warning: SpawnActor failed because of collision at the spawn location [X=2568.757 Y=682.719 Z=332.112] for [ZOMBIE_BP_C]
[2018.09.01-22.32.34:600][ 69]LogSpawn: Warning: SpawnActor failed because of collision at the spawn location [X=2568.531 Y=2158.654 Z=332.114] for [ZOMBIE_BP_C]
[2018.09.01-22.32.34:603][ 70]LogBlueprintUserMessages: [spawn_point_3447] FIRST WAVE IS DONE
[2018.09.01-22.32.34:603][ 70]LogBlueprintUserMessages: [spawn_point2] FIRST WAVE IS DONE
[2018.09.01-22.32.34:603][ 70]LogBlueprintUserMessages: [spawn_point3] FIRST WAVE IS DONE
[2018.09.01-22.32.35:186][106]LogBlueprintUserMessages: [LEGIONER_BP_C_0] THEY SEE PLAYER
[2018.09.01-22.32.35:299][113]LogBlueprintUserMessages: [LEGIONER_BP_C_1] THEY SEE PLAYER
[2018.09.01-22.32.35:685][137]LogBlueprintUserMessages: [LEGIONER_BP_C_0] THEY SEE PLAYER
[2018.09.01-22.32.36:248][172]Closing by request
[2018.09.01-22.32.36:248][172]LogWindows: FPlatformMisc::RequestExit(0)
[2018.09.01-22.32.37:290][173]LogSlate: Window 'farmerVSzombies (64-bit, PCD3D_SM5) ' being destroyed
[2018.09.01-22.32.37:291][173]LogWindowsTextInputMethodSystem: Display: IME system now deactivated.
[2018.09.01-22.32.37:298][173]LogSlate: Slate User Destroyed.  User Index 0, Is Virtual User: 0
[2018.09.01-22.32.37:298][173]LogExit: Preparing to exit.
[2018.09.01-22.32.37:298][173]LogMoviePlayer: Shutting down movie player
[2018.09.01-22.32.38:514][173]LogUObjectGlobals: Destroyed PersistentFrame Addr=0x00000163ca2a2128, Size=8
[2018.09.01-22.32.38:514][173]LogExit: Game engine shut down
[2018.09.01-22.32.38:524][173]LogUObjectGlobals: Destroyed PersistentFrame Addr=0x00000163c930d240, Size=176
[2018.09.01-22.32.38:524][173]LogUObjectGlobals: Destroyed PersistentFrame Addr=0x00000163c928b940, Size=32
[2018.09.01-22.32.38:524][173]LogUObjectGlobals: Destroyed PersistentFrame Addr=0x00000163ad5ed000, Size=976
[2018.09.01-22.32.38:524][173]LogUObjectGlobals: Destroyed PersistentFrame Addr=0x00000163c930f100, Size=172
[2018.09.01-22.32.38:524][173]LogUObjectGlobals: Destroyed PersistentFrame Addr=0x00000163c930d6c0, Size=172
[2018.09.01-22.32.38:524][173]LogUObjectGlobals: Destroyed PersistentFrame Addr=0x00000163c9548d00, Size=64
[2018.09.01-22.32.38:524][173]LogUObjectGlobals: Destroyed PersistentFrame Addr=0x00000163c977cc00, Size=976
[2018.09.01-22.32.38:525][173]LogUObjectGlobals: Destroyed PersistentFrame Addr=0x00000163c97616c0, Size=88
[2018.09.01-22.32.38:525][173]LogUObjectGlobals: Destroyed PersistentFrame Addr=0x00000163c9c7dd00, Size=288
[2018.09.01-22.32.38:525][173]LogUObjectGlobals: Destroyed PersistentFrame Addr=0x00000163c97a9300, Size=256
[2018.09.01-22.32.38:525][173]LogUObjectGlobals: Destroyed PersistentFrame Addr=0x00000163c930f4c0, Size=164
[2018.09.01-22.32.38:525][173]LogUObjectGlobals: Destroyed PersistentFrame Addr=0x00000163bf967040, Size=3344
[2018.09.01-22.32.38:525][173]LogUObjectGlobals: Destroyed PersistentFrame Addr=0x00000163c9c7d1c0, Size=288
[2018.09.01-22.32.38:525][173]LogUObjectGlobals: Destroyed PersistentFrame Addr=0x00000163c97a8f00, Size=248
[2018.09.01-22.32.38:525][173]LogUObjectGlobals: Destroyed PersistentFrame Addr=0x00000163c97a8e00, Size=248
[2018.09.01-22.32.38:525][173]LogUObjectGlobals: Destroyed PersistentFrame Addr=0x00000163c97a8d00, Size=256
[2018.09.01-22.32.38:525][173]LogUObjectGlobals: Destroyed PersistentFrame Addr=0x00000163c97a8b00, Size=256
[2018.09.01-22.32.38:525][173]LogUObjectGlobals: Destroyed PersistentFrame Addr=0x00000163c9761e40, Size=88
[2018.09.01-22.32.38:525][173]LogUObjectGlobals: Destroyed PersistentFrame Addr=0x00000163c9761840, Size=88
[2018.09.01-22.32.38:525][173]LogUObjectGlobals: Destroyed PersistentFrame Addr=0x00000163c9820100, Size=2768
[2018.09.01-22.32.38:525][173]LogUObjectGlobals: Destroyed PersistentFrame Addr=0x00000163c9c7d300, Size=288
[2018.09.01-22.32.38:525][173]LogUObjectGlobals: Destroyed PersistentFrame Addr=0x00000163c91ccae0, Size=72
[2018.09.01-22.32.38:525][173]LogUObjectGlobals: Destroyed PersistentFrame Addr=0x00000163c9548480, Size=64
[2018.09.01-22.32.38:525][173]LogUObjectGlobals: Destroyed PersistentFrame Addr=0x00000163c928b740, Size=32
[2018.09.01-22.32.38:525][173]LogUObjectGlobals: Destroyed PersistentFrame Addr=0x00000163c928b760, Size=32
[2018.09.01-22.32.38:525][173]LogUObjectGlobals: Destroyed PersistentFrame Addr=0x00000163c91af100, Size=64
[2018.09.01-22.32.38:525][173]LogUObjectGlobals: Destroyed PersistentFrame Addr=0x00000163c9567af8, Size=56
[2018.09.01-22.32.38:525][173]LogUObjectGlobals: Destroyed PersistentFrame Addr=0x00000163c9567a88, Size=56
[2018.09.01-22.32.38:525][173]LogUObjectGlobals: Destroyed PersistentFrame Addr=0x00000163c963c458, Size=4
[2018.09.01-22.32.38:526][173]LogUObjectGlobals: Destroyed PersistentFrame Addr=0x00000163c91ae040, Size=64
[2018.09.01-22.32.38:526][173]LogUObjectGlobals: Destroyed PersistentFrame Addr=0x00000163c963c498, Size=8
[2018.09.01-22.32.38:526][173]LogUObjectGlobals: Destroyed PersistentFrame Addr=0x00000163c91aec00, Size=64
[2018.09.01-22.32.38:526][173]LogUObjectGlobals: Destroyed PersistentFrame Addr=0x00000163c930d0c0, Size=180
[2018.09.01-22.32.38:527][173]LogUObjectGlobals: Destroyed PersistentFrame Addr=0x00000163c9c25918, Size=40
[2018.09.01-22.32.38:527][173]LogUObjectGlobals: Destroyed PersistentFrame Addr=0x00000163c93adee8, Size=24
[2018.09.01-22.32.38:527][173]LogUObjectGlobals: Destroyed PersistentFrame Addr=0x00000163c93adeb8, Size=24
[2018.09.01-22.32.38:527][173]LogUObjectGlobals: Destroyed PersistentFrame Addr=0x00000163c93ade88, Size=24
[2018.09.01-22.32.38:527][173]LogUObjectGlobals: Destroyed PersistentFrame Addr=0x00000163c9c258c8, Size=40
[2018.09.01-22.32.38:527][173]LogUObjectGlobals: Destroyed PersistentFrame Addr=0x00000163c963c268, Size=4
[2018.09.01-22.32.38:527][173]LogUObjectGlobals: Destroyed PersistentFrame Addr=0x00000163c930e980, Size=164
[2018.09.01-22.32.38:527][173]LogUObjectGlobals: Destroyed PersistentFrame Addr=0x00000163c97f53f0, Size=48
[2018.09.01-22.32.38:527][173]LogUObjectGlobals: Destroyed PersistentFrame Addr=0x00000163c9567a18, Size=56
[2018.09.01-22.32.38:527][173]LogUObjectGlobals: Destroyed PersistentFrame Addr=0x00000163c93adfc0, Size=24
[2018.09.01-22.32.38:527][173]LogUObjectGlobals: Destroyed PersistentFrame Addr=0x00000163c91ad500, Size=64
[2018.09.01-22.32.38:527][173]LogUObjectGlobals: Destroyed PersistentFrame Addr=0x00000163c91cbf80, Size=12
[2018.09.01-22.32.38:528][173]LogUObjectGlobals: Destroyed PersistentFrame Addr=0x00000163c97f5270, Size=48
[2018.09.01-22.32.38:528][173]LogUObjectGlobals: Destroyed PersistentFrame Addr=0x00000163ca7def40, Size=64
[2018.09.01-22.32.38:528][173]LogUObjectGlobals: Destroyed PersistentFrame Addr=0x00000163ca4357e0, Size=88
[2018.09.01-22.32.38:528][173]LogUObjectGlobals: Destroyed PersistentFrame Addr=0x00000163ca7de380, Size=64
[2018.09.01-22.32.38:528][173]LogUObjectGlobals: Destroyed PersistentFrame Addr=0x00000163ca3bbd00, Size=164
[2018.09.01-22.32.38:528][173]LogUObjectGlobals: Destroyed PersistentFrame Addr=0x00000163ca410b20, Size=32
[2018.09.01-22.32.38:528][173]LogUObjectGlobals: Destroyed PersistentFrame Addr=0x00000163ca3ba740, Size=172
[2018.09.01-22.32.38:528][173]LogUObjectGlobals: Destroyed PersistentFrame Addr=0x00000163caa888e0, Size=8
[2018.09.01-22.32.38:528][173]LogUObjectGlobals: Destroyed PersistentFrame Addr=0x00000163caa88880, Size=4
[2018.09.01-22.32.38:528][173]LogUObjectGlobals: Destroyed PersistentFrame Addr=0x00000163caa88840, Size=4
[2018.09.01-22.32.38:528][173]LogUObjectGlobals: Destroyed PersistentFrame Addr=0x00000163ca383380, Size=32
[2018.09.01-22.32.38:528][173]LogUObjectGlobals: Destroyed PersistentFrame Addr=0x00000163ca3b9240, Size=164
[2018.09.01-22.32.38:528][173]LogUObjectGlobals: Destroyed PersistentFrame Addr=0x00000163ca394680, Size=72
[2018.09.01-22.32.38:528][173]LogUObjectGlobals: Destroyed PersistentFrame Addr=0x00000163ca4c5b40, Size=24
[2018.09.01-22.32.38:528][173]LogUObjectGlobals: Destroyed PersistentFrame Addr=0x00000163ca3f0090, Size=56
[2018.09.01-22.32.38:528][173]LogUObjectGlobals: Destroyed PersistentFrame Addr=0x00000163ca3bca40, Size=64
[2018.09.01-22.32.38:528][173]LogUObjectGlobals: Destroyed PersistentFrame Addr=0x00000163ca3338c8, Size=56
[2018.09.01-22.32.38:528][173]LogUObjectGlobals: Destroyed PersistentFrame Addr=0x00000163ca3bc400, Size=64
[2018.09.01-22.32.38:529][173]LogUObjectGlobals: Destroyed PersistentFrame Addr=0x00000163c9ee8540, Size=40
[2018.09.01-22.32.38:529][173]LogUObjectGlobals: Destroyed PersistentFrame Addr=0x00000163ca4c50c0, Size=24
[2018.09.01-22.32.38:529][173]LogUObjectGlobals: Destroyed PersistentFrame Addr=0x00000163ca4c4fe8, Size=24
[2018.09.01-22.32.38:529][173]LogUObjectGlobals: Destroyed PersistentFrame Addr=0x00000163ca4c4f10, Size=24
[2018.09.01-22.32.38:529][173]LogUObjectGlobals: Destroyed PersistentFrame Addr=0x00000163ca39cc40, Size=88
[2018.09.01-22.32.38:529][173]LogUObjectGlobals: Destroyed PersistentFrame Addr=0x00000163ca302f40, Size=64
[2018.09.01-22.32.38:529][173]LogUObjectGlobals: Destroyed PersistentFrame Addr=0x00000163ca3112d0, Size=48
[2018.09.01-22.32.38:529][173]LogUObjectGlobals: Destroyed PersistentFrame Addr=0x00000163ca39c100, Size=88
[2018.09.01-22.32.38:529][173]LogUObjectGlobals: Destroyed PersistentFrame Addr=0x00000163c9ee83b0, Size=40
[2018.09.01-22.32.38:529][173]LogUObjectGlobals: Destroyed PersistentFrame Addr=0x00000163ca3323c8, Size=56
[2018.09.01-22.32.38:529][173]LogUObjectGlobals: Destroyed PersistentFrame Addr=0x00000163ca301c80, Size=64
[2018.09.01-22.32.38:529][173]LogUObjectGlobals: Destroyed PersistentFrame Addr=0x00000163c9ee8310, Size=40
[2018.09.01-22.32.38:529][173]LogUObjectGlobals: Destroyed PersistentFrame Addr=0x00000163ca2e8c40, Size=172
[2018.09.01-22.32.38:529][173]LogUObjectGlobals: Destroyed PersistentFrame Addr=0x00000163ca2a3f10, Size=4
[2018.09.01-22.32.38:529][173]LogUObjectGlobals: Destroyed PersistentFrame Addr=0x00000163ca289400, Size=256
[2018.09.01-22.32.38:529][173]LogUObjectGlobals: Destroyed PersistentFrame Addr=0x00000163ca27b340, Size=176
[2018.09.01-22.32.38:529][173]LogUObjectGlobals: Destroyed PersistentFrame Addr=0x00000163ca279fc0, Size=180
[2018.09.01-22.32.38:529][173]LogUObjectGlobals: Destroyed PersistentFrame Addr=0x00000163ca379440, Size=288
[2018.09.01-22.32.38:529][173]LogUObjectGlobals: Destroyed PersistentFrame Addr=0x00000163cb0ffc00, Size=248
[2018.09.01-22.32.38:529][173]LogUObjectGlobals: Destroyed PersistentFrame Addr=0x00000163cb0dcc00, Size=248
[2018.09.01-22.32.38:529][173]LogUObjectGlobals: Destroyed PersistentFrame Addr=0x00000163cb0ac900, Size=256
[2018.09.01-22.32.38:529][173]LogUObjectGlobals: Destroyed PersistentFrame Addr=0x00000163ca3864c0, Size=12
[2018.09.01-22.32.38:529][173]LogUObjectGlobals: Destroyed PersistentFrame Addr=0x00000163cb097000, Size=976
[2018.09.01-22.32.38:529][173]LogUObjectGlobals: Destroyed PersistentFrame Addr=0x00000163caffaa00, Size=248
[2018.09.01-22.32.38:529][173]LogUObjectGlobals: Destroyed PersistentFrame Addr=0x00000163caf4e080, Size=2784
[2018.09.01-22.32.38:529][173]LogUObjectGlobals: Destroyed PersistentFrame Addr=0x00000163cafe2980, Size=288
[2018.09.01-22.32.38:529][173]LogUObjectGlobals: Destroyed PersistentFrame Addr=0x00000163cae7e080, Size=3344
[2018.09.01-22.32.38:529][173]LogUObjectGlobals: Destroyed PersistentFrame Addr=0x00000163cafe0a40, Size=288
[2018.09.01-22.32.38:529][173]LogUObjectGlobals: Destroyed PersistentFrame Addr=0x00000163ca2a28d8, Size=8
[2018.09.01-22.32.38:656][173]LogExit: Object subsystem successfully closed.
[2018.09.01-22.32.38:674][173]LogShaderCompilers: Display: Shaders left to compile 0
[2018.09.01-22.32.38:679][173]LogD3D11RHI: Shutdown
[2018.09.01-22.32.38:679][173]LogD3D11RHI: CleanupD3DDevice
[2018.09.01-22.32.38:683][173]LogD3D11RHI: ~FD3D11DynamicRHI
[2018.09.01-22.32.38:688][173]LogModuleManager: Shutting down and abandoning module SequenceRecorderSections (332)
[2018.09.01-22.32.38:689][173]LogModuleManager: Shutting down and abandoning module SequenceRecorder (330)
[2018.09.01-22.32.38:689][173]LogModuleManager: Shutting down and abandoning module AutomationController (328)
[2018.09.01-22.32.38:689][173]LogModuleManager: Shutting down and abandoning module AutomationWorker (326)
[2018.09.01-22.32.38:689][173]LogModuleManager: Shutting down and abandoning module AIModule (324)
[2018.09.01-22.32.38:689][173]LogModuleManager: Shutting down and abandoning module GameplayDebugger (323)
[2018.09.01-22.32.38:689][173]LogModuleManager: Shutting down and abandoning module AITestSuite (321)
[2018.09.01-22.32.38:689][173]LogModuleManager: Shutting down and abandoning module WmfMediaFactory (318)
[2018.09.01-22.32.38:689][173]LogModuleManager: Shutting down and abandoning module OpenExrWrapper (316)
[2018.09.01-22.32.38:689][173]LogModuleManager: Shutting down and abandoning module ImgMediaFactory (314)
[2018.09.01-22.32.38:689][173]LogModuleManager: Shutting down and abandoning module AvfMediaFactory (312)
[2018.09.01-22.32.38:689][173]LogModuleManager: Shutting down and abandoning module CharacterAI (310)
[2018.09.01-22.32.38:689][173]LogModuleManager: Shutting down and abandoning module SessionServices (308)
[2018.09.01-22.32.38:689][173]LogModuleManager: Shutting down and abandoning module MovieSceneCapture (306)
[2018.09.01-22.32.38:689][173]LogModuleManager: Shutting down and abandoning module MovieSceneTracks (304)
[2018.09.01-22.32.38:689][173]LogModuleManager: Shutting down and abandoning module MovieScene (302)
[2018.09.01-22.32.38:689][173]LogModuleManager: Shutting down and abandoning module GeometryCache (300)
[2018.09.01-22.32.38:689][173]LogModuleManager: Shutting down and abandoning module GeometryCacheEd (299)
[2018.09.01-22.32.38:689][173]LogModuleManager: Shutting down and abandoning module StreamingPauseRendering (296)
[2018.09.01-22.32.38:689][173]LogModuleManager: Shutting down and abandoning module PortalServices (294)
[2018.09.01-22.32.38:689][173]LogModuleManager: Shutting down and abandoning module PortalRpc (292)
[2018.09.01-22.32.38:689][173]LogModuleManager: Shutting down and abandoning module MessagingRpc (290)
[2018.09.01-22.32.38:689][173]LogModuleManager: Shutting down and abandoning module ProfilerService (288)
[2018.09.01-22.32.38:741][173]LogModuleManager: Shutting down and abandoning module TaskGraph (286)
[2018.09.01-22.32.38:741][173]LogModuleManager: Shutting down and abandoning module SteamVRController (284)
[2018.09.01-22.32.38:741][173]LogModuleManager: Shutting down and abandoning module ProceduralMeshComponent (282)
[2018.09.01-22.32.38:741][173]LogModuleManager: Shutting down and abandoning module OculusInput (280)
[2018.09.01-22.32.38:741][173]LogModuleManager: Shutting down and abandoning module MobilePatchingUtils (278)
[2018.09.01-22.32.38:741][173]LogModuleManager: Shutting down and abandoning module CustomMeshComponent (276)
[2018.09.01-22.32.38:741][173]LogModuleManager: Shutting down and abandoning module CableComponent (274)
[2018.09.01-22.32.38:741][173]LogModuleManager: Shutting down and abandoning module AudioCapture (272)
[2018.09.01-22.32.38:741][173]LogModuleManager: Shutting down and abandoning module ArchVisCharacter (270)
[2018.09.01-22.32.38:741][173]LogModuleManager: Shutting down and abandoning module AndroidPermission (268)
[2018.09.01-22.32.38:741][173]LogModuleManager: Shutting down and abandoning module NUTUnrealEngine4 (264)
[2018.09.01-22.32.38:741][173]LogModuleManager: Shutting down and abandoning module NetcodeUnitTest (262)
[2018.09.01-22.32.38:741][173]LogModuleManager: Shutting down and abandoning module MediaCompositing (260)
[2018.09.01-22.32.38:741][173]LogModuleManager: Shutting down and abandoning module LinearTimecode (258)
[2018.09.01-22.32.38:741][173]LogModuleManager: Shutting down and abandoning module ImgMedia (256)
[2018.09.01-22.32.38:743][173]LogModuleManager: Shutting down and abandoning module HTML5Networking (254)
[2018.09.01-22.32.38:743][173]LogModuleManager: Shutting down and abandoning module DatasmithContent (252)
[2018.09.01-22.32.38:743][173]LogModuleManager: Shutting down and abandoning module CryptoKeysOpenSSL (250)
[2018.09.01-22.32.38:743][173]LogModuleManager: Shutting down and abandoning module CryptoKeys (248)
[2018.09.01-22.32.38:743][173]LogModuleManager: Shutting down and abandoning module VisualStudioSourceCodeAccess (246)
[2018.09.01-22.32.38:743][173]LogModuleManager: Shutting down and abandoning module HotReload (245)
[2018.09.01-22.32.38:743][173]LogModuleManager: Shutting down and abandoning module DirectoryWatcher (244)
[2018.09.01-22.32.38:743][173]LogModuleManager: Shutting down and abandoning module VisualStudioCodeSourceCodeAccess (240)
[2018.09.01-22.32.38:743][173]LogModuleManager: Shutting down and abandoning module UObjectPlugin (238)
[2018.09.01-22.32.38:743][173]LogModuleManager: Shutting down and abandoning module SubversionSourceControl (236)
[2018.09.01-22.32.38:743][173]LogModuleManager: Shutting down and abandoning module PerforceSourceControl (234)
[2018.09.01-22.32.38:743][173]LogModuleManager: Shutting down and abandoning module SourceControl (233)
[2018.09.01-22.32.38:743][173]LogModuleManager: Shutting down and abandoning module CLionSourceCodeAccess (230)
[2018.09.01-22.32.38:743][173]LogModuleManager: Shutting down and abandoning module RuntimePhysXCooking (228)
[2018.09.01-22.32.38:743][173]LogModuleManager: Shutting down and abandoning module PhysXVehiclesEditor (226)
[2018.09.01-22.32.38:743][173]LogModuleManager: Shutting down and abandoning module PhysXVehicles (224)
[2018.09.01-22.32.38:744][173]LogModuleManager: Shutting down and abandoning module LocationServicesBPLibrary (222)
[2018.09.01-22.32.38:744][173]LogModuleManager: Shutting down and abandoning module ImmediatePhysicsEditor (220)
[2018.09.01-22.32.38:744][173]LogModuleManager: Shutting down and abandoning module ImmediatePhysics (218)
[2018.09.01-22.32.38:744][173]LogModuleManager: Shutting down and abandoning module ActorSequence (216)
[2018.09.01-22.32.38:744][173]LogModuleManager: Shutting down and abandoning module UdpMessaging (214)
