Log file open, 08/30/18 00:02:20
LogWindows: Failed to load 'aqProf.dll' (GetLastError=126)
LogWindows: File 'aqProf.dll' does not exist
LogWindows: Failed to load 'VtuneApi.dll' (GetLastError=126)
LogWindows: File 'VtuneApi.dll' does not exist
LogWindows: Failed to load 'VtuneApi32e.dll' (GetLastError=126)
LogWindows: File 'VtuneApi32e.dll' does not exist
LogInit: Display: Running engine for game: farmerVSzombies
LogPlatformFile: Not using cached read wrapper
LogInit: Display: RandInit(835713476) SRandInit(835713476).
LogInit: Read version file with build ID '3944462'
LogInit: Overriding engine version to CL 4033788, compatible CL 3944462
LogInit: Registered custom module enumerator with build ID '3944462'
LogTaskGraph: Started task graph with 5 named threads and 35 total threads with 3 sets of task threads.
LogStats: Stats thread started at 0.412426
LogD3D11RHI: Aftermath initialized
LogICUInternationalization: Display: ICU TimeZone Detection - Raw Offset: -5:00, Platform Override: ''
LogModuleManager: Display: Found up-to-date module file ../../../Engine/Plugins/2D/Paper2D/Binaries/Win64/UE4Editor-Paper2D.dll (API version 3944462).
LogModuleManager: Display: Found up-to-date module file ../../../Engine/Plugins/2D/Paper2D/Binaries/Win64/UE4Editor-Paper2DEditor.dll (API version 3944462).
LogModuleManager: Display: Found up-to-date module file ../../../Engine/Plugins/2D/Paper2D/Binaries/Win64/UE4Editor-PaperSpriteSheetImporter.dll (API version 3944462).
LogModuleManager: Display: Found up-to-date module file ../../../Engine/Plugins/2D/Paper2D/Binaries/Win64/UE4Editor-PaperTiledImporter.dll (API version 3944462).
LogModuleManager: Display: Found up-to-date module file ../../../Engine/Plugins/2D/Paper2D/Binaries/Win64/UE4Editor-SmartSnapping.dll (API version 3944462).
LogModuleManager: Display: Found up-to-date module file ../../../Engine/Plugins/Blendables/LightPropagationVolume/Binaries/Win64/UE4Editor-LightPropagationVolumeRuntime.dll (API version 3944462).
LogModuleManager: Display: Found up-to-date module file ../../../Engine/Plugins/Blendables/LightPropagationVolume/Binaries/Win64/UE4Editor-LightPropagationVolumeEditor.dll (API version 3944462).
LogModuleManager: Display: Found up-to-date module file ../../../Engine/Plugins/Developer/CLionSourceCodeAccess/Binaries/Win64/UE4Editor-CLionSourceCodeAccess.dll (API version 3944462).
LogModuleManager: Display: Found up-to-date module file ../../../Engine/Plugins/Developer/GitSourceControl/Binaries/Win64/UE4Editor-GitSourceControl.dll (API version 3944462).
LogModuleManager: Display: Found up-to-date module file ../../../Engine/Plugins/Developer/PerforceSourceControl/Binaries/Win64/UE4Editor-PerforceSourceControl.dll (API version 3944462).
LogModuleManager: Display: Found up-to-date module file ../../../Engine/Plugins/Developer/SubversionSourceControl/Binaries/Win64/UE4Editor-SubversionSourceControl.dll (API version 3944462).
LogModuleManager: Display: Found up-to-date module file ../../../Engine/Plugins/Developer/UObjectPlugin/Binaries/Win64/UE4Editor-UObjectPlugin.dll (API version 3944462).
LogModuleManager: Display: Found up-to-date module file ../../../Engine/Plugins/Developer/VisualStudioCodeSourceCodeAccess/Binaries/Win64/UE4Editor-VisualStudioCodeSourceCodeAccess.dll (API version 3944462).
LogModuleManager: Display: Found up-to-date module file ../../../Engine/Plugins/Developer/VisualStudioSourceCodeAccess/Binaries/Win64/UE4Editor-VisualStudioSourceCodeAccess.dll (API version 3944462).
LogModuleManager: Display: Found up-to-date module file ../../../Engine/Plugins/Editor/AssetManagerEditor/Binaries/Win64/UE4Editor-AssetManagerEditor.dll (API version 3944462).
LogModuleManager: Display: Found up-to-date module file ../../../Engine/Plugins/Editor/CryptoKeys/Binaries/Win64/UE4Editor-CryptoKeys.dll (API version 3944462).
LogModuleManager: Display: Found up-to-date module file ../../../Engine/Plugins/Editor/CryptoKeys/Binaries/Win64/UE4Editor-CryptoKeysOpenSSL.dll (API version 3944462).
LogModuleManager: Display: Found up-to-date module file ../../../Engine/Plugins/Editor/DataValidation/Binaries/Win64/UE4Editor-DataValidation.dll (API version 3944462).
LogModuleManager: Display: Found up-to-date module file ../../../Engine/Plugins/Editor/FacialAnimation/Binaries/Win64/UE4Editor-FacialAnimation.dll (API version 3944462).
LogModuleManager: Display: Found up-to-date module file ../../../Engine/Plugins/Editor/FacialAnimation/Binaries/Win64/UE4Editor-FacialAnimationEditor.dll (API version 3944462).
LogModuleManager: Display: Found up-to-date module file ../../../Engine/Plugins/Editor/GameplayTagsEditor/Binaries/Win64/UE4Editor-GameplayTagsEditor.dll (API version 3944462).
LogModuleManager: Display: Found up-to-date module file ../../../Engine/Plugins/Editor/MobileLauncherProfileWizard/Binaries/Win64/UE4Editor-MobileLauncherProfileWizard.dll (API version 3944462).
LogModuleManager: Display: Found up-to-date module file ../../../Engine/Plugins/Editor/PluginBrowser/Binaries/Win64/UE4Editor-PluginBrowser.dll (API version 3944462).
LogModuleManager: Display: Found up-to-date module file ../../../Engine/Plugins/Editor/SpeedTreeImporter/Binaries/Win64/UE4Editor-SpeedTreeImporter.dll (API version 3944462).
LogModuleManager: Display: Found up-to-date module file ../../../Engine/Plugins/Enterprise/DatasmithContent/Binaries/Win64/UE4Editor-DatasmithContent.dll (API version 3944462).
LogModuleManager: Display: Found up-to-date module file ../../../Engine/Plugins/Experimental/AlembicImporter/Binaries/Win64/UE4Editor-AlembicImporter.dll (API version 3944462).
LogModuleManager: Display: Found up-to-date module file ../../../Engine/Plugins/Experimental/AlembicImporter/Binaries/Win64/UE4Editor-AlembicLibrary.dll (API version 3944462).
LogModuleManager: Display: Found up-to-date module file ../../../Engine/Plugins/Experimental/CharacterAI/Binaries/Win64/UE4Editor-CharacterAI.dll (API version 3944462).
LogModuleManager: Display: Found up-to-date module file ../../../Engine/Plugins/Experimental/HTML5Networking/Binaries/Win64/UE4Editor-HTML5Networking.dll (API version 3944462).
LogModuleManager: Display: Found up-to-date module file ../../../Engine/Plugins/Media/AndroidMedia/Binaries/Win64/UE4Editor-AndroidMediaEditor.dll (API version 3944462).
LogModuleManager: Display: Found up-to-date module file ../../../Engine/Plugins/Media/AndroidMedia/Binaries/Win64/UE4Editor-AndroidMediaFactory.dll (API version 3944462).
LogModuleManager: Display: Found up-to-date module file ../../../Engine/Plugins/Media/AvfMedia/Binaries/Win64/UE4Editor-AvfMediaEditor.dll (API version 3944462).
LogModuleManager: Display: Found up-to-date module file ../../../Engine/Plugins/Media/AvfMedia/Binaries/Win64/UE4Editor-AvfMediaFactory.dll (API version 3944462).
LogModuleManager: Display: Found up-to-date module file ../../../Engine/Plugins/Media/AvfMedia/Binaries/Win64/UE4Editor-AvfMediaFactory.dll (API version 3944462).
LogModuleManager: Display: Found up-to-date module file ../../../Engine/Plugins/Media/ImgMedia/Binaries/Win64/UE4Editor-ImgMedia.dll (API version 3944462).
LogModuleManager: Display: Found up-to-date module file ../../../Engine/Plugins/Media/ImgMedia/Binaries/Win64/UE4Editor-ImgMediaEditor.dll (API version 3944462).
LogModuleManager: Display: Found up-to-date module file ../../../Engine/Plugins/Media/ImgMedia/Binaries/Win64/UE4Editor-ImgMediaFactory.dll (API version 3944462).
LogModuleManager: Display: Found up-to-date module file ../../../Engine/Plugins/Media/ImgMedia/Binaries/Win64/UE4Editor-ImgMediaFactory.dll (API version 3944462).
LogModuleManager: Display: Found up-to-date module file ../../../Engine/Plugins/Media/ImgMedia/Binaries/Win64/UE4Editor-OpenExrWrapper.dll (API version 3944462).
LogModuleManager: Display: Found up-to-date module file ../../../Engine/Plugins/Media/LinearTimecode/Binaries/Win64/UE4Editor-LinearTimecode.dll (API version 3944462).
LogModuleManager: Display: Found up-to-date module file ../../../Engine/Plugins/Media/MediaCompositing/Binaries/Win64/UE4Editor-MediaCompositing.dll (API version 3944462).
LogModuleManager: Display: Found up-to-date module file ../../../Engine/Plugins/Media/MediaCompositing/Binaries/Win64/UE4Editor-MediaCompositingEditor.dll (API version 3944462).
LogModuleManager: Display: Found up-to-date module file ../../../Engine/Plugins/Media/MediaPlayerEditor/Binaries/Win64/UE4Editor-MediaPlayerEditor.dll (API version 3944462).
LogModuleManager: Display: Found up-to-date module file ../../../Engine/Plugins/Media/WmfMedia/Binaries/Win64/UE4Editor-WmfMedia.dll (API version 3944462).
LogModuleManager: Display: Found up-to-date module file ../../../Engine/Plugins/Media/WmfMedia/Binaries/Win64/UE4Editor-WmfMediaEditor.dll (API version 3944462).
LogModuleManager: Display: Found up-to-date module file ../../../Engine/Plugins/Media/WmfMedia/Binaries/Win64/UE4Editor-WmfMediaFactory.dll (API version 3944462).
LogModuleManager: Display: Found up-to-date module file ../../../Engine/Plugins/Media/WmfMedia/Binaries/Win64/UE4Editor-WmfMediaFactory.dll (API version 3944462).
LogModuleManager: Display: Found up-to-date module file ../../../Engine/Plugins/Messaging/TcpMessaging/Binaries/Win64/UE4Editor-TcpMessaging.dll (API version 3944462).
LogModuleManager: Display: Found up-to-date module file ../../../Engine/Plugins/Messaging/UdpMessaging/Binaries/Win64/UE4Editor-UdpMessaging.dll (API version 3944462).
LogModuleManager: Display: Found up-to-date module file ../../../Engine/Plugins/MovieScene/ActorSequence/Binaries/Win64/UE4Editor-ActorSequence.dll (API version 3944462).
LogModuleManager: Display: Found up-to-date module file ../../../Engine/Plugins/MovieScene/LevelSequenceEditor/Binaries/Win64/UE4Editor-LevelSequenceEditor.dll (API version 3944462).
LogModuleManager: Display: Found up-to-date module file ../../../Engine/Plugins/MovieScene/MatineeToLevelSequence/Binaries/Win64/UE4Editor-MatineeToLevelSequence.dll (API version 3944462).
LogModuleManager: Display: Found up-to-date module file ../../../Engine/Plugins/NetcodeUnitTest/NetcodeUnitTest/Binaries/Win64/UE4Editor-NetcodeUnitTest.dll (API version 3944462).
LogModuleManager: Display: Found up-to-date module file ../../../Engine/Plugins/NetcodeUnitTest/NUTUnrealEngine4/Binaries/Win64/UE4Editor-NUTUnrealEngine4.dll (API version 3944462).
LogModuleManager: Display: Found up-to-date module file ../../../Engine/Plugins/Online/OnlineSubsystem/Binaries/Win64/UE4Editor-OnlineSubsystem.dll (API version 3944462).
LogModuleManager: Display: Found up-to-date module file ../../../Engine/Plugins/Runtime/AndroidPermission/Binaries/Win64/UE4Editor-AndroidPermission.dll (API version 3944462).
LogModuleManager: Display: Found up-to-date module file ../../../Engine/Plugins/Online/OnlineSubsystemNull/Binaries/Win64/UE4Editor-OnlineSubsystemNull.dll (API version 3944462).
LogModuleManager: Display: Found up-to-date module file ../../../Engine/Plugins/Online/OnlineSubsystemUtils/Binaries/Win64/UE4Editor-OnlineSubsystemUtils.dll (API version 3944462).
LogModuleManager: Display: Found up-to-date module file ../../../Engine/Plugins/Online/OnlineSubsystemUtils/Binaries/Win64/UE4Editor-OnlineBlueprintSupport.dll (API version 3944462).
LogModuleManager: Display: Found up-to-date module file ../../../Engine/Plugins/Runtime/AndroidDeviceProfileSelector/Binaries/Win64/UE4Editor-AndroidDeviceProfileSelector.dll (API version 3944462).
LogModuleManager: Display: Found up-to-date module file ../../../Engine/Plugins/Runtime/AppleARKit/Binaries/Win64/UE4Editor-AppleARKit.dll (API version 3944462).
LogModuleManager: Display: Found up-to-date module file ../../../Engine/Plugins/Runtime/ProceduralMeshComponent/Binaries/Win64/UE4Editor-ProceduralMeshComponent.dll (API version 3944462).
LogModuleManager: Display: Found up-to-date module file ../../../Engine/Plugins/Runtime/ProceduralMeshComponent/Binaries/Win64/UE4Editor-ProceduralMeshComponentEditor.dll (API version 3944462).
LogModuleManager: Display: Found up-to-date module file ../../../Engine/Plugins/Animation/LiveLink/Binaries/Win64/UE4Editor-LiveLink.dll (API version 3944462).
LogModuleManager: Display: Found up-to-date module file ../../../Engine/Plugins/Animation/LiveLink/Binaries/Win64/UE4Editor-LiveLinkEditor.dll (API version 3944462).
LogModuleManager: Display: Found up-to-date module file ../../../Engine/Plugins/Runtime/ArchVisCharacter/Binaries/Win64/UE4Editor-ArchVisCharacter.dll (API version 3944462).
LogModuleManager: Display: Found up-to-date module file ../../../Engine/Plugins/Runtime/AudioCapture/Binaries/Win64/UE4Editor-AudioCapture.dll (API version 3944462).
LogModuleManager: Display: Found up-to-date module file ../../../Engine/Plugins/Runtime/AudioCapture/Binaries/Win64/UE4Editor-AudioCaptureEditor.dll (API version 3944462).
LogModuleManager: Display: Found up-to-date module file ../../../Engine/Plugins/Runtime/CableComponent/Binaries/Win64/UE4Editor-CableComponent.dll (API version 3944462).
LogModuleManager: Display: Found up-to-date module file ../../../Engine/Plugins/Runtime/CustomMeshComponent/Binaries/Win64/UE4Editor-CustomMeshComponent.dll (API version 3944462).
LogModuleManager: Display: Found up-to-date module file ../../../Engine/Plugins/Runtime/ExampleDeviceProfileSelector/Binaries/Win64/UE4Editor-ExampleDeviceProfileSelector.dll (API version 3944462).
LogModuleManager: Display: Found up-to-date module file ../../../Engine/Plugins/Runtime/ImmediatePhysics/Binaries/Win64/UE4Editor-ImmediatePhysics.dll (API version 3944462).
LogModuleManager: Display: Found up-to-date module file ../../../Engine/Plugins/Runtime/ImmediatePhysics/Binaries/Win64/UE4Editor-ImmediatePhysicsEditor.dll (API version 3944462).
LogModuleManager: Display: Found up-to-date module file ../../../Engine/Plugins/Runtime/LocationServicesBPLibrary/Binaries/Win64/UE4Editor-LocationServicesBPLibrary.dll (API version 3944462).
LogModuleManager: Display: Found up-to-date module file ../../../Engine/Plugins/Runtime/MobilePatchingUtils/Binaries/Win64/UE4Editor-MobilePatchingUtils.dll (API version 3944462).
LogModuleManager: Display: Found up-to-date module file ../../../Engine/Plugins/Runtime/Oculus/OculusVR/Binaries/Win64/UE4Editor-OculusHMD.dll (API version 3944462).
LogModuleManager: Display: Found up-to-date module file ../../../Engine/Plugins/Runtime/Oculus/OculusVR/Binaries/Win64/UE4Editor-OculusInput.dll (API version 3944462).
LogModuleManager: Display: Found up-to-date module file ../../../Engine/Plugins/Runtime/Oculus/OculusVR/Binaries/Win64/UE4Editor-OculusEditor.dll (API version 3944462).
LogModuleManager: Display: Found up-to-date module file ../../../Engine/Plugins/Runtime/PhysXVehicles/Binaries/Win64/UE4Editor-PhysXVehicles.dll (API version 3944462).
LogModuleManager: Display: Found up-to-date module file ../../../Engine/Plugins/Runtime/PhysXVehicles/Binaries/Win64/UE4Editor-PhysXVehiclesEditor.dll (API version 3944462).
LogModuleManager: Display: Found up-to-date module file ../../../Engine/Plugins/Runtime/RuntimePhysXCooking/Binaries/Win64/UE4Editor-RuntimePhysXCooking.dll (API version 3944462).
LogModuleManager: Display: Found up-to-date module file ../../../Engine/Plugins/Runtime/Steam/SteamVR/Binaries/Win64/UE4Editor-SteamVR.dll (API version 3944462).
LogModuleManager: Display: Found up-to-date module file ../../../Engine/Plugins/Runtime/Steam/SteamVR/Binaries/Win64/UE4Editor-SteamVRController.dll (API version 3944462).
LogModuleManager: Display: Found up-to-date module file ../../../Engine/Plugins/Runtime/WindowsMoviePlayer/Binaries/Win64/UE4Editor-WindowsMoviePlayer.dll (API version 3944462).
LogPluginManager: Mounting plugin Paper2D
LogPluginManager: Mounting plugin LiveLink
LogPluginManager: Mounting plugin LightPropagationVolume
LogPluginManager: Mounting plugin CLionSourceCodeAccess
LogPluginManager: Mounting plugin CodeLiteSourceCodeAccess
LogPluginManager: Mounting plugin GitSourceControl
LogPluginManager: Mounting plugin KDevelopSourceCodeAccess
LogPluginManager: Mounting plugin NullSourceCodeAccess
LogPluginManager: Mounting plugin PerforceSourceControl
LogPluginManager: Mounting plugin SubversionSourceControl
LogPluginManager: Mounting plugin UObjectPlugin
LogPluginManager: Mounting plugin VisualStudioCodeSourceCodeAccess
LogPluginManager: Mounting plugin VisualStudioSourceCodeAccess
LogPluginManager: Mounting plugin XCodeSourceCodeAccess
LogPluginManager: Mounting plugin AssetManagerEditor
LogPluginManager: Mounting plugin CryptoKeys
LogPluginManager: Mounting plugin DataValidation
LogPluginManager: Mounting plugin FacialAnimation
LogPluginManager: Mounting plugin GameplayTagsEditor
LogPluginManager: Mounting plugin MobileLauncherProfileWizard
LogPluginManager: Mounting plugin PluginBrowser
LogPluginManager: Mounting plugin SpeedTreeImporter
LogPluginManager: Mounting plugin DatasmithContent
LogPluginManager: Mounting plugin AlembicImporter
LogPluginManager: Mounting plugin CharacterAI
LogPluginManager: Mounting plugin HTML5Networking
LogPluginManager: Mounting plugin AndroidMedia
LogPluginManager: Mounting plugin AvfMedia
LogPluginManager: Mounting plugin ImgMedia
LogPluginManager: Mounting plugin LinearTimecode
LogPluginManager: Mounting plugin MediaCompositing
LogPluginManager: Mounting plugin MediaPlayerEditor
LogPluginManager: Mounting plugin WmfMedia
LogPluginManager: Mounting plugin TcpMessaging
LogPluginManager: Mounting plugin UdpMessaging
LogPluginManager: Mounting plugin ActorSequence
LogPluginManager: Mounting plugin LevelSequenceEditor
LogPluginManager: Mounting plugin MatineeToLevelSequence
LogPluginManager: Mounting plugin NetcodeUnitTest
LogPluginManager: Mounting plugin NUTUnrealEngine4
LogPluginManager: Mounting plugin OnlineSubsystemGooglePlay
LogPluginManager: Mounting plugin OnlineSubsystemIOS
LogPluginManager: Mounting plugin OnlineSubsystem
LogPluginManager: Mounting plugin OnlineSubsystemNull
LogPluginManager: Mounting plugin OnlineSubsystemUtils
LogPluginManager: Mounting plugin AndroidDeviceProfileSelector
LogPluginManager: Mounting plugin AndroidMoviePlayer
LogPluginManager: Mounting plugin AndroidPermission
LogPluginManager: Mounting plugin AppleARKit
LogPluginManager: Mounting plugin AppleMoviePlayer
LogPluginManager: Mounting plugin ArchVisCharacter
LogPluginManager: Mounting plugin AudioCapture
LogPluginManager: Mounting plugin CableComponent
LogPluginManager: Mounting plugin CustomMeshComponent
LogPluginManager: Mounting plugin ExampleDeviceProfileSelector
LogPluginManager: Mounting plugin GoogleCloudMessaging
LogPluginManager: Mounting plugin ImmediatePhysics
LogPluginManager: Mounting plugin IOSDeviceProfileSelector
LogPluginManager: Mounting plugin LinuxDeviceProfileSelector
LogPluginManager: Mounting plugin LocationServicesBPLibrary
LogPluginManager: Mounting plugin MobilePatchingUtils
LogPluginManager: Mounting plugin OculusVR
LogPluginManager: Plugin shader directory ../../../Engine/Plugins/Runtime/Oculus/OculusVR/Shaders found
LogPluginManager: Mapping shader source directory ../../../Engine/Plugins/Runtime/Oculus/OculusVR/Shaders to virtual directory /Plugin/OculusVR
LogPluginManager: Mounting plugin PhysXVehicles
LogPluginManager: Mounting plugin ProceduralMeshComponent
LogPluginManager: Mounting plugin RuntimePhysXCooking
LogPluginManager: Mounting plugin SteamVR
LogPluginManager: Mounting plugin WindowsMoviePlayer
LogStreaming: Display: Took  0.821s to configure plugins.
LogInit: Using libcurl 7.47.1
LogInit:  - built for x86_64-pc-win32
LogInit:  - supports SSL with OpenSSL/1.0.2g
LogInit:  - supports HTTP deflate (compression) using libz 1.2.8
LogInit:  - other features:
LogInit:      CURL_VERSION_SSL
LogInit:      CURL_VERSION_LIBZ
LogInit:      CURL_VERSION_IPV6
LogInit:      CURL_VERSION_ASYNCHDNS
LogInit:      CURL_VERSION_LARGEFILE
LogInit:      CURL_VERSION_IDN
LogInit:  CurlRequestOptions (configurable via config and command line):
LogInit:  - bVerifyPeer = false  - Libcurl will NOT verify peer certificate
LogInit:  - bUseHttpProxy = false  - Libcurl will NOT use HTTP proxy
LogInit:  - bDontReuseConnections = false  - Libcurl will reuse connections
LogInit:  - CertBundlePath = nullptr  - Libcurl will use whatever was configured at build time.
LogInit:  - MaxHostConnections = 16  - Libcurl will limit the number of connections to a host
LogInit:  - LocalHostAddr = Default
LogInit: WinSock: version 1.1 (2.2), MaxSocks=32767, MaxUdp=65467
LogInit: WinSock: I am DESKTOP-J54LIC6 (192.168.1.39:0)
LogInit: Build: ++UE4+Release-4.19-CL-4033788
LogInit: Engine Version: 4.19.2-4033788+++UE4+Release-4.19
LogInit: Compatible Engine Version: 4.19.0-3944462+++UE4+Release-4.19
LogInit: Net CL: 3944462
LogDevObjectVersion: Number of dev versions registered: 18
LogDevObjectVersion:   Dev-Blueprints (B0D832E4-1F89-4F0D-ACCF-7EB736FD4AA2): 10
LogDevObjectVersion:   Dev-Build (E1C64328-A22C-4D53-A36C-8E866417BD8C): 0
LogDevObjectVersion:   Dev-Core (375EC13C-06E4-48FB-B500-84F0262A717E): 2
LogDevObjectVersion:   Dev-Editor (E4B068ED-F494-42E9-A231-DA0B2E46BB41): 23
LogDevObjectVersion:   Dev-Framework (CFFC743F-43B0-4480-9391-14DF171D2073): 33
LogDevObjectVersion:   Dev-Mobile (B02B49B5-BB20-44E9-A304-32B752E40360): 2
LogDevObjectVersion:   Dev-Networking (A4E4105C-59A1-49B5-A7C5-40C4547EDFEE): 0
LogDevObjectVersion:   Dev-Online (39C831C9-5AE6-47DC-9A44-9C173E1C8E7C): 0
LogDevObjectVersion:   Dev-Physics (78F01B33-EBEA-4F98-B9B4-84EACCB95AA2): 0
LogDevObjectVersion:   Dev-Platform (6631380F-2D4D-43E0-8009-CF276956A95A): 0
LogDevObjectVersion:   Dev-Rendering (12F88B9F-8875-4AFC-A67C-D90C383ABD29): 25
LogDevObjectVersion:   Dev-Sequencer (7B5AE74C-D270-4C10-A958-57980B212A5A): 6
LogDevObjectVersion:   Dev-VR (D7296918-1DD6-4BDD-9DE2-64A83CC13884): 1
LogDevObjectVersion:   Dev-LoadTimes (C2A15278-BFE7-4AFE-6C17-90FF531DF755): 1
LogDevObjectVersion:   Private-Geometry (6EACA3D4-40EC-4CC1-B786-8BED09428FC5): 2
LogDevObjectVersion:   Dev-AnimPhys (29E575DD-E0A3-4627-9D10-D276232CDCEA): 16
LogDevObjectVersion:   Dev-ReflectionCapture (6B266CEC-1EC7-4B8F-A30B-E4D90942FC07): 1
LogDevObjectVersion:   Dev-Automation (0DF73D61-A23F-47EA-B727-89E90C41499A): 1
LogInit: Compiled (64-bit): Apr 27 2018 02:06:57
LogInit: Compiled with Visual C++: 19.00.24215.01
LogInit: Build Configuration: Development
LogInit: Branch Name: ++UE4+Release-4.19
LogInit: Command Line: 
LogInit: Base Directory: D:/GameDev/UE4/Epic Games/UE_4.19/Engine/Binaries/Win64/
LogInit: Installed Engine Build: 1
LogStreaming: Display: Took  0.002s to delete old logs.
LogInit: Presizing for max 8388607 objects, including 0 objects not considered by GC, pre-allocating 0 bytes for permanent pool.
LogInit: Object subsystem initialized
[2018.08.30-04.02.21:512][  0]LogInit: Selected Device Profile: [Windows]
[2018.08.30-04.02.21:512][  0]LogInit: Applying CVar settings loaded from the selected device profile: [Windows]
[2018.08.30-04.02.21:523][  0]LogInit: Computer: DESKTOP-J54LIC6
[2018.08.30-04.02.21:523][  0]LogInit: User: Canados
[2018.08.30-04.02.21:523][  0]LogInit: CPU Page size=4096, Cores=6
[2018.08.30-04.02.21:523][  0]LogInit: High frequency timer resolution =2.156255 MHz
[2018.08.30-04.02.21:523][  0]LogMemory: Memory total: Physical=15.9GB (16GB approx)
[2018.08.30-04.02.21:523][  0]LogMemory: Platform Memory Stats for Windows
[2018.08.30-04.02.21:523][  0]LogMemory: Process Physical Memory: 276.34 MB used, 276.34 MB peak
[2018.08.30-04.02.21:523][  0]LogMemory: Process Virtual Memory: 271.78 MB used, 271.78 MB peak
[2018.08.30-04.02.21:523][  0]LogMemory: Physical Memory: 5298.15 MB used,  10944.72 MB free, 16242.87 MB total
[2018.08.30-04.02.21:523][  0]LogMemory: Virtual Memory: 4815.98 MB used,  10944.72 MB free, 134217728.00 MB total
[2018.08.30-04.02.21:920][  0]LogInit: Using OS detected language (en-US).
[2018.08.30-04.02.21:920][  0]LogInit: Using OS detected locale (en-CA).
[2018.08.30-04.02.21:928][  0]LogTextLocalizationManager: No specific localization for 'en-US' exists, so the 'en' localization will be used.
[2018.08.30-04.02.22:283][  0]LogStreaming: Display: Took  0.363s to EndInitTextLocalization.
[2018.08.30-04.02.22:283][  0]LogInit: Setting process to per monitor DPI aware
[2018.08.30-04.02.22:325][  0]LogSlate: New Slate User Created.  User Index 0, Is Virtual User: 0
[2018.08.30-04.02.22:325][  0]LogSlate: Slate User Registered.  User Index 0, Is Virtual User: 0
[2018.08.30-04.02.22:740][  0]LogD3D11RHI: D3D11 adapters:
[2018.08.30-04.02.22:783][  0]LogD3D11RHI:    0. 'NVIDIA GeForce GTX 1060' (Feature Level 11_0)
[2018.08.30-04.02.22:783][  0]LogD3D11RHI:       6061/0/8121 MB DedicatedVideo/DedicatedSystem/SharedSystem, Outputs:2, VendorId:0x10de
[2018.08.30-04.02.22:810][  0]LogD3D11RHI:    1. 'Intel(R) UHD Graphics 630' (Feature Level 11_0)
[2018.08.30-04.02.22:810][  0]LogD3D11RHI:       128/0/8121 MB DedicatedVideo/DedicatedSystem/SharedSystem, Outputs:0, VendorId:0x8086
[2018.08.30-04.02.22:812][  0]LogD3D11RHI:    2. 'Microsoft Basic Render Driver' (Feature Level 11_0)
[2018.08.30-04.02.22:812][  0]LogD3D11RHI:       0/0/8121 MB DedicatedVideo/DedicatedSystem/SharedSystem, Outputs:0, VendorId:0x1414
[2018.08.30-04.02.22:812][  0]LogD3D11RHI: Chosen D3D11 Adapter: 0
[2018.08.30-04.02.22:818][  0]LogD3D11RHI: Creating new Direct3DDevice
[2018.08.30-04.02.22:818][  0]LogD3D11RHI:     GPU DeviceId: 0x1c60 (for the marketing name, search the web for "GPU Device Id")
[2018.08.30-04.02.22:818][  0]LogWindows: EnumDisplayDevices:
[2018.08.30-04.02.22:819][  0]LogWindows:    0. 'NVIDIA GeForce GTX 1060' (P:1 D:1)
[2018.08.30-04.02.22:819][  0]LogWindows:    1. 'NVIDIA GeForce GTX 1060' (P:0 D:1)
[2018.08.30-04.02.22:819][  0]LogWindows:    2. 'NVIDIA GeForce GTX 1060' (P:0 D:0)
[2018.08.30-04.02.22:819][  0]LogWindows:    3. 'NVIDIA GeForce GTX 1060' (P:0 D:0)
[2018.08.30-04.02.22:819][  0]LogWindows:    4. 'Intel(R) UHD Graphics 630' (P:0 D:0)
[2018.08.30-04.02.22:819][  0]LogWindows:    5. 'Intel(R) UHD Graphics 630' (P:0 D:0)
[2018.08.30-04.02.22:820][  0]LogWindows:    6. 'Intel(R) UHD Graphics 630' (P:0 D:0)
[2018.08.30-04.02.22:820][  0]LogWindows: DebugString: GetVideoDriverDetailsInvalid PrimaryIsNotTheChoosenAdapter GetVideoDriverDetailsInvalid PrimaryIsNotTheChoosenAdapter GetVideoDriverDetailsInvalid PrimaryIsNotTheChoosenAdapter GetVideoDriverDetailsInvalid PrimaryIsNotTheChoosenAdapter GetVideoDriverDetailsInvalid PrimaryIsNotTheChoosenAdapter GetVideoDriverDetailsInvalid PrimaryIsNotTheChoosenAdapter GetVideoDriverDetailsInvalid PrimaryIsNotTheChoosenAdapter FoundDriverCount:0 
[2018.08.30-04.02.22:820][  0]LogD3D11RHI:     Adapter Name: NVIDIA GeForce GTX 1060
[2018.08.30-04.02.22:820][  0]LogD3D11RHI:   Driver Version: Unknown (internal:Unknown, unified:Unknown)
[2018.08.30-04.02.22:820][  0]LogD3D11RHI:      Driver Date: Unknown
[2018.08.30-04.02.22:820][  0]LogRHI: Texture pool is 4242 MB (70% of 6061 MB)
[2018.08.30-04.02.22:848][  0]LogD3D11RHI: [Aftermath] Aftermath enabled and primed
[2018.08.30-04.02.22:848][  0]LogD3D11RHI: [Aftermath] Aftermath enabled and primed
[2018.08.30-04.02.22:848][  0]LogD3D11RHI: Async texture creation enabled
[2018.08.30-04.02.22:858][  0]LogD3D11RHI: GPU Timing Frequency: 1000.000000 (Debug: 2 1)
[2018.08.30-04.02.22:954][  0]LogShaderCompilers: Guid format shader working directory is 2 characters bigger than the processId version (../../../../../Unreal_Projects/farmerVSzombies/Intermediate/Shaders/WorkingDirectory/2516/).
[2018.08.30-04.02.22:954][  0]LogShaderCompilers: Cleaned the shader compiler working directory 'C:/Users/Canados/AppData/Local/Temp/UnrealShaderWorkingDir/50C5C55D4042392C4B147F948413EAB9/'.
[2018.08.30-04.02.23:171][  0]LogTemp: Display: Loaded TP AllDesktopTargetPlatform
[2018.08.30-04.02.23:183][  0]LogTemp: Display: Loaded TP MacClientTargetPlatform
[2018.08.30-04.02.23:194][  0]LogTemp: Display: Loaded TP MacNoEditorTargetPlatform
[2018.08.30-04.02.23:206][  0]LogTemp: Display: Loaded TP MacServerTargetPlatform
[2018.08.30-04.02.23:218][  0]LogTemp: Display: Loaded TP MacTargetPlatform
[2018.08.30-04.02.23:230][  0]LogTemp: Display: Loaded TP WindowsClientTargetPlatform
[2018.08.30-04.02.23:242][  0]LogTemp: Display: Loaded TP WindowsNoEditorTargetPlatform
[2018.08.30-04.02.23:254][  0]LogTemp: Display: Loaded TP WindowsServerTargetPlatform
[2018.08.30-04.02.23:260][  0]LogTemp: Display: Loaded TP WindowsTargetPlatform
[2018.08.30-04.02.23:271][  0]LogTemp: Display: Loaded TP Android_ASTCTargetPlatform
[2018.08.30-04.02.23:281][  0]LogTemp: Display: Loaded TP Android_ATCTargetPlatform
[2018.08.30-04.02.23:292][  0]LogTemp: Display: Loaded TP Android_DXTTargetPlatform
[2018.08.30-04.02.23:303][  0]LogTemp: Display: Loaded TP Android_ETC1aTargetPlatform
[2018.08.30-04.02.23:314][  0]LogTemp: Display: Loaded TP Android_ETC1TargetPlatform
[2018.08.30-04.02.23:324][  0]LogTemp: Display: Loaded TP Android_ETC2TargetPlatform
[2018.08.30-04.02.23:346][  0]LogTemp: Display: Loaded TP Android_MultiTargetPlatform
[2018.08.30-04.02.23:346][  0]LogTemp: Display: Loaded TP Android_PVRTCTargetPlatform
[2018.08.30-04.02.23:358][  0]LogTemp: Display: Loaded TP AndroidTargetPlatform
[2018.08.30-04.02.23:360][  0]LogTemp: Display: Loaded TP HTML5TargetPlatform
[2018.08.30-04.02.23:396][  0]LogTemp: Display: Loaded TP IOSTargetPlatform
[2018.08.30-04.02.23:406][  0]LogTemp: Display: Loaded TP TVOSTargetPlatform
[2018.08.30-04.02.23:416][  0]LogTemp: Display: Loaded TP LinuxClientTargetPlatform
[2018.08.30-04.02.23:427][  0]LogTemp: Display: Loaded TP LinuxNoEditorTargetPlatform
[2018.08.30-04.02.23:437][  0]LogTemp: Display: Loaded TP LinuxServerTargetPlatform
[2018.08.30-04.02.23:448][  0]LogTemp: Display: Loaded TP LinuxTargetPlatform
[2018.08.30-04.02.23:448][  0]LogTargetPlatformManager: Display: Building Assets For Windows
[2018.08.30-04.02.23:553][  0]LogXGEController: Cannot use XGE Controller as Incredibuild is not installed on this machine.
[2018.08.30-04.02.23:553][  0]LogShaderCompilers: Cannot use XGE Shader Compiler as Incredibuild is not installed on this machine.
[2018.08.30-04.02.23:553][  0]LogShaderCompilers: Display: Using Local Shader Compiler.
[2018.08.30-04.02.24:139][  0]LogDerivedDataCache: Display: Max Cache Size: 512 MB
[2018.08.30-04.02.24:198][  0]LogDerivedDataCache: Loaded boot cache 0.06s 74MB C:/Users/Canados/AppData/Local/UnrealEngine/4.19/DerivedDataCache/Boot.ddc.
[2018.08.30-04.02.24:198][  0]LogDerivedDataCache: Display: Loaded Boot cache: C:/Users/Canados/AppData/Local/UnrealEngine/4.19/DerivedDataCache/Boot.ddc
[2018.08.30-04.02.24:198][  0]LogDerivedDataCache: FDerivedDataBackendGraph:  Pak pak cache file ../../../../../Unreal_Projects/farmerVSzombies/DerivedDataCache/DDC.ddp not found, will not use a pak cache.
[2018.08.30-04.02.24:198][  0]LogDerivedDataCache: Unable to find inner node Pak for hierarchical cache Hierarchy.
[2018.08.30-04.02.24:198][  0]LogDerivedDataCache: FDerivedDataBackendGraph:  CompressedPak pak cache file ../../../../../Unreal_Projects/farmerVSzombies/DerivedDataCache/Compressed.ddp not found, will not use a pak cache.
[2018.08.30-04.02.24:198][  0]LogDerivedDataCache: Unable to find inner node CompressedPak for hierarchical cache Hierarchy.
[2018.08.30-04.02.24:212][  0]LogDerivedDataCache: Display: Pak cache opened for reading ../../../Engine/DerivedDataCache/Compressed.ddp.
[2018.08.30-04.02.24:225][  0]LogDerivedDataCache: Using Local data cache path C:/Users/Canados/AppData/Local/UnrealEngine/Common/DerivedDataCache: Writable
[2018.08.30-04.02.24:225][  0]LogDerivedDataCache: Shared data cache path not found in *engine.ini, will not use an Shared cache.
[2018.08.30-04.02.24:225][  0]LogDerivedDataCache: Unable to find inner node Shared for hierarchical cache Hierarchy.
[2018.08.30-04.02.24:234][  0]LogMaterial: Verifying Global Shaders for PCD3D_SM5
[2018.08.30-04.02.24:235][  0]LogSlate: Using Freetype 2.6.0
[2018.08.30-04.02.24:237][  0]LogSlate: SlateFontCache - WITH_FREETYPE: 1, WITH_HARFBUZZ: 1
[2018.08.30-04.02.24:237][  0]LogSlate: SlateFontCache - WITH_FREETYPE: 1, WITH_HARFBUZZ: 1
[2018.08.30-04.02.24:448][  0]LogAssetRegistry: FAssetRegistry took 0.0257 seconds to start up
[2018.08.30-04.02.24:711][  0]LogInit: Selected Device Profile: [Windows]
[2018.08.30-04.02.24:847][  0]LogSimplygon: Simplygon DLL not present - disabling.
[2018.08.30-04.02.24:849][  0]LogMeshReduction: Using SimplygonSwarm for distributed automatic mesh merging
[2018.08.30-04.02.24:849][  0]LogMeshReduction: Using QuadricMeshReduction for automatic static mesh reduction
[2018.08.30-04.02.24:849][  0]LogMeshReduction: No automatic skeletal mesh reduction module available
[2018.08.30-04.02.24:849][  0]LogMeshReduction: No automatic mesh merging module available
[2018.08.30-04.02.24:849][  0]LogMeshMerging: No automatic mesh merging module available
[2018.08.30-04.02.24:885][  0]LogNetVersion: farmerVSzombies , NetCL: 3944462, EngineNetVer: 2, GameNetVer: 0 (Checksum: 3168997086)
[2018.08.30-04.02.25:310][  0]LogPackageLocalizationCache: Processed 9 localized package path(s) for 2 prioritized culture(s) in 0.059031 seconds
[2018.08.30-04.02.25:314][  0]LogUObjectArray: 36728 objects as part of root set at end of initial load.
[2018.08.30-04.02.25:314][  0]LogUObjectAllocator: 7314304 out of 0 bytes used by permanent object pool.
[2018.08.30-04.02.25:314][  0]LogUObjectArray: CloseDisregardForGC: 0/0 objects in disregard for GC pool
[2018.08.30-04.02.27:534][  0]LogTcpMessaging: Initializing TcpMessaging bridge
[2018.08.30-04.02.27:561][  0]LogUdpMessaging: Initializing bridge on interface 0.0.0.0:0 to multicast group 230.0.0.1:6666.
[2018.08.30-04.02.27:877][  0]SourceControl: Source control is disabled
[2018.08.30-04.02.27:877][  0]SourceControl: Source control is disabled
[2018.08.30-04.02.27:893][  0]SourceControl: Source control is disabled
[2018.08.30-04.02.27:909][  0]SourceControl: Source control is disabled
[2018.08.30-04.02.28:408][  0]LogAndroidPermission: UAndroidPermissionCallbackProxy::GetInstance
[2018.08.30-04.02.28:573][  0]LogOcInput: OculusInput pre-init called
[2018.08.30-04.02.28:670][  0]LogEngine: Initializing Engine...
[2018.08.30-04.02.28:671][  0]LogHMD: Failed to initialize OpenVR with code 110
[2018.08.30-04.02.28:673][  0]LogStats: UGameplayTagsManager::ConstructGameplayTagTree: Construct from data asset -  0.000 s
[2018.08.30-04.02.28:673][  0]LogStats: UGameplayTagsManager::ConstructGameplayTagTree: GameplayTagTreeChangedEvent.Broadcast -  0.000 s
[2018.08.30-04.02.28:873][  0]LogAIModule: Creating AISystem for world Untitled
[2018.08.30-04.02.28:888][  0]LogInit: XAudio2 using 'Speakers/Headphones (Realtek(R) Audio)' : 6 channels at 48 kHz using 32 bits per sample (channel mask 0x3f)
[2018.08.30-04.02.29:297][  0]LogInit: FAudioDevice initialized.
[2018.08.30-04.02.29:379][  0]LogDerivedDataCache: Saved boot cache 0.08s 74MB C:/Users/Canados/AppData/Local/UnrealEngine/4.19/DerivedDataCache/Boot.ddc.
[2018.08.30-04.02.29:402][  0]LogInit: Texture streaming: Enabled
[2018.08.30-04.02.29:416][  0]LogEngineSessionManager: EngineSessionManager initialized
[2018.08.30-04.02.29:429][  0]LogInit: Transaction tracking system initialized
[2018.08.30-04.02.29:452][  0]BlueprintLog: New page: Editor Load
[2018.08.30-04.02.29:525][  0]LocalizationService: Localization service is disabled
[2018.08.30-04.02.29:632][  0]LogConsoleResponse: Display: 
[2018.08.30-04.02.29:782][  0]LogCook: Display: Max memory allowance for cook 16384mb min free memory 0mb
[2018.08.30-04.02.29:782][  0]LogCook: Display: Mobile HDR setting 1
[2018.08.30-04.02.29:782][  0]LogGameplayTags: Display: UGameplayTagsManager::DoneAddingNativeTags. DelegateIsBound: 0
[2018.08.30-04.02.29:782][  0]LogStats: UGameplayTagsManager::ConstructGameplayTagTree: Construct from data asset -  0.000 s
[2018.08.30-04.02.29:782][  0]LogStats: UGameplayTagsManager::ConstructGameplayTagTree: GameplayTagTreeChangedEvent.Broadcast -  0.000 s
[2018.08.30-04.02.30:111][  0]LogFileCache: Scanning file cache for directory 'D:/GameDev/UE4/Unreal_Projects/farmerVSzombies/Content/' took 0.02s
[2018.08.30-04.02.30:111][  0]SourceControl: Source control is disabled
[2018.08.30-04.02.30:111][  0]Cmd: MAP LOAD FILE="../../../../../Unreal_Projects/farmerVSzombies/Content/ThirdPersonBP/Maps/ThirdPersonExampleMap.umap" TEMPLATE=0 SHOWPROGRESS=1 FEATURELEVEL=3
[2018.08.30-04.02.30:111][  0]LightingResults: New page: Lighting Build
[2018.08.30-04.02.30:114][  0]MapCheck: New page: Map Check
[2018.08.30-04.02.30:114][  0]LightingResults: New page: Lighting Build
[2018.08.30-04.02.30:150][  0]LogUObjectGlobals: Created PersistentFrame Addr=0x00000165968d9d00, Size=840, Default__ThirdPersonCharacter_C Function /Game/ThirdPersonBP/Blueprints/ThirdPersonCharacter.ThirdPersonCharacter_C:ExecuteUbergraph_ThirdPersonCharacter
[2018.08.30-04.02.30:173][  0]LogUObjectGlobals: Created PersistentFrame Addr=0x0000016593b6a800, Size=172, Default__COIN_BP_C Function /Game/ThirdPersonBP/Env/Coin/COIN_BP.COIN_BP_C:ExecuteUbergraph_COIN_BP
[2018.08.30-04.02.30:179][  0]LogUObjectGlobals: Created PersistentFrame Addr=0x00000165974bdd00, Size=64, Default__ANIM_PEASANT_BP_C Function /Game/ThirdPersonBP/Character/Animation/ANIM_PEASANT_BP.ANIM_PEASANT_BP_C:ExecuteUbergraph_ANIM_PEASANT_BP
[2018.08.30-04.02.30:239][  0]LogUObjectGlobals: Destroyed PersistentFrame Addr=0x00000165974bdd00, Size=64
[2018.08.30-04.02.30:239][  0]LogUObjectGlobals: Created PersistentFrame Addr=0x0000016581b96700, Size=64, Default__ANIM_PEASANT_BP_C Function /Engine/Transient.REINST_ANIM_PEASANT_BP_C_0:ExecuteUbergraph_ANIM_PEASANT_BP
[2018.08.30-04.02.30:240][  0]LogUObjectGlobals: Destroyed PersistentFrame Addr=0x0000016593b6a800, Size=172
[2018.08.30-04.02.30:240][  0]LogUObjectGlobals: Created PersistentFrame Addr=0x0000016581b5d3c0, Size=172, Default__COIN_BP_C Function /Engine/Transient.REINST_COIN_BP_C_2:ExecuteUbergraph_COIN_BP
[2018.08.30-04.02.30:241][  0]LogUObjectGlobals: Destroyed PersistentFrame Addr=0x00000165968d9d00, Size=840
[2018.08.30-04.02.30:241][  0]LogUObjectGlobals: Created PersistentFrame Addr=0x0000016581b1ee80, Size=840, Default__ThirdPersonCharacter_C Function /Engine/Transient.REINST_ThirdPersonCharacter_C_3:ExecuteUbergraph_ThirdPersonCharacter
[2018.08.30-04.02.30:270][  0]LogUObjectGlobals: Created PersistentFrame Addr=0x0000016596f78dc0, Size=64, Default__ANIM_PEASANT_BP_C Function /Game/ThirdPersonBP/Character/Animation/ANIM_PEASANT_BP.ANIM_PEASANT_BP_C:ExecuteUbergraph_ANIM_PEASANT_BP
[2018.08.30-04.02.30:271][  0]LogUObjectGlobals: Created PersistentFrame Addr=0x0000016596f4d540, Size=172, Default__COIN_BP_C Function /Game/ThirdPersonBP/Env/Coin/COIN_BP.COIN_BP_C:ExecuteUbergraph_COIN_BP
[2018.08.30-04.02.30:276][  0]LogUObjectGlobals: Created PersistentFrame Addr=0x0000016596ef9980, Size=840, Default__ThirdPersonCharacter_C Function /Game/ThirdPersonBP/Blueprints/ThirdPersonCharacter.ThirdPersonCharacter_C:ExecuteUbergraph_ThirdPersonCharacter
[2018.08.30-04.02.30:300][  0]LogUObjectGlobals: Created PersistentFrame Addr=0x0000016596f7e1f0, Size=16, Default__BULLET_BP_C Function /Game/ThirdPersonBP/Character/Weapon/BULLET_BP.BULLET_BP_C:ExecuteUbergraph_BULLET_BP
[2018.08.30-04.02.30:301][  0]LogUObjectGlobals: Destroyed PersistentFrame Addr=0x0000016596f7e1f0, Size=16
[2018.08.30-04.02.30:301][  0]LogUObjectGlobals: Created PersistentFrame Addr=0x0000016596f7e1f0, Size=16, Default__BULLET_BP_C Function /Engine/Transient.REINST_BULLET_BP_C_9:ExecuteUbergraph_BULLET_BP
[2018.08.30-04.02.30:302][  0]LogUObjectGlobals: Created PersistentFrame Addr=0x0000016596f7e220, Size=16, Default__BULLET_BP_C Function /Game/ThirdPersonBP/Character/Weapon/BULLET_BP.BULLET_BP_C:ExecuteUbergraph_BULLET_BP
[2018.08.30-04.02.30:371][  0]LogUObjectGlobals: Created PersistentFrame Addr=0x0000016596d599c0, Size=176, Default__MUSCETS_BP_C Function /Game/ThirdPersonBP/Character/Weapon/MUSCETS_BP.MUSCETS_BP_C:ExecuteUbergraph_MUSCETS_BP
[2018.08.30-04.02.30:377][  0]LogUObjectGlobals: Destroyed PersistentFrame Addr=0x0000016596d599c0, Size=176
[2018.08.30-04.02.30:377][  0]LogUObjectGlobals: Created PersistentFrame Addr=0x0000016596d599c0, Size=176, Default__MUSCETS_BP_C Function /Engine/Transient.REINST_MUSCETS_BP_C_13:ExecuteUbergraph_MUSCETS_BP
[2018.08.30-04.02.30:380][  0]LogUObjectGlobals: Created PersistentFrame Addr=0x0000016596f4d180, Size=176, Default__MUSCETS_BP_C Function /Game/ThirdPersonBP/Character/Weapon/MUSCETS_BP.MUSCETS_BP_C:ExecuteUbergraph_MUSCETS_BP
[2018.08.30-04.02.30:462][  0]LogUObjectGlobals: Created PersistentFrame Addr=0x000001659768e200, Size=288, Default__ENEMY_BP_C Function /Game/Enemies/ENEMY_BP.ENEMY_BP_C:ExecuteUbergraph_ENEMY_BP
[2018.08.30-04.02.30:464][  0]LogUObjectGlobals: Created PersistentFrame Addr=0x0000016596e955a8, Size=40, Default__BP_FENCE_C Function /Game/ThirdPersonBP/Env/Fence/BP_FENCE.BP_FENCE_C:ExecuteUbergraph_BP_FENCE
[2018.08.30-04.02.30:486][  0]LogUObjectGlobals: Created PersistentFrame Addr=0x00000165979eb800, Size=912, Default__ZOMBIE_BP_C Function /Game/Enemies/Zombie/ZOMBIE_BP.ZOMBIE_BP_C:ExecuteUbergraph_ZOMBIE_BP
[2018.08.30-04.02.30:486][  0]LogUObjectGlobals: Created PersistentFrame Addr=0x000001659789a980, Size=288, Default__ZOMBIE_BP_C Function /Game/Enemies/ENEMY_BP.ENEMY_BP_C:ExecuteUbergraph_ENEMY_BP
[2018.08.30-04.02.30:511][  0]LogUObjectGlobals: Created PersistentFrame Addr=0x0000016596eedb08, Size=4, Default__TOMATO_BP_C Function /Game/ThirdPersonBP/Env/Tomato/TOMATO_BP.TOMATO_BP_C:ExecuteUbergraph_TOMATO_BP
[2018.08.30-04.02.30:517][  0]LogUObjectGlobals: Created PersistentFrame Addr=0x00000165979ea400, Size=912, Default__ZOMBIE_BP_C Function /Game/Enemies/Zombie/ZOMBIE_BP.ZOMBIE_BP_C:ExecuteUbergraph_ZOMBIE_BP
[2018.08.30-04.02.30:517][  0]LogUObjectGlobals: Created PersistentFrame Addr=0x000001659785d6c0, Size=288, Default__ZOMBIE_BP_C Function /Game/Enemies/ENEMY_BP.ENEMY_BP_C:ExecuteUbergraph_ENEMY_BP
[2018.08.30-04.02.30:519][  0]LogUObjectGlobals: Created PersistentFrame Addr=0x0000016597871710, Size=80, Default__ANIM_ZOMBIE_BP_C Function /Game/Enemies/Zombie/Animation/ANIM_ZOMBIE_BP.ANIM_ZOMBIE_BP_C:ExecuteUbergraph_ANIM_ZOMBIE_BP
[2018.08.30-04.02.30:588][  0]LogUObjectGlobals: Destroyed PersistentFrame Addr=0x0000016597871710, Size=80
[2018.08.30-04.02.30:588][  0]LogUObjectGlobals: Created PersistentFrame Addr=0x000001659a8efa60, Size=80, Default__ANIM_ZOMBIE_BP_C Function /Engine/Transient.REINST_ANIM_ZOMBIE_BP_C_1:ExecuteUbergraph_ANIM_ZOMBIE_BP
[2018.08.30-04.02.30:589][  0]LogUObjectGlobals: Destroyed PersistentFrame Addr=0x0000016596e955a8, Size=40
[2018.08.30-04.02.30:589][  0]LogUObjectGlobals: Created PersistentFrame Addr=0x0000016598016e08, Size=40, Default__BP_FENCE_C Function /Engine/Transient.REINST_BP_FENCE_C_17:ExecuteUbergraph_BP_FENCE
[2018.08.30-04.02.30:589][  0]LogUObjectGlobals: Destroyed PersistentFrame Addr=0x000001659768e200, Size=288
[2018.08.30-04.02.30:589][  0]LogUObjectGlobals: Created PersistentFrame Addr=0x00000165980c91c0, Size=288, Default__ENEMY_BP_C Function /Engine/Transient.REINST_ENEMY_BP_C_19:ExecuteUbergraph_ENEMY_BP
[2018.08.30-04.02.30:590][  0]LogUObjectGlobals: Destroyed PersistentFrame Addr=0x0000016596eedb08, Size=4
[2018.08.30-04.02.30:590][  0]LogUObjectGlobals: Created PersistentFrame Addr=0x0000016596eedb08, Size=4, Default__TOMATO_BP_C Function /Engine/Transient.REINST_TOMATO_BP_C_20:ExecuteUbergraph_TOMATO_BP
[2018.08.30-04.02.30:591][  0]LogUObjectGlobals: Destroyed PersistentFrame Addr=0x00000165979ea400, Size=912
[2018.08.30-04.02.30:591][  0]LogUObjectGlobals: Destroyed PersistentFrame Addr=0x000001659785d6c0, Size=288
[2018.08.30-04.02.30:591][  0]LogUObjectGlobals: Created PersistentFrame Addr=0x000001659a9d5c00, Size=912, Default__ZOMBIE_BP_C Function /Engine/Transient.REINST_ZOMBIE_BP_C_21:ExecuteUbergraph_ZOMBIE_BP
[2018.08.30-04.02.30:591][  0]LogUObjectGlobals: Created PersistentFrame Addr=0x00000165980c9440, Size=288, Default__ZOMBIE_BP_C Function /Engine/Transient.REINST_ENEMY_BP_C_19:ExecuteUbergraph_ENEMY_BP
[2018.08.30-04.02.30:642][  0]LogUObjectGlobals: Created PersistentFrame Addr=0x000001659b4ab9c0, Size=80, Default__ANIM_ZOMBIE_BP_C Function /Game/Enemies/Zombie/Animation/ANIM_ZOMBIE_BP.ANIM_ZOMBIE_BP_C:ExecuteUbergraph_ANIM_ZOMBIE_BP
[2018.08.30-04.02.30:644][  0]LogUObjectGlobals: Created PersistentFrame Addr=0x0000016598015e18, Size=40, Default__BP_FENCE_C Function /Game/ThirdPersonBP/Env/Fence/BP_FENCE.BP_FENCE_C:ExecuteUbergraph_BP_FENCE
[2018.08.30-04.02.30:647][  0]LogUObjectGlobals: Created PersistentFrame Addr=0x000001659b4ffb00, Size=288, Default__ENEMY_BP_C Function /Game/Enemies/ENEMY_BP.ENEMY_BP_C:ExecuteUbergraph_ENEMY_BP
[2018.08.30-04.02.30:648][  0]LogUObjectGlobals: Created PersistentFrame Addr=0x000001659b483e98, Size=4, Default__TOMATO_BP_C Function /Game/ThirdPersonBP/Env/Tomato/TOMATO_BP.TOMATO_BP_C:ExecuteUbergraph_TOMATO_BP
[2018.08.30-04.02.30:656][  0]LogUObjectGlobals: Created PersistentFrame Addr=0x000001659b5d7400, Size=912, Default__ZOMBIE_BP_C Function /Game/Enemies/Zombie/ZOMBIE_BP.ZOMBIE_BP_C:ExecuteUbergraph_ZOMBIE_BP
[2018.08.30-04.02.30:656][  0]LogUObjectGlobals: Created PersistentFrame Addr=0x000001659b4feac0, Size=288, Default__ZOMBIE_BP_C Function /Game/Enemies/ENEMY_BP.ENEMY_BP_C:ExecuteUbergraph_ENEMY_BP
[2018.08.30-04.02.30:693][  0]LogUObjectGlobals: Created PersistentFrame Addr=0x000001659b3cdc58, Size=56, Default__spawn_point_C Function /Game/Enemies/spawn_point.spawn_point_C:ExecuteUbergraph_spawn_point
[2018.08.30-04.02.30:698][  0]LogUObjectGlobals: Destroyed PersistentFrame Addr=0x000001659b3cdc58, Size=56
[2018.08.30-04.02.30:698][  0]LogUObjectGlobals: Created PersistentFrame Addr=0x000001659b3cdc58, Size=56, Default__spawn_point_C Function /Engine/Transient.REINST_spawn_point_C_29:ExecuteUbergraph_spawn_point
[2018.08.30-04.02.30:701][  0]LogUObjectGlobals: Created PersistentFrame Addr=0x000001659b3ce1d0, Size=56, Default__spawn_point_C Function /Game/Enemies/spawn_point.spawn_point_C:ExecuteUbergraph_spawn_point
[2018.08.30-04.02.32:066][  0]LogUObjectGlobals: Created PersistentFrame Addr=0x00000165a37e71a8, Size=24, Default__Spawn_FENCE_01_C Function /Game/ThirdPersonBP/Env/Fence/Spawn_FENCE_01.Spawn_FENCE_01_C:ExecuteUbergraph_Spawn_FENCE_01
[2018.08.30-04.02.32:068][  0]LogUObjectGlobals: Destroyed PersistentFrame Addr=0x00000165a37e71a8, Size=24
[2018.08.30-04.02.32:068][  0]LogUObjectGlobals: Created PersistentFrame Addr=0x00000165a37e71a8, Size=24, Default__Spawn_FENCE_01_C Function /Engine/Transient.REINST_Spawn_FENCE_01_C_47:ExecuteUbergraph_Spawn_FENCE_01
[2018.08.30-04.02.32:069][  0]LogUObjectGlobals: Created PersistentFrame Addr=0x00000165a37e6560, Size=24, Default__Spawn_FENCE_01_C Function /Game/ThirdPersonBP/Env/Fence/Spawn_FENCE_01.Spawn_FENCE_01_C:ExecuteUbergraph_Spawn_FENCE_01
[2018.08.30-04.02.32:072][  0]LogUObjectGlobals: Created PersistentFrame Addr=0x00000165a37e6770, Size=24, Default__Spawn_FENCE_02_C Function /Game/ThirdPersonBP/Env/Fence/Spawn_FENCE_02.Spawn_FENCE_02_C:ExecuteUbergraph_Spawn_FENCE_02
[2018.08.30-04.02.32:074][  0]LogUObjectGlobals: Destroyed PersistentFrame Addr=0x00000165a37e6770, Size=24
[2018.08.30-04.02.32:074][  0]LogUObjectGlobals: Created PersistentFrame Addr=0x00000165a37e6770, Size=24, Default__Spawn_FENCE_02_C Function /Engine/Transient.REINST_Spawn_FENCE_02_C_49:ExecuteUbergraph_Spawn_FENCE_02
[2018.08.30-04.02.32:075][  0]LogUObjectGlobals: Created PersistentFrame Addr=0x00000165a37e61d0, Size=24, Default__Spawn_FENCE_02_C Function /Game/ThirdPersonBP/Env/Fence/Spawn_FENCE_02.Spawn_FENCE_02_C:ExecuteUbergraph_Spawn_FENCE_02
[2018.08.30-04.02.32:192][  0]LogUObjectGlobals: Created PersistentFrame Addr=0x000001659b3954b0, Size=48, Default__spawn_tomatoes_C Function /Game/ThirdPersonBP/Env/Tomato/spawn_tomatoes.spawn_tomatoes_C:ExecuteUbergraph_spawn_tomatoes
[2018.08.30-04.02.32:194][  0]LogUObjectGlobals: Destroyed PersistentFrame Addr=0x000001659b3954b0, Size=48
[2018.08.30-04.02.32:194][  0]LogUObjectGlobals: Created PersistentFrame Addr=0x000001659b3954b0, Size=48, Default__spawn_tomatoes_C Function /Engine/Transient.REINST_spawn_tomatoes_C_65:ExecuteUbergraph_spawn_tomatoes
[2018.08.30-04.02.32:196][  0]LogUObjectGlobals: Created PersistentFrame Addr=0x000001659b394b80, Size=48, Default__spawn_tomatoes_C Function /Game/ThirdPersonBP/Env/Tomato/spawn_tomatoes.spawn_tomatoes_C:ExecuteUbergraph_spawn_tomatoes
[2018.08.30-04.02.32:220][  0]LogUObjectGlobals: Created PersistentFrame Addr=0x0000016587202b38, Size=4, Default__ThirdPersonExampleMap_C Function /Game/ThirdPersonBP/Maps/ThirdPersonExampleMap.ThirdPersonExampleMap_C:ExecuteUbergraph_ThirdPersonExampleMap
[2018.08.30-04.02.32:221][  0]LogUObjectGlobals: Destroyed PersistentFrame Addr=0x0000016587202b38, Size=4
[2018.08.30-04.02.32:221][  0]LogUObjectGlobals: Created PersistentFrame Addr=0x0000016587202b38, Size=4, Default__ThirdPersonExampleMap_C Function /Engine/Transient.REINST_ThirdPersonExampleMap_C_67:ExecuteUbergraph_ThirdPersonExampleMap
[2018.08.30-04.02.32:221][  0]LogUObjectGlobals: Created PersistentFrame Addr=0x0000016587202ad8, Size=4, Default__ThirdPersonExampleMap_C Function /Game/ThirdPersonBP/Maps/ThirdPersonExampleMap.ThirdPersonExampleMap_C:ExecuteUbergraph_ThirdPersonExampleMap
[2018.08.30-04.02.32:861][  0]LogSkeletalMesh: Skeletal Mesh found in DDC [1.817503ms] /Game/ThirdPersonBP/Env/ScareCrow/scarecrow.scarecrow
[2018.08.30-04.02.33:878][  0]LogSkeletalMesh: Skeletal Mesh found in DDC [0.998490ms] /Game/ThirdPersonBP/Character/peasant.peasant
[2018.08.30-04.02.33:966][  0]LogSkeletalMesh: Skeletal Mesh found in DDC [1.162664ms] /Game/Enemies/Zombie/Zombie.Zombie
[2018.08.30-04.02.34:664][  0]LogAIModule: Creating AISystem for world ThirdPersonExampleMap
[2018.08.30-04.02.34:828][  0]LogEditorServer: Finished looking for orphan Actors (0.000 secs)
[2018.08.30-04.02.34:848][  0]LogUObjectGlobals: Destroyed PersistentFrame Addr=0x0000016581b1ee80, Size=840
[2018.08.30-04.02.34:848][  0]LogUObjectGlobals: Destroyed PersistentFrame Addr=0x0000016581b5d3c0, Size=172
[2018.08.30-04.02.34:848][  0]LogUObjectGlobals: Destroyed PersistentFrame Addr=0x0000016581b96700, Size=64
[2018.08.30-04.02.34:848][  0]LogUObjectGlobals: Destroyed PersistentFrame Addr=0x0000016596f7e1f0, Size=16
[2018.08.30-04.02.34:848][  0]LogUObjectGlobals: Destroyed PersistentFrame Addr=0x0000016596d599c0, Size=176
[2018.08.30-04.02.34:848][  0]LogUObjectGlobals: Destroyed PersistentFrame Addr=0x00000165980c91c0, Size=288
[2018.08.30-04.02.34:848][  0]LogUObjectGlobals: Destroyed PersistentFrame Addr=0x0000016598016e08, Size=40
[2018.08.30-04.02.34:848][  0]LogUObjectGlobals: Destroyed PersistentFrame Addr=0x000001659a9d5c00, Size=912
[2018.08.30-04.02.34:848][  0]LogUObjectGlobals: Destroyed PersistentFrame Addr=0x00000165980c9440, Size=288
[2018.08.30-04.02.34:849][  0]LogUObjectGlobals: Destroyed PersistentFrame Addr=0x0000016596eedb08, Size=4
[2018.08.30-04.02.34:849][  0]LogUObjectGlobals: Destroyed PersistentFrame Addr=0x000001659a8efa60, Size=80
[2018.08.30-04.02.34:849][  0]LogUObjectGlobals: Destroyed PersistentFrame Addr=0x000001659b3cdc58, Size=56
[2018.08.30-04.02.34:849][  0]LogUObjectGlobals: Destroyed PersistentFrame Addr=0x00000165a37e71a8, Size=24
[2018.08.30-04.02.34:849][  0]LogUObjectGlobals: Destroyed PersistentFrame Addr=0x00000165a37e6770, Size=24
[2018.08.30-04.02.34:849][  0]LogUObjectGlobals: Destroyed PersistentFrame Addr=0x000001659b3954b0, Size=48
[2018.08.30-04.02.34:849][  0]LogUObjectGlobals: Destroyed PersistentFrame Addr=0x0000016587202b38, Size=4
[2018.08.30-04.02.34:852][  0]Cmd: MAP CHECKDEP NOCLEARLOG
[2018.08.30-04.02.35:218][  0]MapCheck: Map check complete: 0 Error(s), 0 Warning(s), took 365.69ms to complete.
[2018.08.30-04.02.35:218][  0]LogFileHelpers: Loading map 'ThirdPersonExampleMap' took 5.107
[2018.08.30-04.02.35:362][  0]LogCollectionManager: Loaded 0 collections in 0.000850 seconds
[2018.08.30-04.02.35:410][  0]LogFileCache: Scanning file cache for directory 'D:/GameDev/UE4/Unreal_Projects/farmerVSzombies/Saved/Collections/' took 0.01s
[2018.08.30-04.02.35:410][  0]LogFileCache: Scanning file cache for directory 'D:/GameDev/UE4/Unreal_Projects/farmerVSzombies/Content/Developers/Canados/Collections/' took 0.01s
[2018.08.30-04.02.35:410][  0]LogFileCache: Scanning file cache for directory 'D:/GameDev/UE4/Unreal_Projects/farmerVSzombies/Content/Collections/' took 0.01s
[2018.08.30-04.02.35:410][  0]LogCollectionManager: Rebuilt the GUID cache for 0 collections in 0.000000 seconds
[2018.08.30-04.02.35:418][  0]LogContentBrowser: Native class hierarchy populated in 0.0077 seconds. Added 2452 classes and 558 folders.
[2018.08.30-04.02.35:424][  0]LogContentBrowser: Native class hierarchy updated for 'WidgetCarousel' in 0.0002 seconds. Added 0 classes and 0 folders.
[2018.08.30-04.02.35:495][  0]LogContentBrowser: Native class hierarchy updated for 'AddContentDialog' in 0.0002 seconds. Added 0 classes and 0 folders.
[2018.08.30-04.02.35:500][  0]LogContentBrowser: Native class hierarchy updated for 'SceneOutliner' in 0.0002 seconds. Added 1 classes and 2 folders.
[2018.08.30-04.02.35:567][  0]LogSlate: Took 0.001077 seconds to synchronously load lazily loaded font '../../../Engine/Content/Slate/Fonts/Roboto-Regular.ttf' (155K)
[2018.08.30-04.02.35:571][  0]LogSlate: Took 0.000639 seconds to synchronously load lazily loaded font '../../../Engine/Content/Slate/Fonts/Roboto-Bold.ttf' (160K)
[2018.08.30-04.02.35:574][  0]LogSlate: Took 0.000631 seconds to synchronously load lazily loaded font '../../../Engine/Content/Editor/Slate/Fonts/FontAwesome.ttf' (139K)
[2018.08.30-04.02.35:642][  0]LogRenderer: Reallocating scene render targets to support 1396x512 Format 10 NumSamples 1 (Frame:1).
[2018.08.30-04.02.36:600][  0]LogContentBrowser: Native class hierarchy updated for 'HierarchicalLODOutliner' in 0.0002 seconds. Added 0 classes and 0 folders.
[2018.08.30-04.02.36:600][  0]LogLoad: (Engine Initialization) Total time: 17.41 seconds
[2018.08.30-04.02.36:600][  0]LogLoad: (Engine Initialization) Total Blueprint compile time: 0.00 seconds
[2018.08.30-04.02.36:618][  0]LogWindowsTextInputMethodSystem: Display: IME system now deactivated.
[2018.08.30-04.02.36:638][  0]LogContentStreaming: Texture pool size now 1000 MB
[2018.08.30-04.02.36:724][  1]LogRenderer: Reallocating scene render targets to support 1396x528 Format 10 NumSamples 1 (Frame:3).
[2018.08.30-04.02.36:750][  1]LogAssetRegistry: Asset discovery search completed in 12.3251 seconds
[2018.08.30-04.02.36:752][  1]LogCollectionManager: Rebuilt the object cache for 0 collections in 0.000000 seconds (found 0 objects)
[2018.08.30-04.02.36:752][  1]LogCollectionManager: Fixed up redirectors for 0 collections in 0.000040 seconds (updated 0 objects)
[2018.08.30-04.02.37:754][  5]LogSlate: Took 0.000582 seconds to synchronously load lazily loaded font '../../../Engine/Content/Slate/Fonts/Roboto-Light.ttf' (167K)
[2018.08.30-04.02.41:939][199]LogSlate: FSceneViewport::OnFocusLost() reason 0
[2018.08.30-04.02.56:627][545]LogSlate: FSceneViewport::OnFocusLost() reason 0
[2018.08.30-04.03.17:736][ 13]LogEditorViewport: Clicking on Actor (LMB): FLOOR_BP_C (FLOOR_BP)
[2018.08.30-04.03.18:920][ 80]LogSlate: FSceneViewport::OnFocusLost() reason 0
[2018.08.30-04.03.19:252][ 84]LogContentBrowser: Native class hierarchy updated for 'BlueprintGraph' in 0.0005 seconds. Added 116 classes and 0 folders.
[2018.08.30-04.03.19:526][ 84]LogUObjectGlobals: Created PersistentFrame Addr=0x00000165a906d148, Size=4, Default__SKEL_PROTO_BP_AnimBlueprint_0_C Function /Engine/Transient.SKEL_PROTO_BP_AnimBlueprint_0_C:ExecuteUbergraph_PROTO_BP_AnimBlueprint_0
[2018.08.30-04.03.19:527][ 84]LogUObjectGlobals: Created PersistentFrame Addr=0x00000165a906d140, Size=4, Default__PROTO_BP_AnimBlueprint_0_C Function /Engine/Transient.PROTO_BP_AnimBlueprint_0_C:ExecuteUbergraph_PROTO_BP_AnimBlueprint_0
[2018.08.30-04.03.19:874][ 84]LogSlate: Took 0.000604 seconds to synchronously load lazily loaded font '../../../Engine/Content/Slate/Fonts/Roboto-BoldCondensed.ttf' (158K)
[2018.08.30-04.03.30:238][454]LogRenderer: Reallocating scene render targets to support 1396x564 Format 10 NumSamples 1 (Frame:1).
[2018.08.30-04.03.36:269][759]LogSlate: FSceneViewport::OnFocusLost() reason 2
[2018.08.30-04.03.43:444][ 80]LogSlate: FSceneViewport::OnFocusLost() reason 2
[2018.08.30-04.03.46:822][262]LogSlate: FSceneViewport::OnFocusLost() reason 2
[2018.08.30-04.04.26:238][575]LogSlate: FSceneViewport::OnFocusLost() reason 2
[2018.08.30-04.04.30:636][799]LogRenderer: Reallocating scene render targets to support 1396x568 Format 10 NumSamples 1 (Frame:831).
[2018.08.30-04.04.30:688][799]LogRenderer: Reallocating scene render targets to support 1396x572 Format 10 NumSamples 1 (Frame:832).
[2018.08.30-04.04.30:744][799]LogRenderer: Reallocating scene render targets to support 1396x580 Format 10 NumSamples 1 (Frame:833).
[2018.08.30-04.04.31:130][799]LogRenderer: Reallocating scene render targets to support 1396x612 Format 10 NumSamples 1 (Frame:835).
[2018.08.30-04.04.37:033][891]LogSlate: FSceneViewport::OnFocusLost() reason 0
[2018.08.30-04.04.37:184][897]Cmd: OBJ SAVEPACKAGE PACKAGE="/Game/ThirdPersonBP/Env/FLOOR_BP" FILE="../../../../../Unreal_Projects/farmerVSzombies/Content/ThirdPersonBP/Env/FLOOR_BP.uasset" SILENT=true
[2018.08.30-04.04.37:201][897]LogSavePackage: Save=11.53ms
[2018.08.30-04.04.37:201][897]LogSavePackage: Moving '../../../../../Unreal_Projects/farmerVSzombies/Saved/FLOOR_BPE67454F1420EA7663580B3A5F1E72362.tmp' to '../../../../../Unreal_Projects/farmerVSzombies/Content/ThirdPersonBP/Env/FLOOR_BP.uasset'
[2018.08.30-04.04.37:203][897]LogSavePackage: Display: Finished SavePackage ../../../../../Unreal_Projects/farmerVSzombies/Content/ThirdPersonBP/Env/FLOOR_BP.uasset
[2018.08.30-04.04.37:551][915]BlueprintLog: New page: Compile FLOOR_BP
[2018.08.30-04.04.39:769][  5]LogUObjectGlobals: Destroyed PersistentFrame Addr=0x0000016587202ad8, Size=4
[2018.08.30-04.04.39:769][  5]LogUObjectGlobals: Created PersistentFrame Addr=0x000001662a77d750, Size=4, Default__ThirdPersonExampleMap_C Function /Engine/Transient.REINST_ThirdPersonExampleMap_C_87:ExecuteUbergraph_ThirdPersonExampleMap
[2018.08.30-04.04.39:770][  5]LogUObjectGlobals: Created PersistentFrame Addr=0x000001662a77d6c8, Size=4, Default__ThirdPersonExampleMap_C Function /Game/ThirdPersonBP/Maps/ThirdPersonExampleMap.ThirdPersonExampleMap_C:ExecuteUbergraph_ThirdPersonExampleMap
[2018.08.30-04.04.40:321][  5]LogSavePackage: Save=561.43ms
[2018.08.30-04.04.40:321][  5]LogSavePackage: Moving '../../../../../Unreal_Projects/farmerVSzombies/Saved/ThirdPersonExampleMap9EF79A974C5AC293F838869E8F47AC53.tmp' to '../../../../../Unreal_Projects/farmerVSzombies/Content/ThirdPersonBP/Maps/ThirdPersonExampleMap.umap'
[2018.08.30-04.04.40:324][  5]LogSavePackage: Display: Finished SavePackage ../../../../../Unreal_Projects/farmerVSzombies/Content/ThirdPersonBP/Maps/ThirdPersonExampleMap.umap
[2018.08.30-04.04.40:359][  5]LogSavePackage: Save=5.89ms
[2018.08.30-04.04.40:359][  5]LogSavePackage: Moving '../../../../../Unreal_Projects/farmerVSzombies/Saved/ThirdPersonExampleMap_BuiltDataE152EC8348E8029B0885AA82FE8924DD.tmp' to '../../../../../Unreal_Projects/farmerVSzombies/Content/ThirdPersonBP/Maps/ThirdPersonExampleMap_BuiltData.uasset'
[2018.08.30-04.04.40:360][  5]LogSavePackage: Display: Finished SavePackage ../../../../../Unreal_Projects/farmerVSzombies/Content/ThirdPersonBP/Maps/ThirdPersonExampleMap_BuiltData.uasset
[2018.08.30-04.04.41:311][ 56]LogEditorViewport: Clicking on Actor (LMB): FLOOR_BP_C (FLOOR_BP)
[2018.08.30-04.04.47:828][313]LogSlate: FSceneViewport::OnFocusLost() reason 0
[2018.08.30-04.04.47:913][318]MapCheck: New page: Map Check
[2018.08.30-04.04.47:932][318]Cmd: MAP REBUILD ALLVISIBLE
[2018.08.30-04.04.47:932][318]LogEditorServer: Rebuildmap Clear paths rebuilt
[2018.08.30-04.04.48:236][318]LogUObjectGlobals: Destroyed PersistentFrame Addr=0x000001662a77d750, Size=4
[2018.08.30-04.04.48:303][318]LogMaterial: Missing cached shader map for material FDebugViewModeMaterialProxy WorldGridMaterial, compiling. Is special engine material.
[2018.08.30-04.04.48:320][318]LogMaterial: Missing cached shader map for material FDebugViewModeMaterialProxy MaterialInstanceDynamic_3, compiling. 
[2018.08.30-04.04.48:325][318]LogMaterial: Missing cached shader map for material FDebugViewModeMaterialProxy Mat, compiling. 
[2018.08.30-04.04.48:329][318]LogShaderCompilers: Display: Shaders left to compile 2
[2018.08.30-04.04.48:329][318]LogShaderCompilers: Display: Shaders left to compile 1
[2018.08.30-04.04.48:329][318]LogMaterial: Missing cached shader map for material FDebugViewModeMaterialProxy gold__gold_jpg, compiling. 
[2018.08.30-04.04.48:333][318]LogMaterial: Missing cached shader map for material FDebugViewModeMaterialProxy coin-texture__coin-texture_jpg, compiling. 
[2018.08.30-04.04.48:337][318]LogMaterial: Missing cached shader map for material FDebugViewModeMaterialProxy Material__664, compiling. 
[2018.08.30-04.04.48:342][318]LogMaterial: Missing cached shader map for material FDebugViewModeMaterialProxy darkish_wood, compiling. 
[2018.08.30-04.04.48:346][318]LogMaterial: Missing cached shader map for material FDebugViewModeMaterialProxy weathered_wood_ncl1_1, compiling. 
[2018.08.30-04.04.48:350][318]LogMaterial: Missing cached shader map for material FDebugViewModeMaterialProxy weathered_wood_5, compiling. 
[2018.08.30-04.04.48:354][318]LogMaterial: Missing cached shader map for material FDebugViewModeMaterialProxy rust, compiling. 
[2018.08.30-04.04.48:359][318]LogMaterial: Missing cached shader map for material FDebugViewModeMaterialProxy weathered_wood_3, compiling. 
[2018.08.30-04.04.48:363][318]LogShaderCompilers: Display: Shaders left to compile 9
[2018.08.30-04.04.48:364][318]LogShaderCompilers: Display: Shaders left to compile 8
[2018.08.30-04.04.48:364][318]LogShaderCompilers: Display: Shaders left to compile 7
[2018.08.30-04.04.48:364][318]LogShaderCompilers: Display: Shaders left to compile 6
[2018.08.30-04.04.48:364][318]LogShaderCompilers: Display: Shaders left to compile 5
[2018.08.30-04.04.48:364][318]LogShaderCompilers: Display: Shaders left to compile 4
[2018.08.30-04.04.48:364][318]LogMaterial: Missing cached shader map for material FDebugViewModeMaterialProxy darkish_wood_9, compiling. 
[2018.08.30-04.04.48:370][318]LogMaterial: Missing cached shader map for material FDebugViewModeMaterialProxy weathered_wood_20, compiling. 
[2018.08.30-04.04.48:375][318]LogMaterial: Missing cached shader map for material FDebugViewModeMaterialProxy weathered_wood_4, compiling. 
[2018.08.30-04.04.48:380][318]LogMaterial: Missing cached shader map for material FDebugViewModeMaterialProxy weathered_wood_16, compiling. 
[2018.08.30-04.04.48:386][318]LogMaterial: Missing cached shader map for material FDebugViewModeMaterialProxy weathered_wood_17, compiling. 
[2018.08.30-04.04.48:395][318]LogMaterial: Missing cached shader map for material FDebugViewModeMaterialProxy fresh_wood, compiling. 
[2018.08.30-04.04.48:404][318]LogMaterial: Missing cached shader map for material FDebugViewModeMaterialProxy fresh_wood_1, compiling. 
[2018.08.30-04.04.48:410][318]LogMaterial: Missing cached shader map for material FDebugViewModeMaterialProxy weathered_wood_37, compiling. 
[2018.08.30-04.04.48:415][318]LogMaterial: Missing cached shader map for material FDebugViewModeMaterialProxy weathered_wood, compiling. 
[2018.08.30-04.04.48:422][318]LogMaterial: Missing cached shader map for material FDebugViewModeMaterialProxy weathered_wood_2, compiling. 
[2018.08.30-04.04.48:428][318]LogMaterial: Missing cached shader map for material FDebugViewModeMaterialProxy plywood, compiling. 
[2018.08.30-04.04.48:432][318]LogMaterial: Missing cached shader map for material FDebugViewModeMaterialProxy stone, compiling. 
[2018.08.30-04.04.48:436][318]LogMaterial: Missing cached shader map for material FDebugViewModeMaterialProxy Log_001, compiling. 
[2018.08.30-04.04.48:440][318]LogMaterial: Missing cached shader map for material FDebugViewModeMaterialProxy Log2, compiling. 
[2018.08.30-04.04.48:445][318]LogMaterial: Missing cached shader map for material FDebugViewModeMaterialProxy Log_002, compiling. 
[2018.08.30-04.04.48:449][318]LogMaterial: Missing cached shader map for material FDebugViewModeMaterialProxy Log, compiling. 
[2018.08.30-04.04.48:453][318]LogMaterial: Missing cached shader map for material FDebugViewModeMaterialProxy wall_rock, compiling. 
[2018.08.30-04.04.48:457][318]LogMaterial: Missing cached shader map for material FDebugViewModeMaterialProxy M_Metal_Burnished_Steel, compiling. 
[2018.08.30-04.04.48:462][318]LogMaterial: Missing cached shader map for material FDebugViewModeMaterialProxy dark_oak, compiling. 
[2018.08.30-04.04.48:466][318]LogMaterial: Missing cached shader map for material FDebugViewModeMaterialProxy wood_planks, compiling. 
[2018.08.30-04.04.48:471][318]LogMaterial: Missing cached shader map for material FDebugViewModeMaterialProxy metal, compiling. 
[2018.08.30-04.04.48:476][318]LogMaterial: Missing cached shader map for material FDebugViewModeMaterialProxy weathered_wood_36, compiling. 
[2018.08.30-04.04.48:480][318]LogMaterial: Missing cached shader map for material FDebugViewModeMaterialProxy weathered_wood_32, compiling. 
[2018.08.30-04.04.48:484][318]LogMaterial: Missing cached shader map for material FDebugViewModeMaterialProxy weathered_wood_38, compiling. 
[2018.08.30-04.04.48:488][318]LogMaterial: Missing cached shader map for material FDebugViewModeMaterialProxy weathered_wood_35, compiling. 
[2018.08.30-04.04.48:493][318]LogMaterial: Missing cached shader map for material FDebugViewModeMaterialProxy weathered_wood_29, compiling. 
[2018.08.30-04.04.48:499][318]LogMaterial: Missing cached shader map for material FDebugViewModeMaterialProxy rust_41, compiling. 
[2018.08.30-04.04.48:507][318]LogMaterial: Missing cached shader map for material FDebugViewModeMaterialProxy weathered_wood_34, compiling. 
[2018.08.30-04.04.48:511][318]LogMaterial: Missing cached shader map for material FDebugViewModeMaterialProxy weathered_wood_31, compiling. 
[2018.08.30-04.04.48:518][318]LogMaterial: Missing cached shader map for material FDebugViewModeMaterialProxy rust_39, compiling. 
[2018.08.30-04.04.48:522][318]LogMaterial: Missing cached shader map for material FDebugViewModeMaterialProxy rust_40, compiling. 
[2018.08.30-04.04.48:526][318]LogMaterial: Missing cached shader map for material FDebugViewModeMaterialProxy weathered_wood_33, compiling. 
[2018.08.30-04.04.48:531][318]LogMaterial: Missing cached shader map for material FDebugViewModeMaterialProxy weathered_wood_30, compiling. 
[2018.08.30-04.04.48:535][318]LogMaterial: Missing cached shader map for material FDebugViewModeMaterialProxy weathered_wood_28, compiling. 
[2018.08.30-04.04.48:539][318]LogMaterial: Missing cached shader map for material FDebugViewModeMaterialProxy oak_ncl1_1, compiling. 
[2018.08.30-04.04.48:545][318]LogMaterial: Missing cached shader map for material FDebugViewModeMaterialProxy M_StatueGlass, compiling. 
[2018.08.30-04.04.48:550][318]LogMaterial: Missing cached shader map for material FDebugViewModeMaterialProxy M_Glass, compiling. 
[2018.08.30-04.04.48:554][318]LogMaterial: Missing cached shader map for material FDebugViewModeMaterialProxy rust_43, compiling. 
[2018.08.30-04.04.48:561][318]LogMaterial: Missing cached shader map for material FDebugViewModeMaterialProxy rust_44, compiling. 
[2018.08.30-04.04.48:565][318]LogMaterial: Missing cached shader map for material FDebugViewModeMaterialProxy rust_46, compiling. 
[2018.08.30-04.04.48:570][318]LogMaterial: Missing cached shader map for material FDebugViewModeMaterialProxy rust_47, compiling. 
[2018.08.30-04.04.48:575][318]LogMaterial: Missing cached shader map for material FDebugViewModeMaterialProxy metal_ncl1_1, compiling. 
[2018.08.30-04.04.48:579][318]LogMaterial: Missing cached shader map for material FDebugViewModeMaterialProxy M_Rock_Slate, compiling. 
[2018.08.30-04.04.48:587][318]LogMaterial: Missing cached shader map for material FDebugViewModeMaterialProxy stone_base_ncl1_1, compiling. 
[2018.08.30-04.04.48:596][318]LogMaterial: Missing cached shader map for material FDebugViewModeMaterialProxy stone_base_49, compiling. 
[2018.08.30-04.04.48:605][318]LogMaterial: Missing cached shader map for material FDebugViewModeMaterialProxy stone_base_48, compiling. 
[2018.08.30-04.04.48:610][318]LogMaterial: Missing cached shader map for material FDebugViewModeMaterialProxy stone_base_47, compiling. 
[2018.08.30-04.04.48:614][318]LogMaterial: Missing cached shader map for material FDebugViewModeMaterialProxy stone_base_46, compiling. 
[2018.08.30-04.04.48:622][318]LogMaterial: Missing cached shader map for material FDebugViewModeMaterialProxy stone_base_45, compiling. 
[2018.08.30-04.04.48:626][318]LogMaterial: Missing cached shader map for material FDebugViewModeMaterialProxy stone_base_44, compiling. 
[2018.08.30-04.04.48:631][318]LogMaterial: Missing cached shader map for material FDebugViewModeMaterialProxy stone_base_43, compiling. 
[2018.08.30-04.04.48:635][318]LogMaterial: Missing cached shader map for material FDebugViewModeMaterialProxy stone_base_51, compiling. 
[2018.08.30-04.04.48:640][318]LogMaterial: Missing cached shader map for material FDebugViewModeMaterialProxy stone_base_50, compiling. 
[2018.08.30-04.04.48:644][318]LogMaterial: Missing cached shader map for material FDebugViewModeMaterialProxy stone_base_42, compiling. 
[2018.08.30-04.04.48:649][318]LogMaterial: Missing cached shader map for material FDebugViewModeMaterialProxy stone_base_41, compiling. 
[2018.08.30-04.04.48:654][318]LogMaterial: Missing cached shader map for material FDebugViewModeMaterialProxy stone_base_40, compiling. 
[2018.08.30-04.04.48:660][318]LogMaterial: Missing cached shader map for material FDebugViewModeMaterialProxy stone_base_39, compiling. 
[2018.08.30-04.04.48:664][318]LogMaterial: Missing cached shader map for material FDebugViewModeMaterialProxy stone_base_38, compiling. 
[2018.08.30-04.04.48:669][318]LogMaterial: Missing cached shader map for material FDebugViewModeMaterialProxy stone_base_37, compiling. 
[2018.08.30-04.04.48:675][318]LogMaterial: Missing cached shader map for material FDebugViewModeMaterialProxy stone_base_36, compiling. 
[2018.08.30-04.04.48:681][318]LogMaterial: Missing cached shader map for material FDebugViewModeMaterialProxy stone_base_35, compiling. 
[2018.08.30-04.04.48:688][318]LogMaterial: Missing cached shader map for material FDebugViewModeMaterialProxy stone_base_34, compiling. 
[2018.08.30-04.04.48:694][318]LogMaterial: Missing cached shader map for material FDebugViewModeMaterialProxy stone_base_32, compiling. 
[2018.08.30-04.04.48:700][318]LogMaterial: Missing cached shader map for material FDebugViewModeMaterialProxy stone_base_31, compiling. 
[2018.08.30-04.04.48:705][318]LogMaterial: Missing cached shader map for material FDebugViewModeMaterialProxy stone_base_30, compiling. 
[2018.08.30-04.04.48:710][318]LogMaterial: Missing cached shader map for material FDebugViewModeMaterialProxy stone_base_29, compiling. 
[2018.08.30-04.04.48:714][318]LogMaterial: Missing cached shader map for material FDebugViewModeMaterialProxy wall_rock_4, compiling. 
[2018.08.30-04.04.48:718][318]LogMaterial: Missing cached shader map for material FDebugViewModeMaterialProxy stone_base_26, compiling. 
[2018.08.30-04.04.48:722][318]LogMaterial: Missing cached shader map for material FDebugViewModeMaterialProxy stone_base_25, compiling. 
[2018.08.30-04.04.48:726][318]LogMaterial: Missing cached shader map for material FDebugViewModeMaterialProxy stone_base_23, compiling. 
[2018.08.30-04.04.48:731][318]LogMaterial: Missing cached shader map for material FDebugViewModeMaterialProxy stone_base_22, compiling. 
[2018.08.30-04.04.48:735][318]LogMaterial: Missing cached shader map for material FDebugViewModeMaterialProxy wall_rock_1, compiling. 
[2018.08.30-04.04.48:739][318]LogMaterial: Missing cached shader map for material FDebugViewModeMaterialProxy stone_base_15, compiling. 
[2018.08.30-04.04.48:744][318]LogMaterial: Missing cached shader map for material FDebugViewModeMaterialProxy stone_base_14, compiling. 
[2018.08.30-04.04.48:749][318]LogMaterial: Missing cached shader map for material FDebugViewModeMaterialProxy stone_base_21, compiling. 
[2018.08.30-04.04.48:757][318]LogMaterial: Missing cached shader map for material FDebugViewModeMaterialProxy stone_base_20, compiling. 
[2018.08.30-04.04.48:763][318]LogMaterial: Missing cached shader map for material FDebugViewModeMaterialProxy stone_base_19, compiling. 
[2018.08.30-04.04.48:770][318]LogMaterial: Missing cached shader map for material FDebugViewModeMaterialProxy stone_base_18, compiling. 
[2018.08.30-04.04.48:777][318]LogMaterial: Missing cached shader map for material FDebugViewModeMaterialProxy stone_base_13, compiling. 
[2018.08.30-04.04.48:783][318]LogMaterial: Missing cached shader map for material FDebugViewModeMaterialProxy stone_base_12, compiling. 
[2018.08.30-04.04.48:789][318]LogMaterial: Missing cached shader map for material FDebugViewModeMaterialProxy stone_base_11, compiling. 
[2018.08.30-04.04.48:796][318]LogMaterial: Missing cached shader map for material FDebugViewModeMaterialProxy stone_base_33, compiling. 
[2018.08.30-04.04.48:803][318]LogMaterial: Missing cached shader map for material FDebugViewModeMaterialProxy stone_base_9, compiling. 
[2018.08.30-04.04.48:808][318]LogMaterial: Missing cached shader map for material FDebugViewModeMaterialProxy stone_base_7, compiling. 
[2018.08.30-04.04.48:814][318]LogMaterial: Missing cached shader map for material FDebugViewModeMaterialProxy stone_base_6, compiling. 
[2018.08.30-04.04.48:821][318]LogMaterial: Missing cached shader map for material FDebugViewModeMaterialProxy stone_base_5, compiling. 
[2018.08.30-04.04.48:828][318]LogMaterial: Missing cached shader map for material FDebugViewModeMaterialProxy stone_base_4, compiling. 
[2018.08.30-04.04.48:835][318]LogMaterial: Missing cached shader map for material FDebugViewModeMaterialProxy stone_base_3, compiling. 
[2018.08.30-04.04.48:841][318]LogMaterial: Missing cached shader map for material FDebugViewModeMaterialProxy stone_base_2, compiling. 
[2018.08.30-04.04.48:848][318]LogMaterial: Missing cached shader map for material FDebugViewModeMaterialProxy stone_base_1, compiling. 
[2018.08.30-04.04.48:855][318]LogMaterial: Missing cached shader map for material FDebugViewModeMaterialProxy stone_base, compiling. 
[2018.08.30-04.04.48:861][318]LogMaterial: Missing cached shader map for material FDebugViewModeMaterialProxy old_scratched_wood, compiling. 
[2018.08.30-04.04.48:868][318]LogMaterial: Missing cached shader map for material FDebugViewModeMaterialProxy stone_base_10, compiling. 
[2018.08.30-04.04.48:874][318]LogMaterial: Missing cached shader map for material FDebugViewModeMaterialProxy old_scratched_wood_2, compiling. 
[2018.08.30-04.04.48:882][318]LogMaterial: Missing cached shader map for material FDebugViewModeMaterialProxy old_scratched_wood_3, compiling. 
[2018.08.30-04.04.48:890][318]LogMaterial: Missing cached shader map for material FDebugViewModeMaterialProxy old_scratched_wood_1, compiling. 
[2018.08.30-04.04.48:897][318]LogMaterial: Missing cached shader map for material FDebugViewModeMaterialProxy M_Burst, compiling. 
[2018.08.30-04.04.48:904][318]LogMaterial: Missing cached shader map for material FDebugViewModeMaterialProxy M_explosion_subUV, compiling. 
[2018.08.30-04.04.48:910][318]LogMaterial: Missing cached shader map for material FDebugViewModeMaterialProxy M_radial_ramp, compiling. 
[2018.08.30-04.04.48:917][318]LogMaterial: Missing cached shader map for material FDebugViewModeMaterialProxy m_flare_01, compiling. 
[2018.08.30-04.04.48:925][318]LogMaterial: Missing cached shader map for material FDebugViewModeMaterialProxy M_smoke_subUV, compiling. 
[2018.08.30-04.04.48:932][318]LogMaterial: Missing cached shader map for material FDebugViewModeMaterialProxy TranslucentUnlitSpriteMaterial, compiling. 
[2018.08.30-04.04.48:941][318]LogMaterial: Missing cached shader map for material FDebugViewModeMaterialProxy M_Metal_Chrome, compiling. 
[2018.08.30-04.04.48:951][318]LogMaterial: Missing cached shader map for material FDebugViewModeMaterialProxy M_Wood_Floor_Walnut_Worn, compiling. 
[2018.08.30-04.04.48:961][318]LogMaterial: Missing cached shader map for material FDebugViewModeMaterialProxy GROUND_M, compiling. 
[2018.08.30-04.04.48:971][318]LogMaterial: Missing cached shader map for material FDebugViewModeMaterialProxy Rindle_M, compiling. 
[2018.08.30-04.04.48:985][318]LogMaterial: Missing cached shader map for material FDebugViewModeMaterialProxy M_Ground_Moss, compiling. 
[2018.08.30-04.04.48:996][318]LogMaterial: Missing cached shader map for material FDebugViewModeMaterialProxy Material__30, compiling. 
[2018.08.30-04.04.49:004][318]LogMaterial: Missing cached shader map for material FDebugViewModeMaterialProxy M_Ground_Gravel, compiling. 
[2018.08.30-04.04.49:012][318]LogMaterial: Missing cached shader map for material FDebugViewModeMaterialProxy Material1, compiling. 
[2018.08.30-04.04.49:019][318]LogShaderCompilers: Display: Shaders left to compile 113
[2018.08.30-04.04.49:019][318]LogMaterial: Missing cached shader map for material FDebugViewModeMaterialProxy Material_003, compiling. 
[2018.08.30-04.04.49:025][318]LogShaderCompilers: Display: Shaders left to compile 113
[2018.08.30-04.04.49:025][318]LogShaderCompilers: Display: Shaders left to compile 112
[2018.08.30-04.04.49:025][318]LogShaderCompilers: Display: Shaders left to compile 111
[2018.08.30-04.04.49:025][318]LogShaderCompilers: Display: Shaders left to compile 110
[2018.08.30-04.04.49:025][318]LogMaterial: Missing cached shader map for material FDebugViewModeMaterialProxy Peasant_Man_02, compiling. 
[2018.08.30-04.04.49:030][318]LogMaterial: Missing cached shader map for material FDebugViewModeMaterialProxy MatineeCam_mat, compiling. 
[2018.08.30-04.04.49:037][318]LogShaderCompilers: Display: Shaders left to compile 111
[2018.08.30-04.04.49:037][318]LogMaterial: Missing cached shader map for material FDebugViewModeMaterialProxy grass-texture-2b_Mat, compiling. 
[2018.08.30-04.04.51:916][318]LogShaderCompilers: Display: Shaders left to compile 111
[2018.08.30-04.04.51:916][318]LogShaderCompilers: Display: Shaders left to compile 110
[2018.08.30-04.04.51:916][318]LogShaderCompilers: Display: Shaders left to compile 109
[2018.08.30-04.04.51:916][318]LogShaderCompilers: Display: Shaders left to compile 108
[2018.08.30-04.04.51:916][318]LogShaderCompilers: Display: Shaders left to compile 107
[2018.08.30-04.04.51:916][318]LogShaderCompilers: Display: Shaders left to compile 106
[2018.08.30-04.04.51:916][318]LogShaderCompilers: Display: Shaders left to compile 105
[2018.08.30-04.04.51:916][318]LogShaderCompilers: Display: Shaders left to compile 104
[2018.08.30-04.04.51:916][318]LogShaderCompilers: Display: Shaders left to compile 103
[2018.08.30-04.04.51:916][318]LogShaderCompilers: Display: Shaders left to compile 102
[2018.08.30-04.04.51:916][318]LogShaderCompilers: Display: Shaders left to compile 101
[2018.08.30-04.04.51:916][318]LogShaderCompilers: Display: Shaders left to compile 100
[2018.08.30-04.04.51:916][318]LogShaderCompilers: Display: Shaders left to compile 99
[2018.08.30-04.04.51:917][318]LogShaderCompilers: Display: Shaders left to compile 98
[2018.08.30-04.04.51:917][318]LogShaderCompilers: Display: Shaders left to compile 97
[2018.08.30-04.04.51:917][318]LogShaderCompilers: Display: Shaders left to compile 96
[2018.08.30-04.04.51:917][318]LogShaderCompilers: Display: Shaders left to compile 95
[2018.08.30-04.04.51:917][318]LogShaderCompilers: Display: Shaders left to compile 94
[2018.08.30-04.04.51:917][318]LogShaderCompilers: Display: Shaders left to compile 93
[2018.08.30-04.04.51:917][318]LogShaderCompilers: Display: Shaders left to compile 92
[2018.08.30-04.04.51:917][318]LogShaderCompilers: Display: Shaders left to compile 91
[2018.08.30-04.04.51:917][318]LogShaderCompilers: Display: Shaders left to compile 90
[2018.08.30-04.04.51:917][318]LogShaderCompilers: Display: Shaders left to compile 89
[2018.08.30-04.04.51:917][318]LogShaderCompilers: Display: Shaders left to compile 88
[2018.08.30-04.04.51:917][318]LogShaderCompilers: Display: Shaders left to compile 87
[2018.08.30-04.04.51:917][318]LogShaderCompilers: Display: Shaders left to compile 86
[2018.08.30-04.04.51:917][318]LogShaderCompilers: Display: Shaders left to compile 85
[2018.08.30-04.04.51:917][318]LogShaderCompilers: Display: Shaders left to compile 84
[2018.08.30-04.04.51:917][318]LogShaderCompilers: Display: Shaders left to compile 83
[2018.08.30-04.04.51:917][318]LogShaderCompilers: Display: Shaders left to compile 82
[2018.08.30-04.04.51:917][318]LogShaderCompilers: Display: Shaders left to compile 81
[2018.08.30-04.04.51:917][318]LogShaderCompilers: Display: Shaders left to compile 80
[2018.08.30-04.04.51:917][318]LogShaderCompilers: Display: Shaders left to compile 79
[2018.08.30-04.04.51:917][318]LogShaderCompilers: Display: Shaders left to compile 78
[2018.08.30-04.04.51:917][318]LogShaderCompilers: Display: Shaders left to compile 77
[2018.08.30-04.04.51:917][318]LogShaderCompilers: Display: Shaders left to compile 76
[2018.08.30-04.04.51:917][318]LogShaderCompilers: Display: Shaders left to compile 75
[2018.08.30-04.04.51:917][318]LogShaderCompilers: Display: Shaders left to compile 74
[2018.08.30-04.04.51:917][318]LogShaderCompilers: Display: Shaders left to compile 73
[2018.08.30-04.04.51:917][318]LogShaderCompilers: Display: Shaders left to compile 72
[2018.08.30-04.04.51:917][318]LogShaderCompilers: Display: Shaders left to compile 71
[2018.08.30-04.04.51:917][318]LogShaderCompilers: Display: Shaders left to compile 70
[2018.08.30-04.04.51:917][318]LogShaderCompilers: Display: Shaders left to compile 69
[2018.08.30-04.04.51:917][318]LogShaderCompilers: Display: Shaders left to compile 68
[2018.08.30-04.04.51:917][318]LogShaderCompilers: Display: Shaders left to compile 67
[2018.08.30-04.04.51:917][318]LogShaderCompilers: Display: Shaders left to compile 66
[2018.08.30-04.04.51:917][318]LogShaderCompilers: Display: Shaders left to compile 65
[2018.08.30-04.04.51:917][318]LogShaderCompilers: Display: Shaders left to compile 64
[2018.08.30-04.04.51:917][318]LogShaderCompilers: Display: Shaders left to compile 63
[2018.08.30-04.04.51:917][318]LogShaderCompilers: Display: Shaders left to compile 62
[2018.08.30-04.04.51:917][318]LogShaderCompilers: Display: Shaders left to compile 61
[2018.08.30-04.04.51:917][318]LogShaderCompilers: Display: Shaders left to compile 60
[2018.08.30-04.04.51:917][318]LogShaderCompilers: Display: Shaders left to compile 59
[2018.08.30-04.04.51:917][318]LogShaderCompilers: Display: Shaders left to compile 58
[2018.08.30-04.04.51:917][318]LogShaderCompilers: Display: Shaders left to compile 57
[2018.08.30-04.04.51:917][318]LogShaderCompilers: Display: Shaders left to compile 56
[2018.08.30-04.04.51:917][318]LogShaderCompilers: Display: Shaders left to compile 55
[2018.08.30-04.04.51:917][318]LogShaderCompilers: Display: Shaders left to compile 54
[2018.08.30-04.04.51:917][318]LogShaderCompilers: Display: Shaders left to compile 53
[2018.08.30-04.04.51:917][318]LogShaderCompilers: Display: Shaders left to compile 52
[2018.08.30-04.04.51:917][318]LogShaderCompilers: Display: Shaders left to compile 51
[2018.08.30-04.04.51:917][318]LogShaderCompilers: Display: Shaders left to compile 50
[2018.08.30-04.04.51:917][318]LogShaderCompilers: Display: Shaders left to compile 49
[2018.08.30-04.04.51:917][318]LogShaderCompilers: Display: Shaders left to compile 48
[2018.08.30-04.04.51:917][318]LogShaderCompilers: Display: Shaders left to compile 47
[2018.08.30-04.04.51:917][318]LogShaderCompilers: Display: Shaders left to compile 46
[2018.08.30-04.04.51:917][318]LogShaderCompilers: Display: Shaders left to compile 45
[2018.08.30-04.04.51:917][318]LogShaderCompilers: Display: Shaders left to compile 44
[2018.08.30-04.04.51:917][318]LogShaderCompilers: Display: Shaders left to compile 43
[2018.08.30-04.04.51:917][318]LogShaderCompilers: Display: Shaders left to compile 42
[2018.08.30-04.04.51:917][318]LogShaderCompilers: Display: Shaders left to compile 41
[2018.08.30-04.04.51:917][318]LogShaderCompilers: Display: Shaders left to compile 40
[2018.08.30-04.04.51:917][318]LogShaderCompilers: Display: Shaders left to compile 39
[2018.08.30-04.04.51:917][318]LogShaderCompilers: Display: Shaders left to compile 38
[2018.08.30-04.04.51:917][318]LogShaderCompilers: Display: Shaders left to compile 37
[2018.08.30-04.04.51:917][318]LogShaderCompilers: Display: Shaders left to compile 36
[2018.08.30-04.04.51:917][318]LogShaderCompilers: Display: Shaders left to compile 35
[2018.08.30-04.04.51:917][318]LogShaderCompilers: Display: Shaders left to compile 34
[2018.08.30-04.04.51:917][318]LogShaderCompilers: Display: Shaders left to compile 33
[2018.08.30-04.04.51:917][318]LogShaderCompilers: Display: Shaders left to compile 32
[2018.08.30-04.04.51:917][318]LogShaderCompilers: Display: Shaders left to compile 31
[2018.08.30-04.04.51:917][318]LogShaderCompilers: Display: Shaders left to compile 30
[2018.08.30-04.04.51:917][318]LogShaderCompilers: Display: Shaders left to compile 29
[2018.08.30-04.04.51:917][318]LogShaderCompilers: Display: Shaders left to compile 28
[2018.08.30-04.04.51:917][318]LogShaderCompilers: Display: Shaders left to compile 27
[2018.08.30-04.04.51:917][318]LogShaderCompilers: Display: Shaders left to compile 26
[2018.08.30-04.04.51:917][318]LogShaderCompilers: Display: Shaders left to compile 25
[2018.08.30-04.04.51:917][318]LogShaderCompilers: Display: Shaders left to compile 24
[2018.08.30-04.04.51:917][318]LogShaderCompilers: Display: Shaders left to compile 23
[2018.08.30-04.04.51:917][318]LogShaderCompilers: Display: Shaders left to compile 22
[2018.08.30-04.04.51:917][318]LogShaderCompilers: Display: Shaders left to compile 21
[2018.08.30-04.04.51:917][318]LogShaderCompilers: Display: Shaders left to compile 20
[2018.08.30-04.04.51:917][318]LogShaderCompilers: Display: Shaders left to compile 19
[2018.08.30-04.04.51:917][318]LogShaderCompilers: Display: Shaders left to compile 18
[2018.08.30-04.04.51:917][318]LogShaderCompilers: Display: Shaders left to compile 17
[2018.08.30-04.04.51:917][318]LogShaderCompilers: Display: Shaders left to compile 16
[2018.08.30-04.04.51:917][318]LogShaderCompilers: Display: Shaders left to compile 15
[2018.08.30-04.04.51:917][318]LogShaderCompilers: Display: Shaders left to compile 14
[2018.08.30-04.04.51:917][318]LogShaderCompilers: Display: Shaders left to compile 13
[2018.08.30-04.04.51:917][318]LogShaderCompilers: Display: Shaders left to compile 12
[2018.08.30-04.04.51:917][318]LogShaderCompilers: Display: Shaders left to compile 11
[2018.08.30-04.04.51:918][318]LogShaderCompilers: Display: Shaders left to compile 10
[2018.08.30-04.04.51:918][318]LogShaderCompilers: Display: Shaders left to compile 9
[2018.08.30-04.04.51:918][318]LogShaderCompilers: Display: Shaders left to compile 8
[2018.08.30-04.04.51:918][318]LogShaderCompilers: Display: Shaders left to compile 7
[2018.08.30-04.04.51:918][318]LogShaderCompilers: Display: Shaders left to compile 6
[2018.08.30-04.04.51:918][318]LogShaderCompilers: Display: Shaders left to compile 5
[2018.08.30-04.04.51:918][318]LogShaderCompilers: Display: Shaders left to compile 4
[2018.08.30-04.04.51:918][318]LogShaderCompilers: Display: Shaders left to compile 3
[2018.08.30-04.04.51:918][318]LogShaderCompilers: Display: Shaders left to compile 2
[2018.08.30-04.04.51:918][318]LogShaderCompilers: Display: Shaders left to compile 1
[2018.08.30-04.04.51:918][318]TextureStreamingBuild: Display: Compiling optional shaders took 3.617 seconds.
[2018.08.30-04.04.52:136][318]LogLevel: Display: Export Material TexCoord Scales took 0.218 seconds.
[2018.08.30-04.04.52:171][318]TextureStreamingBuild: Display: Build Texture Streaming took 0.035 seconds.
[2018.08.30-04.04.52:198][318]LightingResults: New page: Lighting Build - Aug 29, 2018, 8:04:52 PM
[2018.08.30-04.04.52:285][318]LightingResults: Warning: InstancedFoliageActor_0 The total lightmap size for this InstancedStaticMeshComponent is large, consider reducing the component's lightmap resolution or number of mesh instances in this component
[2018.08.30-04.04.52:353][318]LogSwarmInterface: [OpenConnection] Registering TCP channel ...
[2018.08.30-04.04.52:470][318]LogSwarmInterface: [OpenConnection] Connecting to agent ...
[2018.08.30-04.04.52:483][318]LogSwarmInterface: [TryOpenConnection] Testing the Agent
[2018.08.30-04.04.52:998][318]LogSwarmInterface: [TryOpenConnection] Opening Connection to Agent
[2018.08.30-04.04.52:998][318]LogSwarmInterface: [TryOpenConnection] Local Process ID is 2516
[2018.08.30-04.04.55:527][318]LogStaticLightingSystem: Running Lightmass w/ ImmediateImport mode ENABLED
[2018.08.30-04.04.55:527][318]LogStaticLightingSystem: Running Lightmass w/ ImmediateProcess mode ENABLED
[2018.08.30-04.04.55:527][318]LogStaticLightingSystem: Running Lightmass w/ Sorting mode ENABLED
[2018.08.30-04.04.55:527][318]LogStaticLightingSystem: Running Lightmass w/ Mapping paddings ENABLED
[2018.08.30-04.04.55:527][318]LogStaticLightingSystem: Running Lightmass w/ Mapping debug paddings DISABLED
[2018.08.30-04.04.59:191][318]Cmd: MAP CHECK DONTDISPLAYDIALOG
[2018.08.30-04.04.59:191][318]MapCheck: New page: ThirdPersonExampleMap - Aug 29, 2018, 8:04:59 PM
[2018.08.30-04.04.59:191][318]MapCheck: Error: WorldInfo_0 Maps need lighting rebuilt 
[2018.08.30-04.04.59:193][318]MapCheck: Warning: MUSCETS_BP_242 'aim_cursor_Sprite' has simple collision but is being scaled non-uniformly - collision creation will fail 
[2018.08.30-04.04.59:193][318]MapCheck: Warning: FLOOR_BP_134 Large actor receives a pre-shadow and will cause an extreme performance hit unless bCastDynamicShadow is set to false. 
[2018.08.30-04.04.59:548][318]MapCheck: Map check complete: 1 Error(s), 2 Warning(s), took 356.507ms to complete.
[2018.08.30-04.04.59:572][318]LogEditorBuildUtils: Build time 0:11
[2018.08.30-04.04.59:741][319]LogMaterial: Missing cached shader map for material FLightmassMaterialRenderer Material__30, compiling. 
[2018.08.30-04.04.59:753][319]LogMaterial: Missing cached shader map for material FLightmassMaterialRenderer Material__30, compiling. 
[2018.08.30-04.05.00:304][319]LogShaderCompilers: Display: Shaders left to compile 4
