Log file open, 08/31/18 22:52:54
LogWindows: Failed to load 'aqProf.dll' (GetLastError=126)
LogWindows: File 'aqProf.dll' does not exist
LogWindows: Failed to load 'VtuneApi.dll' (GetLastError=126)
LogWindows: File 'VtuneApi.dll' does not exist
LogWindows: Failed to load 'VtuneApi32e.dll' (GetLastError=126)
LogWindows: File 'VtuneApi32e.dll' does not exist
LogInit: Display: Running engine for game: farmerVSzombies
LogPlatformFile: Not using cached read wrapper
LogInit: Display: RandInit(1071493284) SRandInit(1071493284).
LogInit: Read version file with build ID '3944462'
LogInit: Overriding engine version to CL 4033788, compatible CL 3944462
LogInit: Registered custom module enumerator with build ID '3944462'
LogTaskGraph: Started task graph with 5 named threads and 35 total threads with 3 sets of task threads.
LogStats: Stats thread started at 0.415081
LogD3D11RHI: Aftermath initialized
LogICUInternationalization: Display: ICU TimeZone Detection - Raw Offset: -5:00, Platform Override: ''
LogModuleManager: Display: Found up-to-date module file ../../../Engine/Plugins/2D/Paper2D/Binaries/Win64/UE4Editor-Paper2D.dll (API version 3944462).
LogModuleManager: Display: Found up-to-date module file ../../../Engine/Plugins/2D/Paper2D/Binaries/Win64/UE4Editor-Paper2DEditor.dll (API version 3944462).
LogModuleManager: Display: Found up-to-date module file ../../../Engine/Plugins/2D/Paper2D/Binaries/Win64/UE4Editor-PaperSpriteSheetImporter.dll (API version 3944462).
LogModuleManager: Display: Found up-to-date module file ../../../Engine/Plugins/2D/Paper2D/Binaries/Win64/UE4Editor-PaperTiledImporter.dll (API version 3944462).
LogModuleManager: Display: Found up-to-date module file ../../../Engine/Plugins/2D/Paper2D/Binaries/Win64/UE4Editor-SmartSnapping.dll (API version 3944462).
LogModuleManager: Display: Found up-to-date module file ../../../Engine/Plugins/Blendables/LightPropagationVolume/Binaries/Win64/UE4Editor-LightPropagationVolumeRuntime.dll (API version 3944462).
LogModuleManager: Display: Found up-to-date module file ../../../Engine/Plugins/Blendables/LightPropagationVolume/Binaries/Win64/UE4Editor-LightPropagationVolumeEditor.dll (API version 3944462).
LogModuleManager: Display: Found up-to-date module file ../../../Engine/Plugins/Developer/CLionSourceCodeAccess/Binaries/Win64/UE4Editor-CLionSourceCodeAccess.dll (API version 3944462).
LogModuleManager: Display: Found up-to-date module file ../../../Engine/Plugins/Developer/GitSourceControl/Binaries/Win64/UE4Editor-GitSourceControl.dll (API version 3944462).
LogModuleManager: Display: Found up-to-date module file ../../../Engine/Plugins/Developer/PerforceSourceControl/Binaries/Win64/UE4Editor-PerforceSourceControl.dll (API version 3944462).
LogModuleManager: Display: Found up-to-date module file ../../../Engine/Plugins/Developer/SubversionSourceControl/Binaries/Win64/UE4Editor-SubversionSourceControl.dll (API version 3944462).
LogModuleManager: Display: Found up-to-date module file ../../../Engine/Plugins/Developer/UObjectPlugin/Binaries/Win64/UE4Editor-UObjectPlugin.dll (API version 3944462).
LogModuleManager: Display: Found up-to-date module file ../../../Engine/Plugins/Developer/VisualStudioCodeSourceCodeAccess/Binaries/Win64/UE4Editor-VisualStudioCodeSourceCodeAccess.dll (API version 3944462).
LogModuleManager: Display: Found up-to-date module file ../../../Engine/Plugins/Developer/VisualStudioSourceCodeAccess/Binaries/Win64/UE4Editor-VisualStudioSourceCodeAccess.dll (API version 3944462).
LogModuleManager: Display: Found up-to-date module file ../../../Engine/Plugins/Editor/AssetManagerEditor/Binaries/Win64/UE4Editor-AssetManagerEditor.dll (API version 3944462).
LogModuleManager: Display: Found up-to-date module file ../../../Engine/Plugins/Editor/CryptoKeys/Binaries/Win64/UE4Editor-CryptoKeys.dll (API version 3944462).
LogModuleManager: Display: Found up-to-date module file ../../../Engine/Plugins/Editor/CryptoKeys/Binaries/Win64/UE4Editor-CryptoKeysOpenSSL.dll (API version 3944462).
LogModuleManager: Display: Found up-to-date module file ../../../Engine/Plugins/Editor/DataValidation/Binaries/Win64/UE4Editor-DataValidation.dll (API version 3944462).
LogModuleManager: Display: Found up-to-date module file ../../../Engine/Plugins/Editor/FacialAnimation/Binaries/Win64/UE4Editor-FacialAnimation.dll (API version 3944462).
LogModuleManager: Display: Found up-to-date module file ../../../Engine/Plugins/Editor/FacialAnimation/Binaries/Win64/UE4Editor-FacialAnimationEditor.dll (API version 3944462).
LogModuleManager: Display: Found up-to-date module file ../../../Engine/Plugins/Editor/GameplayTagsEditor/Binaries/Win64/UE4Editor-GameplayTagsEditor.dll (API version 3944462).
LogModuleManager: Display: Found up-to-date module file ../../../Engine/Plugins/Editor/MobileLauncherProfileWizard/Binaries/Win64/UE4Editor-MobileLauncherProfileWizard.dll (API version 3944462).
LogModuleManager: Display: Found up-to-date module file ../../../Engine/Plugins/Editor/PluginBrowser/Binaries/Win64/UE4Editor-PluginBrowser.dll (API version 3944462).
LogModuleManager: Display: Found up-to-date module file ../../../Engine/Plugins/Editor/SpeedTreeImporter/Binaries/Win64/UE4Editor-SpeedTreeImporter.dll (API version 3944462).
LogModuleManager: Display: Found up-to-date module file ../../../Engine/Plugins/Enterprise/DatasmithContent/Binaries/Win64/UE4Editor-DatasmithContent.dll (API version 3944462).
LogModuleManager: Display: Found up-to-date module file ../../../Engine/Plugins/Experimental/AlembicImporter/Binaries/Win64/UE4Editor-AlembicImporter.dll (API version 3944462).
LogModuleManager: Display: Found up-to-date module file ../../../Engine/Plugins/Experimental/AlembicImporter/Binaries/Win64/UE4Editor-AlembicLibrary.dll (API version 3944462).
LogModuleManager: Display: Found up-to-date module file ../../../Engine/Plugins/Experimental/CharacterAI/Binaries/Win64/UE4Editor-CharacterAI.dll (API version 3944462).
LogModuleManager: Display: Found up-to-date module file ../../../Engine/Plugins/Experimental/HTML5Networking/Binaries/Win64/UE4Editor-HTML5Networking.dll (API version 3944462).
LogModuleManager: Display: Found up-to-date module file ../../../Engine/Plugins/Media/AndroidMedia/Binaries/Win64/UE4Editor-AndroidMediaEditor.dll (API version 3944462).
LogModuleManager: Display: Found up-to-date module file ../../../Engine/Plugins/Media/AndroidMedia/Binaries/Win64/UE4Editor-AndroidMediaFactory.dll (API version 3944462).
LogModuleManager: Display: Found up-to-date module file ../../../Engine/Plugins/Media/AvfMedia/Binaries/Win64/UE4Editor-AvfMediaEditor.dll (API version 3944462).
LogModuleManager: Display: Found up-to-date module file ../../../Engine/Plugins/Media/AvfMedia/Binaries/Win64/UE4Editor-AvfMediaFactory.dll (API version 3944462).
LogModuleManager: Display: Found up-to-date module file ../../../Engine/Plugins/Media/AvfMedia/Binaries/Win64/UE4Editor-AvfMediaFactory.dll (API version 3944462).
LogModuleManager: Display: Found up-to-date module file ../../../Engine/Plugins/Media/ImgMedia/Binaries/Win64/UE4Editor-ImgMedia.dll (API version 3944462).
LogModuleManager: Display: Found up-to-date module file ../../../Engine/Plugins/Media/ImgMedia/Binaries/Win64/UE4Editor-ImgMediaEditor.dll (API version 3944462).
LogModuleManager: Display: Found up-to-date module file ../../../Engine/Plugins/Media/ImgMedia/Binaries/Win64/UE4Editor-ImgMediaFactory.dll (API version 3944462).
LogModuleManager: Display: Found up-to-date module file ../../../Engine/Plugins/Media/ImgMedia/Binaries/Win64/UE4Editor-ImgMediaFactory.dll (API version 3944462).
LogModuleManager: Display: Found up-to-date module file ../../../Engine/Plugins/Media/ImgMedia/Binaries/Win64/UE4Editor-OpenExrWrapper.dll (API version 3944462).
LogModuleManager: Display: Found up-to-date module file ../../../Engine/Plugins/Media/LinearTimecode/Binaries/Win64/UE4Editor-LinearTimecode.dll (API version 3944462).
LogModuleManager: Display: Found up-to-date module file ../../../Engine/Plugins/Media/MediaCompositing/Binaries/Win64/UE4Editor-MediaCompositing.dll (API version 3944462).
LogModuleManager: Display: Found up-to-date module file ../../../Engine/Plugins/Media/MediaCompositing/Binaries/Win64/UE4Editor-MediaCompositingEditor.dll (API version 3944462).
LogModuleManager: Display: Found up-to-date module file ../../../Engine/Plugins/Media/MediaPlayerEditor/Binaries/Win64/UE4Editor-MediaPlayerEditor.dll (API version 3944462).
LogModuleManager: Display: Found up-to-date module file ../../../Engine/Plugins/Media/WmfMedia/Binaries/Win64/UE4Editor-WmfMedia.dll (API version 3944462).
LogModuleManager: Display: Found up-to-date module file ../../../Engine/Plugins/Media/WmfMedia/Binaries/Win64/UE4Editor-WmfMediaEditor.dll (API version 3944462).
LogModuleManager: Display: Found up-to-date module file ../../../Engine/Plugins/Media/WmfMedia/Binaries/Win64/UE4Editor-WmfMediaFactory.dll (API version 3944462).
LogModuleManager: Display: Found up-to-date module file ../../../Engine/Plugins/Media/WmfMedia/Binaries/Win64/UE4Editor-WmfMediaFactory.dll (API version 3944462).
LogModuleManager: Display: Found up-to-date module file ../../../Engine/Plugins/Messaging/TcpMessaging/Binaries/Win64/UE4Editor-TcpMessaging.dll (API version 3944462).
LogModuleManager: Display: Found up-to-date module file ../../../Engine/Plugins/Messaging/UdpMessaging/Binaries/Win64/UE4Editor-UdpMessaging.dll (API version 3944462).
LogModuleManager: Display: Found up-to-date module file ../../../Engine/Plugins/MovieScene/ActorSequence/Binaries/Win64/UE4Editor-ActorSequence.dll (API version 3944462).
LogModuleManager: Display: Found up-to-date module file ../../../Engine/Plugins/MovieScene/LevelSequenceEditor/Binaries/Win64/UE4Editor-LevelSequenceEditor.dll (API version 3944462).
LogModuleManager: Display: Found up-to-date module file ../../../Engine/Plugins/MovieScene/MatineeToLevelSequence/Binaries/Win64/UE4Editor-MatineeToLevelSequence.dll (API version 3944462).
LogModuleManager: Display: Found up-to-date module file ../../../Engine/Plugins/NetcodeUnitTest/NetcodeUnitTest/Binaries/Win64/UE4Editor-NetcodeUnitTest.dll (API version 3944462).
LogModuleManager: Display: Found up-to-date module file ../../../Engine/Plugins/NetcodeUnitTest/NUTUnrealEngine4/Binaries/Win64/UE4Editor-NUTUnrealEngine4.dll (API version 3944462).
LogModuleManager: Display: Found up-to-date module file ../../../Engine/Plugins/Online/OnlineSubsystem/Binaries/Win64/UE4Editor-OnlineSubsystem.dll (API version 3944462).
LogModuleManager: Display: Found up-to-date module file ../../../Engine/Plugins/Runtime/AndroidPermission/Binaries/Win64/UE4Editor-AndroidPermission.dll (API version 3944462).
LogModuleManager: Display: Found up-to-date module file ../../../Engine/Plugins/Online/OnlineSubsystemNull/Binaries/Win64/UE4Editor-OnlineSubsystemNull.dll (API version 3944462).
LogModuleManager: Display: Found up-to-date module file ../../../Engine/Plugins/Online/OnlineSubsystemUtils/Binaries/Win64/UE4Editor-OnlineSubsystemUtils.dll (API version 3944462).
LogModuleManager: Display: Found up-to-date module file ../../../Engine/Plugins/Online/OnlineSubsystemUtils/Binaries/Win64/UE4Editor-OnlineBlueprintSupport.dll (API version 3944462).
LogModuleManager: Display: Found up-to-date module file ../../../Engine/Plugins/Runtime/AndroidDeviceProfileSelector/Binaries/Win64/UE4Editor-AndroidDeviceProfileSelector.dll (API version 3944462).
LogModuleManager: Display: Found up-to-date module file ../../../Engine/Plugins/Runtime/AppleARKit/Binaries/Win64/UE4Editor-AppleARKit.dll (API version 3944462).
LogModuleManager: Display: Found up-to-date module file ../../../Engine/Plugins/Runtime/ProceduralMeshComponent/Binaries/Win64/UE4Editor-ProceduralMeshComponent.dll (API version 3944462).
LogModuleManager: Display: Found up-to-date module file ../../../Engine/Plugins/Runtime/ProceduralMeshComponent/Binaries/Win64/UE4Editor-ProceduralMeshComponentEditor.dll (API version 3944462).
LogModuleManager: Display: Found up-to-date module file ../../../Engine/Plugins/Animation/LiveLink/Binaries/Win64/UE4Editor-LiveLink.dll (API version 3944462).
LogModuleManager: Display: Found up-to-date module file ../../../Engine/Plugins/Animation/LiveLink/Binaries/Win64/UE4Editor-LiveLinkEditor.dll (API version 3944462).
LogModuleManager: Display: Found up-to-date module file ../../../Engine/Plugins/Runtime/ArchVisCharacter/Binaries/Win64/UE4Editor-ArchVisCharacter.dll (API version 3944462).
LogModuleManager: Display: Found up-to-date module file ../../../Engine/Plugins/Runtime/AudioCapture/Binaries/Win64/UE4Editor-AudioCapture.dll (API version 3944462).
LogModuleManager: Display: Found up-to-date module file ../../../Engine/Plugins/Runtime/AudioCapture/Binaries/Win64/UE4Editor-AudioCaptureEditor.dll (API version 3944462).
LogModuleManager: Display: Found up-to-date module file ../../../Engine/Plugins/Runtime/CableComponent/Binaries/Win64/UE4Editor-CableComponent.dll (API version 3944462).
LogModuleManager: Display: Found up-to-date module file ../../../Engine/Plugins/Runtime/CustomMeshComponent/Binaries/Win64/UE4Editor-CustomMeshComponent.dll (API version 3944462).
LogModuleManager: Display: Found up-to-date module file ../../../Engine/Plugins/Runtime/ExampleDeviceProfileSelector/Binaries/Win64/UE4Editor-ExampleDeviceProfileSelector.dll (API version 3944462).
LogModuleManager: Display: Found up-to-date module file ../../../Engine/Plugins/Runtime/ImmediatePhysics/Binaries/Win64/UE4Editor-ImmediatePhysics.dll (API version 3944462).
LogModuleManager: Display: Found up-to-date module file ../../../Engine/Plugins/Runtime/ImmediatePhysics/Binaries/Win64/UE4Editor-ImmediatePhysicsEditor.dll (API version 3944462).
LogModuleManager: Display: Found up-to-date module file ../../../Engine/Plugins/Runtime/LocationServicesBPLibrary/Binaries/Win64/UE4Editor-LocationServicesBPLibrary.dll (API version 3944462).
LogModuleManager: Display: Found up-to-date module file ../../../Engine/Plugins/Runtime/MobilePatchingUtils/Binaries/Win64/UE4Editor-MobilePatchingUtils.dll (API version 3944462).
LogModuleManager: Display: Found up-to-date module file ../../../Engine/Plugins/Runtime/Oculus/OculusVR/Binaries/Win64/UE4Editor-OculusHMD.dll (API version 3944462).
LogModuleManager: Display: Found up-to-date module file ../../../Engine/Plugins/Runtime/Oculus/OculusVR/Binaries/Win64/UE4Editor-OculusInput.dll (API version 3944462).
LogModuleManager: Display: Found up-to-date module file ../../../Engine/Plugins/Runtime/Oculus/OculusVR/Binaries/Win64/UE4Editor-OculusEditor.dll (API version 3944462).
LogModuleManager: Display: Found up-to-date module file ../../../Engine/Plugins/Runtime/PhysXVehicles/Binaries/Win64/UE4Editor-PhysXVehicles.dll (API version 3944462).
LogModuleManager: Display: Found up-to-date module file ../../../Engine/Plugins/Runtime/PhysXVehicles/Binaries/Win64/UE4Editor-PhysXVehiclesEditor.dll (API version 3944462).
LogModuleManager: Display: Found up-to-date module file ../../../Engine/Plugins/Runtime/RuntimePhysXCooking/Binaries/Win64/UE4Editor-RuntimePhysXCooking.dll (API version 3944462).
LogModuleManager: Display: Found up-to-date module file ../../../Engine/Plugins/Runtime/Steam/SteamVR/Binaries/Win64/UE4Editor-SteamVR.dll (API version 3944462).
LogModuleManager: Display: Found up-to-date module file ../../../Engine/Plugins/Runtime/Steam/SteamVR/Binaries/Win64/UE4Editor-SteamVRController.dll (API version 3944462).
LogModuleManager: Display: Found up-to-date module file ../../../Engine/Plugins/Runtime/WindowsMoviePlayer/Binaries/Win64/UE4Editor-WindowsMoviePlayer.dll (API version 3944462).
LogPluginManager: Mounting plugin Paper2D
LogPluginManager: Mounting plugin LiveLink
LogPluginManager: Mounting plugin LightPropagationVolume
LogPluginManager: Mounting plugin CLionSourceCodeAccess
LogPluginManager: Mounting plugin CodeLiteSourceCodeAccess
LogPluginManager: Mounting plugin GitSourceControl
LogPluginManager: Mounting plugin KDevelopSourceCodeAccess
LogPluginManager: Mounting plugin NullSourceCodeAccess
LogPluginManager: Mounting plugin PerforceSourceControl
LogPluginManager: Mounting plugin SubversionSourceControl
LogPluginManager: Mounting plugin UObjectPlugin
LogPluginManager: Mounting plugin VisualStudioCodeSourceCodeAccess
LogPluginManager: Mounting plugin VisualStudioSourceCodeAccess
LogPluginManager: Mounting plugin XCodeSourceCodeAccess
LogPluginManager: Mounting plugin AssetManagerEditor
LogPluginManager: Mounting plugin CryptoKeys
LogPluginManager: Mounting plugin DataValidation
LogPluginManager: Mounting plugin FacialAnimation
LogPluginManager: Mounting plugin GameplayTagsEditor
LogPluginManager: Mounting plugin MobileLauncherProfileWizard
LogPluginManager: Mounting plugin PluginBrowser
LogPluginManager: Mounting plugin SpeedTreeImporter
LogPluginManager: Mounting plugin DatasmithContent
LogPluginManager: Mounting plugin AlembicImporter
LogPluginManager: Mounting plugin CharacterAI
LogPluginManager: Mounting plugin HTML5Networking
LogPluginManager: Mounting plugin AndroidMedia
LogPluginManager: Mounting plugin AvfMedia
LogPluginManager: Mounting plugin ImgMedia
LogPluginManager: Mounting plugin LinearTimecode
LogPluginManager: Mounting plugin MediaCompositing
LogPluginManager: Mounting plugin MediaPlayerEditor
LogPluginManager: Mounting plugin WmfMedia
LogPluginManager: Mounting plugin TcpMessaging
LogPluginManager: Mounting plugin UdpMessaging
LogPluginManager: Mounting plugin ActorSequence
LogPluginManager: Mounting plugin LevelSequenceEditor
LogPluginManager: Mounting plugin MatineeToLevelSequence
LogPluginManager: Mounting plugin NetcodeUnitTest
LogPluginManager: Mounting plugin NUTUnrealEngine4
LogPluginManager: Mounting plugin OnlineSubsystemGooglePlay
LogPluginManager: Mounting plugin OnlineSubsystemIOS
LogPluginManager: Mounting plugin OnlineSubsystem
LogPluginManager: Mounting plugin OnlineSubsystemNull
LogPluginManager: Mounting plugin OnlineSubsystemUtils
LogPluginManager: Mounting plugin AndroidDeviceProfileSelector
LogPluginManager: Mounting plugin AndroidMoviePlayer
LogPluginManager: Mounting plugin AndroidPermission
LogPluginManager: Mounting plugin AppleARKit
LogPluginManager: Mounting plugin AppleMoviePlayer
LogPluginManager: Mounting plugin ArchVisCharacter
LogPluginManager: Mounting plugin AudioCapture
LogPluginManager: Mounting plugin CableComponent
LogPluginManager: Mounting plugin CustomMeshComponent
LogPluginManager: Mounting plugin ExampleDeviceProfileSelector
LogPluginManager: Mounting plugin GoogleCloudMessaging
LogPluginManager: Mounting plugin ImmediatePhysics
LogPluginManager: Mounting plugin IOSDeviceProfileSelector
LogPluginManager: Mounting plugin LinuxDeviceProfileSelector
LogPluginManager: Mounting plugin LocationServicesBPLibrary
LogPluginManager: Mounting plugin MobilePatchingUtils
LogPluginManager: Mounting plugin OculusVR
LogPluginManager: Plugin shader directory ../../../Engine/Plugins/Runtime/Oculus/OculusVR/Shaders found
LogPluginManager: Mapping shader source directory ../../../Engine/Plugins/Runtime/Oculus/OculusVR/Shaders to virtual directory /Plugin/OculusVR
LogPluginManager: Mounting plugin PhysXVehicles
LogPluginManager: Mounting plugin ProceduralMeshComponent
LogPluginManager: Mounting plugin RuntimePhysXCooking
LogPluginManager: Mounting plugin SteamVR
LogPluginManager: Mounting plugin WindowsMoviePlayer
LogStreaming: Display: Took  1.030s to configure plugins.
LogInit: Using libcurl 7.47.1
LogInit:  - built for x86_64-pc-win32
LogInit:  - supports SSL with OpenSSL/1.0.2g
LogInit:  - supports HTTP deflate (compression) using libz 1.2.8
LogInit:  - other features:
LogInit:      CURL_VERSION_SSL
LogInit:      CURL_VERSION_LIBZ
LogInit:      CURL_VERSION_IPV6
LogInit:      CURL_VERSION_ASYNCHDNS
LogInit:      CURL_VERSION_LARGEFILE
LogInit:      CURL_VERSION_IDN
LogInit:  CurlRequestOptions (configurable via config and command line):
LogInit:  - bVerifyPeer = false  - Libcurl will NOT verify peer certificate
LogInit:  - bUseHttpProxy = false  - Libcurl will NOT use HTTP proxy
LogInit:  - bDontReuseConnections = false  - Libcurl will reuse connections
LogInit:  - CertBundlePath = nullptr  - Libcurl will use whatever was configured at build time.
LogInit:  - MaxHostConnections = 16  - Libcurl will limit the number of connections to a host
LogInit:  - LocalHostAddr = Default
LogInit: WinSock: version 1.1 (2.2), MaxSocks=32767, MaxUdp=65467
LogInit: WinSock: I am DESKTOP-J54LIC6 (192.168.1.39:0)
LogInit: Build: ++UE4+Release-4.19-CL-4033788
LogInit: Engine Version: 4.19.2-4033788+++UE4+Release-4.19
LogInit: Compatible Engine Version: 4.19.0-3944462+++UE4+Release-4.19
LogInit: Net CL: 3944462
LogDevObjectVersion: Number of dev versions registered: 18
LogDevObjectVersion:   Dev-Blueprints (B0D832E4-1F89-4F0D-ACCF-7EB736FD4AA2): 10
LogDevObjectVersion:   Dev-Build (E1C64328-A22C-4D53-A36C-8E866417BD8C): 0
LogDevObjectVersion:   Dev-Core (375EC13C-06E4-48FB-B500-84F0262A717E): 2
LogDevObjectVersion:   Dev-Editor (E4B068ED-F494-42E9-A231-DA0B2E46BB41): 23
LogDevObjectVersion:   Dev-Framework (CFFC743F-43B0-4480-9391-14DF171D2073): 33
LogDevObjectVersion:   Dev-Mobile (B02B49B5-BB20-44E9-A304-32B752E40360): 2
LogDevObjectVersion:   Dev-Networking (A4E4105C-59A1-49B5-A7C5-40C4547EDFEE): 0
LogDevObjectVersion:   Dev-Online (39C831C9-5AE6-47DC-9A44-9C173E1C8E7C): 0
LogDevObjectVersion:   Dev-Physics (78F01B33-EBEA-4F98-B9B4-84EACCB95AA2): 0
LogDevObjectVersion:   Dev-Platform (6631380F-2D4D-43E0-8009-CF276956A95A): 0
LogDevObjectVersion:   Dev-Rendering (12F88B9F-8875-4AFC-A67C-D90C383ABD29): 25
LogDevObjectVersion:   Dev-Sequencer (7B5AE74C-D270-4C10-A958-57980B212A5A): 6
LogDevObjectVersion:   Dev-VR (D7296918-1DD6-4BDD-9DE2-64A83CC13884): 1
LogDevObjectVersion:   Dev-LoadTimes (C2A15278-BFE7-4AFE-6C17-90FF531DF755): 1
LogDevObjectVersion:   Private-Geometry (6EACA3D4-40EC-4CC1-B786-8BED09428FC5): 2
LogDevObjectVersion:   Dev-AnimPhys (29E575DD-E0A3-4627-9D10-D276232CDCEA): 16
LogDevObjectVersion:   Dev-ReflectionCapture (6B266CEC-1EC7-4B8F-A30B-E4D90942FC07): 1
LogDevObjectVersion:   Dev-Automation (0DF73D61-A23F-47EA-B727-89E90C41499A): 1
LogInit: Compiled (64-bit): Apr 27 2018 02:06:57
LogInit: Compiled with Visual C++: 19.00.24215.01
LogInit: Build Configuration: Development
LogInit: Branch Name: ++UE4+Release-4.19
LogInit: Command Line:  /Game/ThirdPersonBP/Maps/ThirdPersonExampleMap -game -PIEVIACONSOLE -ResX=1280 -ResY=720  -Multiprocess -messaging -SessionName="Play in Standalone Game" -windowed 
LogInit: Base Directory: D:/GameDev/UE4/Epic Games/UE_4.19/Engine/Binaries/Win64/
LogInit: Installed Engine Build: 1
LogStreaming: Display: Took  0.002s to delete old logs.
LogInit: Presizing for max 8388607 objects, including 0 objects not considered by GC, pre-allocating 0 bytes for permanent pool.
LogInit: Object subsystem initialized
[2018.09.01-02.52.55:485][  0]LogInit: Selected Device Profile: [Windows]
[2018.09.01-02.52.55:485][  0]LogInit: Applying CVar settings loaded from the selected device profile: [Windows]
[2018.09.01-02.52.55:492][  0]LogInit: Computer: DESKTOP-J54LIC6
[2018.09.01-02.52.55:492][  0]LogInit: User: Canados
[2018.09.01-02.52.55:492][  0]LogInit: CPU Page size=4096, Cores=6
[2018.09.01-02.52.55:492][  0]LogInit: High frequency timer resolution =2.156246 MHz
[2018.09.01-02.52.55:492][  0]LogMemory: Memory total: Physical=15.9GB (16GB approx)
[2018.09.01-02.52.55:492][  0]LogMemory: Platform Memory Stats for Windows
[2018.09.01-02.52.55:492][  0]LogMemory: Process Physical Memory: 276.05 MB used, 276.05 MB peak
[2018.09.01-02.52.55:492][  0]LogMemory: Process Virtual Memory: 271.75 MB used, 271.75 MB peak
[2018.09.01-02.52.55:492][  0]LogMemory: Physical Memory: 7884.84 MB used,  8358.03 MB free, 16242.87 MB total
[2018.09.01-02.52.55:492][  0]LogMemory: Virtual Memory: 4815.98 MB used,  8358.03 MB free, 134217728.00 MB total
[2018.09.01-02.52.55:999][  0]LogInit: Using OS detected language (en-US).
[2018.09.01-02.52.55:999][  0]LogInit: Using OS detected locale (en-CA).
[2018.09.01-02.52.55:999][  0]LogTextLocalizationManager: No localization for 'en-US' exists, so 'en' will be used for the language.
[2018.09.01-02.52.56:000][  0]LogTextLocalizationManager: No localization for 'en-CA' exists, so 'en' will be used for the locale.
[2018.09.01-02.52.56:413][  0]LogStreaming: Display: Took  0.414s to EndInitTextLocalization.
[2018.09.01-02.52.56:452][  0]LogSlate: New Slate User Created.  User Index 0, Is Virtual User: 0
[2018.09.01-02.52.56:452][  0]LogSlate: Slate User Registered.  User Index 0, Is Virtual User: 0
[2018.09.01-02.52.56:465][  0]LogD3D11RHI: D3D11 adapters:
[2018.09.01-02.52.56:529][  0]LogD3D11RHI:    0. 'NVIDIA GeForce GTX 1060' (Feature Level 11_0)
[2018.09.01-02.52.56:529][  0]LogD3D11RHI:       6061/0/8121 MB DedicatedVideo/DedicatedSystem/SharedSystem, Outputs:2, VendorId:0x10de
[2018.09.01-02.52.56:559][  0]LogD3D11RHI:    1. 'Intel(R) UHD Graphics 630' (Feature Level 11_0)
[2018.09.01-02.52.56:559][  0]LogD3D11RHI:       128/0/8121 MB DedicatedVideo/DedicatedSystem/SharedSystem, Outputs:0, VendorId:0x8086
[2018.09.01-02.52.56:561][  0]LogD3D11RHI:    2. 'Microsoft Basic Render Driver' (Feature Level 11_0)
[2018.09.01-02.52.56:561][  0]LogD3D11RHI:       0/0/8121 MB DedicatedVideo/DedicatedSystem/SharedSystem, Outputs:0, VendorId:0x1414
[2018.09.01-02.52.56:561][  0]LogD3D11RHI: Chosen D3D11 Adapter: 0
[2018.09.01-02.52.56:570][  0]LogD3D11RHI: Creating new Direct3DDevice
[2018.09.01-02.52.56:570][  0]LogD3D11RHI:     GPU DeviceId: 0x1c60 (for the marketing name, search the web for "GPU Device Id")
[2018.09.01-02.52.56:570][  0]LogWindows: EnumDisplayDevices:
[2018.09.01-02.52.56:570][  0]LogWindows:    0. 'NVIDIA GeForce GTX 1060' (P:1 D:1)
[2018.09.01-02.52.56:570][  0]LogWindows:    1. 'NVIDIA GeForce GTX 1060' (P:0 D:1)
[2018.09.01-02.52.56:570][  0]LogWindows:    2. 'NVIDIA GeForce GTX 1060' (P:0 D:0)
[2018.09.01-02.52.56:570][  0]LogWindows:    3. 'NVIDIA GeForce GTX 1060' (P:0 D:0)
[2018.09.01-02.52.56:570][  0]LogWindows:    4. 'Intel(R) UHD Graphics 630' (P:0 D:0)
[2018.09.01-02.52.56:571][  0]LogWindows:    5. 'Intel(R) UHD Graphics 630' (P:0 D:0)
[2018.09.01-02.52.56:571][  0]LogWindows:    6. 'Intel(R) UHD Graphics 630' (P:0 D:0)
[2018.09.01-02.52.56:571][  0]LogWindows: DebugString: GetVideoDriverDetailsInvalid PrimaryIsNotTheChoosenAdapter GetVideoDriverDetailsInvalid PrimaryIsNotTheChoosenAdapter GetVideoDriverDetailsInvalid PrimaryIsNotTheChoosenAdapter GetVideoDriverDetailsInvalid PrimaryIsNotTheChoosenAdapter GetVideoDriverDetailsInvalid PrimaryIsNotTheChoosenAdapter GetVideoDriverDetailsInvalid PrimaryIsNotTheChoosenAdapter GetVideoDriverDetailsInvalid PrimaryIsNotTheChoosenAdapter FoundDriverCount:0 
[2018.09.01-02.52.56:571][  0]LogD3D11RHI:     Adapter Name: NVIDIA GeForce GTX 1060
[2018.09.01-02.52.56:571][  0]LogD3D11RHI:   Driver Version: Unknown (internal:Unknown, unified:Unknown)
[2018.09.01-02.52.56:571][  0]LogD3D11RHI:      Driver Date: Unknown
[2018.09.01-02.52.56:571][  0]LogRHI: Texture pool is 4242 MB (70% of 6061 MB)
[2018.09.01-02.52.56:604][  0]LogD3D11RHI: [Aftermath] Aftermath enabled and primed
[2018.09.01-02.52.56:604][  0]LogD3D11RHI: [Aftermath] Aftermath enabled and primed
[2018.09.01-02.52.56:604][  0]LogD3D11RHI: Async texture creation enabled
[2018.09.01-02.52.56:617][  0]LogD3D11RHI: GPU Timing Frequency: 1000.000000 (Debug: 2 1)
[2018.09.01-02.52.56:719][  0]LogShaderCompilers: Guid format shader working directory is 2 characters bigger than the processId version (../../../../../Unreal_Projects/farmerVSzombies/Intermediate/Shaders/WorkingDirectory/6768/).
[2018.09.01-02.52.56:720][  0]LogShaderCompilers: Cleaned the shader compiler working directory 'C:/Users/Canados/AppData/Local/Temp/UnrealShaderWorkingDir/B1DBA22B4DD504DEBF0E2A85BD642E8A/'.
[2018.09.01-02.52.56:973][  0]LogTemp: Display: Loaded TP WindowsClientTargetPlatform
[2018.09.01-02.52.56:987][  0]LogTemp: Display: Loaded TP WindowsNoEditorTargetPlatform
[2018.09.01-02.52.57:000][  0]LogTemp: Display: Loaded TP WindowsServerTargetPlatform
[2018.09.01-02.52.57:013][  0]LogTemp: Display: Loaded TP WindowsTargetPlatform
[2018.09.01-02.52.57:013][  0]LogTargetPlatformManager: Display: Building Assets For Windows
[2018.09.01-02.52.57:138][  0]LogXGEController: Cannot use XGE Controller as Incredibuild is not installed on this machine.
[2018.09.01-02.52.57:138][  0]LogShaderCompilers: Cannot use XGE Shader Compiler as Incredibuild is not installed on this machine.
[2018.09.01-02.52.57:138][  0]LogShaderCompilers: Display: Using Local Shader Compiler.
[2018.09.01-02.52.58:003][  0]LogDerivedDataCache: Display: Max Cache Size: 512 MB
[2018.09.01-02.52.58:071][  0]LogDerivedDataCache: Loaded boot cache 0.07s 74MB C:/Users/Canados/AppData/Local/UnrealEngine/4.19/DerivedDataCache/Boot.ddc.
[2018.09.01-02.52.58:071][  0]LogDerivedDataCache: Display: Loaded Boot cache: C:/Users/Canados/AppData/Local/UnrealEngine/4.19/DerivedDataCache/Boot.ddc
[2018.09.01-02.52.58:071][  0]LogDerivedDataCache: FDerivedDataBackendGraph:  Pak pak cache file ../../../../../Unreal_Projects/farmerVSzombies/DerivedDataCache/DDC.ddp not found, will not use a pak cache.
[2018.09.01-02.52.58:071][  0]LogDerivedDataCache: Unable to find inner node Pak for hierarchical cache Hierarchy.
[2018.09.01-02.52.58:071][  0]LogDerivedDataCache: FDerivedDataBackendGraph:  CompressedPak pak cache file ../../../../../Unreal_Projects/farmerVSzombies/DerivedDataCache/Compressed.ddp not found, will not use a pak cache.
[2018.09.01-02.52.58:071][  0]LogDerivedDataCache: Unable to find inner node CompressedPak for hierarchical cache Hierarchy.
[2018.09.01-02.52.58:087][  0]LogDerivedDataCache: Display: Pak cache opened for reading ../../../Engine/DerivedDataCache/Compressed.ddp.
[2018.09.01-02.52.58:101][  0]LogDerivedDataCache: Using Local data cache path C:/Users/Canados/AppData/Local/UnrealEngine/Common/DerivedDataCache: Writable
[2018.09.01-02.52.58:101][  0]LogDerivedDataCache: Shared data cache path not found in *engine.ini, will not use an Shared cache.
[2018.09.01-02.52.58:101][  0]LogDerivedDataCache: Unable to find inner node Shared for hierarchical cache Hierarchy.
[2018.09.01-02.52.58:112][  0]LogMaterial: Verifying Global Shaders for PCD3D_SM5
[2018.09.01-02.52.58:119][  0]LogSlate: Using Freetype 2.6.0
[2018.09.01-02.52.58:121][  0]LogSlate: SlateFontCache - WITH_FREETYPE: 1, WITH_HARFBUZZ: 1
[2018.09.01-02.52.58:121][  0]LogSlate: SlateFontCache - WITH_FREETYPE: 1, WITH_HARFBUZZ: 1
[2018.09.01-02.52.58:643][  0]LogAssetRegistry: FAssetRegistry took 0.0040 seconds to start up
[2018.09.01-02.52.58:812][  0]LogPackageLocalizationCache: Processed 9 localized package path(s) for 1 prioritized culture(s) in 0.007230 seconds
[2018.09.01-02.52.58:902][  0]LogInit: Selected Device Profile: [Windows]
[2018.09.01-02.52.59:051][  0]LogSimplygon: Simplygon DLL not present - disabling.
[2018.09.01-02.52.59:054][  0]LogMeshReduction: Using SimplygonSwarm for distributed automatic mesh merging
[2018.09.01-02.52.59:054][  0]LogMeshReduction: Using QuadricMeshReduction for automatic static mesh reduction
[2018.09.01-02.52.59:054][  0]LogMeshReduction: No automatic skeletal mesh reduction module available
[2018.09.01-02.52.59:054][  0]LogMeshReduction: No automatic mesh merging module available
[2018.09.01-02.52.59:054][  0]LogMeshMerging: No automatic mesh merging module available
[2018.09.01-02.52.59:092][  0]LogNetVersion: farmerVSzombies , NetCL: 3944462, EngineNetVer: 2, GameNetVer: 0 (Checksum: 3168997086)
[2018.09.01-02.53.00:021][  0]LogMoviePlayer: Initializing movie player
[2018.09.01-02.53.00:363][  0]LogTcpMessaging: Initializing TcpMessaging bridge
[2018.09.01-02.53.00:414][  0]LogUdpMessaging: Initializing bridge on interface 0.0.0.0:0 to multicast group 230.0.0.1:6666.
[2018.09.01-02.53.00:678][  0]SourceControl: Source control is disabled
[2018.09.01-02.53.00:678][  0]SourceControl: Source control is disabled
[2018.09.01-02.53.00:695][  0]SourceControl: Source control is disabled
[2018.09.01-02.53.01:100][  0]LogAndroidPermission: UAndroidPermissionCallbackProxy::GetInstance
[2018.09.01-02.53.01:315][  0]LogOcInput: OculusInput pre-init called
[2018.09.01-02.53.01:354][  0]LogUObjectArray: 40124 objects as part of root set at end of initial load.
[2018.09.01-02.53.01:354][  0]LogUObjectAllocator: 8364208 out of 0 bytes used by permanent object pool.
[2018.09.01-02.53.01:354][  0]LogUObjectArray: CloseDisregardForGC: 0/0 objects in disregard for GC pool
[2018.09.01-02.53.01:421][  0]LogEngine: Initializing Engine...
[2018.09.01-02.53.01:423][  0]LogHMD: Failed to initialize OpenVR with code 110
[2018.09.01-02.53.01:437][  0]LogStats: UGameplayTagsManager::ConstructGameplayTagTree: Construct from data asset -  0.000 s
[2018.09.01-02.53.01:437][  0]LogStats: UGameplayTagsManager::ConstructGameplayTagTree: GameplayTagTreeChangedEvent.Broadcast -  0.000 s
[2018.09.01-02.53.01:669][  0]LogInit: XAudio2 using 'Speakers/Headphones (Realtek(R) Audio)' : 6 channels at 48 kHz using 32 bits per sample (channel mask 0x3f)
[2018.09.01-02.53.01:803][  0]LogInit: FAudioDevice initialized.
[2018.09.01-02.53.01:859][  0]LogInit: Texture streaming: Enabled
[2018.09.01-02.53.02:165][  0]LogInit: Display: Game Engine Initialized.
[2018.09.01-02.53.02:165][  0]LogGameplayTags: Display: UGameplayTagsManager::DoneAddingNativeTags. DelegateIsBound: 0
[2018.09.01-02.53.02:165][  0]LogStats: UGameplayTagsManager::ConstructGameplayTagTree: Construct from data asset -  0.000 s
[2018.09.01-02.53.02:165][  0]LogStats: UGameplayTagsManager::ConstructGameplayTagTree: GameplayTagTreeChangedEvent.Broadcast -  0.000 s
[2018.09.01-02.53.02:277][  0]LogInit: Display: Starting Game.
[2018.09.01-02.53.02:294][  0]LogNet: Browse: /Game/ThirdPersonBP/Maps/ThirdPersonExampleMap?Name=Player
[2018.09.01-02.53.02:294][  0]LogLoad: LoadMap: /Game/ThirdPersonBP/Maps/ThirdPersonExampleMap?Name=Player
[2018.09.01-02.53.02:333][  0]LogUObjectGlobals: Created PersistentFrame Addr=0x00000158cf570da8, Size=4, Default__ThirdPersonExampleMap_C Function /Game/ThirdPersonBP/Maps/ThirdPersonExampleMap.ThirdPersonExampleMap_C:ExecuteUbergraph_ThirdPersonExampleMap
[2018.09.01-02.53.02:337][  0]LogUObjectGlobals: Created PersistentFrame Addr=0x00000158cd25a200, Size=176, Default__MUSCETS_BP_C Function /Game/ThirdPersonBP/Character/Weapon/MUSCETS_BP.MUSCETS_BP_C:ExecuteUbergraph_MUSCETS_BP
[2018.09.01-02.53.02:339][  0]LogUObjectGlobals: Created PersistentFrame Addr=0x00000158d0b0dca8, Size=24, Default__BULLET_BP_C Function /Game/ThirdPersonBP/Character/Weapon/BULLET_BP.BULLET_BP_C:ExecuteUbergraph_BULLET_BP
[2018.09.01-02.53.02:348][  0]LogUObjectGlobals: Created PersistentFrame Addr=0x00000158d0b30400, Size=952, Default__ThirdPersonCharacter_C Function /Game/ThirdPersonBP/Character_BP/ThirdPersonCharacter.ThirdPersonCharacter_C:ExecuteUbergraph_ThirdPersonCharacter
[2018.09.01-02.53.02:350][  0]LogUObjectGlobals: Created PersistentFrame Addr=0x00000158cd25bdc0, Size=172, Default__COIN_BP_C Function /Game/ThirdPersonBP/Env/Coin/COIN_BP.COIN_BP_C:ExecuteUbergraph_COIN_BP
[2018.09.01-02.53.02:368][  0]LogUObjectGlobals: Created PersistentFrame Addr=0x00000158cf748580, Size=172, Default__STAR_BP_C Function /Game/ThirdPersonBP/Env/Star/STAR_BP.STAR_BP_C:ExecuteUbergraph_STAR_BP
[2018.09.01-02.53.02:391][  0]LogUObjectGlobals: Created PersistentFrame Addr=0x00000158d0b79c80, Size=64, Default__ANIM_PEASANT_BP_C Function /Game/ThirdPersonBP/Character/Animation/ANIM_PEASANT_BP.ANIM_PEASANT_BP_C:ExecuteUbergraph_ANIM_PEASANT_BP
[2018.09.01-02.53.02:466][  0]LogUObjectGlobals: Created PersistentFrame Addr=0x00000158d0bb9ae0, Size=88, Default__spawn_point_C Function /Game/Enemies/spawn_point.spawn_point_C:ExecuteUbergraph_spawn_point
[2018.09.01-02.53.02:473][  0]LogUObjectGlobals: Created PersistentFrame Addr=0x00000158ce5c1580, Size=288, Default__ENEMY_BP_C Function /Game/Enemies/ENEMY_BP.ENEMY_BP_C:ExecuteUbergraph_ENEMY_BP
[2018.09.01-02.53.02:476][  0]LogUObjectGlobals: Created PersistentFrame Addr=0x00000158d0beca00, Size=256, Default__BP_FENCE_C Function /Game/ThirdPersonBP/Env/Fence/BP_FENCE.BP_FENCE_C:ExecuteUbergraph_BP_FENCE
[2018.09.01-02.53.02:478][  0]LogUObjectGlobals: Created PersistentFrame Addr=0x00000158ce579840, Size=164, Default__BROKEN_FENCE_BP_C Function /Game/ThirdPersonBP/Env/Fence/BROKEN_FENCE_BP.BROKEN_FENCE_BP_C:ExecuteUbergraph_BROKEN_FENCE_BP
[2018.09.01-02.53.02:487][  0]LogUObjectGlobals: Created PersistentFrame Addr=0x00000158ce5110c0, Size=3376, Default__ZOMBIE_BP_C Function /Game/Enemies/Zombie/ZOMBIE_BP.ZOMBIE_BP_C:ExecuteUbergraph_ZOMBIE_BP
[2018.09.01-02.53.02:487][  0]LogUObjectGlobals: Created PersistentFrame Addr=0x00000158ce522e80, Size=288, Default__ZOMBIE_BP_C Function /Game/Enemies/ENEMY_BP.ENEMY_BP_C:ExecuteUbergraph_ENEMY_BP
[2018.09.01-02.53.02:499][  0]LogUObjectGlobals: Created PersistentFrame Addr=0x00000158d0bede00, Size=248, Default__GRASS_BP_C Function /Game/ThirdPersonBP/Env/Grass/GRASS_BP.GRASS_BP_C:ExecuteUbergraph_GRASS_BP
[2018.09.01-02.53.02:539][  0]LogUObjectGlobals: Created PersistentFrame Addr=0x00000158d30a6100, Size=248, Default__PEPPER_BP_C Function /Game/ThirdPersonBP/Env/Pepper/PEPPER_BP.PEPPER_BP_C:ExecuteUbergraph_PEPPER_BP
[2018.09.01-02.53.02:552][  0]LogUObjectGlobals: Created PersistentFrame Addr=0x00000158d30a5b00, Size=256, Default__PUMPKIN_BP_C Function /Game/ThirdPersonBP/Env/Pumpkin/PUMPKIN_BP.PUMPKIN_BP_C:ExecuteUbergraph_PUMPKIN_BP
[2018.09.01-02.53.02:577][  0]LogUObjectGlobals: Created PersistentFrame Addr=0x00000158d30a5700, Size=256, Default__TOMATO_BP_C Function /Game/ThirdPersonBP/Env/Tomato/TOMATO_BP.TOMATO_BP_C:ExecuteUbergraph_TOMATO_BP
[2018.09.01-02.53.02:624][  0]LogUObjectGlobals: Created PersistentFrame Addr=0x00000158ce884100, Size=3376, Default__ZOMBIE_BP_C Function /Game/Enemies/Zombie/ZOMBIE_BP.ZOMBIE_BP_C:ExecuteUbergraph_ZOMBIE_BP
[2018.09.01-02.53.02:624][  0]LogUObjectGlobals: Created PersistentFrame Addr=0x00000158d2ff5e40, Size=288, Default__ZOMBIE_BP_C Function /Game/Enemies/ENEMY_BP.ENEMY_BP_C:ExecuteUbergraph_ENEMY_BP
[2018.09.01-02.53.02:632][  0]LogUObjectGlobals: Created PersistentFrame Addr=0x00000158d303ebc0, Size=88, Default__ANIM_ZOMBIE_BP_C Function /Game/Enemies/Zombie/Animation/ANIM_ZOMBIE_BP.ANIM_ZOMBIE_BP_C:ExecuteUbergraph_ANIM_ZOMBIE_BP
[2018.09.01-02.53.02:709][  0]LogUObjectGlobals: Created PersistentFrame Addr=0x00000158d43ba340, Size=72, Default__spawn_point2_C Function /Game/Enemies/spawn_point2.spawn_point2_C:ExecuteUbergraph_spawn_point2
[2018.09.01-02.53.02:713][  0]LogUObjectGlobals: Created PersistentFrame Addr=0x00000158d439fa00, Size=120, Default__spawn_point3_C Function /Game/Enemies/spawn_point3.spawn_point3_C:ExecuteUbergraph_spawn_point3
[2018.09.01-02.53.02:783][  0]LogUObjectGlobals: Created PersistentFrame Addr=0x00000158ce9491f0, Size=8, Default__CRYPT_BP_C Function /Game/ThirdPersonBP/Env/Cemetery/Crypt/CRYPT_BP.CRYPT_BP_C:ExecuteUbergraph_CRYPT_BP
[2018.09.01-02.53.02:860][  0]LogUObjectGlobals: Created PersistentFrame Addr=0x00000158d4cbc440, Size=64, Default__spawn_corn_C Function /Game/ThirdPersonBP/Env/Corn/spawn_corn.spawn_corn_C:ExecuteUbergraph_spawn_corn
[2018.09.01-02.53.02:863][  0]LogUObjectGlobals: Created PersistentFrame Addr=0x00000158cb6f1300, Size=180, Default__CORN_BP_C Function /Game/ThirdPersonBP/Env/Corn/CORN_BP.CORN_BP_C:ExecuteUbergraph_CORN_BP
[2018.09.01-02.53.04:180][  0]LogUObjectGlobals: Created PersistentFrame Addr=0x00000158de6706a8, Size=40, Default__Spawn_FENCE_01_C Function /Game/ThirdPersonBP/Env/Fence/Spawn_FENCE_01.Spawn_FENCE_01_C:ExecuteUbergraph_Spawn_FENCE_01
[2018.09.01-02.53.04:183][  0]LogUObjectGlobals: Created PersistentFrame Addr=0x00000158d44058d0, Size=24, Default__Spawn_FENCE_02_C Function /Game/ThirdPersonBP/Env/Fence/Spawn_FENCE_02.Spawn_FENCE_02_C:ExecuteUbergraph_Spawn_FENCE_02
[2018.09.01-02.53.04:185][  0]LogUObjectGlobals: Created PersistentFrame Addr=0x00000158d4405858, Size=24, Default__Spawn_FENCE_03_C Function /Game/ThirdPersonBP/Env/Fence/Spawn_FENCE_03.Spawn_FENCE_03_C:ExecuteUbergraph_Spawn_FENCE_03
[2018.09.01-02.53.04:188][  0]LogUObjectGlobals: Created PersistentFrame Addr=0x00000158d44057f8, Size=24, Default__Spawn_FENCE_04_C Function /Game/ThirdPersonBP/Env/Fence/Spawn_FENCE_04.Spawn_FENCE_04_C:ExecuteUbergraph_Spawn_FENCE_04
[2018.09.01-02.53.04:195][  0]LogUObjectGlobals: Created PersistentFrame Addr=0x00000158df24f718, Size=40, Default__spawn_point_GRASS_C Function /Game/ThirdPersonBP/Env/Grass/spawn_point_GRASS.spawn_point_GRASS_C:ExecuteUbergraph_spawn_point_GRASS
[2018.09.01-02.53.04:202][  0]LogUObjectGlobals: Created PersistentFrame Addr=0x00000158dcebb270, Size=4, Default__TREE_BP_C Function /Game/ThirdPersonBP/Env/House/TREE_BP.TREE_BP_C:ExecuteUbergraph_TREE_BP
[2018.09.01-02.53.04:219][  0]LogUObjectGlobals: Created PersistentFrame Addr=0x00000158dee6fc40, Size=164, Default__LEAF_BP_C Function /Game/ThirdPersonBP/Env/Leaf/LEAF_BP.LEAF_BP_C:ExecuteUbergraph_LEAF_BP
[2018.09.01-02.53.04:222][  0]LogUObjectGlobals: Created PersistentFrame Addr=0x00000158d4403130, Size=48, Default__spawn_pepper_C Function /Game/ThirdPersonBP/Env/Pepper/spawn_pepper.spawn_pepper_C:ExecuteUbergraph_spawn_pepper
[2018.09.01-02.53.04:225][  0]LogUObjectGlobals: Created PersistentFrame Addr=0x00000158df20fe08, Size=56, Default__spawn_pumpkin_C Function /Game/ThirdPersonBP/Env/Pumpkin/spawn_pumpkin.spawn_pumpkin_C:ExecuteUbergraph_spawn_pumpkin
[2018.09.01-02.53.04:229][  0]LogUObjectGlobals: Created PersistentFrame Addr=0x00000158d4405288, Size=24, Default__SCARECROW_BP_C Function /Game/ThirdPersonBP/Env/ScareCrow/SCARECROW_BP.SCARECROW_BP_C:ExecuteUbergraph_SCARECROW_BP
[2018.09.01-02.53.04:234][  0]LogUObjectGlobals: Created PersistentFrame Addr=0x00000158dee33d80, Size=64, Default__spawn_sunflower_C Function /Game/ThirdPersonBP/Env/Sunflower/spawn_sunflower.spawn_sunflower_C:ExecuteUbergraph_spawn_sunflower
[2018.09.01-02.53.04:237][  0]LogUObjectGlobals: Created PersistentFrame Addr=0x00000158de5d06c0, Size=12, Default__SUNFLOWER_BP_C Function /Game/ThirdPersonBP/Env/Sunflower/SUNFLOWER_BP.SUNFLOWER_BP_C:ExecuteUbergraph_SUNFLOWER_BP
[2018.09.01-02.53.04:246][  0]LogUObjectGlobals: Created PersistentFrame Addr=0x00000158d4402ad0, Size=48, Default__spawn_tomatoes_C Function /Game/ThirdPersonBP/Env/Tomato/spawn_tomatoes.spawn_tomatoes_C:ExecuteUbergraph_spawn_tomatoes
[2018.09.01-02.53.04:329][  0]LogUObjectGlobals: Destroyed PersistentFrame Addr=0x00000158d0b79c80, Size=64
[2018.09.01-02.53.04:329][  0]LogUObjectGlobals: Created PersistentFrame Addr=0x00000158df3abc00, Size=64, Default__ANIM_PEASANT_BP_C Function /Engine/Transient.REINST_ANIM_PEASANT_BP_C_0:ExecuteUbergraph_ANIM_PEASANT_BP
[2018.09.01-02.53.04:329][  0]LogUObjectGlobals: Destroyed PersistentFrame Addr=0x00000158d303ebc0, Size=88
[2018.09.01-02.53.04:329][  0]LogUObjectGlobals: Created PersistentFrame Addr=0x00000158ded9e980, Size=88, Default__ANIM_ZOMBIE_BP_C Function /Engine/Transient.REINST_ANIM_ZOMBIE_BP_C_1:ExecuteUbergraph_ANIM_ZOMBIE_BP
[2018.09.01-02.53.04:330][  0]LogUObjectGlobals: Destroyed PersistentFrame Addr=0x00000158ce579840, Size=164
[2018.09.01-02.53.04:330][  0]LogUObjectGlobals: Created PersistentFrame Addr=0x00000158df69a5c0, Size=164, Default__BROKEN_FENCE_BP_C Function /Engine/Transient.REINST_BROKEN_FENCE_BP_C_5:ExecuteUbergraph_BROKEN_FENCE_BP
[2018.09.01-02.53.04:330][  0]LogUObjectGlobals: Destroyed PersistentFrame Addr=0x00000158d0b0dca8, Size=24
[2018.09.01-02.53.04:330][  0]LogUObjectGlobals: Created PersistentFrame Addr=0x00000158df3f7820, Size=24, Default__BULLET_BP_C Function /Engine/Transient.REINST_BULLET_BP_C_7:ExecuteUbergraph_BULLET_BP
[2018.09.01-02.53.04:332][  0]LogUObjectGlobals: Destroyed PersistentFrame Addr=0x00000158cd25bdc0, Size=172
[2018.09.01-02.53.04:332][  0]LogUObjectGlobals: Created PersistentFrame Addr=0x00000158df69a140, Size=172, Default__COIN_BP_C Function /Engine/Transient.REINST_COIN_BP_C_10:ExecuteUbergraph_COIN_BP
[2018.09.01-02.53.04:339][  0]LogUObjectGlobals: Destroyed PersistentFrame Addr=0x00000158ce9491f0, Size=8
[2018.09.01-02.53.04:339][  0]LogUObjectGlobals: Created PersistentFrame Addr=0x00000158df4b6dd8, Size=8, Default__CRYPT_BP_C Function /Engine/Transient.REINST_CRYPT_BP_C_17:ExecuteUbergraph_CRYPT_BP
[2018.09.01-02.53.04:340][  0]LogUObjectGlobals: Destroyed PersistentFrame Addr=0x00000158dee6fc40, Size=164
[2018.09.01-02.53.04:340][  0]LogUObjectGlobals: Created PersistentFrame Addr=0x00000158df699a80, Size=164, Default__LEAF_BP_C Function /Engine/Transient.REINST_LEAF_BP_C_23:ExecuteUbergraph_LEAF_BP
[2018.09.01-02.53.04:340][  0]LogUObjectGlobals: Destroyed PersistentFrame Addr=0x00000158d4405288, Size=24
[2018.09.01-02.53.04:340][  0]LogUObjectGlobals: Created PersistentFrame Addr=0x00000158df3f7640, Size=24, Default__SCARECROW_BP_C Function /Engine/Transient.REINST_SCARECROW_BP_C_24:ExecuteUbergraph_SCARECROW_BP
[2018.09.01-02.53.04:340][  0]LogUObjectGlobals: Destroyed PersistentFrame Addr=0x00000158d4cbc440, Size=64
[2018.09.01-02.53.04:340][  0]LogUObjectGlobals: Created PersistentFrame Addr=0x00000158df2eb6c0, Size=64, Default__spawn_corn_C Function /Engine/Transient.REINST_spawn_corn_C_25:ExecuteUbergraph_spawn_corn
[2018.09.01-02.53.04:341][  0]LogUObjectGlobals: Destroyed PersistentFrame Addr=0x00000158de6706a8, Size=40
[2018.09.01-02.53.04:341][  0]LogUObjectGlobals: Created PersistentFrame Addr=0x00000158df68ec50, Size=40, Default__Spawn_FENCE_01_C Function /Engine/Transient.REINST_Spawn_FENCE_01_C_26:ExecuteUbergraph_Spawn_FENCE_01
[2018.09.01-02.53.04:341][  0]LogUObjectGlobals: Destroyed PersistentFrame Addr=0x00000158d44058d0, Size=24
[2018.09.01-02.53.04:341][  0]LogUObjectGlobals: Created PersistentFrame Addr=0x00000158df3f75e0, Size=24, Default__Spawn_FENCE_02_C Function /Engine/Transient.REINST_Spawn_FENCE_02_C_27:ExecuteUbergraph_Spawn_FENCE_02
[2018.09.01-02.53.04:341][  0]LogUObjectGlobals: Destroyed PersistentFrame Addr=0x00000158d4405858, Size=24
[2018.09.01-02.53.04:341][  0]LogUObjectGlobals: Created PersistentFrame Addr=0x00000158df3f75b0, Size=24, Default__Spawn_FENCE_03_C Function /Engine/Transient.REINST_Spawn_FENCE_03_C_28:ExecuteUbergraph_Spawn_FENCE_03
[2018.09.01-02.53.04:341][  0]LogUObjectGlobals: Destroyed PersistentFrame Addr=0x00000158d44057f8, Size=24
[2018.09.01-02.53.04:341][  0]LogUObjectGlobals: Created PersistentFrame Addr=0x00000158df3f7580, Size=24, Default__Spawn_FENCE_04_C Function /Engine/Transient.REINST_Spawn_FENCE_04_C_29:ExecuteUbergraph_Spawn_FENCE_04
[2018.09.01-02.53.04:341][  0]LogUObjectGlobals: Destroyed PersistentFrame Addr=0x00000158d4403130, Size=48
[2018.09.01-02.53.04:341][  0]LogUObjectGlobals: Created PersistentFrame Addr=0x00000158deda30a0, Size=48, Default__spawn_pepper_C Function /Engine/Transient.REINST_spawn_pepper_C_30:ExecuteUbergraph_spawn_pepper
[2018.09.01-02.53.04:341][  0]LogUObjectGlobals: Destroyed PersistentFrame Addr=0x00000158d0bb9ae0, Size=88
[2018.09.01-02.53.04:341][  0]LogUObjectGlobals: Created PersistentFrame Addr=0x00000158ded9e380, Size=88, Default__spawn_point_C Function /Engine/Transient.REINST_spawn_point_C_31:ExecuteUbergraph_spawn_point
[2018.09.01-02.53.04:342][  0]LogUObjectGlobals: Destroyed PersistentFrame Addr=0x00000158d43ba340, Size=72
[2018.09.01-02.53.04:342][  0]LogUObjectGlobals: Created PersistentFrame Addr=0x00000158df2f1d50, Size=72, Default__spawn_point2_C Function /Engine/Transient.REINST_spawn_point2_C_32:ExecuteUbergraph_spawn_point2
[2018.09.01-02.53.04:342][  0]LogUObjectGlobals: Destroyed PersistentFrame Addr=0x00000158d439fa00, Size=120
[2018.09.01-02.53.04:342][  0]LogUObjectGlobals: Created PersistentFrame Addr=0x00000158dedad700, Size=120, Default__spawn_point3_C Function /Engine/Transient.REINST_spawn_point3_C_33:ExecuteUbergraph_spawn_point3
[2018.09.01-02.53.04:342][  0]LogUObjectGlobals: Destroyed PersistentFrame Addr=0x00000158df24f718, Size=40
[2018.09.01-02.53.04:342][  0]LogUObjectGlobals: Created PersistentFrame Addr=0x00000158df68ec00, Size=40, Default__spawn_point_GRASS_C Function /Engine/Transient.REINST_spawn_point_GRASS_C_34:ExecuteUbergraph_spawn_point_GRASS
[2018.09.01-02.53.04:342][  0]LogUObjectGlobals: Destroyed PersistentFrame Addr=0x00000158df20fe08, Size=56
[2018.09.01-02.53.04:342][  0]LogUObjectGlobals: Created PersistentFrame Addr=0x00000158ded8e7f0, Size=56, Default__spawn_pumpkin_C Function /Engine/Transient.REINST_spawn_pumpkin_C_35:ExecuteUbergraph_spawn_pumpkin
[2018.09.01-02.53.04:342][  0]LogUObjectGlobals: Destroyed PersistentFrame Addr=0x00000158dee33d80, Size=64
[2018.09.01-02.53.04:342][  0]LogUObjectGlobals: Created PersistentFrame Addr=0x00000158df2ea140, Size=64, Default__spawn_sunflower_C Function /Engine/Transient.REINST_spawn_sunflower_C_36:ExecuteUbergraph_spawn_sunflower
[2018.09.01-02.53.04:343][  0]LogUObjectGlobals: Destroyed PersistentFrame Addr=0x00000158d4402ad0, Size=48
[2018.09.01-02.53.04:343][  0]LogUObjectGlobals: Created PersistentFrame Addr=0x00000158deda31f0, Size=48, Default__spawn_tomatoes_C Function /Engine/Transient.REINST_spawn_tomatoes_C_37:ExecuteUbergraph_spawn_tomatoes
[2018.09.01-02.53.04:343][  0]LogUObjectGlobals: Destroyed PersistentFrame Addr=0x00000158cf748580, Size=172
[2018.09.01-02.53.04:343][  0]LogUObjectGlobals: Created PersistentFrame Addr=0x00000158df698e80, Size=172, Default__STAR_BP_C Function /Engine/Transient.REINST_STAR_BP_C_38:ExecuteUbergraph_STAR_BP
[2018.09.01-02.53.04:344][  0]LogUObjectGlobals: Destroyed PersistentFrame Addr=0x00000158dcebb270, Size=4
[2018.09.01-02.53.04:344][  0]LogUObjectGlobals: Created PersistentFrame Addr=0x00000158df4b6c58, Size=4, Default__TREE_BP_C Function /Engine/Transient.REINST_TREE_BP_C_43:ExecuteUbergraph_TREE_BP
[2018.09.01-02.53.04:344][  0]LogUObjectGlobals: Destroyed PersistentFrame Addr=0x00000158d0beca00, Size=256
[2018.09.01-02.53.04:344][  0]LogUObjectGlobals: Created PersistentFrame Addr=0x00000158dea07d00, Size=256, Default__BP_FENCE_C Function /Engine/Transient.REINST_BP_FENCE_C_46:ExecuteUbergraph_BP_FENCE
[2018.09.01-02.53.04:345][  0]LogUObjectGlobals: Destroyed PersistentFrame Addr=0x00000158cd25a200, Size=176
[2018.09.01-02.53.04:345][  0]LogUObjectGlobals: Created PersistentFrame Addr=0x00000158df698880, Size=176, Default__MUSCETS_BP_C Function /Engine/Transient.REINST_MUSCETS_BP_C_47:ExecuteUbergraph_MUSCETS_BP
[2018.09.01-02.53.04:345][  0]LogUObjectGlobals: Destroyed PersistentFrame Addr=0x00000158cb6f1300, Size=180
[2018.09.01-02.53.04:345][  0]LogUObjectGlobals: Created PersistentFrame Addr=0x00000158df698700, Size=180, Default__CORN_BP_C Function /Engine/Transient.REINST_CORN_BP_C_49:ExecuteUbergraph_CORN_BP
[2018.09.01-02.53.04:345][  0]LogUObjectGlobals: Destroyed PersistentFrame Addr=0x00000158ce5c1580, Size=288
[2018.09.01-02.53.04:345][  0]LogUObjectGlobals: Created PersistentFrame Addr=0x00000158dee35580, Size=288, Default__ENEMY_BP_C Function /Engine/Transient.REINST_ENEMY_BP_C_50:ExecuteUbergraph_ENEMY_BP
[2018.09.01-02.53.04:346][  0]LogUObjectGlobals: Destroyed PersistentFrame Addr=0x00000158d0bede00, Size=248
[2018.09.01-02.53.04:346][  0]LogUObjectGlobals: Created PersistentFrame Addr=0x00000158dea04a00, Size=248, Default__GRASS_BP_C Function /Engine/Transient.REINST_GRASS_BP_C_51:ExecuteUbergraph_GRASS_BP
[2018.09.01-02.53.04:346][  0]LogUObjectGlobals: Destroyed PersistentFrame Addr=0x00000158d30a6100, Size=248
[2018.09.01-02.53.04:346][  0]LogUObjectGlobals: Created PersistentFrame Addr=0x00000158dea04900, Size=248, Default__PEPPER_BP_C Function /Engine/Transient.REINST_PEPPER_BP_C_52:ExecuteUbergraph_PEPPER_BP
[2018.09.01-02.53.04:346][  0]LogUObjectGlobals: Destroyed PersistentFrame Addr=0x00000158d30a5b00, Size=256
[2018.09.01-02.53.04:346][  0]LogUObjectGlobals: Created PersistentFrame Addr=0x00000158dea04800, Size=256, Default__PUMPKIN_BP_C Function /Engine/Transient.REINST_PUMPKIN_BP_C_53:ExecuteUbergraph_PUMPKIN_BP
[2018.09.01-02.53.04:347][  0]LogUObjectGlobals: Destroyed PersistentFrame Addr=0x00000158de5d06c0, Size=12
[2018.09.01-02.53.04:347][  0]LogUObjectGlobals: Created PersistentFrame Addr=0x00000158df3d31c0, Size=12, Default__SUNFLOWER_BP_C Function /Engine/Transient.REINST_SUNFLOWER_BP_C_54:ExecuteUbergraph_SUNFLOWER_BP
[2018.09.01-02.53.04:347][  0]LogUObjectGlobals: Destroyed PersistentFrame Addr=0x00000158d0b30400, Size=952
[2018.09.01-02.53.04:347][  0]LogUObjectGlobals: Created PersistentFrame Addr=0x00000158c1e02000, Size=952, Default__ThirdPersonCharacter_C Function /Engine/Transient.REINST_ThirdPersonCharacter_C_55:ExecuteUbergraph_ThirdPersonCharacter
[2018.09.01-02.53.04:348][  0]LogUObjectGlobals: Destroyed PersistentFrame Addr=0x00000158d30a5700, Size=256
[2018.09.01-02.53.04:348][  0]LogUObjectGlobals: Created PersistentFrame Addr=0x00000158dea04600, Size=256, Default__TOMATO_BP_C Function /Engine/Transient.REINST_TOMATO_BP_C_56:ExecuteUbergraph_TOMATO_BP
[2018.09.01-02.53.04:350][  0]LogUObjectGlobals: Destroyed PersistentFrame Addr=0x00000158ce884100, Size=3376
[2018.09.01-02.53.04:350][  0]LogUObjectGlobals: Destroyed PersistentFrame Addr=0x00000158d2ff5e40, Size=288
[2018.09.01-02.53.04:350][  0]LogUObjectGlobals: Created PersistentFrame Addr=0x00000158df2f4100, Size=3376, Default__ZOMBIE_BP_C Function /Engine/Transient.REINST_ZOMBIE_BP_C_57:ExecuteUbergraph_ZOMBIE_BP
[2018.09.01-02.53.04:350][  0]LogUObjectGlobals: Created PersistentFrame Addr=0x00000158dee34b80, Size=288, Default__ZOMBIE_BP_C Function /Engine/Transient.REINST_ENEMY_BP_C_50:ExecuteUbergraph_ENEMY_BP
[2018.09.01-02.53.04:504][  0]LogUObjectGlobals: Created PersistentFrame Addr=0x00000158df9e2c00, Size=64, Default__ANIM_PEASANT_BP_C Function /Game/ThirdPersonBP/Character/Animation/ANIM_PEASANT_BP.ANIM_PEASANT_BP_C:ExecuteUbergraph_ANIM_PEASANT_BP
[2018.09.01-02.53.04:505][  0]LogUObjectGlobals: Created PersistentFrame Addr=0x00000158cfd05ba0, Size=88, Default__ANIM_ZOMBIE_BP_C Function /Game/Enemies/Zombie/Animation/ANIM_ZOMBIE_BP.ANIM_ZOMBIE_BP_C:ExecuteUbergraph_ANIM_ZOMBIE_BP
[2018.09.01-02.53.04:508][  0]LogUObjectGlobals: Created PersistentFrame Addr=0x00000158cfd18400, Size=164, Default__BROKEN_FENCE_BP_C Function /Game/ThirdPersonBP/Env/Fence/BROKEN_FENCE_BP.BROKEN_FENCE_BP_C:ExecuteUbergraph_BROKEN_FENCE_BP
[2018.09.01-02.53.04:508][  0]LogUObjectGlobals: Created PersistentFrame Addr=0x00000158df8f1d98, Size=24, Default__BULLET_BP_C Function /Game/ThirdPersonBP/Character/Weapon/BULLET_BP.BULLET_BP_C:ExecuteUbergraph_BULLET_BP
[2018.09.01-02.53.04:509][  0]LogUObjectGlobals: Created PersistentFrame Addr=0x00000158e06ab100, Size=172, Default__COIN_BP_C Function /Game/ThirdPersonBP/Env/Coin/COIN_BP.COIN_BP_C:ExecuteUbergraph_COIN_BP
[2018.09.01-02.53.04:511][  0]LogUObjectGlobals: Created PersistentFrame Addr=0x00000158dfc71038, Size=8, Default__CRYPT_BP_C Function /Game/ThirdPersonBP/Env/Cemetery/Crypt/CRYPT_BP.CRYPT_BP_C:ExecuteUbergraph_CRYPT_BP
[2018.09.01-02.53.04:511][  0]LogUObjectGlobals: Created PersistentFrame Addr=0x00000158e06aa380, Size=164, Default__LEAF_BP_C Function /Game/ThirdPersonBP/Env/Leaf/LEAF_BP.LEAF_BP_C:ExecuteUbergraph_LEAF_BP
[2018.09.01-02.53.04:512][  0]LogUObjectGlobals: Created PersistentFrame Addr=0x00000158df8f16a8, Size=24, Default__SCARECROW_BP_C Function /Game/ThirdPersonBP/Env/ScareCrow/SCARECROW_BP.SCARECROW_BP_C:ExecuteUbergraph_SCARECROW_BP
[2018.09.01-02.53.04:512][  0]LogUObjectGlobals: Created PersistentFrame Addr=0x00000158d3815680, Size=64, Default__spawn_corn_C Function /Game/ThirdPersonBP/Env/Corn/spawn_corn.spawn_corn_C:ExecuteUbergraph_spawn_corn
[2018.09.01-02.53.04:512][  0]LogUObjectGlobals: Created PersistentFrame Addr=0x00000158dfcaaa98, Size=40, Default__Spawn_FENCE_01_C Function /Game/ThirdPersonBP/Env/Fence/Spawn_FENCE_01.Spawn_FENCE_01_C:ExecuteUbergraph_Spawn_FENCE_01
[2018.09.01-02.53.04:513][  0]LogUObjectGlobals: Created PersistentFrame Addr=0x00000158df8f12a0, Size=24, Default__Spawn_FENCE_02_C Function /Game/ThirdPersonBP/Env/Fence/Spawn_FENCE_02.Spawn_FENCE_02_C:ExecuteUbergraph_Spawn_FENCE_02
[2018.09.01-02.53.04:513][  0]LogUObjectGlobals: Created PersistentFrame Addr=0x00000158df8f11c8, Size=24, Default__Spawn_FENCE_03_C Function /Game/ThirdPersonBP/Env/Fence/Spawn_FENCE_03.Spawn_FENCE_03_C:ExecuteUbergraph_Spawn_FENCE_03
[2018.09.01-02.53.04:513][  0]LogUObjectGlobals: Created PersistentFrame Addr=0x00000158df8f10f0, Size=24, Default__Spawn_FENCE_04_C Function /Game/ThirdPersonBP/Env/Fence/Spawn_FENCE_04.Spawn_FENCE_04_C:ExecuteUbergraph_Spawn_FENCE_04
[2018.09.01-02.53.04:514][  0]LogUObjectGlobals: Created PersistentFrame Addr=0x00000158e065bd60, Size=48, Default__spawn_pepper_C Function /Game/ThirdPersonBP/Env/Pepper/spawn_pepper.spawn_pepper_C:ExecuteUbergraph_spawn_pepper
[2018.09.01-02.53.04:514][  0]LogUObjectGlobals: Created PersistentFrame Addr=0x00000158e0696560, Size=88, Default__spawn_point_C Function /Game/Enemies/spawn_point.spawn_point_C:ExecuteUbergraph_spawn_point
[2018.09.01-02.53.04:515][  0]LogUObjectGlobals: Created PersistentFrame Addr=0x00000158e067c540, Size=72, Default__spawn_point2_C Function /Game/Enemies/spawn_point2.spawn_point2_C:ExecuteUbergraph_spawn_point2
[2018.09.01-02.53.04:516][  0]LogUObjectGlobals: Created PersistentFrame Addr=0x00000158e063b9c0, Size=80, Default__spawn_point3_C Function /Game/Enemies/spawn_point3.spawn_point3_C:ExecuteUbergraph_spawn_point3
[2018.09.01-02.53.04:516][  0]LogUObjectGlobals: Created PersistentFrame Addr=0x00000158dfcaa818, Size=40, Default__spawn_point_GRASS_C Function /Game/ThirdPersonBP/Env/Grass/spawn_point_GRASS.spawn_point_GRASS_C:ExecuteUbergraph_spawn_point_GRASS
[2018.09.01-02.53.04:516][  0]LogUObjectGlobals: Created PersistentFrame Addr=0x00000158e06b57c0, Size=56, Default__spawn_pumpkin_C Function /Game/ThirdPersonBP/Env/Pumpkin/spawn_pumpkin.spawn_pumpkin_C:ExecuteUbergraph_spawn_pumpkin
[2018.09.01-02.53.04:517][  0]LogUObjectGlobals: Created PersistentFrame Addr=0x00000158e0671ec0, Size=64, Default__spawn_sunflower_C Function /Game/ThirdPersonBP/Env/Sunflower/spawn_sunflower.spawn_sunflower_C:ExecuteUbergraph_spawn_sunflower
[2018.09.01-02.53.04:517][  0]LogUObjectGlobals: Created PersistentFrame Addr=0x00000158dfcaa7a0, Size=40, Default__spawn_tomatoes_C Function /Game/ThirdPersonBP/Env/Tomato/spawn_tomatoes.spawn_tomatoes_C:ExecuteUbergraph_spawn_tomatoes
[2018.09.01-02.53.04:518][  0]LogUObjectGlobals: Created PersistentFrame Addr=0x00000158e0654580, Size=172, Default__STAR_BP_C Function /Game/ThirdPersonBP/Env/Star/STAR_BP.STAR_BP_C:ExecuteUbergraph_STAR_BP
[2018.09.01-02.53.04:518][  0]LogUObjectGlobals: Created PersistentFrame Addr=0x00000158dfc70a00, Size=4, Default__TREE_BP_C Function /Game/ThirdPersonBP/Env/House/TREE_BP.TREE_BP_C:ExecuteUbergraph_TREE_BP
[2018.09.01-02.53.04:519][  0]LogUObjectGlobals: Created PersistentFrame Addr=0x00000158e05f6600, Size=256, Default__BP_FENCE_C Function /Game/ThirdPersonBP/Env/Fence/BP_FENCE.BP_FENCE_C:ExecuteUbergraph_BP_FENCE
[2018.09.01-02.53.04:520][  0]LogUObjectGlobals: Created PersistentFrame Addr=0x00000158e060abc0, Size=176, Default__MUSCETS_BP_C Function /Game/ThirdPersonBP/Character/Weapon/MUSCETS_BP.MUSCETS_BP_C:ExecuteUbergraph_MUSCETS_BP
[2018.09.01-02.53.04:522][  0]LogUObjectGlobals: Created PersistentFrame Addr=0x00000158e0609840, Size=180, Default__CORN_BP_C Function /Game/ThirdPersonBP/Env/Corn/CORN_BP.CORN_BP_C:ExecuteUbergraph_CORN_BP
[2018.09.01-02.53.04:523][  0]LogUObjectGlobals: Created PersistentFrame Addr=0x00000158e068df80, Size=288, Default__ENEMY_BP_C Function /Game/Enemies/ENEMY_BP.ENEMY_BP_C:ExecuteUbergraph_ENEMY_BP
[2018.09.01-02.53.04:525][  0]LogUObjectGlobals: Created PersistentFrame Addr=0x00000158e0590e00, Size=248, Default__GRASS_BP_C Function /Game/ThirdPersonBP/Env/Grass/GRASS_BP.GRASS_BP_C:ExecuteUbergraph_GRASS_BP
[2018.09.01-02.53.04:526][  0]LogUObjectGlobals: Created PersistentFrame Addr=0x00000158e055dd00, Size=248, Default__PEPPER_BP_C Function /Game/ThirdPersonBP/Env/Pepper/PEPPER_BP.PEPPER_BP_C:ExecuteUbergraph_PEPPER_BP
[2018.09.01-02.53.04:528][  0]LogUObjectGlobals: Created PersistentFrame Addr=0x00000158e0541a00, Size=256, Default__PUMPKIN_BP_C Function /Game/ThirdPersonBP/Env/Pumpkin/PUMPKIN_BP.PUMPKIN_BP_C:ExecuteUbergraph_PUMPKIN_BP
[2018.09.01-02.53.04:529][  0]LogUObjectGlobals: Created PersistentFrame Addr=0x00000158e0166910, Size=12, Default__SUNFLOWER_BP_C Function /Game/ThirdPersonBP/Env/Sunflower/SUNFLOWER_BP.SUNFLOWER_BP_C:ExecuteUbergraph_SUNFLOWER_BP
[2018.09.01-02.53.04:534][  0]LogUObjectGlobals: Created PersistentFrame Addr=0x00000158e057a800, Size=952, Default__ThirdPersonCharacter_C Function /Game/ThirdPersonBP/Character_BP/ThirdPersonCharacter.ThirdPersonCharacter_C:ExecuteUbergraph_ThirdPersonCharacter
[2018.09.01-02.53.04:536][  0]LogUObjectGlobals: Created PersistentFrame Addr=0x00000158e046fe00, Size=248, Default__TOMATO_BP_C Function /Game/ThirdPersonBP/Env/Tomato/TOMATO_BP.TOMATO_BP_C:ExecuteUbergraph_TOMATO_BP
[2018.09.01-02.53.04:552][  0]LogUObjectGlobals: Created PersistentFrame Addr=0x00000158e03ae080, Size=3360, Default__ZOMBIE_BP_C Function /Game/Enemies/Zombie/ZOMBIE_BP.ZOMBIE_BP_C:ExecuteUbergraph_ZOMBIE_BP
[2018.09.01-02.53.04:552][  0]LogUObjectGlobals: Created PersistentFrame Addr=0x00000158e038e700, Size=288, Default__ZOMBIE_BP_C Function /Game/Enemies/ENEMY_BP.ENEMY_BP_C:ExecuteUbergraph_ENEMY_BP
[2018.09.01-02.53.04:609][  0]LogUObjectGlobals: Destroyed PersistentFrame Addr=0x00000158cf570da8, Size=4
[2018.09.01-02.53.04:609][  0]LogUObjectGlobals: Created PersistentFrame Addr=0x00000158e04db198, Size=4, Default__ThirdPersonExampleMap_C Function /Engine/Transient.REINST_ThirdPersonExampleMap_C_123:ExecuteUbergraph_ThirdPersonExampleMap
[2018.09.01-02.53.04:610][  0]LogUObjectGlobals: Created PersistentFrame Addr=0x00000158e04db1e0, Size=4, Default__ThirdPersonExampleMap_C Function /Game/ThirdPersonBP/Maps/ThirdPersonExampleMap.ThirdPersonExampleMap_C:ExecuteUbergraph_ThirdPersonExampleMap
[2018.09.01-02.53.04:692][  0]LogLinker: Warning: Can't find file '/Game/ThirdPersonBP/Env/Cemetery/TombStone/_1'
[2018.09.01-02.53.04:692][  0]LoadErrors: Failed to load /Game/ThirdPersonBP/Env/Cemetery/TombStone/_1.Material_0 Referenced by tombstone_Tombstone_4
[2018.09.01-02.53.04:692][  0]LogUObjectGlobals: Warning: Failed to load '/Game/ThirdPersonBP/Env/Cemetery/TombStone/_1': Can't find file '/Game/ThirdPersonBP/Env/Cemetery/TombStone/_1'
[2018.09.01-02.53.04:692][  0]LogLinker: Warning: Can't find file for asset '/Game/ThirdPersonBP/Env/Cemetery/TombStone/_1' while loading NULL.
[2018.09.01-02.53.04:692][  0]LoadErrors: Failed to load /Game/ThirdPersonBP/Env/Cemetery/TombStone/_1.Material_0 Referenced by tombstone_Tombstone_4
[2018.09.01-02.53.04:692][  0]LogUObjectGlobals: Warning: Failed to load '/Game/ThirdPersonBP/Env/Cemetery/TombStone/_1': Can't find file for asset '/Game/ThirdPersonBP/Env/Cemetery/TombStone/_1' while loading NULL.
[2018.09.01-02.53.04:692][  0]LogLinker: Warning: Can't find file '/Game/ThirdPersonBP/Env/Cemetery/TombStone/_1'
[2018.09.01-02.53.04:692][  0]LoadErrors: Failed to load /Game/ThirdPersonBP/Env/Cemetery/TombStone/_1.Material_0 Referenced by tombstone_Tombstone_4
[2018.09.01-02.53.04:692][  0]LogUObjectGlobals: Warning: Failed to load '/Game/ThirdPersonBP/Env/Cemetery/TombStone/_1': Can't find file '/Game/ThirdPersonBP/Env/Cemetery/TombStone/_1'
[2018.09.01-02.53.04:693][  0]LogLinker: Warning: Can't find file for asset '/Game/ThirdPersonBP/Env/Cemetery/TombStone/_1' while loading NULL.
[2018.09.01-02.53.04:693][  0]LoadErrors: Failed to load /Game/ThirdPersonBP/Env/Cemetery/TombStone/_1.Material_0 Referenced by tombstone_Tombstone_4
[2018.09.01-02.53.04:693][  0]LogUObjectGlobals: Warning: Failed to load '/Game/ThirdPersonBP/Env/Cemetery/TombStone/_1': Can't find file for asset '/Game/ThirdPersonBP/Env/Cemetery/TombStone/_1' while loading NULL.
[2018.09.01-02.53.05:465][  0]LogSkeletalMesh: Skeletal Mesh found in DDC [0.904813ms] /Game/ThirdPersonBP/Character/peasant.peasant
[2018.09.01-02.53.06:004][  0]LogSkeletalMesh: Skeletal Mesh found in DDC [0.874668ms] /Game/Enemies/Zombie/Zombie.Zombie
[2018.09.01-02.53.07:777][  0]LogSkeletalMesh: Skeletal Mesh found in DDC [2.315598ms] /Game/ThirdPersonBP/Env/ScareCrow/scarecrow.scarecrow
[2018.09.01-02.53.08:195][  0]LogAIModule: Creating AISystem for world ThirdPersonExampleMap
[2018.09.01-02.53.08:210][  0]LogLinker: Warning: Can't find file '/Game/ThirdPersonBP/Blueprints/ThirdPersonGameMode'
[2018.09.01-02.53.08:210][  0]LogUObjectGlobals: Warning: Failed to load '/Game/ThirdPersonBP/Blueprints/ThirdPersonGameMode': Can't find file '/Game/ThirdPersonBP/Blueprints/ThirdPersonGameMode'
[2018.09.01-02.53.08:210][  0]LogLinker: Warning: Can't find file '/Game/ThirdPersonBP/Blueprints/ThirdPersonGameMode'
[2018.09.01-02.53.08:210][  0]LogUObjectGlobals: Warning: Failed to load '/Game/ThirdPersonBP/Blueprints/ThirdPersonGameMode': Can't find file '/Game/ThirdPersonBP/Blueprints/ThirdPersonGameMode'
[2018.09.01-02.53.08:210][  0]LogUObjectGlobals: Warning: Failed to find object 'Class /Game/ThirdPersonBP/Blueprints/ThirdPersonGameMode.ThirdPersonGameMode_C'
[2018.09.01-02.53.08:210][  0]LogLoad: Game class is 'GameModeBase'
[2018.09.01-02.53.08:393][  0]LogWorld: Bringing World /Game/ThirdPersonBP/Maps/ThirdPersonExampleMap.ThirdPersonExampleMap up for play (max tick rate 0) at 2018.08.31-22.53.08
[2018.09.01-02.53.08:431][  0]LogWorld: Bringing up level for play took: 0.218395
[2018.09.01-02.53.08:603][  0]LogLoad: Took 6.309255 seconds to LoadMap(/Game/ThirdPersonBP/Maps/ThirdPersonExampleMap)
[2018.09.01-02.53.08:741][  0]LogLoad: (Engine Initialization) Total time: 15.83 seconds
[2018.09.01-02.53.08:741][  0]LogLoad: (Engine Initialization) Total Blueprint compile time: 0.00 seconds
[2018.09.01-02.53.08:761][  0]LogRenderer: Reallocating scene render targets to support 1280x720 Format 10 NumSamples 1 (Frame:1).
[2018.09.01-02.53.08:895][  0]LogWindowsTextInputMethodSystem: Display: IME system now deactivated.
[2018.09.01-02.53.08:912][  0]LogContentStreaming: Texture pool size now 1000 MB
[2018.09.01-02.53.08:931][  1]LogAudio: Warning: Detected orphaned looping sound 'level01_music_Cue'.
[2018.09.01-02.53.18:963][297]LogBlueprintUserMessages: [spawn_point2_123] Hello
[2018.09.01-02.53.18:964][297]LogBlueprintUserMessages: [spawn_point3_132] Hello
[2018.09.01-02.53.28:920][597]LogBlueprintUserMessages: [spawn_point3_132] Hello
[2018.09.01-02.53.28:922][597]LogBlueprintUserMessages: [spawn_point2_123] Hello
[2018.09.01-02.53.28:950][598]LogBlueprintUserMessages: [spawn_point_3447] FIRST WAVE IS DONE
[2018.09.01-02.53.38:921][897]LogBlueprintUserMessages: [spawn_point3_132] Hello
[2018.09.01-02.53.38:923][897]LogBlueprintUserMessages: [spawn_point2_123] Hello
[2018.09.01-02.53.48:923][197]LogBlueprintUserMessages: [spawn_point2_123] Hello
[2018.09.01-02.53.48:924][197]LogBlueprintUserMessages: [spawn_point3_132] Hello
[2018.09.01-02.53.58:922][497]LogBlueprintUserMessages: [spawn_point3_132] Hello
[2018.09.01-02.53.58:924][497]LogBlueprintUserMessages: [spawn_point2_123] Hello
[2018.09.01-02.54.08:922][797]LogBlueprintUserMessages: [spawn_point2_123] Hello
[2018.09.01-02.54.08:925][797]LogBlueprintUserMessages: [spawn_point3_132] Hello
[2018.09.01-02.54.10:021][830]LogUObjectGlobals: Destroyed PersistentFrame Addr=0x00000158e04db198, Size=4
[2018.09.01-02.54.10:021][830]LogUObjectGlobals: Destroyed PersistentFrame Addr=0x00000158df698880, Size=176
[2018.09.01-02.54.10:021][830]LogUObjectGlobals: Destroyed PersistentFrame Addr=0x00000158df3f7820, Size=24
[2018.09.01-02.54.10:021][830]LogUObjectGlobals: Destroyed PersistentFrame Addr=0x00000158c1e02000, Size=952
[2018.09.01-02.54.10:021][830]LogUObjectGlobals: Destroyed PersistentFrame Addr=0x00000158df69a140, Size=172
[2018.09.01-02.54.10:021][830]LogUObjectGlobals: Destroyed PersistentFrame Addr=0x00000158df698e80, Size=172
[2018.09.01-02.54.10:021][830]LogUObjectGlobals: Destroyed PersistentFrame Addr=0x00000158df3abc00, Size=64
[2018.09.01-02.54.10:022][830]LogUObjectGlobals: Destroyed PersistentFrame Addr=0x00000158ded9e380, Size=88
[2018.09.01-02.54.10:022][830]LogUObjectGlobals: Destroyed PersistentFrame Addr=0x00000158dee35580, Size=288
[2018.09.01-02.54.10:022][830]LogUObjectGlobals: Destroyed PersistentFrame Addr=0x00000158dea07d00, Size=256
[2018.09.01-02.54.10:022][830]LogUObjectGlobals: Destroyed PersistentFrame Addr=0x00000158df69a5c0, Size=164
[2018.09.01-02.54.10:022][830]LogUObjectGlobals: Destroyed PersistentFrame Addr=0x00000158df2f4100, Size=3376
[2018.09.01-02.54.10:022][830]LogUObjectGlobals: Destroyed PersistentFrame Addr=0x00000158dee34b80, Size=288
[2018.09.01-02.54.10:022][830]LogUObjectGlobals: Destroyed PersistentFrame Addr=0x00000158dea04a00, Size=248
[2018.09.01-02.54.10:022][830]LogUObjectGlobals: Destroyed PersistentFrame Addr=0x00000158dea04900, Size=248
[2018.09.01-02.54.10:022][830]LogUObjectGlobals: Destroyed PersistentFrame Addr=0x00000158dea04800, Size=256
[2018.09.01-02.54.10:022][830]LogUObjectGlobals: Destroyed PersistentFrame Addr=0x00000158dea04600, Size=256
[2018.09.01-02.54.10:022][830]LogUObjectGlobals: Destroyed PersistentFrame Addr=0x00000158ded9e980, Size=88
[2018.09.01-02.54.10:022][830]LogUObjectGlobals: Destroyed PersistentFrame Addr=0x00000158df2f1d50, Size=72
[2018.09.01-02.54.10:022][830]LogUObjectGlobals: Destroyed PersistentFrame Addr=0x00000158dedad700, Size=120
[2018.09.01-02.54.10:022][830]LogUObjectGlobals: Destroyed PersistentFrame Addr=0x00000158df4b6dd8, Size=8
[2018.09.01-02.54.10:022][830]LogUObjectGlobals: Destroyed PersistentFrame Addr=0x00000158df2eb6c0, Size=64
[2018.09.01-02.54.10:022][830]LogUObjectGlobals: Destroyed PersistentFrame Addr=0x00000158df698700, Size=180
[2018.09.01-02.54.10:022][830]LogUObjectGlobals: Destroyed PersistentFrame Addr=0x00000158df68ec50, Size=40
[2018.09.01-02.54.10:022][830]LogUObjectGlobals: Destroyed PersistentFrame Addr=0x00000158df3f75e0, Size=24
[2018.09.01-02.54.10:022][830]LogUObjectGlobals: Destroyed PersistentFrame Addr=0x00000158df3f75b0, Size=24
[2018.09.01-02.54.10:022][830]LogUObjectGlobals: Destroyed PersistentFrame Addr=0x00000158df3f7580, Size=24
[2018.09.01-02.54.10:022][830]LogUObjectGlobals: Destroyed PersistentFrame Addr=0x00000158df68ec00, Size=40
[2018.09.01-02.54.10:022][830]LogUObjectGlobals: Destroyed PersistentFrame Addr=0x00000158df4b6c58, Size=4
[2018.09.01-02.54.10:022][830]LogUObjectGlobals: Destroyed PersistentFrame Addr=0x00000158df699a80, Size=164
[2018.09.01-02.54.10:022][830]LogUObjectGlobals: Destroyed PersistentFrame Addr=0x00000158deda30a0, Size=48
[2018.09.01-02.54.10:022][830]LogUObjectGlobals: Destroyed PersistentFrame Addr=0x00000158ded8e7f0, Size=56
[2018.09.01-02.54.10:022][830]LogUObjectGlobals: Destroyed PersistentFrame Addr=0x00000158df3f7640, Size=24
[2018.09.01-02.54.10:022][830]LogUObjectGlobals: Destroyed PersistentFrame Addr=0x00000158df2ea140, Size=64
[2018.09.01-02.54.10:022][830]LogUObjectGlobals: Destroyed PersistentFrame Addr=0x00000158df3d31c0, Size=12
[2018.09.01-02.54.10:022][830]LogUObjectGlobals: Destroyed PersistentFrame Addr=0x00000158deda31f0, Size=48
[2018.09.01-02.54.18:923][ 97]LogBlueprintUserMessages: [spawn_point3_132] Hello
[2018.09.01-02.54.18:927][ 97]LogBlueprintUserMessages: [spawn_point2_123] Hello
[2018.09.01-02.54.28:925][397]LogBlueprintUserMessages: [spawn_point2_123] Hello
[2018.09.01-02.54.28:928][397]LogBlueprintUserMessages: [spawn_point3_132] Hello
[2018.09.01-02.54.29:286][408]Closing by request
[2018.09.01-02.54.29:286][408]LogWindows: FPlatformMisc::RequestExit(0)
[2018.09.01-02.54.29:515][409]LogSlate: Window 'farmerVSzombies (64-bit, PCD3D_SM5) ' being destroyed
[2018.09.01-02.54.29:518][409]LogWindowsTextInputMethodSystem: Display: IME system now deactivated.
[2018.09.01-02.54.29:540][409]LogWindowsTextInputMethodSystem: Display: IME system now deactivated.
[2018.09.01-02.54.29:547][409]LogSlate: Slate User Destroyed.  User Index 0, Is Virtual User: 0
[2018.09.01-02.54.29:547][409]LogExit: Preparing to exit.
[2018.09.01-02.54.29:547][409]LogMoviePlayer: Shutting down movie player
[2018.09.01-02.54.30:596][409]LogExit: Game engine shut down
[2018.09.01-02.54.30:602][409]LogUObjectGlobals: Destroyed PersistentFrame Addr=0x00000158df9e2c00, Size=64
[2018.09.01-02.54.30:602][409]LogUObjectGlobals: Destroyed PersistentFrame Addr=0x00000158cfd05ba0, Size=88
[2018.09.01-02.54.30:602][409]LogUObjectGlobals: Destroyed PersistentFrame Addr=0x00000158cfd18400, Size=164
[2018.09.01-02.54.30:602][409]LogUObjectGlobals: Destroyed PersistentFrame Addr=0x00000158df8f1d98, Size=24
[2018.09.01-02.54.30:602][409]LogUObjectGlobals: Destroyed PersistentFrame Addr=0x00000158e06ab100, Size=172
[2018.09.01-02.54.30:602][409]LogUObjectGlobals: Destroyed PersistentFrame Addr=0x00000158dfc71038, Size=8
[2018.09.01-02.54.30:602][409]LogUObjectGlobals: Destroyed PersistentFrame Addr=0x00000158e06aa380, Size=164
[2018.09.01-02.54.30:602][409]LogUObjectGlobals: Destroyed PersistentFrame Addr=0x00000158df8f16a8, Size=24
[2018.09.01-02.54.30:602][409]LogUObjectGlobals: Destroyed PersistentFrame Addr=0x00000158d3815680, Size=64
[2018.09.01-02.54.30:602][409]LogUObjectGlobals: Destroyed PersistentFrame Addr=0x00000158dfcaaa98, Size=40
[2018.09.01-02.54.30:602][409]LogUObjectGlobals: Destroyed PersistentFrame Addr=0x00000158df8f12a0, Size=24
[2018.09.01-02.54.30:602][409]LogUObjectGlobals: Destroyed PersistentFrame Addr=0x00000158df8f11c8, Size=24
[2018.09.01-02.54.30:602][409]LogUObjectGlobals: Destroyed PersistentFrame Addr=0x00000158df8f10f0, Size=24
[2018.09.01-02.54.30:602][409]LogUObjectGlobals: Destroyed PersistentFrame Addr=0x00000158e065bd60, Size=48
[2018.09.01-02.54.30:602][409]LogUObjectGlobals: Destroyed PersistentFrame Addr=0x00000158e0696560, Size=88
[2018.09.01-02.54.30:602][409]LogUObjectGlobals: Destroyed PersistentFrame Addr=0x00000158e067c540, Size=72
[2018.09.01-02.54.30:602][409]LogUObjectGlobals: Destroyed PersistentFrame Addr=0x00000158e063b9c0, Size=80
[2018.09.01-02.54.30:602][409]LogUObjectGlobals: Destroyed PersistentFrame Addr=0x00000158dfcaa818, Size=40
[2018.09.01-02.54.30:602][409]LogUObjectGlobals: Destroyed PersistentFrame Addr=0x00000158e06b57c0, Size=56
[2018.09.01-02.54.30:602][409]LogUObjectGlobals: Destroyed PersistentFrame Addr=0x00000158e0671ec0, Size=64
[2018.09.01-02.54.30:602][409]LogUObjectGlobals: Destroyed PersistentFrame Addr=0x00000158dfcaa7a0, Size=40
[2018.09.01-02.54.30:602][409]LogUObjectGlobals: Destroyed PersistentFrame Addr=0x00000158e0654580, Size=172
[2018.09.01-02.54.30:602][409]LogUObjectGlobals: Destroyed PersistentFrame Addr=0x00000158dfc70a00, Size=4
[2018.09.01-02.54.30:602][409]LogUObjectGlobals: Destroyed PersistentFrame Addr=0x00000158e05f6600, Size=256
[2018.09.01-02.54.30:602][409]LogUObjectGlobals: Destroyed PersistentFrame Addr=0x00000158e060abc0, Size=176
[2018.09.01-02.54.30:602][409]LogUObjectGlobals: Destroyed PersistentFrame Addr=0x00000158e0609840, Size=180
[2018.09.01-02.54.30:602][409]LogUObjectGlobals: Destroyed PersistentFrame Addr=0x00000158e068df80, Size=288
[2018.09.01-02.54.30:602][409]LogUObjectGlobals: Destroyed PersistentFrame Addr=0x00000158e0590e00, Size=248
[2018.09.01-02.54.30:602][409]LogUObjectGlobals: Destroyed PersistentFrame Addr=0x00000158e055dd00, Size=248
[2018.09.01-02.54.30:603][409]LogUObjectGlobals: Destroyed PersistentFrame Addr=0x00000158e0541a00, Size=256
[2018.09.01-02.54.30:603][409]LogUObjectGlobals: Destroyed PersistentFrame Addr=0x00000158e0166910, Size=12
[2018.09.01-02.54.30:603][409]LogUObjectGlobals: Destroyed PersistentFrame Addr=0x00000158e057a800, Size=952
[2018.09.01-02.54.30:603][409]LogUObjectGlobals: Destroyed PersistentFrame Addr=0x00000158e046fe00, Size=248
[2018.09.01-02.54.30:603][409]LogUObjectGlobals: Destroyed PersistentFrame Addr=0x00000158e03ae080, Size=3360
[2018.09.01-02.54.30:603][409]LogUObjectGlobals: Destroyed PersistentFrame Addr=0x00000158e038e700, Size=288
[2018.09.01-02.54.30:603][409]LogUObjectGlobals: Destroyed PersistentFrame Addr=0x00000158e04db1e0, Size=4
[2018.09.01-02.54.30:738][409]LogExit: Object subsystem successfully closed.
[2018.09.01-02.54.30:764][409]LogShaderCompilers: Display: Shaders left to compile 0
[2018.09.01-02.54.30:769][409]LogD3D11RHI: Shutdown
[2018.09.01-02.54.30:769][409]LogD3D11RHI: CleanupD3DDevice
[2018.09.01-02.54.30:772][409]LogD3D11RHI: ~FD3D11DynamicRHI
[2018.09.01-02.54.30:778][409]LogModuleManager: Shutting down and abandoning module SequenceRecorderSections (332)
[2018.09.01-02.54.30:778][409]LogModuleManager: Shutting down and abandoning module SequenceRecorder (330)
[2018.09.01-02.54.30:778][409]LogModuleManager: Shutting down and abandoning module AutomationController (328)
[2018.09.01-02.54.30:778][409]LogModuleManager: Shutting down and abandoning module AutomationWorker (326)
[2018.09.01-02.54.30:778][409]LogModuleManager: Shutting down and abandoning module AIModule (324)
[2018.09.01-02.54.30:778][409]LogModuleManager: Shutting down and abandoning module GameplayDebugger (323)
[2018.09.01-02.54.30:778][409]LogModuleManager: Shutting down and abandoning module AITestSuite (321)
[2018.09.01-02.54.30:778][409]LogModuleManager: Shutting down and abandoning module WmfMediaFactory (318)
[2018.09.01-02.54.30:778][409]LogModuleManager: Shutting down and abandoning module OpenExrWrapper (316)
[2018.09.01-02.54.30:778][409]LogModuleManager: Shutting down and abandoning module ImgMediaFactory (314)
[2018.09.01-02.54.30:778][409]LogModuleManager: Shutting down and abandoning module AvfMediaFactory (312)
[2018.09.01-02.54.30:778][409]LogModuleManager: Shutting down and abandoning module CharacterAI (310)
[2018.09.01-02.54.30:779][409]LogModuleManager: Shutting down and abandoning module SessionServices (308)
[2018.09.01-02.54.30:779][409]LogModuleManager: Shutting down and abandoning module MovieSceneCapture (306)
[2018.09.01-02.54.30:779][409]LogModuleManager: Shutting down and abandoning module MovieSceneTracks (304)
[2018.09.01-02.54.30:779][409]LogModuleManager: Shutting down and abandoning module MovieScene (302)
[2018.09.01-02.54.30:779][409]LogModuleManager: Shutting down and abandoning module GeometryCache (300)
[2018.09.01-02.54.30:779][409]LogModuleManager: Shutting down and abandoning module GeometryCacheEd (299)
[2018.09.01-02.54.30:779][409]LogModuleManager: Shutting down and abandoning module StreamingPauseRendering (296)
[2018.09.01-02.54.30:779][409]LogModuleManager: Shutting down and abandoning module PortalServices (294)
[2018.09.01-02.54.30:779][409]LogModuleManager: Shutting down and abandoning module PortalRpc (292)
[2018.09.01-02.54.30:779][409]LogModuleManager: Shutting down and abandoning module MessagingRpc (290)
[2018.09.01-02.54.30:779][409]LogModuleManager: Shutting down and abandoning module ProfilerService (288)
[2018.09.01-02.54.30:795][409]LogModuleManager: Shutting down and abandoning module TaskGraph (286)
[2018.09.01-02.54.30:795][409]LogModuleManager: Shutting down and abandoning module SteamVRController (284)
[2018.09.01-02.54.30:795][409]LogModuleManager: Shutting down and abandoning module ProceduralMeshComponent (282)
[2018.09.01-02.54.30:795][409]LogModuleManager: Shutting down and abandoning module OculusInput (280)
[2018.09.01-02.54.30:795][409]LogModuleManager: Shutting down and abandoning module MobilePatchingUtils (278)
[2018.09.01-02.54.30:795][409]LogModuleManager: Shutting down and abandoning module CustomMeshComponent (276)
[2018.09.01-02.54.30:795][409]LogModuleManager: Shutting down and abandoning module CableComponent (274)
[2018.09.01-02.54.30:795][409]LogModuleManager: Shutting down and abandoning module AudioCapture (272)
[2018.09.01-02.54.30:795][409]LogModuleManager: Shutting down and abandoning module ArchVisCharacter (270)
[2018.09.01-02.54.30:795][409]LogModuleManager: Shutting down and abandoning module AndroidPermission (268)
[2018.09.01-02.54.30:795][409]LogModuleManager: Shutting down and abandoning module NUTUnrealEngine4 (264)
[2018.09.01-02.54.30:795][409]LogModuleManager: Shutting down and abandoning module NetcodeUnitTest (262)
[2018.09.01-02.54.30:795][409]LogModuleManager: Shutting down and abandoning module MediaCompositing (260)
[2018.09.01-02.54.30:795][409]LogModuleManager: Shutting down and abandoning module LinearTimecode (258)
[2018.09.01-02.54.30:795][409]LogModuleManager: Shutting down and abandoning module ImgMedia (256)
[2018.09.01-02.54.30:800][409]LogModuleManager: Shutting down and abandoning module HTML5Networking (254)
[2018.09.01-02.54.30:800][409]LogModuleManager: Shutting down and abandoning module DatasmithContent (252)
[2018.09.01-02.54.30:800][409]LogModuleManager: Shutting down and abandoning module CryptoKeysOpenSSL (250)
[2018.09.01-02.54.30:800][409]LogModuleManager: Shutting down and abandoning module CryptoKeys (248)
[2018.09.01-02.54.30:800][409]LogModuleManager: Shutting down and abandoning module VisualStudioSourceCodeAccess (246)
[2018.09.01-02.54.30:801][409]LogModuleManager: Shutting down and abandoning module HotReload (245)
[2018.09.01-02.54.30:801][409]LogModuleManager: Shutting down and abandoning module DirectoryWatcher (244)
[2018.09.01-02.54.30:801][409]LogModuleManager: Shutting down and abandoning module VisualStudioCodeSourceCodeAccess (240)
[2018.09.01-02.54.30:801][409]LogModuleManager: Shutting down and abandoning module UObjectPlugin (238)
[2018.09.01-02.54.30:801][409]LogModuleManager: Shutting down and abandoning module SubversionSourceControl (236)
[2018.09.01-02.54.30:801][409]LogModuleManager: Shutting down and abandoning module PerforceSourceControl (234)
[2018.09.01-02.54.30:801][409]LogModuleManager: Shutting down and abandoning module SourceControl (233)
[2018.09.01-02.54.30:801][409]LogModuleManager: Shutting down and abandoning module CLionSourceCodeAccess (230)
[2018.09.01-02.54.30:801][409]LogModuleManager: Shutting down and abandoning module RuntimePhysXCooking (228)
[2018.09.01-02.54.30:801][409]LogModuleManager: Shutting down and abandoning module PhysXVehiclesEditor (226)
[2018.09.01-02.54.30:801][409]LogModuleManager: Shutting down and abandoning module PhysXVehicles (224)
[2018.09.01-02.54.30:801][409]LogModuleManager: Shutting down and abandoning module LocationServicesBPLibrary (222)
[2018.09.01-02.54.30:801][409]LogModuleManager: Shutting down and abandoning module ImmediatePhysicsEditor (220)
[2018.09.01-02.54.30:801][409]LogModuleManager: Shutting down and abandoning module ImmediatePhysics (218)
[2018.09.01-02.54.30:801][409]LogModuleManager: Shutting down and abandoning module ActorSequence (216)
[2018.09.01-02.54.30:801][409]LogModuleManager: Shutting down and abandoning module UdpMessaging (214)
[2018.09.01-02.54.30:902][409]LogModuleManager: Shutting down and abandoning module TcpMessaging (212)
[2018.09.01-02.54.31:418][409]LogModuleManager: Shutting down and abandoning module GameplayTagsEditor (210)
[2018.09.01-02.54.31:418][409]LogModuleManager: Shutting down and abandoning module FacialAnimation (208)
[2018.09.01-02.54.31:418][409]LogModuleManager: Shutting down and abandoning module DataValidation (206)
[2018.09.01-02.54.31:418][409]LogModuleManager: Shutting down and abandoning module AssetManagerEditor (204)
[2018.09.01-02.54.31:418][409]LogModuleManager: Shutting down and abandoning module TreeMap (203)
[2018.09.01-02.54.31:418][409]LogModuleManager: Shutting down and abandoning module LightPropagationVolumeRuntime (200)
[2018.09.01-02.54.31:418][409]LogModuleManager: Shutting down and abandoning module LiveLink (198)
[2018.09.01-02.54.32:269][409]LogModuleManager: Shutting down and abandoning module Paper2D (196)
[2018.09.01-02.54.32:269][409]LogModuleManager: Shutting down and abandoning module PIEPreviewDeviceProfileSelector (194)
[2018.09.01-02.54.32:269][409]LogModuleManager: Shutting down and abandoning module WindowsMoviePlayer (192)
[2018.09.01-02.54.32:270][409]LogModuleManager: Shutting down and abandoning module WmfMedia (190)
[2018.09.01-02.54.32:272][409]LogModuleManager: Shutting down and abandoning module Media (189)
[2018.09.01-02.54.32:279][409]LogModuleManager: Shutting down and abandoning module PacketHandler (186)
[2018.09.01-02.54.32:279][409]LogModuleManager: Shutting down and abandoning module ClothingSystemEditor (184)
[2018.09.01-02.54.32:279][409]LogModuleManager: Shutting down and abandoning module ClothingSystemRuntime (182)
[2018.09.01-02.54.32:279][409]LogModuleManager: Shutting down and abandoning module MediaAssets (180)
[2018.09.01-02.54.32:279][409]LogModuleManager: Shutting down and abandoning module Overlay (178)
[2018.09.01-02.54.32:279][409]LogModuleManager: Shutting down and abandoning module OverlayEditor (177)
[2018.09.01-02.54.32:279][409]LogModuleManager: Shutting down and abandoning module VREditor (174)
[2018.09.01-02.54.32:280][409]LogModuleManager: Shutting down and abandoning module StringTableEditor (172)
[2018.09.01-02.54.32:280][409]LogModuleManager: Shutting down and abandoning module GameplayTasksEditor (170)
[2018.09.01-02.54.32:280][409]LogModuleManager: Shutting down and abandoning module BehaviorTreeEditor (168)
[2018.09.01-02.54.32:280][409]LogModuleManager: Shutting down and abandoning module FunctionalTesting (166)
[2018.09.01-02.54.32:280][409]LogModuleManager: Shutting down and abandoning module CollisionAnalyzer (164)
[2018.09.01-02.54.32:280][409]LogModuleManager: Shutting down and abandoning module WorkspaceMenuStructure (163)
[2018.09.01-02.54.32:280][409]LogModuleManager: Shutting down and abandoning module UMG (160)
[2018.09.01-02.54.32:280][409]LogModuleManager: Shutting down and abandoning module UMGEditor (159)
[2018.09.01-02.54.32:280][409]LogModuleManager: Shutting down and abandoning module Sequencer (158)
[2018.09.01-02.54.32:280][409]LogModuleManager: Shutting down and abandoning module MessageLog (155)
[2018.09.01-02.54.32:281][409]LogModuleManager: Shutting down and abandoning module SlateReflector (150)
[2018.09.01-02.54.32:281][409]LogModuleManager: Shutting down and abandoning module Slate (148)
[2018.09.01-02.54.32:281][409]LogModuleManager: Shutting down and abandoning module EditorStyle (146)
[2018.09.01-02.54.32:285][409]LogModuleManager: Shutting down and abandoning module MRMesh (144)
[2018.09.01-02.54.32:285][409]LogModuleManager: Shutting down and abandoning module Messaging (142)
[2018.09.01-02.54.32:286][409]LogModuleManager: Shutting down and abandoning module SourceCodeAccess (140)
[2018.09.01-02.54.32:286][409]LogModuleManager: Shutting down and abandoning module HeadMountedDisplay (138)
[2018.09.01-02.54.32:286][409]LogModuleManager: Shutting down and abandoning module XAudio2 (136)
[2018.09.01-02.54.32:286][409]LogModuleManager: Shutting down and abandoning module Networking (134)
[2018.09.01-02.54.32:286][409]LogModuleManager: Shutting down and abandoning module Core (132)
[2018.09.01-02.54.32:286][409]LogModuleManager: Shutting down and abandoning module LevelSequence (130)
[2018.09.01-02.54.32:286][409]LogModuleManager: Shutting down and abandoning module KismetCompiler (128)
[2018.09.01-02.54.32:286][409]LogModuleManager: Shutting down and abandoning module MeshUtilities (126)
[2018.09.01-02.54.32:286][409]LogModuleManager: Shutting down and abandoning module MeshMergeUtilities (125)
[2018.09.01-02.54.32:286][409]LogModuleManager: Shutting down and abandoning module MeshReductionInterface (124)
[2018.09.01-02.54.32:286][409]LogModuleManager: Shutting down and abandoning module SimplygonSwarm (123)
[2018.09.01-02.54.32:286][409]LogModuleManager: Shutting down and abandoning module SimplygonMeshReduction (121)
[2018.09.01-02.54.32:286][409]LogModuleManager: Shutting down and abandoning module QuadricMeshReduction (119)
[2018.09.01-02.54.32:286][409]LogModuleManager: Shutting down and abandoning module MaterialBaking (115)
[2018.09.01-02.54.32:287][409]LogModuleManager: Shutting down and abandoning module DerivedDataCache (110)
[2018.09.01-02.54.32:696][409]LogDerivedDataCache: Shutdown
[2018.09.01-02.54.32:697][409]LogModuleManager: Shutting down and abandoning module XGEController (108)
[2018.09.01-02.54.32:697][409]LogModuleManager: Shutting down and abandoning module TargetPlatform (106)
[2018.09.01-02.54.32:697][409]LogModuleManager: Shutting down and abandoning module VulkanShaderFormat (105)
[2018.09.01-02.54.32:697][409]LogModuleManager: Shutting down and abandoning module ShaderFormatVectorVM (103)
[2018.09.01-02.54.32:697][409]LogModuleManager: Shutting down and abandoning module ShaderFormatOpenGL (101)
[2018.09.01-02.54.32:697][409]LogModuleManager: Shutting down and abandoning module ShaderFormatD3D (99)
[2018.09.01-02.54.32:697][409]LogModuleManager: Shutting down and abandoning module MetalShaderFormat (97)
[2018.09.01-02.54.32:697][409]LogModuleManager: Shutting down and abandoning module TextureFormatUncompressed (95)
[2018.09.01-02.54.32:697][409]LogModuleManager: Shutting down and abandoning module TextureFormatPVR (93)
[2018.09.01-02.54.32:697][409]LogModuleManager: Shutting down and abandoning module TextureFormatDXT (91)
[2018.09.01-02.54.32:697][409]LogModuleManager: Shutting down and abandoning module TextureFormatIntelISPCTexComp (89)
[2018.09.01-02.54.32:697][409]LogModuleManager: Shutting down and abandoning module TextureFormatASTC (87)
[2018.09.01-02.54.32:697][409]LogModuleManager: Shutting down and abandoning module ImageWrapper (86)
[2018.09.01-02.54.32:697][409]LogModuleManager: Shutting down and abandoning module TextureFormatAndroid (83)
[2018.09.01-02.54.32:697][409]LogModuleManager: Shutting down and abandoning module AudioFormatOpus (81)
[2018.09.01-02.54.32:697][409]LogModuleManager: Shutting down and abandoning module AudioFormatOgg (79)
[2018.09.01-02.54.32:697][409]LogModuleManager: Shutting down and abandoning module AudioFormatADPCM (77)
[2018.09.01-02.54.32:698][409]LogModuleManager: Shutting down and abandoning module WindowsTargetPlatform (75)
[2018.09.01-02.54.32:698][409]LogModuleManager: Shutting down and abandoning module WindowsServerTargetPlatform (73)
[2018.09.01-02.54.32:698][409]LogModuleManager: Shutting down and abandoning module WindowsNoEditorTargetPlatform (71)
[2018.09.01-02.54.32:698][409]LogModuleManager: Shutting down and abandoning module WindowsClientTargetPlatform (69)
[2018.09.01-02.54.32:698][409]LogModuleManager: Shutting down and abandoning module InputCore (66)
[2018.09.01-02.54.32:699][409]LogModuleManager: Shutting down and abandoning module Settings (64)
[2018.09.01-02.54.32:699][409]LogModuleManager: Shutting down and abandoning module PhysXCooking (62)
[2018.09.01-02.54.32:699][409]LogModuleManager: Shutting down and abandoning module SteamVR (60)
[2018.09.01-02.54.32:699][409]LogModuleManager: Shutting down and abandoning module OculusHMD (58)
[2018.09.01-02.54.32:699][409]LogModuleManager: Shutting down and abandoning module ExampleDeviceProfileSelector (56)
[2018.09.01-02.54.32:699][409]LogModuleManager: Shutting down and abandoning module AppleARKit (54)
[2018.09.01-02.54.32:699][409]LogModuleManager: Shutting down and abandoning module AugmentedReality (51)
[2018.09.01-02.54.32:699][409]LogModuleManager: Shutting down and abandoning module OnlineBlueprintSupport (48)
[2018.09.01-02.54.32:699][409]LogModuleManager: Shutting down and abandoning module OnlineSubsystem (44)
[2018.09.01-02.54.32:699][409]LogModuleManager: Shutting down and abandoning module XMPP (43)
[2018.09.01-02.54.32:699][409]LogModuleManager: Shutting down and abandoning module HTTP (41)
[2018.09.01-02.54.32:732][409]LogModuleManager: Shutting down and abandoning module SSL (40)
[2018.09.01-02.54.32:735][409]LogModuleManager: Shutting down and abandoning module AnimationModifiers (36)
[2018.09.01-02.54.32:735][409]LogModuleManager: Shutting down and abandoning module PropertyEditor (35)
[2018.09.01-02.54.32:735][409]LogModuleManager: Shutting down and abandoning module AudioEditor (32)
[2018.09.01-02.54.32:735][409]LogModuleManager: Shutting down and abandoning module TextureCompressor (30)
[2018.09.01-02.54.32:736][409]LogModuleManager: Shutting down and abandoning module ShaderCore (28)
[2018.09.01-02.54.32:736][409]LogModuleManager: Shutting down and abandoning module Landscape (26)
[2018.09.01-02.54.32:736][409]LogModuleManager: Shutting down and abandoning module SlateRHIRenderer (24)
[2018.09.01-02.54.32:737][409]LogModuleManager: Shutting down and abandoning module OpenGLDrv (22)
[2018.09.01-02.54.32:737][409]LogModuleManager: Shutting down and abandoning module D3D11RHI (20)
[2018.09.01-02.54.32:737][409]LogModuleManager: Shutting down and abandoning module AnimGraphRuntime (18)
[2018.09.01-02.54.32:737][409]LogModuleManager: Shutting down and abandoning module Renderer (16)
[2018.09.01-02.54.32:737][409]LogModuleManager: Shutting down and abandoning module Engine (14)
[2018.09.01-02.54.32:737][409]LogModuleManager: Shutting down and abandoning module CoreUObject (12)
[2018.09.01-02.54.32:737][409]LogModuleManager: Shutting down and abandoning module NetworkFile (10)
[2018.09.01-02.54.32:737][409]LogModuleManager: Shutting down and abandoning module CookedIterativeFile (8)
[2018.09.01-02.54.32:737][409]LogModuleManager: Shutting down and abandoning module StreamingFile (6)
[2018.09.01-02.54.32:737][409]LogModuleManager: Shutting down and abandoning module SandboxFile (4)
[2018.09.01-02.54.32:737][409]LogModuleManager: Shutting down and abandoning module PakFile (2)
[2018.09.01-02.54.32:761][409]LogExit: Exiting.
[2018.09.01-02.54.32:765][409]Log file closed, 08/31/18 22:54:32
